
18831
6169
6169
0 ['f26', 'a18', 'd19', 'g20', 'b31', 'e30'] (['f26', 'a18', 'd19', 'g20', 'b31', 'e30'], 0.0003186235462800701) ['f26', 'a18', 'd19', 'g20', 'b31', 'e30']
1000 ['a18', 'd19', 'b31', 'g20', 'e30'] (['a18', 'd19', 'b31', 'g20', 'e30'], 0.012267006531782698) ['a18', 'd19', 'b31', 'g20', 'e30']
2000 ['a2', 'd3', 'g4', 'b15', 'c10', 'e14'] (['a2', 'd3', 'g4', 'b15', 'e14', 'c10'], 0.007487653337581647) ['a2', 'd3', 'g4', 'b15', 'c10', 'e14']
3000 ['a2', 'b15', 'd3', 'g4', 'c10', 'e14'] (['b15', 'a2', 'd3', 'g4', 'e14', 'c10'], 0.028994742711486377) ['a2', 'b15', 'd3', 'g4', 'c10', 'e14']
4000 ['a2', 'b15', 'd3', 'g4', 'e14', 'c10'] (['a2', 'b15', 'd3', 'g4', 'e14', 'c10'], 0.014497371355743189) ['a2', 'b15', 'd3', 'g4', 'e14', 'c10']
5000 ['a18', 'b31', 'd19', 'g20', 'e30', 'f26'] (['a18', 'b31', 'd19', 'g20', 'e30', 'f26'], 0.015612553767723435) ['a18', 'b31', 'd19', 'g20', 'e30', 'f26']
6000 ['b31', 'a18', 'd19', 'g20', 'e30', 'f26'] (['b31', 'a18', 'd19', 'g20', 'e30', 'f26'], 0.02936647018214646) ['b31', 'a18', 'd19', 'g20', 'e30', 'f26']

Accuracy: 0.7082185119144108
Running experiment on N = 2

Accuracy: 0.6798508672394229



Running experiment on N = 3

Accuracy: 0.6936294375101313



0
1000
2000
3000
4000
5000
6000

Accuracy: 0.616145242340736
