
88
19912
19912
0 ['c3', 'h4', 'a2', 'b5', 'd6'] (['a2', 'c3', 'h4', 'b5', 'd6'], 0.29545454545454547) ['c3', 'h4', 'a2', 'b5', 'd6']
1000 ['c3', 'h4', 'a2', 'b5', 'd6'] (['a2', 'c3', 'h4', 'b5', 'd6'], 0.29545454545454547) ['c3', 'h4', 'a2', 'b5', 'd6']
2000 ['a9', 'c10', 'h11', 'b12', 'e13', 'f14', 'g15'] (['a9', 'c10', 'h11', 'b12', 'e13', 'f14', 'g15'], 0.26136363636363635) ['a9', 'c10', 'h11', 'b12', 'e13', 'f14', 'g15']
3000 ['c10', 'h11', 'a9', 'b12', 'e13', 'f14', 'g15'] (['c10', 'h11', 'a9', 'b12', 'e13', 'f14', 'g15'], 0.10227272727272728) ['c10', 'h11', 'a9', 'b12', 'e13', 'f14', 'g15']
4000 ['a9', 'c10', 'h11', 'b12', 'e13', 'f14', 'g15'] (['a9', 'c10', 'h11', 'b12', 'e13', 'f14', 'g15'], 0.26136363636363635) ['a9', 'c10', 'h11', 'b12', 'e13', 'f14', 'g15']
5000 ['c10', 'a9', 'h11', 'b12', 'e13', 'f14', 'g15'] (['c10', 'a9', 'h11', 'b12', 'e13', 'f14', 'g15'], 0.125) ['c10', 'a9', 'h11', 'b12', 'e13', 'f14', 'g15']
6000 ['c3', 'a2', 'h4', 'b5', 'd6'] (['c3', 'a2', 'h4', 'b5', 'd6'], 0.125) ['c3', 'a2', 'h4', 'b5', 'd6']
7000 ['c10', 'a9', 'h11', 'b12', 'e13', 'f14', 'g15'] (['a9', 'c10', 'h11', 'b12', 'e13', 'f14', 'g15'], 0.26136363636363635) ['c10', 'a9', 'h11', 'b12', 'e13', 'f14', 'g15']
8000 ['a9', 'c10', 'h11', 'b12', 'e13', 'f14', 'g15'] (['a9', 'c10', 'h11', 'b12', 'e13', 'f14', 'g15'], 0.26136363636363635) ['a9', 'c10', 'h11', 'b12', 'e13', 'f14', 'g15']
9000 ['c10', 'a9', 'h11', 'b12', 'e13', 'f14', 'g15'] (['c10', 'a9', 'h11', 'b12', 'e13', 'f14', 'g15'], 0.125) ['c10', 'a9', 'h11', 'b12', 'e13', 'f14', 'g15']
10000 ['a9', 'c10', 'h11', 'b12', 'e13', 'f14', 'g15'] (['a9', 'c10', 'h11', 'b12', 'e13', 'f14', 'g15'], 0.26136363636363635) ['a9', 'c10', 'h11', 'b12', 'e13', 'f14', 'g15']
11000 ['c3', 'h4', 'a2', 'b5', 'd6'] (['c3', 'a2', 'h4', 'b5', 'd6'], 0.125) ['c3', 'h4', 'a2', 'b5', 'd6']
12000 ['c3', 'a2', 'h4', 'b5', 'd6'] (['c3', 'a2', 'h4', 'b5', 'd6'], 0.125) ['c3', 'a2', 'h4', 'b5', 'd6']
13000 ['c3', 'h4', 'a2', 'b5', 'd6'] (['c3', 'h4', 'a2', 'b5', 'd6'], 0.09090909090909091) ['c3', 'h4', 'a2', 'b5', 'd6']
14000 ['a9', 'c10', 'h11', 'b12', 'e13', 'f14', 'g15'] (['a9', 'c10', 'h11', 'b12', 'e13', 'f14', 'g15'], 0.26136363636363635) ['a9', 'c10', 'h11', 'b12', 'e13', 'f14', 'g15']
15000 ['a9', 'c10', 'h11', 'b12', 'e13', 'f14', 'g15'] (['a9', 'c10', 'h11', 'b12', 'e13', 'f14', 'g15'], 0.26136363636363635) ['a9', 'c10', 'h11', 'b12', 'e13', 'f14', 'g15']
16000 ['a9', 'c10', 'h11', 'b12', 'e13', 'f14', 'g15'] (['a9', 'c10', 'h11', 'b12', 'e13', 'f14', 'g15'], 0.26136363636363635) ['a9', 'c10', 'h11', 'b12', 'e13', 'f14', 'g15']
17000 ['c10', 'a9', 'h11', 'b12', 'e13', 'f14', 'g15'] (['c10', 'a9', 'h11', 'b12', 'e13', 'f14', 'g15'], 0.125) ['c10', 'a9', 'h11', 'b12', 'e13', 'f14', 'g15']
18000 ['a2', 'c3', 'h4', 'b5', 'd6'] (['a2', 'c3', 'h4', 'b5', 'd6'], 0.29545454545454547) ['a2', 'c3', 'h4', 'b5', 'd6']
19000 ['a2', 'c3', 'h4', 'b5', 'd6'] (['a2', 'c3', 'h4', 'b5', 'd6'], 0.29545454545454547) ['a2', 'c3', 'h4', 'b5', 'd6']

Accuracy: 0.8020289272800322
Running experiment on N = 2

Accuracy: 0.8020289272800322



0
1000
2000
3000
4000
5000
6000
7000
8000
9000
10000
11000
12000
13000
14000
15000
16000
17000
18000
19000

Accuracy: 0.7022398553635998
