
190
19810
19810
0 ['a2', 'e3', 'c5', 'f6', 'g7'] (['a2', 'e3', 'f6', 'c5', 'g7'], 0) ['a2', 'e3', 'c5', 'f6', 'g7']
1000 ['e3', 'a2', 'b4', 'c5', 'f6', 'g7'] (['e3', 'a2', 'b4', 'c5', 'f6', 'g7'], 0.05789473684210526) ['e3', 'a2', 'b4', 'c5', 'f6', 'g7']
2000 ['f11', 'g12', 'c10', 'd8', 'b9'] (['f11', 'g12', 'c10', 'b9', 'd8'], 0) ['f11', 'g12', 'c10', 'd8', 'b9']
3000 ['f6', 'e3', 'a2', 'c5', 'b4', 'g7'] (['f6', 'a2', 'b4', 'c5', 'e3', 'g7'], 0.005263157894736842) ['f6', 'e3', 'a2', 'c5', 'b4', 'g7']
4000 ['g12', 'b9', 'c10', 'f11', 'd8'] (['g12', 'b9', 'c10', 'f11', 'd8'], 0.010526315789473684) ['g12', 'b9', 'c10', 'f11', 'd8']
5000 ['d8', 'b9', 'c10', 'f11', 'g12'] (['d8', 'b9', 'c10', 'f11', 'g12'], 0.13157894736842105) ['d8', 'b9', 'c10', 'f11', 'g12']
6000 ['d8', 'b9', 'c10', 'f11', 'g12'] (['d8', 'b9', 'c10', 'f11', 'g12'], 0.13157894736842105) ['d8', 'b9', 'c10', 'f11', 'g12']
7000 ['a2', 'e3', 'b4', 'c5', 'f6', 'g7'] (['a2', 'e3', 'b4', 'c5', 'f6', 'g7'], 0.07368421052631578) ['a2', 'e3', 'b4', 'c5', 'f6', 'g7']
8000 ['d8', 'b9', 'c10', 'f11', 'g12'] (['d8', 'b9', 'c10', 'f11', 'g12'], 0.13157894736842105) ['d8', 'b9', 'c10', 'f11', 'g12']
9000 ['d8', 'b9', 'b9', 'f11', 'g12', 'c10'] (['d8', 'b9', 'b9', 'f11', 'g12', 'c10'], 0) ['d8', 'b9', 'b9', 'f11', 'g12', 'c10']
10000 ['d8', 'b9', 'c10', 'g12', 'b9'] (['d8', 'b9', 'c10', 'g12', 'b9'], 0) ['d8', 'b9', 'c10', 'g12', 'b9']
11000 ['d8', 'b9', 'c10', 'f11', 'g12', 'b9'] (['d8', 'b9', 'c10', 'f11', 'g12', 'b9'], 0.015789473684210527) ['d8', 'b9', 'c10', 'f11', 'g12', 'b9']
12000 ['d8', 'g12', 'c10', 'f11', 'b9'] (['d8', 'g12', 'c10', 'f11', 'b9'], 0.010526315789473684) ['d8', 'g12', 'c10', 'f11', 'b9']
13000 ['e3', 'a2', 'b4', 'c5', 'f6', 'g7'] (['a2', 'e3', 'b4', 'c5', 'f6', 'g7'], 0.07368421052631578) ['e3', 'a2', 'b4', 'c5', 'f6', 'g7']
14000 ['f6', 'a2', 'b4', 'c5', 'e3', 'a2', 'g7', 'f6'] (['f6', 'a2', 'b4', 'a2', 'e3', 'c5', 'f6', 'g7'], 0) ['f6', 'a2', 'b4', 'c5', 'e3', 'a2', 'g7', 'f6']
15000 ['b9', 'c10', 'f11', 'g12', 'd8', 'b9', 'b9'] (['b9', 'c10', 'f11', 'g12', 'b9', 'd8', 'b9'], 0) ['b9', 'c10', 'f11', 'g12', 'd8', 'b9', 'b9']
16000 ['e3', 'a2', 'b4', 'c5', 'f6', 'g7'] (['e3', 'a2', 'b4', 'c5', 'f6', 'g7'], 0.05789473684210526) ['e3', 'a2', 'b4', 'c5', 'f6', 'g7']
17000 ['d8', 'b9', 'c10', 'f11', 'g12'] (['d8', 'b9', 'c10', 'f11', 'g12'], 0.13157894736842105) ['d8', 'b9', 'c10', 'f11', 'g12']
18000 ['d8', 'b9', 'c10', 'f11', 'g12'] (['d8', 'b9', 'c10', 'f11', 'g12'], 0.13157894736842105) ['d8', 'b9', 'c10', 'f11', 'g12']
19000 ['e3', 'a2', 'b4', 'c5', 'f6', 'g7'] (['e3', 'a2', 'b4', 'c5', 'f6', 'g7'], 0.05789473684210526) ['e3', 'a2', 'b4', 'c5', 'f6', 'g7']

Accuracy: 0.7185764765270065
Running experiment on N = 2

Accuracy: 0.7741039878849066



0
1000
2000
3000
4000
5000
6000
7000
8000
9000
10000
11000
12000
13000
14000
15000
16000
17000
18000
19000

Accuracy: 0.7364967188288744
