
9973
10027
10027
0 ['a0', 'b3', 'i4', 'f5', 'g6', 'f5', 'd11', 'c9', 'a0'] (['a0', 'b3', 'f5', 'i4', 'g6', 'f5', 'd11', 'c9', 'a0'], 0.0001002707309736288) ['a0', 'b3', 'i4', 'f5', 'g6', 'f5', 'd11', 'c9', 'a0']
250 ['a12', 'd23', 'b15', 'f17', 'i16', 'g18', 'h21'] (['a12', 'd23', 'b15', 'f17', 'i16', 'g18', 'h21'], 0.000501353654868144) ['a12', 'd23', 'b15', 'f17', 'i16', 'g18', 'h21']
500 ['a0', 'b3', 'f5', 'g6', 'd11', 'c9'] (['a0', 'b3', 'f5', 'g6', 'd11', 'c9'], 0.0027073097362879774) ['a0', 'b3', 'f5', 'g6', 'd11', 'c9']
750 ['a12', 'f17', 'b15', 'i16', 'd23', 'h21', 'a12'] (['a12', 'f17', 'b15', 'i16', 'd23', 'h21', 'a12'], 0.000501353654868144) ['a12', 'f17', 'b15', 'i16', 'd23', 'h21', 'a12']
1000 ['a12', 'b15', 'i16', 'g18', 'd23', 'h21', 'h21', 'f17', 'i16'] (['a12', 'b15', 'i16', 'g18', 'h21', 'h21', 'd23', 'i16', 'f17'], 0) ['a12', 'b15', 'i16', 'g18', 'd23', 'h21', 'h21', 'f17', 'i16']
1250 ['a0', 'b3', 'i4', 'f5', 'c9', 'd11'] (['a0', 'b3', 'i4', 'f5', 'd11', 'c9'], 0.0012032487716835455) ['a0', 'b3', 'i4', 'f5', 'c9', 'd11']
1500 ['a0', 'b3', 'f5', 'i4', 'g6', 'd11', 'c9', 'a0'] (['a0', 'b3', 'f5', 'i4', 'g6', 'd11', 'c9', 'a0'], 0.0022059560814198334) ['a0', 'b3', 'f5', 'i4', 'g6', 'd11', 'c9', 'a0']
1750 ['a0', 'b3', 'f5', 'g6', 'd11', 'c9'] (['a0', 'b3', 'f5', 'g6', 'd11', 'c9'], 0.0027073097362879774) ['a0', 'b3', 'f5', 'g6', 'd11', 'c9']
2000 ['a0', 'b3', 'f5', 'i4', 'g6', 'i4', 'c9', 'd11'] (['a0', 'b3', 'f5', 'i4', 'g6', 'i4', 'c9', 'd11'], 0.00030081219292088637) ['a0', 'b3', 'f5', 'i4', 'g6', 'i4', 'c9', 'd11']
2250 ['a0', 'b3', 'f5', 'g6', 'i4', 'f5', 'c9', 'e10'] (['a0', 'b3', 'f5', 'g6', 'i4', 'c9', 'f5', 'e10'], 0.00030081219292088637) ['a0', 'b3', 'f5', 'g6', 'i4', 'f5', 'c9', 'e10']
2500 ['a0', 'b3', 'i4', 'f5', 'i4', 'd11', 'c9'] (['a0', 'b3', 'f5', 'i4', 'i4', 'd11', 'c9'], 0.0001002707309736288) ['a0', 'b3', 'i4', 'f5', 'i4', 'd11', 'c9']
2750 ['a0', 'f5', 'g6', 'b3', 'i4', 'c9', 'd11'] (['a0', 'f5', 'g6', 'b3', 'i4', 'd11', 'c9'], 0.006918680437180387) ['a0', 'f5', 'g6', 'b3', 'i4', 'c9', 'd11']
3000 ['a12', 'f17', 'g18', 'b15', 'i16', 'h21', 'd23'] (['a12', 'f17', 'g18', 'b15', 'i16', 'h21', 'd23'], 0.003008121929208864) ['a12', 'f17', 'g18', 'b15', 'i16', 'h21', 'd23']
3250 ['a12', 'f17', 'b15', 'h21', 'g18', 'd23', 'i16'] (['a12', 'b15', 'h21', 'f17', 'g18', 'd23', 'i16'], 0.000501353654868144) ['a12', 'f17', 'b15', 'h21', 'g18', 'd23', 'i16']
3500 ['h21', 'f17', 'b15', 'i16', 'g18', 'd23', 'a12'] (['h21', 'b15', 'f17', 'i16', 'g18', 'd23', 'a12'], 0.00030081219292088637) ['h21', 'f17', 'b15', 'i16', 'g18', 'd23', 'a12']
3750 ['a12', 'b15', 'g18', 'i16', 'f17', 'h21', 'd23'] (['a12', 'b15', 'i16', 'g18', 'f17', 'd23', 'h21'], 0.002907851198235235) ['a12', 'b15', 'g18', 'i16', 'f17', 'h21', 'd23']
4000 ['a0', 'f5', 'b3', 'b3', 'g6', 'i4', 'd11', 'f5', 'c9'] (['a0', 'f5', 'b3', 'b3', 'i4', 'g6', 'c9', 'f5', 'd11'], 0.0001002707309736288) ['a0', 'f5', 'b3', 'b3', 'g6', 'i4', 'd11', 'f5', 'c9']
4250 ['a12', 'f17', 'g18', 'b15', 'i16', 'd23', 'h21', 'a12'] (['a12', 'f17', 'g18', 'b15', 'i16', 'd23', 'h21', 'a12'], 0.0032086633911561214) ['a12', 'f17', 'g18', 'b15', 'i16', 'd23', 'h21', 'a12']
4500 ['a12', 'b15', 'f17', 'g18', 'i16', 'h21'] (['a12', 'b15', 'f17', 'i16', 'g18', 'h21'], 0.0013035195026571743) ['a12', 'b15', 'f17', 'g18', 'i16', 'h21']
4750 ['a12', 'f17', 'g18', 'b15', 'i16', 'g18'] (['f17', 'g18', 'a12', 'b15', 'i16', 'g18'], 0) ['a12', 'f17', 'g18', 'b15', 'i16', 'g18']
5000 ['a0', 'b3', 'f5', 'g6', 'i4', 'd11'] (['a0', 'f5', 'g6', 'b3', 'i4', 'd11'], 0.002306226812393462) ['a0', 'b3', 'f5', 'g6', 'i4', 'd11']
5250 ['a12', 'd23', 'f17', 'b15', 'i16', 'g18', 'h21'] (['a12', 'd23', 'f17', 'b15', 'i16', 'g18', 'h21'], 0.0007018951168154016) ['a12', 'd23', 'f17', 'b15', 'i16', 'g18', 'h21']
5500 ['a12', 'f17', 'b15', 'i16', 'g18', 'd23', 'h21'] (['a12', 'f17', 'b15', 'i16', 'g18', 'd23', 'h21'], 0.004512182893813296) ['a12', 'f17', 'b15', 'i16', 'g18', 'd23', 'h21']
5750 ['a12', 'f17', 'b15', 'g18', 'i16', 'd23', 'h21'] (['a12', 'b15', 'f17', 'g18', 'i16', 'd23', 'h21'], 0.007821117015943046) ['a12', 'f17', 'b15', 'g18', 'i16', 'd23', 'h21']
6000 ['a0', 'b3', 'i4', 'f5', 'g6', 'c9', 'e10'] (['a0', 'b3', 'i4', 'f5', 'g6', 'c9', 'e10'], 0.0032086633911561214) ['a0', 'b3', 'i4', 'f5', 'g6', 'c9', 'e10']
6250 ['a0', 'f5', 'b3', 'i4', 'g6', 'b3', 'd11', 'c9'] (['a0', 'f5', 'b3', 'i4', 'g6', 'b3', 'd11', 'c9'], 0.001002707309736288) ['a0', 'f5', 'b3', 'i4', 'g6', 'b3', 'd11', 'c9']
6500 ['a0', 'f5', 'g6', 'b3', 'i4', 'd11', 'c9'] (['a0', 'b3', 'i4', 'f5', 'g6', 'd11', 'c9'], 0.007219492630101273) ['a0', 'f5', 'g6', 'b3', 'i4', 'd11', 'c9']
6750 ['a0', 'b3', 'f5', 'i4', 'g6', 'c9', 'd11', 'a0'] (['a0', 'b3', 'i4', 'f5', 'g6', 'c9', 'd11', 'a0'], 0.001403790233630803) ['a0', 'b3', 'f5', 'i4', 'g6', 'c9', 'd11', 'a0']
7000 ['a0', 'f5', 'g6', 'b3', 'i4', 'b3', 'f5', 'd11', 'c9'] (['a0', 'b3', 'f5', 'i4', 'g6', 'b3', 'f5', 'd11', 'c9'], 0.0001002707309736288) ['a0', 'f5', 'g6', 'b3', 'i4', 'b3', 'f5', 'd11', 'c9']
7250 ['b15', 'f17', 'g18', 'i16', 'h21', 'a12', 'a12', 'e22'] (['b15', 'a12', 'i16', 'a12', 'h21', 'f17', 'g18', 'e22'], 0) ['b15', 'f17', 'g18', 'i16', 'h21', 'a12', 'a12', 'e22']
7500 ['e10', 'f5', 'g6', 'b3', 'i4', 'c9', 'a0'] (['e10', 'f5', 'g6', 'b3', 'i4', 'c9', 'a0'], 0.0001002707309736288) ['e10', 'f5', 'g6', 'b3', 'i4', 'c9', 'a0']
7750 ['a0', 'b3', 'i4', 'f5', 'g6', 'f5', 'c9', 'd11'] (['a0', 'b3', 'i4', 'f5', 'g6', 'f5', 'd11', 'c9'], 0.0009024365787626592) ['a0', 'b3', 'i4', 'f5', 'g6', 'f5', 'c9', 'd11']
8000 ['a0', 'b3', 'i4', 'g6', 'f5', 'd11'] (['a0', 'b3', 'i4', 'f5', 'g6', 'd11'], 0.0019051438884989471) ['a0', 'b3', 'i4', 'g6', 'f5', 'd11']
8250 ['a0', 'f5', 'g6', 'i4', 'b3', 'c9', 'd11'] (['a0', 'f5', 'g6', 'i4', 'b3', 'c9', 'd11'], 0.001504060964604432) ['a0', 'f5', 'g6', 'i4', 'b3', 'c9', 'd11']
8500 ['a0', 'g6', 'b3', 'i4', 'd11', 'c9'] (['a0', 'b3', 'i4', 'g6', 'd11', 'c9'], 0.0031083926601824926) ['a0', 'g6', 'b3', 'i4', 'd11', 'c9']
8750 ['a12', 'b15', 'i16', 'd23', 'g18', 'h21', 'f17'] (['a12', 'b15', 'i16', 'd23', 'g18', 'f17', 'h21'], 0.0004010829238945152) ['a12', 'b15', 'i16', 'd23', 'g18', 'h21', 'f17']
9000 ['a0', 'b3', 'i4', 'f5', 'g6', 'i4', 'c9', 'd11'] (['a0', 'b3', 'i4', 'f5', 'g6', 'i4', 'c9', 'd11'], 0.0009024365787626592) ['a0', 'b3', 'i4', 'f5', 'g6', 'i4', 'c9', 'd11']
9250 ['f17', 'g18', 'b15', 'i16', 'a12', 'h21', 'e22'] (['f17', 'g18', 'b15', 'i16', 'a12', 'h21', 'e22'], 0.0007018951168154016) ['f17', 'g18', 'b15', 'i16', 'a12', 'h21', 'e22']
9500 ['a0', 'b3', 'i4', 'g6', 'c9', 'd11'] (['a0', 'b3', 'i4', 'g6', 'd11', 'c9'], 0.0031083926601824926) ['a0', 'b3', 'i4', 'g6', 'c9', 'd11']
9750 ['a0', 'f5', 'b3', 'i4', 'g6', 'c9'] (['a0', 'b3', 'i4', 'f5', 'g6', 'c9'], 0.002907851198235235) ['a0', 'f5', 'b3', 'i4', 'g6', 'c9']
10000 ['a12', 'b15', 'f17', 'g18', 'i16', 'h21', 'd23', 'a12'] (['a12', 'f17', 'g18', 'b15', 'i16', 'd23', 'h21', 'a12'], 0.0032086633911561214) ['a12', 'b15', 'f17', 'g18', 'i16', 'h21', 'd23', 'a12']

Accuracy: 0.37488780293208335
Running experiment on N = 2

Accuracy: 0.35354542734616534



0
1000
2000
3000
4000
5000
6000
7000
8000
9000
10000

Accuracy: 0.28423257205545027
