
202
24798
24798
0 ['f26', 'a18', 'd19', 'g20', 'b31', 'e30'] (['a18', 'f26', 'b31', 'd19', 'g20', 'e30'], 0) ['f26', 'a18', 'd19', 'g20', 'b31', 'e30']
1000 ['f26', 'b31', 'a18', 'd19', 'g20', 'a18'] (['b31', 'f26', 'd19', 'a18', 'g20', 'a18'], 0) ['f26', 'b31', 'a18', 'd19', 'g20', 'a18']
2000 ['a2', 'd3', 'g4', 'b15'] (['a2', 'd3', 'g4', 'b15'], 0) ['a2', 'd3', 'g4', 'b15']
3000 ['a18', 'b31', 'd19', 'f26'] (['b31', 'd19', 'a18', 'f26'], 0) ['a18', 'b31', 'd19', 'f26']
4000 ['a2', 'b15', 'd3', 'g4', 'e14'] (['b15', 'a2', 'd3', 'g4', 'e14'], 0.0297029702970297) ['a2', 'b15', 'd3', 'g4', 'e14']
5000 ['b15', 'a2', 'd3', 'g4'] (['b15', 'a2', 'd3', 'g4'], 0.019801980198019802) ['b15', 'a2', 'd3', 'g4']
6000 ['b15', 'a2', 'd3', 'g4', 'e14', 'c10'] (['b15', 'a2', 'd3', 'g4', 'e14', 'c10'], 0.019801980198019802) ['b15', 'a2', 'd3', 'g4', 'e14', 'c10']
7000 ['a2', 'd3', 'g4', 'b15'] (['b15', 'a2', 'd3', 'g4'], 0.019801980198019802) ['a2', 'd3', 'g4', 'b15']
8000 ['a18', 'b31', 'd19', 'g20', 'f26'] (['b31', 'a18', 'd19', 'g20', 'f26'], 0.04950495049504951) ['a18', 'b31', 'd19', 'g20', 'f26']
9000 ['a2', 'b15', 'd3', 'g4', 'c10'] (['a2', 'b15', 'd3', 'g4', 'c10'], 0.039603960396039604) ['a2', 'b15', 'd3', 'g4', 'c10']
10000 ['b31', 'a18', 'd19', 'g20', 'e30', 'f26'] (['b31', 'a18', 'd19', 'g20', 'f26', 'e30'], 0.0297029702970297) ['b31', 'a18', 'd19', 'g20', 'e30', 'f26']
11000 ['a18', 'd19', 'g20', 'b31', 'f26'] (['a18', 'd19', 'b31', 'g20', 'f26'], 0.0049504950495049506) ['a18', 'd19', 'g20', 'b31', 'f26']
12000 ['a2', 'b15', 'd3', 'g4', 'e14', 'c10'] (['b15', 'a2', 'd3', 'g4', 'e14', 'c10'], 0.019801980198019802) ['a2', 'b15', 'd3', 'g4', 'e14', 'c10']
13000 ['b31', 'd19', 'g20', 'f26', 'a18'] (['b31', 'd19', 'g20', 'a18', 'f26'], 0.009900990099009901) ['b31', 'd19', 'g20', 'f26', 'a18']
14000 ['a18', 'b31', 'g20', 'd19', 'b31', 'f26'] (['a18', 'b31', 'b31', 'g20', 'd19', 'f26'], 0) ['a18', 'b31', 'g20', 'd19', 'b31', 'f26']
15000 ['b15', 'a2', 'd3', 'g4', 'c10', 'g4'] (['b15', 'a2', 'g4', 'c10', 'd3', 'g4'], 0) ['b15', 'a2', 'd3', 'g4', 'c10', 'g4']
16000 ['b15', 'e14', 'g4', 'a2'] (['e14', 'b15', 'g4', 'a2'], 0) ['b15', 'e14', 'g4', 'a2']
17000 ['b31', 'a18', 'g20', 'f26', 'e30'] (['b31', 'a18', 'f26', 'g20', 'e30'], 0) ['b31', 'a18', 'g20', 'f26', 'e30']
18000 ['b31', 'a18', 'd19', 'g20', 'g20', 'f26', 'd19'] (['a18', 'b31', 'd19', 'g20', 'g20', 'f26', 'd19'], 0) ['b31', 'a18', 'd19', 'g20', 'g20', 'f26', 'd19']
19000 ['a2', 'b15', 'd3', 'g4', 'c10', 'e14'] (['b15', 'a2', 'd3', 'g4', 'e14', 'c10'], 0.019801980198019802) ['a2', 'b15', 'd3', 'g4', 'c10', 'e14']
20000 ['a18', 'd19', 'b31', 'g20', 'e30', 'f26'] (['a18', 'd19', 'b31', 'g20', 'e30', 'f26'], 0.0049504950495049506) ['a18', 'd19', 'b31', 'g20', 'e30', 'f26']
21000 ['b31', 'a18', 'd19', 'g20', 'f26'] (['b31', 'a18', 'd19', 'g20', 'f26'], 0.04950495049504951) ['b31', 'a18', 'd19', 'g20', 'f26']
22000 ['b31', 'a18', 'd19', 'g20', 'e30'] (['b31', 'a18', 'd19', 'g20', 'e30'], 0.0297029702970297) ['b31', 'a18', 'd19', 'g20', 'e30']
23000 ['b31', 'a18', 'd19', 'g20', 'e30'] (['b31', 'a18', 'd19', 'g20', 'e30'], 0.0297029702970297) ['b31', 'a18', 'd19', 'g20', 'e30']
24000 ['a18', 'd19', 'b31', 'g20'] (['a18', 'd19', 'g20', 'b31'], 0.009900990099009901) ['a18', 'd19', 'b31', 'g20']

Accuracy: 0.390918622469554
Running experiment on N = 2

Accuracy: 0.45423017985321396



Running experiment on N = 3

Accuracy: 0.47411081538833777



Running experiment on N = 4
