-----------------------------------------------------------------------------------------
Parameter Settings:
EIUES:                            0.3
Ratio uncertain traces:           0.995

Type:                             encoder_GREEDY
No. warmup steps:                 4000
LR factor                         1 
Embedding dimension:              256
Dimension of feedforward network: 1024
Number of transformer layers:     1
Number of attentions heads:       8
Dropout:                          0.2085239344
Total number of epochs:           50
-----------------------------------------------------------------------------------------
| epoch   0 |     9/   44 batches | lr_step  10 | lr  0.000002 |acc  0.000%| ms/batch 205.15 | loss 2.3142133 
| epoch   0 |    19/   44 batches | lr_step  20 | lr  0.000005 |acc  0.000%| ms/batch 212.23 | loss 2.2166912 
| epoch   0 |    29/   44 batches | lr_step  30 | lr  0.000007 |acc  0.000%| ms/batch 209.74 | loss 2.0393689 
| epoch   0 |    39/   44 batches | lr_step  40 | lr  0.000010 |acc  0.000%| ms/batch 240.26 | loss 1.8327664 
Pred: tensor([12, 13, 14, 15, 16, 12, 13, 13, 12]) and tensor([12, 15, 13, 14, 16,  0,  0,  0,  0]), tensor([15, 14, 12, 13, 16, 12,  0,  0,  0])
Tar: tensor([[12, 13, 14, 15, 16, 13, 13, 12, 12],
        [12, 15, 14, 13, 16,  0,  0,  0,  0],
        [15, 12, 14, 13, 16, 12,  0,  0,  0]])
-----------------------------------------------------------------------------------------
| end of epoch   0 | time: 21.19s | valid acc 43.740%| Best Model from Epoch 0 with  -inf%
-----------------------------------------------------------------------------------------
-----------------------------------------------------------------------------------------
-----------------------------------------------------------------------------------------
| end of epoch   0 | time: 21.19s | valid acc 43.740%| 
-----------------------------------------------------------------------------------------
-----------------------------------------------------------------------------------------
| epoch   1 |     9/   44 batches | lr_step  55 | lr  0.000014 |acc  0.020%| ms/batch 213.03 | loss 1.4658482 
| epoch   1 |    19/   44 batches | lr_step  65 | lr  0.000016 |acc  0.332%| ms/batch 209.54 | loss 1.2533051 
| epoch   1 |    29/   44 batches | lr_step  75 | lr  0.000019 |acc  0.664%| ms/batch 212.13 | loss 1.1327626 
| epoch   1 |    39/   44 batches | lr_step  85 | lr  0.000021 |acc  0.508%| ms/batch 214.43 | loss 1.0510117 
Pred: tensor([ 6,  7, 11,  8,  9, 10,  0]) and tensor([ 6,  7, 11,  8,  9, 10,  0]), tensor([12, 13, 14, 15, 16,  0,  0])
Tar: tensor([[ 6,  7, 11,  8,  9, 10,  0],
        [ 6,  7, 11,  8,  9, 10,  0],
        [12, 13, 14, 15, 16,  0,  0]])
-----------------------------------------------------------------------------------------
| end of epoch   1 | time: 21.41s | valid acc 46.597%| Best Model from Epoch 0 with 43.740%
-----------------------------------------------------------------------------------------
-----------------------------------------------------------------------------------------
-----------------------------------------------------------------------------------------
| end of epoch   1 | time: 21.41s | valid acc 46.597%| 
-----------------------------------------------------------------------------------------
-----------------------------------------------------------------------------------------
| epoch   2 |     9/   44 batches | lr_step  100 | lr  0.000025 |acc  0.781%| ms/batch 208.14 | loss 0.9510983 
| epoch   2 |    19/   44 batches | lr_step  110 | lr  0.000027 |acc  1.094%| ms/batch 208.74 | loss 0.8855558 
| epoch   2 |    29/   44 batches | lr_step  120 | lr  0.000030 |acc  1.113%| ms/batch 207.05 | loss 0.8269416 
| epoch   2 |    39/   44 batches | lr_step  130 | lr  0.000032 |acc  1.621%| ms/batch 204.45 | loss 0.8116308 
Pred: tensor([ 6,  7, 11,  9,  8, 10,  0,  0,  0]) and tensor([12, 13, 15, 16, 12,  0,  0,  0,  0]), tensor([12, 15, 16,  0,  0,  0,  0,  0,  0])
Tar: tensor([[ 7,  6, 11,  8,  9, 10,  0,  0,  0],
        [12, 15, 13, 16, 12,  0,  0,  0,  0],
        [12, 15, 16,  0,  0,  0,  0,  0,  0]])
-----------------------------------------------------------------------------------------
| end of epoch   2 | time: 20.75s | valid acc 66.660%| Best Model from Epoch 1 with 46.597%
-----------------------------------------------------------------------------------------
-----------------------------------------------------------------------------------------
-----------------------------------------------------------------------------------------
| end of epoch   2 | time: 20.75s | valid acc 66.660%| 
-----------------------------------------------------------------------------------------
-----------------------------------------------------------------------------------------
| epoch   3 |     9/   44 batches | lr_step  145 | lr  0.000036 |acc  3.164%| ms/batch 214.33 | loss 0.7366255 
| epoch   3 |    19/   44 batches | lr_step  155 | lr  0.000038 |acc  3.984%| ms/batch 206.75 | loss 0.7260953 
| epoch   3 |    29/   44 batches | lr_step  165 | lr  0.000041 |acc  5.879%| ms/batch 220.11 | loss 0.6820718 
| epoch   3 |    39/   44 batches | lr_step  175 | lr  0.000043 |acc  6.191%| ms/batch 231.58 | loss 0.6604183 
Pred: tensor([12, 13, 14, 15, 16,  0,  0]) and tensor([12, 16, 14, 15, 13,  0,  0]), tensor([16, 15, 14, 13, 12,  0,  0])
Tar: tensor([[12, 13, 14, 15, 16,  0,  0],
        [12, 16, 14, 15, 13,  0,  0],
        [16, 15, 14, 13, 12,  0,  0]])
-----------------------------------------------------------------------------------------
| end of epoch   3 | time: 21.13s | valid acc 65.953%| Best Model from Epoch 2 with 66.660%
-----------------------------------------------------------------------------------------
| epoch   4 |     9/   44 batches | lr_step  190 | lr  0.000047 |acc  8.926%| ms/batch 211.73 | loss 0.6257115 
| epoch   4 |    19/   44 batches | lr_step  200 | lr  0.000049 |acc  10.859%| ms/batch 207.74 | loss 0.6058901 
| epoch   4 |    29/   44 batches | lr_step  210 | lr  0.000052 |acc  11.523%| ms/batch 207.05 | loss 0.6045944 
| epoch   4 |    39/   44 batches | lr_step  220 | lr  0.000054 |acc  13.320%| ms/batch 215.12 | loss 0.5552074 
Pred: tensor([12, 13, 14, 15, 16,  0,  0]) and tensor([ 6,  7, 11,  8,  9, 10,  0]), tensor([13, 14, 15, 12, 14,  0,  0])
Tar: tensor([[12, 13, 14, 15, 16,  0,  0],
        [ 7,  6, 11,  8,  9, 10,  0],
        [13, 14, 15, 12, 14,  0,  0]])
-----------------------------------------------------------------------------------------
| end of epoch   4 | time: 20.48s | valid acc 67.145%| Best Model from Epoch 2 with 66.660%
-----------------------------------------------------------------------------------------
-----------------------------------------------------------------------------------------
-----------------------------------------------------------------------------------------
| end of epoch   4 | time: 20.48s | valid acc 67.145%| 
-----------------------------------------------------------------------------------------
-----------------------------------------------------------------------------------------
| epoch   5 |     9/   44 batches | lr_step  235 | lr  0.000058 |acc  15.605%| ms/batch 208.94 | loss 0.5431529 
| epoch   5 |    19/   44 batches | lr_step  245 | lr  0.000061 |acc  16.621%| ms/batch 213.63 | loss 0.5310906 
| epoch   5 |    29/   44 batches | lr_step  255 | lr  0.000063 |acc  18.105%| ms/batch 206.75 | loss 0.5292897 
| epoch   5 |    39/   44 batches | lr_step  265 | lr  0.000065 |acc  19.023%| ms/batch 218.71 | loss 0.5123257 
Pred: tensor([ 6,  7, 11,  8,  9,  6, 10]) and tensor([ 7,  9,  8,  6, 10,  0,  0]), tensor([ 6,  7, 11,  8,  9, 10,  0])
Tar: tensor([[ 6,  7, 11,  8,  6,  9, 10],
        [ 7,  9,  8,  6, 10,  0,  0],
        [ 6,  7, 11,  8,  9, 10,  0]])
-----------------------------------------------------------------------------------------
| end of epoch   5 | time: 20.97s | valid acc 73.536%| Best Model from Epoch 4 with 67.145%
-----------------------------------------------------------------------------------------
-----------------------------------------------------------------------------------------
-----------------------------------------------------------------------------------------
| end of epoch   5 | time: 20.97s | valid acc 73.536%| 
-----------------------------------------------------------------------------------------
-----------------------------------------------------------------------------------------
| epoch   6 |     9/   44 batches | lr_step  280 | lr  0.000069 |acc  20.117%| ms/batch 218.62 | loss 0.4865163 
| epoch   6 |    19/   44 batches | lr_step  290 | lr  0.000072 |acc  22.539%| ms/batch 220.31 | loss 0.4932733 
| epoch   6 |    29/   44 batches | lr_step  300 | lr  0.000074 |acc  23.047%| ms/batch 227.99 | loss 0.4712971 
| epoch   6 |    39/   44 batches | lr_step  310 | lr  0.000077 |acc  25.176%| ms/batch 227.49 | loss 0.4462497 
Pred: tensor([12, 13, 14, 14, 15, 16, 13]) and tensor([12, 13, 14, 15, 16,  0,  0]), tensor([ 7,  6, 11,  8,  9, 10,  0])
Tar: tensor([[12, 13, 14, 14, 15, 16, 13],
        [12, 13, 14, 15, 16,  0,  0],
        [ 7,  6, 11,  8,  9, 10,  0]])
-----------------------------------------------------------------------------------------
| end of epoch   6 | time: 21.88s | valid acc 75.828%| Best Model from Epoch 5 with 73.536%
-----------------------------------------------------------------------------------------
-----------------------------------------------------------------------------------------
-----------------------------------------------------------------------------------------
| end of epoch   6 | time: 21.88s | valid acc 75.828%| 
-----------------------------------------------------------------------------------------
-----------------------------------------------------------------------------------------
| epoch   7 |     9/   44 batches | lr_step  325 | lr  0.000080 |acc  26.660%| ms/batch 206.65 | loss 0.4393550 
| epoch   7 |    19/   44 batches | lr_step  335 | lr  0.000083 |acc  27.461%| ms/batch 217.77 | loss 0.4445204 
| epoch   7 |    29/   44 batches | lr_step  345 | lr  0.000085 |acc  29.453%| ms/batch 234.67 | loss 0.4185057 
| epoch   7 |    39/   44 batches | lr_step  355 | lr  0.000088 |acc  29.473%| ms/batch 209.34 | loss 0.4314552 
Pred: tensor([12, 13, 14, 15, 16,  0,  0,  0]) and tensor([12, 13, 14, 15, 16,  0,  0,  0]), tensor([12, 13, 14, 15, 16, 13,  0,  0])
Tar: tensor([[12, 13, 14, 15, 16,  0,  0,  0],
        [12, 13, 14, 15, 16,  0,  0,  0],
        [12, 13, 14, 15, 13, 16,  0,  0]])
-----------------------------------------------------------------------------------------
| end of epoch   7 | time: 20.79s | valid acc 76.525%| Best Model from Epoch 6 with 75.828%
-----------------------------------------------------------------------------------------
-----------------------------------------------------------------------------------------
-----------------------------------------------------------------------------------------
| end of epoch   7 | time: 20.79s | valid acc 76.525%| 
-----------------------------------------------------------------------------------------
-----------------------------------------------------------------------------------------
| epoch   8 |     9/   44 batches | lr_step  370 | lr  0.000091 |acc  31.211%| ms/batch 203.56 | loss 0.4155929 
| epoch   8 |    19/   44 batches | lr_step  380 | lr  0.000094 |acc  32.930%| ms/batch 214.13 | loss 0.3961053 
| epoch   8 |    29/   44 batches | lr_step  390 | lr  0.000096 |acc  34.395%| ms/batch 216.22 | loss 0.4024251 
| epoch   8 |    39/   44 batches | lr_step  400 | lr  0.000099 |acc  36.309%| ms/batch 210.34 | loss 0.3859440 
Pred: tensor([10,  6, 11,  8,  9,  7,  0,  0]) and tensor([ 6,  7, 11,  8,  9,  0,  0,  0]), tensor([13, 14, 15, 16,  0,  0,  0,  0])
Tar: tensor([[10,  6, 11,  8,  9,  7,  0,  0],
        [ 6,  7, 11,  8,  9,  0,  0,  0],
        [15, 14, 13, 16,  0,  0,  0,  0]])
-----------------------------------------------------------------------------------------
| end of epoch   8 | time: 20.58s | valid acc 76.616%| Best Model from Epoch 7 with 76.525%
-----------------------------------------------------------------------------------------
-----------------------------------------------------------------------------------------
-----------------------------------------------------------------------------------------
| end of epoch   8 | time: 20.58s | valid acc 76.616%| 
-----------------------------------------------------------------------------------------
-----------------------------------------------------------------------------------------
| epoch   9 |     9/   44 batches | lr_step  415 | lr  0.000103 |acc  38.379%| ms/batch 211.73 | loss 0.3817698 
| epoch   9 |    19/   44 batches | lr_step  425 | lr  0.000105 |acc  37.578%| ms/batch 205.55 | loss 0.3766508 
| epoch   9 |    29/   44 batches | lr_step  435 | lr  0.000107 |acc  38.770%| ms/batch 211.14 | loss 0.3713544 
| epoch   9 |    39/   44 batches | lr_step  445 | lr  0.000110 |acc  41.328%| ms/batch 205.25 | loss 0.3582817 
Pred: tensor([ 7,  9, 11,  8,  6, 10,  0,  0]) and tensor([12, 13, 14, 15, 16,  0,  0,  0]), tensor([10, 11,  9,  8,  7,  0,  0,  0])
Tar: tensor([[ 9,  7, 11,  8,  6, 10,  0,  0],
        [12, 13, 14, 15, 16,  0,  0,  0],
        [10,  9, 11,  8,  7,  0,  0,  0]])
-----------------------------------------------------------------------------------------
| end of epoch   9 | time: 20.33s | valid acc 76.999%| Best Model from Epoch 8 with 76.616%
-----------------------------------------------------------------------------------------
-----------------------------------------------------------------------------------------
-----------------------------------------------------------------------------------------
| end of epoch   9 | time: 20.33s | valid acc 76.999%| 
-----------------------------------------------------------------------------------------
-----------------------------------------------------------------------------------------
| epoch  10 |     9/   44 batches | lr_step  460 | lr  0.000114 |acc  43.145%| ms/batch 204.85 | loss 0.3533882 
| epoch  10 |    19/   44 batches | lr_step  470 | lr  0.000116 |acc  43.633%| ms/batch 202.76 | loss 0.3468495 
| epoch  10 |    29/   44 batches | lr_step  480 | lr  0.000119 |acc  45.547%| ms/batch 199.67 | loss 0.3333943 
| epoch  10 |    39/   44 batches | lr_step  490 | lr  0.000121 |acc  44.199%| ms/batch 210.64 | loss 0.3546215 
Pred: tensor([ 6,  7, 11,  8,  9, 10,  0,  0,  0]) and tensor([ 6, 11,  8,  9, 10,  0,  0,  0,  0]), tensor([ 7,  7,  6, 11,  8,  9, 10,  0,  0])
Tar: tensor([[ 6,  7, 11,  8,  9, 10,  0,  0,  0],
        [ 6, 11,  8,  9, 10,  0,  0,  0,  0],
        [ 7,  7,  6, 11,  8,  9, 10,  0,  0]])
-----------------------------------------------------------------------------------------
| end of epoch  10 | time: 20.14s | valid acc 77.221%| Best Model from Epoch 9 with 76.999%
-----------------------------------------------------------------------------------------
-----------------------------------------------------------------------------------------
-----------------------------------------------------------------------------------------
| end of epoch  10 | time: 20.14s | valid acc 77.221%| 
-----------------------------------------------------------------------------------------
-----------------------------------------------------------------------------------------
| epoch  11 |     9/   44 batches | lr_step  505 | lr  0.000125 |acc  46.484%| ms/batch 206.45 | loss 0.3377536 
| epoch  11 |    19/   44 batches | lr_step  515 | lr  0.000127 |acc  48.457%| ms/batch 206.85 | loss 0.3269529 
| epoch  11 |    29/   44 batches | lr_step  525 | lr  0.000130 |acc  48.770%| ms/batch 209.14 | loss 0.3325046 
| epoch  11 |    39/   44 batches | lr_step  535 | lr  0.000132 |acc  50.586%| ms/batch 218.62 | loss 0.3133200 
Pred: tensor([12, 13, 14, 15, 16,  0,  0,  0,  0]) and tensor([12, 13, 14, 15, 16,  0,  0,  0,  0]), tensor([12, 13, 14, 15, 16,  0,  0,  0,  0])
Tar: tensor([[12, 13, 14, 15, 16,  0,  0,  0,  0],
        [12, 13, 14, 15, 16,  0,  0,  0,  0],
        [12, 13, 14, 15, 16,  0,  0,  0,  0]])
-----------------------------------------------------------------------------------------
| end of epoch  11 | time: 20.74s | valid acc 77.161%| Best Model from Epoch 10 with 77.221%
-----------------------------------------------------------------------------------------
| epoch  12 |     9/   44 batches | lr_step  550 | lr  0.000136 |acc  51.016%| ms/batch 205.45 | loss 0.3263967 
| epoch  12 |    19/   44 batches | lr_step  560 | lr  0.000138 |acc  53.555%| ms/batch 211.14 | loss 0.3013135 
| epoch  12 |    29/   44 batches | lr_step  570 | lr  0.000141 |acc  53.945%| ms/batch 209.74 | loss 0.3015432 
| epoch  12 |    39/   44 batches | lr_step  580 | lr  0.000143 |acc  54.629%| ms/batch 208.04 | loss 0.2994475 
Pred: tensor([12, 13, 14, 15, 16,  0,  0,  0]) and tensor([12, 13, 15, 16, 13, 12,  0,  0]), tensor([ 7,  6, 11,  8,  9, 10,  0,  0])
Tar: tensor([[12, 13, 14, 15, 16,  0,  0,  0],
        [12, 13, 15, 16, 13, 12,  0,  0],
        [ 7,  6, 11,  8,  9, 10,  0,  0]])
-----------------------------------------------------------------------------------------
| end of epoch  12 | time: 20.37s | valid acc 77.221%| Best Model from Epoch 10 with 77.221%
-----------------------------------------------------------------------------------------
| epoch  13 |     9/   44 batches | lr_step  595 | lr  0.000147 |acc  55.176%| ms/batch 207.64 | loss 0.2886909 
| epoch  13 |    19/   44 batches | lr_step  605 | lr  0.000149 |acc  57.031%| ms/batch 206.75 | loss 0.2868563 
| epoch  13 |    29/   44 batches | lr_step  615 | lr  0.000152 |acc  56.777%| ms/batch 202.16 | loss 0.2997030 
| epoch  13 |    39/   44 batches | lr_step  625 | lr  0.000154 |acc  60.020%| ms/batch 205.55 | loss 0.2787242 
Pred: tensor([12, 13, 14, 15, 16, 13,  0,  0,  0]) and tensor([12, 13, 14, 15, 16,  0,  0,  0,  0]), tensor([12, 13, 14, 15, 16,  0,  0,  0,  0])
Tar: tensor([[12, 13, 14, 15, 16, 13,  0,  0,  0],
        [12, 13, 14, 15, 16,  0,  0,  0,  0],
        [12, 13, 14, 15, 16,  0,  0,  0,  0]])
-----------------------------------------------------------------------------------------
| end of epoch  13 | time: 20.17s | valid acc 77.009%| Best Model from Epoch 10 with 77.221%
-----------------------------------------------------------------------------------------
| epoch  14 |     9/   44 batches | lr_step  640 | lr  0.000158 |acc  59.883%| ms/batch 235.23 | loss 0.2743111 
| epoch  14 |    19/   44 batches | lr_step  650 | lr  0.000161 |acc  60.723%| ms/batch 222.21 | loss 0.2785474 
| epoch  14 |    29/   44 batches | lr_step  660 | lr  0.000163 |acc  60.820%| ms/batch 207.05 | loss 0.2746954 
| epoch  14 |    39/   44 batches | lr_step  670 | lr  0.000166 |acc  61.953%| ms/batch 209.04 | loss 0.2611877 
Pred: tensor([ 7,  6, 11,  8,  9, 10,  0,  0]) and tensor([12, 13, 14, 15, 16,  0,  0,  0]), tensor([12, 13, 14, 15, 16,  0,  0,  0])
Tar: tensor([[ 7,  6, 11,  8,  9, 10,  0,  0],
        [12, 13, 14, 15, 16,  0,  0,  0],
        [12, 13, 14, 15, 16,  0,  0,  0]])
-----------------------------------------------------------------------------------------
| end of epoch  14 | time: 20.83s | valid acc 77.242%| Best Model from Epoch 10 with 77.221%
-----------------------------------------------------------------------------------------
-----------------------------------------------------------------------------------------
-----------------------------------------------------------------------------------------
| end of epoch  14 | time: 20.83s | valid acc 77.242%| 
-----------------------------------------------------------------------------------------
-----------------------------------------------------------------------------------------
| epoch  15 |     9/   44 batches | lr_step  685 | lr  0.000169 |acc  63.516%| ms/batch 208.74 | loss 0.2532578 
| epoch  15 |    19/   44 batches | lr_step  695 | lr  0.000172 |acc  64.121%| ms/batch 203.06 | loss 0.2641873 
| epoch  15 |    29/   44 batches | lr_step  705 | lr  0.000174 |acc  63.809%| ms/batch 201.86 | loss 0.2597320 
| epoch  15 |    39/   44 batches | lr_step  715 | lr  0.000177 |acc  64.844%| ms/batch 205.15 | loss 0.2549697 
Pred: tensor([12, 13, 14, 15, 16,  0,  0]) and tensor([ 6, 11,  8,  7, 10,  0,  0]), tensor([11,  7,  8,  6,  9, 10,  0])
Tar: tensor([[12, 13, 14, 15, 16,  0,  0],
        [ 6, 11,  8,  7, 10,  0,  0],
        [11,  7,  6,  8,  9, 10,  0]])
-----------------------------------------------------------------------------------------
| end of epoch  15 | time: 20.43s | valid acc 77.464%| Best Model from Epoch 14 with 77.242%
-----------------------------------------------------------------------------------------
-----------------------------------------------------------------------------------------
-----------------------------------------------------------------------------------------
| end of epoch  15 | time: 20.43s | valid acc 77.464%| 
-----------------------------------------------------------------------------------------
-----------------------------------------------------------------------------------------
| epoch  16 |     9/   44 batches | lr_step  730 | lr  0.000180 |acc  66.328%| ms/batch 204.76 | loss 0.2504252 
| epoch  16 |    19/   44 batches | lr_step  740 | lr  0.000183 |acc  66.602%| ms/batch 200.50 | loss 0.2460663 
| epoch  16 |    29/   44 batches | lr_step  750 | lr  0.000185 |acc  67.441%| ms/batch 202.66 | loss 0.2422954 
| epoch  16 |    39/   44 batches | lr_step  760 | lr  0.000188 |acc  69.121%| ms/batch 208.68 | loss 0.2296496 
Pred: tensor([12, 13, 14, 15, 16,  0,  0,  0,  0]) and tensor([ 7,  6, 11,  8,  9,  6, 10,  0,  0]), tensor([ 6,  7, 11,  8,  9, 10,  0,  0,  0])
Tar: tensor([[12, 13, 14, 15, 16,  0,  0,  0,  0],
        [ 7,  6, 11,  8,  6,  9, 10,  0,  0],
        [ 6,  7, 11,  8,  9, 10,  0,  0,  0]])
-----------------------------------------------------------------------------------------
| end of epoch  16 | time: 20.21s | valid acc 77.383%| Best Model from Epoch 15 with 77.464%
-----------------------------------------------------------------------------------------
| epoch  17 |     9/   44 batches | lr_step  775 | lr  0.000191 |acc  68.691%| ms/batch 201.36 | loss 0.2325557 
| epoch  17 |    19/   44 batches | lr_step  785 | lr  0.000194 |acc  69.492%| ms/batch 205.25 | loss 0.2283458 
| epoch  17 |    29/   44 batches | lr_step  795 | lr  0.000196 |acc  68.867%| ms/batch 214.13 | loss 0.2279044 
| epoch  17 |    39/   44 batches | lr_step  805 | lr  0.000199 |acc  70.000%| ms/batch 220.21 | loss 0.2242631 
Pred: tensor([12, 13, 14, 15, 16,  0,  0]) and tensor([ 7,  6, 11,  8,  9, 10,  0]), tensor([ 6,  7, 11,  8,  9, 10,  0])
Tar: tensor([[12, 13, 14, 15, 16,  0,  0],
        [ 7,  6, 11,  8,  9, 10,  0],
        [ 7,  6, 11,  8,  9, 10,  0]])
-----------------------------------------------------------------------------------------
| end of epoch  17 | time: 20.67s | valid acc 77.110%| Best Model from Epoch 15 with 77.464%
-----------------------------------------------------------------------------------------
| epoch  18 |     9/   44 batches | lr_step  820 | lr  0.000203 |acc  71.328%| ms/batch 210.74 | loss 0.2193108 
| epoch  18 |    19/   44 batches | lr_step  830 | lr  0.000205 |acc  71.719%| ms/batch 216.72 | loss 0.2218324 
| epoch  18 |    29/   44 batches | lr_step  840 | lr  0.000208 |acc  72.285%| ms/batch 212.43 | loss 0.2130125 
| epoch  18 |    39/   44 batches | lr_step  850 | lr  0.000210 |acc  72.812%| ms/batch 211.33 | loss 0.2086901 
Pred: tensor([12, 13, 14, 15, 16,  0,  0]) and tensor([12, 13, 14, 15, 16, 12,  0]), tensor([ 6,  7, 11,  8,  9, 10,  0])
Tar: tensor([[12, 13, 14, 15, 16,  0,  0],
        [12, 13, 14, 15, 16, 12,  0],
        [ 6,  7, 11,  8,  9, 10,  0]])
-----------------------------------------------------------------------------------------
| end of epoch  18 | time: 20.86s | valid acc 77.423%| Best Model from Epoch 15 with 77.464%
-----------------------------------------------------------------------------------------
| epoch  19 |     9/   44 batches | lr_step  865 | lr  0.000214 |acc  71.895%| ms/batch 216.92 | loss 0.2205002 
| epoch  19 |    19/   44 batches | lr_step  875 | lr  0.000216 |acc  73.730%| ms/batch 210.44 | loss 0.2040235 
| epoch  19 |    29/   44 batches | lr_step  885 | lr  0.000219 |acc  74.414%| ms/batch 215.12 | loss 0.2032001 
| epoch  19 |    39/   44 batches | lr_step  895 | lr  0.000221 |acc  73.379%| ms/batch 213.03 | loss 0.2026011 
Pred: tensor([12, 15, 14, 13, 16,  0,  0,  0,  0]) and tensor([12, 13, 14, 15, 16,  0,  0,  0,  0]), tensor([12, 13, 14, 15, 16,  0,  0,  0,  0])
Tar: tensor([[12, 15, 14, 13, 16,  0,  0,  0,  0],
        [12, 13, 14, 15, 16,  0,  0,  0,  0],
        [12, 13, 14, 15, 16,  0,  0,  0,  0]])
-----------------------------------------------------------------------------------------
| end of epoch  19 | time: 20.80s | valid acc 77.534%| Best Model from Epoch 15 with 77.464%
-----------------------------------------------------------------------------------------
-----------------------------------------------------------------------------------------
-----------------------------------------------------------------------------------------
| end of epoch  19 | time: 20.80s | valid acc 77.534%| 
-----------------------------------------------------------------------------------------
-----------------------------------------------------------------------------------------
| epoch  20 |     9/   44 batches | lr_step  910 | lr  0.000225 |acc  74.199%| ms/batch 210.64 | loss 0.2050605 
| epoch  20 |    19/   44 batches | lr_step  920 | lr  0.000227 |acc  74.648%| ms/batch 226.99 | loss 0.1964080 
| epoch  20 |    29/   44 batches | lr_step  930 | lr  0.000230 |acc  74.941%| ms/batch 216.22 | loss 0.2005045 
| epoch  20 |    39/   44 batches | lr_step  940 | lr  0.000232 |acc  75.801%| ms/batch 214.73 | loss 0.1977924 
Pred: tensor([12, 13, 14, 15, 16,  0,  0,  0]) and tensor([12, 13, 14, 15,  0,  0,  0,  0]), tensor([ 6,  7, 11,  9,  0,  0,  0,  0])
Tar: tensor([[12, 13, 14, 15, 16,  0,  0,  0],
        [12, 13, 14, 15,  0,  0,  0,  0],
        [ 7,  6, 11,  9,  0,  0,  0,  0]])
-----------------------------------------------------------------------------------------
| end of epoch  20 | time: 21.35s | valid acc 77.403%| Best Model from Epoch 19 with 77.534%
-----------------------------------------------------------------------------------------
| epoch  21 |     9/   44 batches | lr_step  955 | lr  0.000236 |acc  76.133%| ms/batch 207.35 | loss 0.1845158 
| epoch  21 |    19/   44 batches | lr_step  965 | lr  0.000238 |acc  76.133%| ms/batch 207.35 | loss 0.1956620 
| epoch  21 |    29/   44 batches | lr_step  975 | lr  0.000241 |acc  77.266%| ms/batch 215.22 | loss 0.1889420 
| epoch  21 |    39/   44 batches | lr_step  985 | lr  0.000243 |acc  76.953%| ms/batch 202.26 | loss 0.1886795 
Pred: tensor([10,  6, 11,  8,  9,  0,  0,  0]) and tensor([12, 16, 14, 15, 14,  0,  0,  0]), tensor([12, 13, 14, 15, 16,  0,  0,  0])
Tar: tensor([[10, 11,  6,  9,  8,  0,  0,  0],
        [12, 14, 15, 14, 16,  0,  0,  0],
        [12, 13, 14, 15, 16,  0,  0,  0]])
-----------------------------------------------------------------------------------------
| end of epoch  21 | time: 21.18s | valid acc 77.676%| Best Model from Epoch 19 with 77.534%
-----------------------------------------------------------------------------------------
-----------------------------------------------------------------------------------------
-----------------------------------------------------------------------------------------
| end of epoch  21 | time: 21.18s | valid acc 77.676%| 
-----------------------------------------------------------------------------------------
-----------------------------------------------------------------------------------------
| epoch  22 |     9/   44 batches | lr_step  1000 | lr  0.000247 |acc  77.617%| ms/batch 223.30 | loss 0.1878218 
| epoch  22 |    19/   44 batches | lr_step  1010 | lr  0.000250 |acc  77.949%| ms/batch 214.23 | loss 0.1854287 
| epoch  22 |    29/   44 batches | lr_step  1020 | lr  0.000252 |acc  77.754%| ms/batch 213.13 | loss 0.1789778 
| epoch  22 |    39/   44 batches | lr_step  1030 | lr  0.000254 |acc  78.301%| ms/batch 210.64 | loss 0.1844564 
Pred: tensor([ 7,  6, 11,  8,  9, 10,  0]) and tensor([ 6,  7, 11,  8,  9, 10,  0]), tensor([ 6,  7, 11,  8,  9, 10,  7])
Tar: tensor([[ 7,  6, 11,  8,  9, 10,  0],
        [ 7,  6, 11,  8,  9, 10,  0],
        [ 6,  7, 11,  8,  9, 10,  7]])
-----------------------------------------------------------------------------------------
| end of epoch  22 | time: 20.82s | valid acc 78.201%| Best Model from Epoch 21 with 77.676%
-----------------------------------------------------------------------------------------
-----------------------------------------------------------------------------------------
-----------------------------------------------------------------------------------------
| end of epoch  22 | time: 20.82s | valid acc 78.201%| 
-----------------------------------------------------------------------------------------
-----------------------------------------------------------------------------------------
| epoch  23 |     9/   44 batches | lr_step  1045 | lr  0.000258 |acc  78.379%| ms/batch 206.05 | loss 0.1814028 
| epoch  23 |    19/   44 batches | lr_step  1055 | lr  0.000261 |acc  78.477%| ms/batch 204.75 | loss 0.1850765 
| epoch  23 |    29/   44 batches | lr_step  1065 | lr  0.000263 |acc  80.039%| ms/batch 199.97 | loss 0.1692930 
| epoch  23 |    39/   44 batches | lr_step  1075 | lr  0.000266 |acc  78.496%| ms/batch 202.66 | loss 0.1772124 
Pred: tensor([ 6,  7, 11,  8,  9,  0,  0,  0]) and tensor([ 7,  6,  8,  9, 10,  0,  0,  0]), tensor([12, 13, 14, 15, 16,  0,  0,  0])
Tar: tensor([[ 7,  6, 11,  8,  9,  0,  0,  0],
        [ 7,  6,  8,  9, 10,  0,  0,  0],
        [12, 13, 14, 15, 16,  0,  0,  0]])
-----------------------------------------------------------------------------------------
| end of epoch  23 | time: 20.59s | valid acc 78.625%| Best Model from Epoch 22 with 78.201%
-----------------------------------------------------------------------------------------
-----------------------------------------------------------------------------------------
-----------------------------------------------------------------------------------------
| end of epoch  23 | time: 20.59s | valid acc 78.625%| 
-----------------------------------------------------------------------------------------
-----------------------------------------------------------------------------------------
| epoch  24 |     9/   44 batches | lr_step  1090 | lr  0.000269 |acc  80.215%| ms/batch 225.20 | loss 0.1667966 
| epoch  24 |    19/   44 batches | lr_step  1100 | lr  0.000272 |acc  79.805%| ms/batch 216.92 | loss 0.1702482 
| epoch  24 |    29/   44 batches | lr_step  1110 | lr  0.000274 |acc  80.117%| ms/batch 221.31 | loss 0.1716446 
| epoch  24 |    39/   44 batches | lr_step  1120 | lr  0.000277 |acc  80.625%| ms/batch 203.66 | loss 0.1719132 
Pred: tensor([ 6,  7, 11,  8,  9, 10,  0,  0]) and tensor([12, 13, 14, 15, 16,  0,  0,  0]), tensor([12, 13, 14, 15, 16,  0,  0,  0])
Tar: tensor([[ 6,  7, 11,  8,  9, 10,  0,  0],
        [12, 13, 14, 15, 16,  0,  0,  0],
        [12, 13, 14, 15, 16,  0,  0,  0]])
-----------------------------------------------------------------------------------------
| end of epoch  24 | time: 21.58s | valid acc 78.160%| Best Model from Epoch 23 with 78.625%
-----------------------------------------------------------------------------------------
| epoch  25 |     9/   44 batches | lr_step  1135 | lr  0.000280 |acc  80.605%| ms/batch 208.69 | loss 0.1643631 
| epoch  25 |    19/   44 batches | lr_step  1145 | lr  0.000283 |acc  79.824%| ms/batch 218.17 | loss 0.1736828 
| epoch  25 |    29/   44 batches | lr_step  1155 | lr  0.000285 |acc  80.605%| ms/batch 214.11 | loss 0.1697477 
| epoch  25 |    39/   44 batches | lr_step  1165 | lr  0.000288 |acc  81.348%| ms/batch 209.64 | loss 0.1565635 
Pred: tensor([12, 13, 14, 15, 16,  0]) and tensor([ 6,  7,  9, 10,  0,  0]), tensor([ 7, 11,  9,  8,  6,  0])
Tar: tensor([[12, 13, 14, 15, 16,  0],
        [ 6,  7,  9, 10,  0,  0],
        [ 9,  7, 11,  8,  6,  0]])
-----------------------------------------------------------------------------------------
| end of epoch  25 | time: 20.94s | valid acc 78.302%| Best Model from Epoch 23 with 78.625%
-----------------------------------------------------------------------------------------
| epoch  26 |     9/   44 batches | lr_step  1180 | lr  0.000292 |acc  80.605%| ms/batch 259.91 | loss 0.1649617 
| epoch  26 |    19/   44 batches | lr_step  1190 | lr  0.000294 |acc  80.625%| ms/batch 230.78 | loss 0.1639247 
| epoch  26 |    29/   44 batches | lr_step  1200 | lr  0.000296 |acc  81.445%| ms/batch 211.93 | loss 0.1627308 
| epoch  26 |    39/   44 batches | lr_step  1210 | lr  0.000299 |acc  81.816%| ms/batch 215.92 | loss 0.1579186 
Pred: tensor([12, 13, 14, 15, 16,  0,  0,  0]) and tensor([ 6,  7, 11,  8,  9, 10,  0,  0]), tensor([ 6,  7, 11,  8,  9, 10,  0,  0])
Tar: tensor([[12, 13, 14, 15, 16,  0,  0,  0],
        [ 6,  7, 11,  8,  9, 10,  0,  0],
        [ 6,  7, 11,  8,  9, 10,  0,  0]])
-----------------------------------------------------------------------------------------
| end of epoch  26 | time: 22.05s | valid acc 78.282%| Best Model from Epoch 23 with 78.625%
-----------------------------------------------------------------------------------------
| epoch  27 |     9/   44 batches | lr_step  1225 | lr  0.000303 |acc  81.973%| ms/batch 217.22 | loss 0.1581614 
| epoch  27 |    19/   44 batches | lr_step  1235 | lr  0.000305 |acc  81.445%| ms/batch 217.02 | loss 0.1579821 
| epoch  27 |    29/   44 batches | lr_step  1245 | lr  0.000308 |acc  82.422%| ms/batch 209.74 | loss 0.1528553 
| epoch  27 |    39/   44 batches | lr_step  1255 | lr  0.000310 |acc  82.676%| ms/batch 211.29 | loss 0.1544191 
Pred: tensor([12, 13, 14, 15, 16,  0,  0]) and tensor([12, 13, 14, 15, 16,  0,  0]), tensor([ 8, 11,  9, 10,  0,  0,  0])
Tar: tensor([[12, 13, 14, 15, 16,  0,  0],
        [12, 13, 14, 15, 16,  0,  0],
        [ 8, 11, 10,  9,  0,  0,  0]])
-----------------------------------------------------------------------------------------
| end of epoch  27 | time: 21.43s | valid acc 78.302%| Best Model from Epoch 23 with 78.625%
-----------------------------------------------------------------------------------------
| epoch  28 |     9/   44 batches | lr_step  1270 | lr  0.000314 |acc  82.598%| ms/batch 212.53 | loss 0.1488209 
| epoch  28 |    19/   44 batches | lr_step  1280 | lr  0.000316 |acc  82.285%| ms/batch 212.53 | loss 0.1593174 
| epoch  28 |    29/   44 batches | lr_step  1290 | lr  0.000319 |acc  82.773%| ms/batch 201.66 | loss 0.1552436 
| epoch  28 |    39/   44 batches | lr_step  1300 | lr  0.000321 |acc  83.770%| ms/batch 213.83 | loss 0.1463460 
Pred: tensor([ 6, 10, 11,  8,  9,  7,  0]) and tensor([ 6,  7, 11,  8,  9, 10,  0]), tensor([12, 13, 14, 15, 16,  0,  0])
Tar: tensor([[ 6, 10, 11,  8,  9,  7,  0],
        [ 6,  8, 11,  7,  9, 10,  0],
        [12, 13, 14, 15, 16,  0,  0]])
-----------------------------------------------------------------------------------------
| end of epoch  28 | time: 21.05s | valid acc 78.049%| Best Model from Epoch 23 with 78.625%
-----------------------------------------------------------------------------------------
| epoch  29 |     9/   44 batches | lr_step  1315 | lr  0.000325 |acc  83.477%| ms/batch 204.16 | loss 0.1517448 
| epoch  29 |    19/   44 batches | lr_step  1325 | lr  0.000327 |acc  83.672%| ms/batch 205.15 | loss 0.1492875 
| epoch  29 |    29/   44 batches | lr_step  1335 | lr  0.000330 |acc  82.559%| ms/batch 202.66 | loss 0.1515594 
| epoch  29 |    39/   44 batches | lr_step  1345 | lr  0.000332 |acc  83.496%| ms/batch 209.84 | loss 0.1523814 
Pred: tensor([ 6,  7, 11,  8,  9, 10,  0,  0,  0]) and tensor([12, 13, 14, 15, 16,  0,  0,  0,  0]), tensor([ 6,  7, 11,  8,  9, 10,  0,  0,  0])
Tar: tensor([[ 6,  7, 11,  8,  9, 10,  0,  0,  0],
        [12, 13, 14, 15, 16,  0,  0,  0,  0],
        [ 7,  6, 11,  8,  9, 10,  0,  0,  0]])
-----------------------------------------------------------------------------------------
| end of epoch  29 | time: 21.47s | valid acc 77.908%| Best Model from Epoch 23 with 78.625%
-----------------------------------------------------------------------------------------
| epoch  30 |     9/   44 batches | lr_step  1360 | lr  0.000336 |acc  83.691%| ms/batch 211.43 | loss 0.1487859 
| epoch  30 |    19/   44 batches | lr_step  1370 | lr  0.000338 |acc  83.809%| ms/batch 205.45 | loss 0.1489498 
| epoch  30 |    29/   44 batches | lr_step  1380 | lr  0.000341 |acc  84.395%| ms/batch 231.43 | loss 0.1373257 
| epoch  30 |    39/   44 batches | lr_step  1390 | lr  0.000343 |acc  83.477%| ms/batch 224.10 | loss 0.1532054 
Pred: tensor([12, 13, 14, 15, 16, 12,  0,  0]) and tensor([ 7,  6, 11,  8,  9, 10,  0,  0]), tensor([12, 13, 14, 15, 16,  0,  0,  0])
Tar: tensor([[12, 13, 14, 15, 16, 12,  0,  0],
        [ 7,  6, 11,  8,  9, 10,  0,  0],
        [12, 13, 14, 15, 16,  0,  0,  0]])
-----------------------------------------------------------------------------------------
| end of epoch  30 | time: 22.14s | valid acc 78.181%| Best Model from Epoch 23 with 78.625%
-----------------------------------------------------------------------------------------
| epoch  31 |     9/   44 batches | lr_step  1405 | lr  0.000347 |acc  84.355%| ms/batch 218.81 | loss 0.1421770 
| epoch  31 |    19/   44 batches | lr_step  1415 | lr  0.000350 |acc  83.672%| ms/batch 208.94 | loss 0.1483045 
| epoch  31 |    29/   44 batches | lr_step  1425 | lr  0.000352 |acc  83.750%| ms/batch 210.64 | loss 0.1466025 
| epoch  31 |    39/   44 batches | lr_step  1435 | lr  0.000355 |acc  85.332%| ms/batch 201.26 | loss 0.1401779 
Pred: tensor([ 6,  7, 11,  8,  9, 10,  0]) and tensor([12, 13, 14, 15, 16,  0,  0]), tensor([12, 16, 14, 15, 13,  0,  0])
Tar: tensor([[ 6,  7, 11,  8,  9, 10,  0],
        [12, 13, 14, 15, 16,  0,  0],
        [12, 16, 14, 15, 13,  0,  0]])
-----------------------------------------------------------------------------------------
| end of epoch  31 | time: 20.63s | valid acc 78.049%| Best Model from Epoch 23 with 78.625%
-----------------------------------------------------------------------------------------
| epoch  32 |     9/   44 batches | lr_step  1450 | lr  0.000358 |acc  84.375%| ms/batch 209.44 | loss 0.1443816 
| epoch  32 |    19/   44 batches | lr_step  1460 | lr  0.000361 |acc  83.672%| ms/batch 207.35 | loss 0.1491841 
| epoch  32 |    29/   44 batches | lr_step  1470 | lr  0.000363 |acc  84.902%| ms/batch 214.13 | loss 0.1405978 
| epoch  32 |    39/   44 batches | lr_step  1480 | lr  0.000366 |acc  84.727%| ms/batch 204.65 | loss 0.1401116 
Pred: tensor([ 7,  8, 10,  6,  6,  0,  0]) and tensor([12, 13, 14, 15, 16, 13,  0]), tensor([12, 13, 14, 15, 16,  0,  0])
Tar: tensor([[ 7,  8, 10,  6,  6,  0,  0],
        [12, 13, 14, 15, 16, 13,  0],
        [12, 13, 14, 15, 16,  0,  0]])
-----------------------------------------------------------------------------------------
| end of epoch  32 | time: 20.58s | valid acc 78.524%| Best Model from Epoch 23 with 78.625%
-----------------------------------------------------------------------------------------
| epoch  33 |     9/   44 batches | lr_step  1495 | lr  0.000369 |acc  85.312%| ms/batch 222.50 | loss 0.1385542 
| epoch  33 |    19/   44 batches | lr_step  1505 | lr  0.000372 |acc  83.789%| ms/batch 206.35 | loss 0.1455296 
| epoch  33 |    29/   44 batches | lr_step  1515 | lr  0.000374 |acc  85.078%| ms/batch 220.71 | loss 0.1401995 
| epoch  33 |    39/   44 batches | lr_step  1525 | lr  0.000377 |acc  84.316%| ms/batch 205.95 | loss 0.1413519 
Pred: tensor([ 6,  7, 11,  8,  9, 10]) and tensor([12, 13, 14, 15, 16,  0]), tensor([13, 16, 14, 16,  0,  0])
Tar: tensor([[ 6,  7, 11,  8,  9, 10],
        [12, 13, 14, 15, 16,  0],
        [16, 13, 14, 16,  0,  0]])
-----------------------------------------------------------------------------------------
| end of epoch  33 | time: 20.85s | valid acc 78.019%| Best Model from Epoch 23 with 78.625%
-----------------------------------------------------------------------------------------
| epoch  34 |     9/   44 batches | lr_step  1540 | lr  0.000380 |acc  85.078%| ms/batch 212.33 | loss 0.1384737 
| epoch  34 |    19/   44 batches | lr_step  1550 | lr  0.000383 |acc  85.742%| ms/batch 205.15 | loss 0.1392283 
| epoch  34 |    29/   44 batches | lr_step  1560 | lr  0.000385 |acc  84.570%| ms/batch 213.73 | loss 0.1407789 
| epoch  34 |    39/   44 batches | lr_step  1570 | lr  0.000388 |acc  84.844%| ms/batch 205.05 | loss 0.1396330 
Pred: tensor([ 6,  7, 11,  8,  9, 10,  0,  0]) and tensor([ 6,  7, 11,  8,  9,  0,  0,  0]), tensor([ 6,  7, 10,  8, 11,  0,  0,  0])
Tar: tensor([[ 6,  7, 11,  8,  9, 10,  0,  0],
        [ 6,  7, 11,  8,  9,  0,  0,  0],
        [ 6,  7, 10, 11,  8,  0,  0,  0]])
-----------------------------------------------------------------------------------------
| end of epoch  34 | time: 20.72s | valid acc 78.292%| Best Model from Epoch 23 with 78.625%
-----------------------------------------------------------------------------------------
| epoch  35 |     9/   44 batches | lr_step  1585 | lr  0.000392 |acc  85.430%| ms/batch 215.67 | loss 0.1316936 
| epoch  35 |    19/   44 batches | lr_step  1595 | lr  0.000394 |acc  85.410%| ms/batch 212.54 | loss 0.1372871 
| epoch  35 |    29/   44 batches | lr_step  1605 | lr  0.000397 |acc  85.352%| ms/batch 208.70 | loss 0.1368435 
| epoch  35 |    39/   44 batches | lr_step  1615 | lr  0.000399 |acc  84.180%| ms/batch 211.14 | loss 0.1454704 
Pred: tensor([ 7, 10,  8,  9,  6,  0,  0]) and tensor([12, 13, 14, 15, 16,  0,  0]), tensor([12, 13, 14, 15, 16,  0,  0])
Tar: tensor([[ 7, 10,  8,  6,  9,  0,  0],
        [12, 13, 14, 15, 16,  0,  0],
        [12, 13, 14, 15, 16,  0,  0]])
-----------------------------------------------------------------------------------------
| end of epoch  35 | time: 21.30s | valid acc 78.473%| Best Model from Epoch 23 with 78.625%
-----------------------------------------------------------------------------------------
| epoch  36 |     9/   44 batches | lr_step  1630 | lr  0.000403 |acc  85.840%| ms/batch 208.98 | loss 0.1388983 
| epoch  36 |    19/   44 batches | lr_step  1640 | lr  0.000405 |acc  84.531%| ms/batch 232.08 | loss 0.1435787 
| epoch  36 |    29/   44 batches | lr_step  1650 | lr  0.000408 |acc  85.410%| ms/batch 232.68 | loss 0.1291392 
| epoch  36 |    39/   44 batches | lr_step  1660 | lr  0.000410 |acc  84.727%| ms/batch 213.11 | loss 0.1397006 
Pred: tensor([12, 13, 14, 15, 16,  0,  0]) and tensor([ 7,  6, 11,  8,  9, 10,  0]), tensor([ 9,  7, 11,  8,  6, 10,  7])
Tar: tensor([[12, 13, 14, 15, 16,  0,  0],
        [ 7,  6, 11,  8,  9, 10,  0],
        [ 9,  7, 11,  8,  6, 10,  7]])
-----------------------------------------------------------------------------------------
| end of epoch  36 | time: 21.56s | valid acc 77.898%| Best Model from Epoch 23 with 78.625%
-----------------------------------------------------------------------------------------
| epoch  37 |     9/   44 batches | lr_step  1675 | lr  0.000414 |acc  86.016%| ms/batch 214.83 | loss 0.1331162 
| epoch  37 |    19/   44 batches | lr_step  1685 | lr  0.000416 |acc  85.254%| ms/batch 211.73 | loss 0.1336073 
| epoch  37 |    29/   44 batches | lr_step  1695 | lr  0.000419 |acc  84.238%| ms/batch 205.05 | loss 0.1405395 
| epoch  37 |    39/   44 batches | lr_step  1705 | lr  0.000421 |acc  85.820%| ms/batch 221.91 | loss 0.1298276 
Pred: tensor([12, 13, 14, 15, 16,  0,  0,  0,  0]) and tensor([ 7,  6, 11,  8,  9, 10,  0,  0,  0]), tensor([ 6,  7, 11,  8,  9, 10,  0,  0,  0])
Tar: tensor([[12, 13, 14, 15, 16,  0,  0,  0,  0],
        [ 7,  6, 11,  8,  9, 10,  0,  0,  0],
        [ 6,  7, 11,  8,  9, 10,  0,  0,  0]])
-----------------------------------------------------------------------------------------
| end of epoch  37 | time: 20.53s | valid acc 78.080%| Best Model from Epoch 23 with 78.625%
-----------------------------------------------------------------------------------------
| epoch  38 |     9/   44 batches | lr_step  1720 | lr  0.000425 |acc  85.938%| ms/batch 209.94 | loss 0.1317045 
| epoch  38 |    19/   44 batches | lr_step  1730 | lr  0.000427 |acc  87.070%| ms/batch 202.40 | loss 0.1255922 
| epoch  38 |    29/   44 batches | lr_step  1740 | lr  0.000430 |acc  85.156%| ms/batch 202.76 | loss 0.1359111 
| epoch  38 |    39/   44 batches | lr_step  1750 | lr  0.000432 |acc  85.098%| ms/batch 207.75 | loss 0.1385440 
Pred: tensor([ 6,  7, 11,  8,  9, 10,  0]) and tensor([ 6,  7, 11,  8,  9,  0,  0]), tensor([ 6,  7, 11,  8,  9, 10,  0])
Tar: tensor([[ 6,  7, 11,  8,  9, 10,  0],
        [ 6,  7, 11,  8,  9,  0,  0],
        [ 7,  6, 11,  8,  9, 10,  0]])
-----------------------------------------------------------------------------------------
| end of epoch  38 | time: 20.13s | valid acc 78.403%| Best Model from Epoch 23 with 78.625%
-----------------------------------------------------------------------------------------
| epoch  39 |     9/   44 batches | lr_step  1765 | lr  0.000436 |acc  86.543%| ms/batch 206.06 | loss 0.1293751 
| epoch  39 |    19/   44 batches | lr_step  1775 | lr  0.000439 |acc  85.020%| ms/batch 194.48 | loss 0.1402895 
| epoch  39 |    29/   44 batches | lr_step  1785 | lr  0.000441 |acc  86.309%| ms/batch 208.44 | loss 0.1275138 
| epoch  39 |    39/   44 batches | lr_step  1795 | lr  0.000443 |acc  85.742%| ms/batch 211.15 | loss 0.1313830 
Pred: tensor([ 6,  7, 11,  8,  9, 10,  0]) and tensor([ 7,  6, 10, 11,  8,  9,  0]), tensor([10,  7, 11,  8,  9,  6,  7])
Tar: tensor([[ 6,  7,  9, 11,  8, 10,  0],
        [10,  6,  7, 11,  8,  9,  0],
        [10,  7, 11,  7,  8,  9,  6]])
-----------------------------------------------------------------------------------------
| end of epoch  39 | time: 20.96s | valid acc 78.574%| Best Model from Epoch 23 with 78.625%
-----------------------------------------------------------------------------------------
| epoch  40 |     9/   44 batches | lr_step  1810 | lr  0.000447 |acc  85.664%| ms/batch 200.56 | loss 0.1331135 
| epoch  40 |    19/   44 batches | lr_step  1820 | lr  0.000450 |acc  86.113%| ms/batch 200.56 | loss 0.1326508 
| epoch  40 |    29/   44 batches | lr_step  1830 | lr  0.000452 |acc  85.293%| ms/batch 199.07 | loss 0.1311949 
| epoch  40 |    39/   44 batches | lr_step  1840 | lr  0.000455 |acc  85.273%| ms/batch 201.76 | loss 0.1361826 
Pred: tensor([ 6,  7, 11,  8,  9, 10,  0]) and tensor([ 7,  6, 11,  8,  9, 10,  0]), tensor([12, 13, 14, 15, 16,  0,  0])
Tar: tensor([[ 6,  7, 11,  8,  9, 10,  0],
        [ 7,  6, 11,  8,  9, 10,  0],
        [12, 13, 14, 15, 16,  0,  0]])
-----------------------------------------------------------------------------------------
| end of epoch  40 | time: 19.65s | valid acc 77.686%| Best Model from Epoch 23 with 78.625%
-----------------------------------------------------------------------------------------
| epoch  41 |     9/   44 batches | lr_step  1855 | lr  0.000458 |acc  85.625%| ms/batch 203.16 | loss 0.1299350 
| epoch  41 |    19/   44 batches | lr_step  1865 | lr  0.000461 |acc  85.586%| ms/batch 201.06 | loss 0.1304581 
| epoch  41 |    29/   44 batches | lr_step  1875 | lr  0.000463 |acc  86.191%| ms/batch 197.77 | loss 0.1261301 
| epoch  41 |    39/   44 batches | lr_step  1885 | lr  0.000466 |acc  85.703%| ms/batch 198.27 | loss 0.1357694 
Pred: tensor([ 6,  7,  9, 11,  8,  7,  9, 10,  7]) and tensor([10,  7, 11,  8,  9,  6,  0,  0,  0]), tensor([12, 13, 14, 15, 16,  0,  0,  0,  0])
Tar: tensor([[ 6,  7,  9, 11,  8,  7,  9, 10,  7],
        [10,  7, 11,  8,  9,  6,  0,  0,  0],
        [12, 13, 14, 15, 16,  0,  0,  0,  0]])
-----------------------------------------------------------------------------------------
| end of epoch  41 | time: 19.82s | valid acc 77.555%| Best Model from Epoch 23 with 78.625%
-----------------------------------------------------------------------------------------
| epoch  42 |     9/   44 batches | lr_step  1900 | lr  0.000469 |acc  85.391%| ms/batch 205.37 | loss 0.1366736 
| epoch  42 |    19/   44 batches | lr_step  1910 | lr  0.000472 |acc  86.113%| ms/batch 209.14 | loss 0.1284611 
| epoch  42 |    29/   44 batches | lr_step  1920 | lr  0.000474 |acc  86.074%| ms/batch 210.34 | loss 0.1254856 
| epoch  42 |    39/   44 batches | lr_step  1930 | lr  0.000477 |acc  86.758%| ms/batch 208.07 | loss 0.1258259 
Pred: tensor([ 6,  7, 11,  8,  9, 10,  0,  0,  0,  0]) and tensor([12, 13, 15, 16,  0,  0,  0,  0,  0,  0]), tensor([12, 13, 14, 15, 16, 13,  0,  0,  0,  0])
Tar: tensor([[ 6,  7, 11,  8,  9, 10,  0,  0,  0,  0],
        [12, 15, 13, 16,  0,  0,  0,  0,  0,  0],
        [12, 13, 14, 15, 13, 16,  0,  0,  0,  0]])
-----------------------------------------------------------------------------------------
| end of epoch  42 | time: 20.64s | valid acc 77.787%| Best Model from Epoch 23 with 78.625%
-----------------------------------------------------------------------------------------
| epoch  43 |     9/   44 batches | lr_step  1945 | lr  0.000481 |acc  85.742%| ms/batch 214.03 | loss 0.1316353 
| epoch  43 |    19/   44 batches | lr_step  1955 | lr  0.000483 |acc  85.957%| ms/batch 211.53 | loss 0.1311745 
| epoch  43 |    29/   44 batches | lr_step  1965 | lr  0.000485 |acc  85.938%| ms/batch 206.85 | loss 0.1320204 
| epoch  43 |    39/   44 batches | lr_step  1975 | lr  0.000488 |acc  86.406%| ms/batch 221.51 | loss 0.1239227 
Pred: tensor([ 6,  7, 11,  8,  9, 10,  0]) and tensor([12, 13, 14, 15, 16,  0,  0]), tensor([ 6,  7, 11,  8,  9, 10,  0])
Tar: tensor([[ 6,  7, 11,  8,  9, 10,  0],
        [12, 13, 14, 15, 16,  0,  0],
        [ 6,  7, 11,  8,  9, 10,  0]])
-----------------------------------------------------------------------------------------
| end of epoch  43 | time: 21.56s | valid acc 78.241%| Best Model from Epoch 23 with 78.625%
-----------------------------------------------------------------------------------------
| epoch  44 |     9/   44 batches | lr_step  1990 | lr  0.000492 |acc  86.113%| ms/batch 220.60 | loss 0.1306504 
| epoch  44 |    19/   44 batches | lr_step  2000 | lr  0.000494 |acc  85.938%| ms/batch 211.23 | loss 0.1303964 
| epoch  44 |    29/   44 batches | lr_step  2010 | lr  0.000497 |acc  86.348%| ms/batch 203.06 | loss 0.1304552 
| epoch  44 |    39/   44 batches | lr_step  2020 | lr  0.000499 |acc  86.426%| ms/batch 226.51 | loss 0.1236200 
Pred: tensor([10,  7,  6, 11,  8,  9,  0]) and tensor([12, 13, 14, 15, 16,  0,  0]), tensor([ 6,  7, 11,  8,  9, 10,  0])
Tar: tensor([[10,  6,  7, 11,  8,  9,  0],
        [12, 13, 14, 15, 16,  0,  0],
        [ 6,  7, 11,  8,  9, 10,  0]])
-----------------------------------------------------------------------------------------
| end of epoch  44 | time: 21.38s | valid acc 78.504%| Best Model from Epoch 23 with 78.625%
-----------------------------------------------------------------------------------------
| epoch  45 |     9/   44 batches | lr_step  2035 | lr  0.000503 |acc  85.664%| ms/batch 206.65 | loss 0.1334633 
| epoch  45 |    19/   44 batches | lr_step  2045 | lr  0.000505 |acc  86.328%| ms/batch 206.35 | loss 0.1247148 
| epoch  45 |    29/   44 batches | lr_step  2055 | lr  0.000508 |acc  85.879%| ms/batch 198.47 | loss 0.1325732 
| epoch  45 |    39/   44 batches | lr_step  2065 | lr  0.000510 |acc  86.895%| ms/batch 203.36 | loss 0.1208550 
Pred: tensor([12, 13, 14, 15, 16,  0,  0]) and tensor([11,  6,  7,  8,  6, 10,  0]), tensor([ 6,  7, 11,  8,  7, 10,  9])
Tar: tensor([[12, 13, 14, 15, 16,  0,  0],
        [11,  6,  7,  8,  6, 10,  0],
        [ 7,  6, 11,  7,  8,  9, 10]])
-----------------------------------------------------------------------------------------
| end of epoch  45 | time: 19.82s | valid acc 78.665%| Best Model from Epoch 23 with 78.625%
-----------------------------------------------------------------------------------------
-----------------------------------------------------------------------------------------
-----------------------------------------------------------------------------------------
| end of epoch  45 | time: 19.82s | valid acc 78.665%| 
-----------------------------------------------------------------------------------------
-----------------------------------------------------------------------------------------
| epoch  46 |     9/   44 batches | lr_step  2080 | lr  0.000514 |acc  86.250%| ms/batch 199.17 | loss 0.1254697 
| epoch  46 |    19/   44 batches | lr_step  2090 | lr  0.000516 |acc  86.621%| ms/batch 197.27 | loss 0.1285856 
| epoch  46 |    29/   44 batches | lr_step  2100 | lr  0.000519 |acc  85.801%| ms/batch 199.47 | loss 0.1312140 
| epoch  46 |    39/   44 batches | lr_step  2110 | lr  0.000521 |acc  86.074%| ms/batch 218.42 | loss 0.1281765 
Pred: tensor([ 6,  7, 11,  8,  9, 10,  0]) and tensor([12, 13, 14, 15, 16,  0,  0]), tensor([16, 15, 12, 14,  0,  0,  0])
Tar: tensor([[ 7,  6, 11,  8,  9, 10,  0],
        [12, 13, 14, 15, 16,  0,  0],
        [16, 15, 12, 14,  0,  0,  0]])
-----------------------------------------------------------------------------------------
| end of epoch  46 | time: 21.35s | valid acc 78.796%| Best Model from Epoch 45 with 78.665%
-----------------------------------------------------------------------------------------
-----------------------------------------------------------------------------------------
-----------------------------------------------------------------------------------------
| end of epoch  46 | time: 21.35s | valid acc 78.796%| 
-----------------------------------------------------------------------------------------
-----------------------------------------------------------------------------------------
| epoch  47 |     9/   44 batches | lr_step  2125 | lr  0.000525 |acc  86.895%| ms/batch 239.26 | loss 0.1244357 
| epoch  47 |    19/   44 batches | lr_step  2135 | lr  0.000527 |acc  85.820%| ms/batch 224.80 | loss 0.1278388 
| epoch  47 |    29/   44 batches | lr_step  2145 | lr  0.000530 |acc  85.586%| ms/batch 221.81 | loss 0.1281002 
| epoch  47 |    39/   44 batches | lr_step  2155 | lr  0.000532 |acc  86.230%| ms/batch 213.32 | loss 0.1295023 
Pred: tensor([12, 13, 14, 15, 16,  0,  0,  0]) and tensor([16, 13, 15, 15, 14,  0,  0,  0]), tensor([ 6,  7, 11, 10,  8,  9,  0,  0])
Tar: tensor([[12, 13, 14, 15, 16,  0,  0,  0],
        [16, 13, 15, 15, 14,  0,  0,  0],
        [ 7,  6, 10, 11,  8,  9,  0,  0]])
-----------------------------------------------------------------------------------------
| end of epoch  47 | time: 21.53s | valid acc 77.898%| Best Model from Epoch 46 with 78.796%
-----------------------------------------------------------------------------------------
| epoch  48 |     9/   44 batches | lr_step  2170 | lr  0.000536 |acc  85.840%| ms/batch 202.76 | loss 0.1270057 
| epoch  48 |    19/   44 batches | lr_step  2180 | lr  0.000539 |acc  87.109%| ms/batch 203.86 | loss 0.1179522 
| epoch  48 |    29/   44 batches | lr_step  2190 | lr  0.000541 |acc  86.387%| ms/batch 202.56 | loss 0.1261390 
| epoch  48 |    39/   44 batches | lr_step  2200 | lr  0.000544 |acc  85.469%| ms/batch 204.15 | loss 0.1302600 
Pred: tensor([ 9, 11,  8,  7, 10, 11,  0]) and tensor([ 9,  7, 11,  6, 10,  0,  0]), tensor([ 6,  7, 11,  8,  9, 10,  0])
Tar: tensor([[ 9, 11,  8,  7, 10, 11,  0],
        [ 9,  7, 11,  6, 10,  0,  0],
        [ 6,  7, 11,  8,  9, 10,  0]])
-----------------------------------------------------------------------------------------
| end of epoch  48 | time: 20.53s | valid acc 78.776%| Best Model from Epoch 46 with 78.796%
-----------------------------------------------------------------------------------------
| epoch  49 |     9/   44 batches | lr_step  2215 | lr  0.000547 |acc  86.328%| ms/batch 208.94 | loss 0.1231861 
| epoch  49 |    19/   44 batches | lr_step  2225 | lr  0.000550 |acc  86.328%| ms/batch 205.75 | loss 0.1236680 
| epoch  49 |    29/   44 batches | lr_step  2235 | lr  0.000552 |acc  87.422%| ms/batch 207.15 | loss 0.1196507 
| epoch  49 |    39/   44 batches | lr_step  2245 | lr  0.000555 |acc  86.250%| ms/batch 201.66 | loss 0.1277532 
Pred: tensor([13, 14, 15, 12, 12, 16,  0]) and tensor([ 7,  6, 11,  9, 10,  0,  0]), tensor([12, 13, 14, 15, 16,  0,  0])
Tar: tensor([[13, 14, 15, 12, 12, 16,  0],
        [ 7,  6, 11,  9, 10,  0,  0],
        [12, 13, 14, 15, 16,  0,  0]])
-----------------------------------------------------------------------------------------
| end of epoch  49 | time: 20.46s | valid acc 78.312%| Best Model from Epoch 46 with 78.796%
-----------------------------------------------------------------------------------------
| epoch  50 |     9/   44 batches | lr_step  2260 | lr  0.000558 |acc  84.980%| ms/batch 203.66 | loss 0.1312775 
| epoch  50 |    19/   44 batches | lr_step  2270 | lr  0.000561 |acc  86.348%| ms/batch 211.53 | loss 0.1239145 
| epoch  50 |    29/   44 batches | lr_step  2280 | lr  0.000563 |acc  86.035%| ms/batch 200.86 | loss 0.1251878 
| epoch  50 |    39/   44 batches | lr_step  2290 | lr  0.000566 |acc  87.480%| ms/batch 201.76 | loss 0.1186974 
Pred: tensor([ 6,  7, 11,  8,  9, 10,  0,  0]) and tensor([12, 13, 14, 15, 16,  0,  0,  0]), tensor([12, 13, 14, 15, 16,  0,  0,  0])
Tar: tensor([[ 7,  6, 11,  8,  9, 10,  0,  0],
        [12, 13, 14, 15, 16,  0,  0,  0],
        [12, 13, 14, 15, 16,  0,  0,  0]])
-----------------------------------------------------------------------------------------
| end of epoch  50 | time: 20.14s | valid acc 78.908%| Best Model from Epoch 46 with 78.796%
-----------------------------------------------------------------------------------------
-----------------------------------------------------------------------------------------
-----------------------------------------------------------------------------------------
| end of epoch  50 | time: 20.14s | valid acc 78.908%| 
-----------------------------------------------------------------------------------------
-----------------------------------------------------------------------------------------
Pred: tensor([ 6,  7, 11,  8,  9, 10,  0,  0,  0]) and tensor([12, 13, 14, 15, 16, 12,  0,  0,  0]), tensor([12, 13, 15, 16,  0,  0,  0,  0,  0])
Tar: tensor([[ 6,  7, 11,  8,  9, 10,  0,  0,  0],
        [12, 13, 14, 15, 16, 12,  0,  0,  0],
        [12, 13, 15, 16,  0,  0,  0,  0,  0]])
=========================================================================================
| End of training | test loss 69.00 | test acc 79.16% | Best Model from Epoch 50
=========================================================================================
