
12636
12364
12364
0 ['a2', 'd3', 'b15', 'e14'] (['b15', 'a2', 'd3', 'e14'], 0.0007913896802785691) ['a2', 'd3', 'b15', 'e14']
250 ['a18', 'b31', 'd19', 'g20', 'f26'] (['b31', 'a18', 'd19', 'g20', 'f26'], 0.03513770180436847) ['a18', 'b31', 'd19', 'g20', 'f26']
500 ['a18', 'b31', 'g20', 'd19', 'a18'] (['a18', 'd19', 'b31', 'g20', 'a18'], 0.0005539727761949984) ['a18', 'b31', 'g20', 'd19', 'a18']
750 ['a2', 'd3', 'b15', 'g4', 'e14', 'c10'] (['a2', 'b15', 'd3', 'g4', 'e14', 'c10'], 0.01258309591642925) ['a2', 'd3', 'b15', 'g4', 'e14', 'c10']
1000 ['b15', 'a2', 'd3', 'g4', 'c10', 'e14'] (['b15', 'a2', 'd3', 'g4', 'c10', 'e14'], 0.030626780626780627) ['b15', 'a2', 'd3', 'g4', 'c10', 'e14']
1250 ['b15', 'a2', 'd3', 'g4', 'e14', 'c10'] (['b15', 'a2', 'd3', 'g4', 'e14', 'c10'], 0.0303102247546692) ['b15', 'a2', 'd3', 'g4', 'e14', 'c10']
1500 ['b15', 'c10', 'd3', 'g4', 'e14', 'a2', 'g4'] (['c10', 'd3', 'b15', 'g4', 'a2', 'e14', 'g4'], 7.913896802785692e-05) ['b15', 'c10', 'd3', 'g4', 'e14', 'a2', 'g4']
1750 ['a2', 'b15', 'g4', 'c10'] (['b15', 'a2', 'g4', 'c10'], 0.0011079455523899967) ['a2', 'b15', 'g4', 'c10']
2000 ['b15', 'd3', 'g4', 'a2', 'c10', 'e14'] (['b15', 'd3', 'g4', 'a2', 'e14', 'c10'], 0.0008705286483064261) ['b15', 'd3', 'g4', 'a2', 'c10', 'e14']
2250 ['b15', 'a2', 'd3', 'g4', 'c10', 'e14'] (['b15', 'a2', 'd3', 'g4', 'c10', 'e14'], 0.030626780626780627) ['b15', 'a2', 'd3', 'g4', 'c10', 'e14']
2500 ['b31', 'a18', 'd19', 'g20', 'f26', 'e30'] (['b31', 'a18', 'd19', 'g20', 'f26', 'e30'], 0.030943336498892055) ['b31', 'a18', 'd19', 'g20', 'f26', 'e30']
2750 ['b15', 'a2', 'd3', 'g4', 'e14'] (['b15', 'a2', 'd3', 'g4', 'e14'], 0.0365622032288699) ['b15', 'a2', 'd3', 'g4', 'e14']
3000 ['a18', 'd19', 'g20', 'f26', 'b31', 'e30'] (['a18', 'd19', 'b31', 'g20', 'f26', 'e30'], 0.009575815131370687) ['a18', 'd19', 'g20', 'f26', 'b31', 'e30']
3250 ['a18', 'd19', 'g20', 'e30', 'b31'] (['a18', 'd19', 'g20', 'e30', 'b31'], 0.004273504273504274) ['a18', 'd19', 'g20', 'e30', 'b31']
3500 ['a2', 'd3', 'b15', 'g4', 'e14', 'c10'] (['b15', 'a2', 'd3', 'g4', 'c10', 'e14'], 0.030626780626780627) ['a2', 'd3', 'b15', 'g4', 'e14', 'c10']
3750 ['a18', 'b31', 'd19', 'g20', 'e30'] (['b31', 'a18', 'd19', 'g20', 'e30'], 0.03632478632478633) ['a18', 'b31', 'd19', 'g20', 'e30']
4000 ['a18', 'd19', 'b31', 'g20', 'f26', 'e30'] (['b31', 'a18', 'd19', 'g20', 'f26', 'e30'], 0.030943336498892055) ['a18', 'd19', 'b31', 'g20', 'f26', 'e30']
4250 ['b31', 'a18', 'd19', 'g20', 'f26', 'e30'] (['b31', 'a18', 'd19', 'g20', 'f26', 'e30'], 0.030943336498892055) ['b31', 'a18', 'd19', 'g20', 'f26', 'e30']
4500 ['b31', 'a18', 'd19', 'g20', 'f26', 'e30'] (['b31', 'a18', 'd19', 'g20', 'f26', 'e30'], 0.030943336498892055) ['b31', 'a18', 'd19', 'g20', 'f26', 'e30']
4750 ['b31', 'a18', 'd19', 'g20', 'f26'] (['b31', 'a18', 'd19', 'g20', 'f26'], 0.03513770180436847) ['b31', 'a18', 'd19', 'g20', 'f26']
5000 ['b15', 'a2', 'd3', 'g4', 'e14'] (['b15', 'a2', 'd3', 'g4', 'e14'], 0.0365622032288699) ['b15', 'a2', 'd3', 'g4', 'e14']
5250 ['b15', 'a2', 'd3', 'g4'] (['b15', 'a2', 'd3', 'g4'], 0.019230769230769232) ['b15', 'a2', 'd3', 'g4']
5500 ['a18', 'b31', 'd19', 'g20', 'f26'] (['a18', 'b31', 'd19', 'g20', 'f26'], 0.01954732510288066) ['a18', 'b31', 'd19', 'g20', 'f26']
5750 ['a18', 'b31', 'd19', 'g20', 'e30'] (['a18', 'b31', 'd19', 'g20', 'e30'], 0.017014878125989237) ['a18', 'b31', 'd19', 'g20', 'e30']
6000 ['a18', 'b31', 'd19', 'g20', 'f26'] (['b31', 'a18', 'd19', 'g20', 'f26'], 0.03513770180436847) ['a18', 'b31', 'd19', 'g20', 'f26']
6250 ['a2', 'd3', 'g4', 'b15', 'e14'] (['a2', 'd3', 'b15', 'g4', 'e14'], 0.009813232035454257) ['a2', 'd3', 'g4', 'b15', 'e14']
6500 ['a2', 'd3', 'b15', 'g4', 'c10'] (['a2', 'd3', 'b15', 'g4', 'c10'], 0.009417537195314973) ['a2', 'd3', 'b15', 'g4', 'c10']
6750 ['a2', 'd3', 'b15', 'g4', 'g4', 'a2'] (['a2', 'd3', 'b15', 'g4', 'a2', 'g4'], 0) ['a2', 'd3', 'b15', 'g4', 'g4', 'a2']
7000 ['b15', 'a2', 'd3', 'g4', 'c10', 'e14', 'a2'] (['b15', 'a2', 'd3', 'g4', 'c10', 'e14', 'a2'], 0.0007122507122507123) ['b15', 'a2', 'd3', 'g4', 'c10', 'e14', 'a2']
7250 ['b31', 'd19', 'g20', 'e30'] (['b31', 'd19', 'g20', 'e30'], 0.0011870845204178537) ['b31', 'd19', 'g20', 'e30']
7500 ['b31', 'g20', 'd19', 'e30', 'a18', 'a18'] (['b31', 'a18', 'd19', 'g20', 'e30', 'a18'], 0.0014245014245014246) ['b31', 'g20', 'd19', 'e30', 'a18', 'a18']
7750 ['b15', 'a2', 'd3', 'g4', 'c10', 'e14'] (['b15', 'a2', 'd3', 'g4', 'c10', 'e14'], 0.030626780626780627) ['b15', 'a2', 'd3', 'g4', 'c10', 'e14']
8000 ['a2', 'b15', 'd3', 'g4', 'e14'] (['b15', 'a2', 'd3', 'g4', 'e14'], 0.0365622032288699) ['a2', 'b15', 'd3', 'g4', 'e14']
8250 ['b31', 'a18', 'd19', 'g20'] (['b31', 'a18', 'd19', 'g20'], 0.017727128838239948) ['b31', 'a18', 'd19', 'g20']
8500 ['a2', 'b15', 'd3', 'g4'] (['b15', 'a2', 'd3', 'g4'], 0.019230769230769232) ['a2', 'b15', 'd3', 'g4']
8750 ['b15', 'a2', 'd3', 'g4', 'c10', 'e14'] (['b15', 'a2', 'd3', 'g4', 'c10', 'e14'], 0.030626780626780627) ['b15', 'a2', 'd3', 'g4', 'c10', 'e14']
9000 ['a18', 'd19', 'b31', 'g20', 'f26'] (['a18', 'b31', 'd19', 'g20', 'f26'], 0.01954732510288066) ['a18', 'd19', 'b31', 'g20', 'f26']
9250 ['a18', 'd19', 'g20', 'b31', 'e30'] (['a18', 'b31', 'd19', 'g20', 'e30'], 0.017014878125989237) ['a18', 'd19', 'g20', 'b31', 'e30']
9500 ['d3', 'g4', 'c10', 'e14', 'a2'] (['d3', 'g4', 'c10', 'e14', 'a2'], 0) ['d3', 'g4', 'c10', 'e14', 'a2']
9750 ['a2', 'd3', 'g4', 'b15', 'e14', 'c10'] (['a2', 'd3', 'g4', 'b15', 'e14', 'c10'], 0.0072807850585628366) ['a2', 'd3', 'g4', 'b15', 'e14', 'c10']
10000 ['b31', 'a18', 'd19', 'g20', 'f26', 'e30'] (['b31', 'a18', 'd19', 'g20', 'f26', 'e30'], 0.030943336498892055) ['b31', 'a18', 'd19', 'g20', 'f26', 'e30']
10250 ['e30', 'b31', 'd19', 'g20', 'a18', 'e30', 'f26'] (['e30', 'd19', 'b31', 'a18', 'g20', 'e30', 'f26'], 0) ['e30', 'b31', 'd19', 'g20', 'a18', 'e30', 'f26']
10500 ['b15', 'a2', 'd3', 'g4', 'c10'] (['b15', 'a2', 'd3', 'g4', 'c10'], 0.03901551123773346) ['b15', 'a2', 'd3', 'g4', 'c10']
10750 ['d3', 'b15', 'e14'] (['d3', 'b15', 'e14'], 7.913896802785692e-05) ['d3', 'b15', 'e14']
11000 ['a2', 'd3', 'b15', 'g4'] (['a2', 'b15', 'd3', 'g4'], 0.010050648939537828) ['a2', 'd3', 'b15', 'g4']
11250 ['b15', 'a2', 'd3', 'g4', 'c10'] (['b15', 'a2', 'd3', 'g4', 'c10'], 0.03901551123773346) ['b15', 'a2', 'd3', 'g4', 'c10']
11500 ['a2', 'b15', 'd3', 'g4', 'c10', 'e14'] (['a2', 'b15', 'd3', 'g4', 'c10', 'e14'], 0.014324153213042102) ['a2', 'b15', 'd3', 'g4', 'c10', 'e14']
11750 ['a18', 'd19', 'b31', 'g20', 'f26', 'e30'] (['a18', 'd19', 'b31', 'g20', 'f26', 'e30'], 0.009575815131370687) ['a18', 'd19', 'b31', 'g20', 'f26', 'e30']
12000 ['b15', 'a2', 'g4', 'd3', 'a2', 'e14'] (['b15', 'a2', 'd3', 'g4', 'e14', 'a2'], 0.0008705286483064261) ['b15', 'a2', 'g4', 'd3', 'a2', 'e14']
12250 ['b31', 'a18', 'd19', 'g20', 'e30', 'f26'] (['b31', 'a18', 'd19', 'g20', 'f26', 'e30'], 0.030943336498892055) ['b31', 'a18', 'd19', 'g20', 'e30', 'f26']

Accuracy: 0.5458589453251375
Running experiment on N = 2

Accuracy: 0.5131834357813005



0
1000
2000
3000
4000
5000
6000
7000
8000
9000
10000
11000
12000

Accuracy: 0.43189906179230025
