
89
19911
19911
0 ['a12', 'b15', 'f17', 'i16', 'g18', 'd23', 'h21'] (['a12', 'f17', 'b15', 'i16', 'g18', 'd23', 'h21'], 0.033707865168539325) ['a12', 'b15', 'f17', 'i16', 'g18', 'd23', 'h21']
1000 ['a0', 'b3', 'i4', 'f5', 'c9', 'e10'] (['a0', 'b3', 'c9', 'f5', 'i4', 'e10'], 0) ['a0', 'b3', 'i4', 'f5', 'c9', 'e10']
2000 ['a12', 'f17', 'i16', 'b15', 'g18', 'd23', 'h21'] (['a12', 'f17', 'i16', 'b15', 'd23', 'g18', 'h21'], 0) ['a12', 'f17', 'i16', 'b15', 'g18', 'd23', 'h21']
3000 ['a0', 'f5', 'g6', 'b3', 'd11', 'c9'] (['f5', 'a0', 'g6', 'd11', 'b3', 'c9'], 0) ['a0', 'f5', 'g6', 'b3', 'd11', 'c9']
4000 ['i16', 'f17', 'g18', 'h21', 'e22'] (['i16', 'f17', 'h21', 'g18', 'e22'], 0) ['i16', 'f17', 'g18', 'h21', 'e22']
5000 ['i4', 'f5', 'b3', 'g6', 'c9', 'e10'] (['i4', 'f5', 'c9', 'b3', 'g6', 'e10'], 0) ['i4', 'f5', 'b3', 'g6', 'c9', 'e10']
6000 ['f17', 'b15', 'i16', 'g18', 'a12', 'd23', 'h21'] (['f17', 'b15', 'i16', 'g18', 'a12', 'd23', 'h21'], 0) ['f17', 'b15', 'i16', 'g18', 'a12', 'd23', 'h21']
7000 ['a12', 'h21', 'f17', 'i16', 'g18', 'b15', 'e22'] (['a12', 'h21', 'i16', 'f17', 'b15', 'g18', 'e22'], 0) ['a12', 'h21', 'f17', 'i16', 'g18', 'b15', 'e22']
8000 ['a0', 'b3', 'i4', 'g6', 'd11', 'c9'] (['a0', 'b3', 'g6', 'i4', 'd11', 'c9'], 0) ['a0', 'b3', 'i4', 'g6', 'd11', 'c9']
9000 ['f17', 'g18', 'b15', 'i16', 'h21', 'd23'] (['f17', 'b15', 'g18', 'i16', 'd23', 'h21'], 0.02247191011235955) ['f17', 'g18', 'b15', 'i16', 'h21', 'd23']
10000 ['c9', 'f5', 'g6', 'b3', 'i4', 'a0', 'd11'] (['c9', 'f5', 'g6', 'i4', 'b3', 'a0', 'd11'], 0) ['c9', 'f5', 'g6', 'b3', 'i4', 'a0', 'd11']
11000 ['a0', 'b3', 'd11', 'g6', 'i4', 'f5', 'c9'] (['a0', 'b3', 'd11', 'g6', 'i4', 'f5', 'c9'], 0) ['a0', 'b3', 'd11', 'g6', 'i4', 'f5', 'c9']
12000 ['a12', 'b15', 'g18', 'g18', 'h21', 'f17', 'f17', 'd23'] (['b15', 'g18', 'a12', 'g18', 'h21', 'f17', 'f17', 'd23'], 0) ['a12', 'b15', 'g18', 'g18', 'h21', 'f17', 'f17', 'd23']
13000 ['a0', 'b3', 'i4', 'f5', 'g6', 'd11', 'f5', 'c9'] (['a0', 'b3', 'i4', 'f5', 'g6', 'f5', 'd11', 'c9'], 0) ['a0', 'b3', 'i4', 'f5', 'g6', 'd11', 'f5', 'c9']
14000 ['a12', 'f17', 'h21', 'g18', 'i16', 'b15', 'd23'] (['a12', 'f17', 'h21', 'g18', 'i16', 'b15', 'd23'], 0) ['a12', 'f17', 'h21', 'g18', 'i16', 'b15', 'd23']
15000 ['a0', 'f5', 'i4', 'g6', 'b3', 'd11', 'c9'] (['a0', 'f5', 'g6', 'i4', 'b3', 'd11', 'c9'], 0.011235955056179775) ['a0', 'f5', 'i4', 'g6', 'b3', 'd11', 'c9']
16000 ['a0', 'b3', 'f5', 'g6', 'i4', 'c9', 'e10'] (['a0', 'b3', 'f5', 'g6', 'i4', 'c9', 'e10'], 0) ['a0', 'b3', 'f5', 'g6', 'i4', 'c9', 'e10']
17000 ['a12', 'b15', 'i16', 'f17', 'g18', 'd23', 'f17', 'h21'] (['a12', 'b15', 'i16', 'f17', 'g18', 'd23', 'f17', 'h21'], 0) ['a12', 'b15', 'i16', 'f17', 'g18', 'd23', 'f17', 'h21']
18000 ['a12', 'b15', 'i16', 'f17', 'g18', 'h21', 'd23', 'a12'] (['b15', 'a12', 'i16', 'f17', 'g18', 'd23', 'h21', 'a12'], 0) ['a12', 'b15', 'i16', 'f17', 'g18', 'h21', 'd23', 'a12']
19000 ['a12', 'b15', 'f17', 'i16', 'g18', 'b15', 'h21', 'd23'] (['a12', 'b15', 'f17', 'i16', 'g18', 'b15', 'h21', 'd23'], 0) ['a12', 'b15', 'f17', 'i16', 'g18', 'b15', 'h21', 'd23']

Accuracy: 0.29134649188890566
Running experiment on N = 2

Accuracy: 0.5243332831098387



0
1000
2000
3000
4000
5000
6000
7000
8000
9000
10000
11000
12000
13000
14000
15000
16000
17000
18000
19000

Accuracy: 0.4493998292401185
