-----------------------------------------------------------------------------------------
Parameter Settings:
EIUES:                            0
Ratio uncertain traces:           0

Type:                             encoder_GREEDY
No. warmup steps:                 4000
LR factor                         0.6523274373757894 
Embedding dimension:              256
Dimension of feedforward network: 1024
Number of transformer layers:     1
Number of attentions heads:       8
Dropout:                          0.15645169252994598
Total number of epochs:           150
-----------------------------------------------------------------------------------------
| epoch   0 |     9/   86 batches | lr_step  10 | lr  0.000002 |acc  0.000%| ms/batch 2271.99 | loss 0.5531221 
| epoch   0 |    19/   86 batches | lr_step  20 | lr  0.000003 |acc  0.000%| ms/batch 2367.32 | loss 0.5352348 
| epoch   0 |    29/   86 batches | lr_step  30 | lr  0.000005 |acc  0.000%| ms/batch 2149.99 | loss 0.5191691 
| epoch   0 |    39/   86 batches | lr_step  40 | lr  0.000006 |acc  0.000%| ms/batch 2126.17 | loss 0.5150021 
| epoch   0 |    49/   86 batches | lr_step  50 | lr  0.000008 |acc  0.000%| ms/batch 1986.21 | loss 0.5073952 
| epoch   0 |    59/   86 batches | lr_step  60 | lr  0.000010 |acc  0.000%| ms/batch 2096.47 | loss 0.4456691 
| epoch   0 |    69/   86 batches | lr_step  70 | lr  0.000011 |acc  0.000%| ms/batch 2149.74 | loss 0.3944005 
| epoch   0 |    79/   86 batches | lr_step  80 | lr  0.000013 |acc  0.000%| ms/batch 2392.32 | loss 0.3432875 
Pred: tensor([ 6,  7, 12, 12,  9, 10, 12, 10, 10, 10, 10, 10, 10, 10, 10, 10, 10, 10,
        10, 10, 10, 10, 10, 10, 10, 10, 10, 10, 10, 10, 14, 16, 15, 17, 18, 19,
        10, 19, 19, 19, 19, 19, 11, 20, 19,  0,  0,  0,  0,  0,  0,  0,  0,  0,
         0,  0,  0,  0,  0,  0,  0,  0,  0,  0,  0,  0,  0,  0,  0,  0,  0,  0,
         0,  0,  0,  0,  0,  0,  0,  0,  0,  0,  0,  0,  0,  0,  0,  0,  0,  0,
         0,  0,  0,  0,  0,  0,  0,  0,  0,  0,  0,  0,  0,  0,  0,  0,  0,  0,
         0,  0,  0,  0,  0,  0,  0]) and tensor([ 6,  7,  9, 10, 10, 10, 10, 10, 10, 10, 10, 14, 15, 16, 17, 18, 19, 10,
        19, 19, 19, 21, 22, 19, 22, 22, 22, 22, 22, 22, 22, 22, 22, 22, 22, 24,
        22, 24, 24, 24, 22, 24, 22, 22, 22, 28, 27, 25, 26, 22,  0,  0,  0,  0,
         0,  0,  0,  0,  0,  0,  0,  0,  0,  0,  0,  0,  0,  0,  0,  0,  0,  0,
         0,  0,  0,  0,  0,  0,  0,  0,  0,  0,  0,  0,  0,  0,  0,  0,  0,  0,
         0,  0,  0,  0,  0,  0,  0,  0,  0,  0,  0,  0,  0,  0,  0,  0,  0,  0,
         0,  0,  0,  0,  0,  0,  0]), tensor([ 6,  7,  9, 10, 10, 10, 10, 14, 16, 15, 17, 18, 19, 10, 19, 19, 19, 15,
        20, 17, 18, 19, 19, 19, 21, 22, 19, 22, 24, 22, 24, 23,  8, 24,  0,  0,
         0,  0,  0,  0,  0,  0,  0,  0,  0,  0,  0,  0,  0,  0,  0,  0,  0,  0,
         0,  0,  0,  0,  0,  0,  0,  0,  0,  0,  0,  0,  0,  0,  0,  0,  0,  0,
         0,  0,  0,  0,  0,  0,  0,  0,  0,  0,  0,  0,  0,  0,  0,  0,  0,  0,
         0,  0,  0,  0,  0,  0,  0,  0,  0,  0,  0,  0,  0,  0,  0,  0,  0,  0,
         0,  0,  0,  0,  0,  0,  0])
Tar: tensor([[ 6,  7, 12, 12,  9, 10, 12, 10, 10, 10, 10, 10, 10, 10, 10, 10, 10, 10,
         10, 10, 10, 10, 10, 10, 10, 10, 10, 10, 10, 10, 14, 15, 16, 17, 18, 19,
         10, 19, 19, 19, 19, 19, 20, 11, 19,  0,  0,  0,  0,  0,  0,  0,  0,  0,
          0,  0,  0,  0,  0,  0,  0,  0,  0,  0,  0,  0,  0,  0,  0,  0,  0,  0,
          0,  0,  0,  0,  0,  0,  0,  0,  0,  0,  0,  0,  0,  0,  0,  0,  0,  0,
          0,  0,  0,  0,  0,  0,  0,  0,  0,  0,  0,  0,  0,  0,  0,  0,  0,  0,
          0,  0,  0,  0,  0,  0,  0],
        [ 6,  7,  9, 10, 10, 10, 10, 10, 10, 10, 10, 14, 15, 16, 17, 18, 19, 10,
         19, 19, 19, 21, 22, 19, 22, 22, 22, 22, 22, 22, 22, 22, 22, 22, 22, 24,
         22, 24, 24, 24, 22, 24, 22, 22, 22, 27, 25, 26, 28, 22,  0,  0,  0,  0,
          0,  0,  0,  0,  0,  0,  0,  0,  0,  0,  0,  0,  0,  0,  0,  0,  0,  0,
          0,  0,  0,  0,  0,  0,  0,  0,  0,  0,  0,  0,  0,  0,  0,  0,  0,  0,
          0,  0,  0,  0,  0,  0,  0,  0,  0,  0,  0,  0,  0,  0,  0,  0,  0,  0,
          0,  0,  0,  0,  0,  0,  0],
        [ 6,  7,  9, 10, 10, 10, 10, 14, 15, 16, 17, 18, 19, 10, 19, 19, 19, 15,
         20, 17, 18, 19, 19, 19, 21, 22, 19, 22, 24, 22, 24, 23,  8, 24,  0,  0,
          0,  0,  0,  0,  0,  0,  0,  0,  0,  0,  0,  0,  0,  0,  0,  0,  0,  0,
          0,  0,  0,  0,  0,  0,  0,  0,  0,  0,  0,  0,  0,  0,  0,  0,  0,  0,
          0,  0,  0,  0,  0,  0,  0,  0,  0,  0,  0,  0,  0,  0,  0,  0,  0,  0,
          0,  0,  0,  0,  0,  0,  0,  0,  0,  0,  0,  0,  0,  0,  0,  0,  0,  0,
          0,  0,  0,  0,  0,  0,  0]])
-----------------------------------------------------------------------------------------
| end of epoch   0 | time: 227.47s | valid acc 18.106%| Best Model from Epoch 0 with  -inf%
-----------------------------------------------------------------------------------------
-----------------------------------------------------------------------------------------
-----------------------------------------------------------------------------------------
| end of epoch   0 | time: 227.47s | valid acc 18.106%| 
-----------------------------------------------------------------------------------------
-----------------------------------------------------------------------------------------
| epoch   1 |     9/   86 batches | lr_step  97 | lr  0.000016 |acc  0.000%| ms/batch 2050.05 | loss 0.3010191 
| epoch   1 |    19/   86 batches | lr_step  107 | lr  0.000017 |acc  0.059%| ms/batch 2003.56 | loss 0.2920683 
| epoch   1 |    29/   86 batches | lr_step  117 | lr  0.000019 |acc  0.469%| ms/batch 2138.79 | loss 0.2551109 
| epoch   1 |    39/   86 batches | lr_step  127 | lr  0.000020 |acc  0.605%| ms/batch 2540.65 | loss 0.2063223 
| epoch   1 |    49/   86 batches | lr_step  137 | lr  0.000022 |acc  0.762%| ms/batch 2276.15 | loss 0.2089063 
| epoch   1 |    59/   86 batches | lr_step  147 | lr  0.000024 |acc  0.664%| ms/batch 2261.38 | loss 0.1923664 
| epoch   1 |    69/   86 batches | lr_step  157 | lr  0.000025 |acc  1.094%| ms/batch 2277.45 | loss 0.1906891 
| epoch   1 |    79/   86 batches | lr_step  167 | lr  0.000027 |acc  1.523%| ms/batch 2185.37 | loss 0.1752952 
Pred: tensor([ 6,  7,  9, 10, 10, 10, 10, 14, 15, 16, 17, 18, 19, 10, 19, 19, 19, 19,
        19, 19, 19, 19, 19, 19, 19, 19, 19, 19, 19, 19, 19, 19, 19, 11, 20,  0,
         0,  0,  0,  0,  0,  0,  0,  0,  0,  0,  0,  0,  0,  0,  0,  0,  0,  0,
         0,  0,  0,  0,  0,  0,  0,  0,  0,  0,  0,  0,  0,  0,  0,  0,  0,  0,
         0,  0,  0,  0,  0,  0,  0,  0,  0,  0,  0,  0,  0,  0,  0,  0,  0,  0,
         0,  0]) and tensor([ 6,  7,  9, 10, 10, 14, 15, 16, 17, 18, 19, 10, 19, 19, 19, 21, 22, 19,
        22, 26, 27, 25, 28, 22,  0,  0,  0,  0,  0,  0,  0,  0,  0,  0,  0,  0,
         0,  0,  0,  0,  0,  0,  0,  0,  0,  0,  0,  0,  0,  0,  0,  0,  0,  0,
         0,  0,  0,  0,  0,  0,  0,  0,  0,  0,  0,  0,  0,  0,  0,  0,  0,  0,
         0,  0,  0,  0,  0,  0,  0,  0,  0,  0,  0,  0,  0,  0,  0,  0,  0,  0,
         0,  0]), tensor([ 6,  7, 12, 12,  9, 10, 12, 10, 14, 15, 16, 17, 18, 19, 10, 19, 19, 19,
        19, 19, 21, 22, 19, 22, 22, 22, 24, 22, 24, 24, 24, 24, 24, 24, 24, 22,
        24, 22, 22, 22, 26, 27, 25, 28, 22,  0,  0,  0,  0,  0,  0,  0,  0,  0,
         0,  0,  0,  0,  0,  0,  0,  0,  0,  0,  0,  0,  0,  0,  0,  0,  0,  0,
         0,  0,  0,  0,  0,  0,  0,  0,  0,  0,  0,  0,  0,  0,  0,  0,  0,  0,
         0,  0])
Tar: tensor([[ 6,  7,  9, 10, 10, 10, 10, 14, 15, 16, 17, 18, 19, 10, 19, 19, 19, 19,
         19, 19, 19, 19, 19, 19, 19, 19, 19, 19, 19, 19, 19, 19, 19, 20, 11,  0,
          0,  0,  0,  0,  0,  0,  0,  0,  0,  0,  0,  0,  0,  0,  0,  0,  0,  0,
          0,  0,  0,  0,  0,  0,  0,  0,  0,  0,  0,  0,  0,  0,  0,  0,  0,  0,
          0,  0,  0,  0,  0,  0,  0,  0,  0,  0,  0,  0,  0,  0,  0,  0,  0,  0,
          0,  0],
        [ 6,  7,  9, 10, 10, 14, 16, 15, 17, 18, 19, 10, 19, 19, 19, 21, 22, 19,
         22, 27, 25, 26, 28, 22,  0,  0,  0,  0,  0,  0,  0,  0,  0,  0,  0,  0,
          0,  0,  0,  0,  0,  0,  0,  0,  0,  0,  0,  0,  0,  0,  0,  0,  0,  0,
          0,  0,  0,  0,  0,  0,  0,  0,  0,  0,  0,  0,  0,  0,  0,  0,  0,  0,
          0,  0,  0,  0,  0,  0,  0,  0,  0,  0,  0,  0,  0,  0,  0,  0,  0,  0,
          0,  0],
        [ 6,  7, 12, 12,  9, 10, 12, 10, 14, 15, 16, 17, 18, 19, 10, 19, 19, 19,
         19, 19, 21, 22, 19, 22, 22, 22, 24, 22, 24, 24, 24, 24, 24, 24, 24, 22,
         24, 22, 22, 22, 27, 26, 25, 28, 22,  0,  0,  0,  0,  0,  0,  0,  0,  0,
          0,  0,  0,  0,  0,  0,  0,  0,  0,  0,  0,  0,  0,  0,  0,  0,  0,  0,
          0,  0,  0,  0,  0,  0,  0,  0,  0,  0,  0,  0,  0,  0,  0,  0,  0,  0,
          0,  0]])
-----------------------------------------------------------------------------------------
| end of epoch   1 | time: 229.31s | valid acc 17.866%| Best Model from Epoch 0 with 18.106%
-----------------------------------------------------------------------------------------
| epoch   2 |     9/   86 batches | lr_step  184 | lr  0.000030 |acc  2.344%| ms/batch 2373.69 | loss 0.1598395 
| epoch   2 |    19/   86 batches | lr_step  194 | lr  0.000031 |acc  3.555%| ms/batch 2257.34 | loss 0.1583408 
| epoch   2 |    29/   86 batches | lr_step  204 | lr  0.000033 |acc  4.648%| ms/batch 2343.78 | loss 0.1409819 
| epoch   2 |    39/   86 batches | lr_step  214 | lr  0.000034 |acc  4.980%| ms/batch 2280.66 | loss 0.1462539 
| epoch   2 |    49/   86 batches | lr_step  224 | lr  0.000036 |acc  5.645%| ms/batch 2048.51 | loss 0.1568833 
| epoch   2 |    59/   86 batches | lr_step  234 | lr  0.000038 |acc  6.465%| ms/batch 2064.53 | loss 0.1428584 
| epoch   2 |    69/   86 batches | lr_step  244 | lr  0.000039 |acc  6.973%| ms/batch 2002.93 | loss 0.1441527 
| epoch   2 |    79/   86 batches | lr_step  254 | lr  0.000041 |acc  7.793%| ms/batch 2390.03 | loss 0.1196458 
Pred: tensor([ 6,  7,  9, 10, 10, 10, 10, 14, 15, 16, 17, 18, 19, 10, 19, 19, 19, 19,
        19, 19, 19, 19, 19, 19, 19, 19, 19, 19, 19, 21, 22, 19, 22, 24, 22, 24,
        24, 24, 24, 24, 24, 24, 24, 24, 24, 24, 11, 20, 24,  0,  0,  0,  0,  0,
         0,  0,  0,  0,  0,  0,  0,  0,  0,  0,  0,  0,  0,  0,  0,  0,  0,  0,
         0,  0,  0,  0,  0,  0,  0,  0,  0,  0,  0,  0,  0,  0,  0,  0,  0,  0,
         0,  0,  0,  0,  0,  0,  0,  0,  0,  0,  0,  0,  0,  0,  0,  0,  0,  0,
         0,  0,  0,  0,  0,  0,  0,  0,  0,  0,  0,  0,  0,  0,  0,  0,  0,  0,
         0,  0,  0,  0,  0,  0,  0,  0,  0,  0,  0,  0,  0,  0,  0,  0,  0,  0,
         0,  0,  0,  0,  0,  0,  0]) and tensor([ 6,  7,  9, 10, 10, 14, 15, 16, 17, 18, 19, 10, 19, 19, 19, 15, 20, 17,
        18, 19, 19, 19, 19, 19, 19, 19, 19, 19, 19, 19, 19, 19, 19,  0,  0,  0,
         0,  0,  0,  0,  0,  0,  0,  0,  0,  0,  0,  0,  0,  0,  0,  0,  0,  0,
         0,  0,  0,  0,  0,  0,  0,  0,  0,  0,  0,  0,  0,  0,  0,  0,  0,  0,
         0,  0,  0,  0,  0,  0,  0,  0,  0,  0,  0,  0,  0,  0,  0,  0,  0,  0,
         0,  0,  0,  0,  0,  0,  0,  0,  0,  0,  0,  0,  0,  0,  0,  0,  0,  0,
         0,  0,  0,  0,  0,  0,  0,  0,  0,  0,  0,  0,  0,  0,  0,  0,  0,  0,
         0,  0,  0,  0,  0,  0,  0,  0,  0,  0,  0,  0,  0,  0,  0,  0,  0,  0,
         0,  0,  0,  0,  0,  0,  0]), tensor([ 6,  7,  9, 10, 10, 14, 15, 16, 17, 18, 19, 10, 19, 19, 19, 19, 19, 19,
        19, 19, 19, 19, 19, 19, 19, 19, 19, 15, 20, 17, 18, 19, 19, 19, 19, 19,
        21, 22, 19, 22, 24, 22, 24, 24, 24, 24, 24, 24, 24, 22, 24, 22, 22, 22,
        22, 22, 27, 25, 26, 28, 22,  0,  0,  0,  0,  0,  0,  0,  0,  0,  0,  0,
         0,  0,  0,  0,  0,  0,  0,  0,  0,  0,  0,  0,  0,  0,  0,  0,  0,  0,
         0,  0,  0,  0,  0,  0,  0,  0,  0,  0,  0,  0,  0,  0,  0,  0,  0,  0,
         0,  0,  0,  0,  0,  0,  0,  0,  0,  0,  0,  0,  0,  0,  0,  0,  0,  0,
         0,  0,  0,  0,  0,  0,  0,  0,  0,  0,  0,  0,  0,  0,  0,  0,  0,  0,
         0,  0,  0,  0,  0,  0,  0])
Tar: tensor([[ 6,  7,  9, 10, 10, 10, 10, 14, 16, 15, 17, 18, 19, 10, 19, 19, 19, 19,
         19, 19, 19, 19, 19, 19, 19, 19, 19, 19, 19, 21, 22, 19, 22, 24, 22, 24,
         24, 24, 24, 24, 24, 24, 24, 24, 24, 24, 11, 20, 24,  0,  0,  0,  0,  0,
          0,  0,  0,  0,  0,  0,  0,  0,  0,  0,  0,  0,  0,  0,  0,  0,  0,  0,
          0,  0,  0,  0,  0,  0,  0,  0,  0,  0,  0,  0,  0,  0,  0,  0,  0,  0,
          0,  0,  0,  0,  0,  0,  0,  0,  0,  0,  0,  0,  0,  0,  0,  0,  0,  0,
          0,  0,  0,  0,  0,  0,  0,  0,  0,  0,  0,  0,  0,  0,  0,  0,  0,  0,
          0,  0,  0,  0,  0,  0,  0,  0,  0,  0,  0,  0,  0,  0,  0,  0,  0,  0,
          0,  0,  0,  0,  0,  0,  0],
        [ 6,  7,  9, 10, 10, 14, 16, 15, 17, 18, 19, 10, 19, 19, 19, 20, 15, 17,
         18, 19, 19, 19, 19, 19, 19, 19, 19, 19, 19, 19, 19, 19, 19,  0,  0,  0,
          0,  0,  0,  0,  0,  0,  0,  0,  0,  0,  0,  0,  0,  0,  0,  0,  0,  0,
          0,  0,  0,  0,  0,  0,  0,  0,  0,  0,  0,  0,  0,  0,  0,  0,  0,  0,
          0,  0,  0,  0,  0,  0,  0,  0,  0,  0,  0,  0,  0,  0,  0,  0,  0,  0,
          0,  0,  0,  0,  0,  0,  0,  0,  0,  0,  0,  0,  0,  0,  0,  0,  0,  0,
          0,  0,  0,  0,  0,  0,  0,  0,  0,  0,  0,  0,  0,  0,  0,  0,  0,  0,
          0,  0,  0,  0,  0,  0,  0,  0,  0,  0,  0,  0,  0,  0,  0,  0,  0,  0,
          0,  0,  0,  0,  0,  0,  0],
        [ 6,  7,  9, 10, 10, 14, 16, 15, 17, 18, 19, 10, 19, 19, 19, 19, 19, 19,
         19, 19, 19, 19, 19, 19, 19, 19, 19, 20, 15, 17, 18, 19, 19, 19, 19, 19,
         21, 22, 19, 22, 24, 22, 24, 24, 24, 24, 24, 24, 24, 22, 24, 22, 22, 22,
         22, 22, 27, 26, 25, 28, 22,  0,  0,  0,  0,  0,  0,  0,  0,  0,  0,  0,
          0,  0,  0,  0,  0,  0,  0,  0,  0,  0,  0,  0,  0,  0,  0,  0,  0,  0,
          0,  0,  0,  0,  0,  0,  0,  0,  0,  0,  0,  0,  0,  0,  0,  0,  0,  0,
          0,  0,  0,  0,  0,  0,  0,  0,  0,  0,  0,  0,  0,  0,  0,  0,  0,  0,
          0,  0,  0,  0,  0,  0,  0,  0,  0,  0,  0,  0,  0,  0,  0,  0,  0,  0,
          0,  0,  0,  0,  0,  0,  0]])
-----------------------------------------------------------------------------------------
| end of epoch   2 | time: 230.25s | valid acc 18.465%| Best Model from Epoch 0 with 18.106%
-----------------------------------------------------------------------------------------
-----------------------------------------------------------------------------------------
-----------------------------------------------------------------------------------------
| end of epoch   2 | time: 230.25s | valid acc 18.465%| 
-----------------------------------------------------------------------------------------
-----------------------------------------------------------------------------------------
| epoch   3 |     9/   86 batches | lr_step  271 | lr  0.000044 |acc  7.969%| ms/batch 2223.29 | loss 0.1227597 
| epoch   3 |    19/   86 batches | lr_step  281 | lr  0.000045 |acc  7.969%| ms/batch 2059.13 | loss 0.1296096 
| epoch   3 |    29/   86 batches | lr_step  291 | lr  0.000047 |acc  7.617%| ms/batch 2464.54 | loss 0.1085297 
| epoch   3 |    39/   86 batches | lr_step  301 | lr  0.000049 |acc  9.141%| ms/batch 2631.67 | loss 0.0963876 
| epoch   3 |    49/   86 batches | lr_step  311 | lr  0.000050 |acc  8.555%| ms/batch 2185.76 | loss 0.1130708 
| epoch   3 |    59/   86 batches | lr_step  321 | lr  0.000052 |acc  8.301%| ms/batch 2143.09 | loss 0.1122044 
| epoch   3 |    69/   86 batches | lr_step  331 | lr  0.000053 |acc  8.770%| ms/batch 2221.82 | loss 0.1038643 
| epoch   3 |    79/   86 batches | lr_step  341 | lr  0.000055 |acc  9.238%| ms/batch 2178.92 | loss 0.1108072 
Pred: tensor([ 6,  7,  9, 10, 10, 14, 15, 16, 17, 18, 19, 10, 19, 19, 19, 19, 19, 19,
        19, 21, 22, 19, 22, 24, 22, 24, 24, 24, 24, 24, 22, 24, 22, 27, 25, 26,
        28, 22,  0,  0,  0,  0,  0,  0,  0,  0,  0,  0,  0,  0,  0,  0,  0,  0,
         0,  0,  0,  0,  0,  0,  0,  0,  0,  0,  0,  0,  0,  0,  0,  0,  0,  0,
         0,  0,  0,  0,  0,  0,  0,  0,  0,  0,  0,  0,  0,  0,  0,  0,  0,  0,
         0,  0,  0,  0,  0,  0,  0,  0]) and tensor([ 6,  7,  9, 10, 10, 10, 10, 14, 15, 16, 17, 18, 19, 10, 19, 19, 19, 11,
        20, 19,  0,  0,  0,  0,  0,  0,  0,  0,  0,  0,  0,  0,  0,  0,  0,  0,
         0,  0,  0,  0,  0,  0,  0,  0,  0,  0,  0,  0,  0,  0,  0,  0,  0,  0,
         0,  0,  0,  0,  0,  0,  0,  0,  0,  0,  0,  0,  0,  0,  0,  0,  0,  0,
         0,  0,  0,  0,  0,  0,  0,  0,  0,  0,  0,  0,  0,  0,  0,  0,  0,  0,
         0,  0,  0,  0,  0,  0,  0,  0]), tensor([ 6,  7,  9, 10, 10, 10, 10, 10, 10, 10, 10, 14, 15, 16, 17, 18, 19, 10,
        19, 19, 19, 19, 19, 19, 19, 19, 19, 21, 22, 19, 22, 22, 22, 22, 22, 27,
        25, 26, 28, 22,  0,  0,  0,  0,  0,  0,  0,  0,  0,  0,  0,  0,  0,  0,
         0,  0,  0,  0,  0,  0,  0,  0,  0,  0,  0,  0,  0,  0,  0,  0,  0,  0,
         0,  0,  0,  0,  0,  0,  0,  0,  0,  0,  0,  0,  0,  0,  0,  0,  0,  0,
         0,  0,  0,  0,  0,  0,  0,  0])
Tar: tensor([[ 6,  7,  9, 10, 10, 14, 16, 15, 17, 18, 19, 10, 19, 19, 19, 19, 19, 19,
         19, 21, 22, 19, 22, 24, 22, 24, 24, 24, 24, 24, 22, 24, 22, 26, 28, 27,
         25, 22,  0,  0,  0,  0,  0,  0,  0,  0,  0,  0,  0,  0,  0,  0,  0,  0,
          0,  0,  0,  0,  0,  0,  0,  0,  0,  0,  0,  0,  0,  0,  0,  0,  0,  0,
          0,  0,  0,  0,  0,  0,  0,  0,  0,  0,  0,  0,  0,  0,  0,  0,  0,  0,
          0,  0,  0,  0,  0,  0,  0,  0],
        [ 6,  7,  9, 10, 10, 10, 10, 14, 15, 16, 17, 18, 19, 10, 19, 19, 19, 20,
         11, 19,  0,  0,  0,  0,  0,  0,  0,  0,  0,  0,  0,  0,  0,  0,  0,  0,
          0,  0,  0,  0,  0,  0,  0,  0,  0,  0,  0,  0,  0,  0,  0,  0,  0,  0,
          0,  0,  0,  0,  0,  0,  0,  0,  0,  0,  0,  0,  0,  0,  0,  0,  0,  0,
          0,  0,  0,  0,  0,  0,  0,  0,  0,  0,  0,  0,  0,  0,  0,  0,  0,  0,
          0,  0,  0,  0,  0,  0,  0,  0],
        [ 6,  7,  9, 10, 10, 10, 10, 10, 10, 10, 10, 14, 16, 15, 17, 18, 19, 10,
         19, 19, 19, 19, 19, 19, 19, 19, 19, 21, 22, 19, 22, 22, 22, 22, 22, 26,
         28, 25, 27, 22,  0,  0,  0,  0,  0,  0,  0,  0,  0,  0,  0,  0,  0,  0,
          0,  0,  0,  0,  0,  0,  0,  0,  0,  0,  0,  0,  0,  0,  0,  0,  0,  0,
          0,  0,  0,  0,  0,  0,  0,  0,  0,  0,  0,  0,  0,  0,  0,  0,  0,  0,
          0,  0,  0,  0,  0,  0,  0,  0]])
-----------------------------------------------------------------------------------------
| end of epoch   3 | time: 232.07s | valid acc 19.225%| Best Model from Epoch 2 with 18.465%
-----------------------------------------------------------------------------------------
-----------------------------------------------------------------------------------------
-----------------------------------------------------------------------------------------
| end of epoch   3 | time: 232.07s | valid acc 19.225%| 
-----------------------------------------------------------------------------------------
-----------------------------------------------------------------------------------------
| epoch   4 |     9/   86 batches | lr_step  358 | lr  0.000058 |acc  8.711%| ms/batch 2159.44 | loss 0.1058796 
| epoch   4 |    19/   86 batches | lr_step  368 | lr  0.000059 |acc  9.922%| ms/batch 2114.38 | loss 0.1055636 
| epoch   4 |    29/   86 batches | lr_step  378 | lr  0.000061 |acc  9.551%| ms/batch 2202.02 | loss 0.0994808 
| epoch   4 |    39/   86 batches | lr_step  388 | lr  0.000063 |acc  10.059%| ms/batch 2251.46 | loss 0.0929284 
| epoch   4 |    49/   86 batches | lr_step  398 | lr  0.000064 |acc  9.883%| ms/batch 2123.72 | loss 0.0986844 
| epoch   4 |    59/   86 batches | lr_step  408 | lr  0.000066 |acc  10.254%| ms/batch 1726.89 | loss 0.1110680 
| epoch   4 |    69/   86 batches | lr_step  418 | lr  0.000067 |acc  10.137%| ms/batch 2383.05 | loss 0.0873879 
| epoch   4 |    79/   86 batches | lr_step  428 | lr  0.000069 |acc  10.234%| ms/batch 2430.83 | loss 0.0890655 
Pred: tensor([ 6,  7, 12, 12,  9, 10, 12, 10, 10, 10, 10, 10, 14, 15, 16, 17, 18, 19,
        10, 19, 19, 19, 19, 19, 21, 22, 19, 22,  8, 23, 22,  0,  0,  0,  0,  0,
         0,  0,  0,  0,  0,  0,  0,  0,  0,  0,  0,  0,  0,  0,  0,  0,  0,  0,
         0,  0,  0,  0,  0,  0,  0,  0,  0,  0,  0,  0,  0,  0,  0,  0,  0,  0,
         0,  0,  0,  0,  0,  0,  0,  0,  0,  0,  0,  0,  0,  0,  0,  0,  0,  0,
         0,  0,  0,  0,  0,  0,  0,  0,  0,  0,  0,  0,  0,  0,  0,  0,  0,  0,
         0,  0,  0,  0,  0,  0,  0,  0,  0,  0,  0,  0,  0,  0,  0,  0,  0,  0,
         0,  0,  0,  0,  0,  0,  0,  0,  0,  0,  0,  0,  0,  0,  0,  0,  0,  0,
         0,  0,  0,  0,  0,  0,  0]) and tensor([ 6,  7,  9, 10, 10, 14, 15, 16, 17, 18, 19, 10, 19, 19, 19, 19, 19, 21,
        22, 19, 22, 27, 26, 28, 25, 22,  0,  0,  0,  0,  0,  0,  0,  0,  0,  0,
         0,  0,  0,  0,  0,  0,  0,  0,  0,  0,  0,  0,  0,  0,  0,  0,  0,  0,
         0,  0,  0,  0,  0,  0,  0,  0,  0,  0,  0,  0,  0,  0,  0,  0,  0,  0,
         0,  0,  0,  0,  0,  0,  0,  0,  0,  0,  0,  0,  0,  0,  0,  0,  0,  0,
         0,  0,  0,  0,  0,  0,  0,  0,  0,  0,  0,  0,  0,  0,  0,  0,  0,  0,
         0,  0,  0,  0,  0,  0,  0,  0,  0,  0,  0,  0,  0,  0,  0,  0,  0,  0,
         0,  0,  0,  0,  0,  0,  0,  0,  0,  0,  0,  0,  0,  0,  0,  0,  0,  0,
         0,  0,  0,  0,  0,  0,  0]), tensor([ 6,  7, 12, 12,  9, 10, 12, 10, 10, 10, 10, 10, 10, 10, 10, 10, 10, 10,
        10, 10, 10, 10, 14, 15, 16, 17, 18, 19, 10, 19, 15, 20, 17, 18, 19, 19,
        19, 19, 19, 19, 19, 19, 19, 19, 19, 19, 19, 19, 19, 19, 19, 19, 19, 19,
        19, 19, 19, 19, 19, 19, 19, 19, 19, 19, 19, 19, 19, 20, 11,  0,  0,  0,
         0,  0,  0,  0,  0,  0,  0,  0,  0,  0,  0,  0,  0,  0,  0,  0,  0,  0,
         0,  0,  0,  0,  0,  0,  0,  0,  0,  0,  0,  0,  0,  0,  0,  0,  0,  0,
         0,  0,  0,  0,  0,  0,  0,  0,  0,  0,  0,  0,  0,  0,  0,  0,  0,  0,
         0,  0,  0,  0,  0,  0,  0,  0,  0,  0,  0,  0,  0,  0,  0,  0,  0,  0,
         0,  0,  0,  0,  0,  0,  0])
Tar: tensor([[ 6,  7, 12, 12,  9, 10, 12, 10, 10, 10, 10, 10, 14, 15, 16, 17, 18, 19,
         10, 19, 19, 19, 19, 19, 21, 22, 19, 22, 23,  8, 22,  0,  0,  0,  0,  0,
          0,  0,  0,  0,  0,  0,  0,  0,  0,  0,  0,  0,  0,  0,  0,  0,  0,  0,
          0,  0,  0,  0,  0,  0,  0,  0,  0,  0,  0,  0,  0,  0,  0,  0,  0,  0,
          0,  0,  0,  0,  0,  0,  0,  0,  0,  0,  0,  0,  0,  0,  0,  0,  0,  0,
          0,  0,  0,  0,  0,  0,  0,  0,  0,  0,  0,  0,  0,  0,  0,  0,  0,  0,
          0,  0,  0,  0,  0,  0,  0,  0,  0,  0,  0,  0,  0,  0,  0,  0,  0,  0,
          0,  0,  0,  0,  0,  0,  0,  0,  0,  0,  0,  0,  0,  0,  0,  0,  0,  0,
          0,  0,  0,  0,  0,  0,  0],
        [ 6,  7,  9, 10, 10, 14, 16, 15, 17, 18, 19, 10, 19, 19, 19, 19, 19, 21,
         22, 19, 22, 26, 27, 25, 28, 22,  0,  0,  0,  0,  0,  0,  0,  0,  0,  0,
          0,  0,  0,  0,  0,  0,  0,  0,  0,  0,  0,  0,  0,  0,  0,  0,  0,  0,
          0,  0,  0,  0,  0,  0,  0,  0,  0,  0,  0,  0,  0,  0,  0,  0,  0,  0,
          0,  0,  0,  0,  0,  0,  0,  0,  0,  0,  0,  0,  0,  0,  0,  0,  0,  0,
          0,  0,  0,  0,  0,  0,  0,  0,  0,  0,  0,  0,  0,  0,  0,  0,  0,  0,
          0,  0,  0,  0,  0,  0,  0,  0,  0,  0,  0,  0,  0,  0,  0,  0,  0,  0,
          0,  0,  0,  0,  0,  0,  0,  0,  0,  0,  0,  0,  0,  0,  0,  0,  0,  0,
          0,  0,  0,  0,  0,  0,  0],
        [ 6,  7, 12, 12,  9, 10, 12, 10, 10, 10, 10, 10, 10, 10, 10, 10, 10, 10,
         10, 10, 10, 10, 14, 15, 16, 17, 18, 19, 10, 19, 15, 20, 17, 18, 19, 19,
         19, 19, 19, 19, 19, 19, 19, 19, 19, 19, 19, 19, 19, 19, 19, 19, 19, 19,
         19, 19, 19, 19, 19, 19, 19, 19, 19, 19, 19, 19, 19, 11, 20,  0,  0,  0,
          0,  0,  0,  0,  0,  0,  0,  0,  0,  0,  0,  0,  0,  0,  0,  0,  0,  0,
          0,  0,  0,  0,  0,  0,  0,  0,  0,  0,  0,  0,  0,  0,  0,  0,  0,  0,
          0,  0,  0,  0,  0,  0,  0,  0,  0,  0,  0,  0,  0,  0,  0,  0,  0,  0,
          0,  0,  0,  0,  0,  0,  0,  0,  0,  0,  0,  0,  0,  0,  0,  0,  0,  0,
          0,  0,  0,  0,  0,  0,  0]])
-----------------------------------------------------------------------------------------
| end of epoch   4 | time: 225.69s | valid acc 19.305%| Best Model from Epoch 3 with 19.225%
-----------------------------------------------------------------------------------------
-----------------------------------------------------------------------------------------
-----------------------------------------------------------------------------------------
| end of epoch   4 | time: 225.69s | valid acc 19.305%| 
-----------------------------------------------------------------------------------------
-----------------------------------------------------------------------------------------
| epoch   5 |     9/   86 batches | lr_step  445 | lr  0.000072 |acc  10.469%| ms/batch 2316.46 | loss 0.0840991 
| epoch   5 |    19/   86 batches | lr_step  455 | lr  0.000073 |acc  11.152%| ms/batch 1979.01 | loss 0.0950803 
| epoch   5 |    29/   86 batches | lr_step  465 | lr  0.000075 |acc  10.996%| ms/batch 2070.64 | loss 0.0916396 
| epoch   5 |    39/   86 batches | lr_step  475 | lr  0.000077 |acc  11.758%| ms/batch 2054.65 | loss 0.0904877 
| epoch   5 |    49/   86 batches | lr_step  485 | lr  0.000078 |acc  12.012%| ms/batch 2295.41 | loss 0.0832576 
| epoch   5 |    59/   86 batches | lr_step  495 | lr  0.000080 |acc  11.367%| ms/batch 2416.87 | loss 0.0795313 
| epoch   5 |    69/   86 batches | lr_step  505 | lr  0.000081 |acc  12.324%| ms/batch 2263.65 | loss 0.0786848 
| epoch   5 |    79/   86 batches | lr_step  515 | lr  0.000083 |acc  12.012%| ms/batch 2337.76 | loss 0.0777683 
Pred: tensor([ 6,  7,  9, 10, 10, 14, 15, 16, 17, 18, 19, 10, 19, 19, 19, 21, 22, 19,
        22, 24, 22, 24, 24, 24, 24, 24, 15, 20, 17, 18, 24, 24, 24, 24, 24, 24,
        24, 21, 22, 24, 22, 22, 22, 27, 25, 26, 28, 22,  0,  0,  0,  0,  0,  0,
         0,  0,  0,  0,  0,  0,  0,  0,  0,  0,  0,  0,  0,  0,  0,  0,  0,  0,
         0,  0,  0,  0,  0,  0,  0,  0,  0,  0,  0,  0,  0,  0,  0,  0,  0,  0,
         0,  0,  0,  0,  0,  0,  0,  0,  0,  0,  0]) and tensor([ 6,  7,  9, 10, 10, 10, 10, 10, 10, 10, 10, 10, 10, 14, 15, 16, 17, 18,
        19, 10, 19, 19, 19, 19, 19, 19, 19, 19, 19, 19, 19, 19, 19, 19, 19, 19,
        19, 20, 15, 17, 18, 19, 19, 19, 19, 19, 19, 19, 19, 19, 19, 19, 19, 19,
        19, 19, 19, 19, 19, 19, 20, 11,  0,  0,  0,  0,  0,  0,  0,  0,  0,  0,
         0,  0,  0,  0,  0,  0,  0,  0,  0,  0,  0,  0,  0,  0,  0,  0,  0,  0,
         0,  0,  0,  0,  0,  0,  0,  0,  0,  0,  0]), tensor([ 6,  7, 12, 12,  9, 10, 12, 10, 10, 10, 10, 10, 14, 15, 16, 17, 18, 19,
        10, 19, 19, 19, 21, 22, 19, 22, 22, 22, 24, 22, 24, 24, 24, 24, 24, 24,
        24, 22, 24, 22, 22, 22, 27, 25, 26, 28, 22,  0,  0,  0,  0,  0,  0,  0,
         0,  0,  0,  0,  0,  0,  0,  0,  0,  0,  0,  0,  0,  0,  0,  0,  0,  0,
         0,  0,  0,  0,  0,  0,  0,  0,  0,  0,  0,  0,  0,  0,  0,  0,  0,  0,
         0,  0,  0,  0,  0,  0,  0,  0,  0,  0,  0])
Tar: tensor([[ 6,  7,  9, 10, 10, 14, 15, 16, 17, 18, 19, 10, 19, 19, 19, 21, 22, 19,
         22, 24, 22, 24, 24, 24, 24, 24, 15, 20, 17, 18, 24, 24, 24, 24, 24, 24,
         24, 21, 22, 24, 22, 22, 22, 25, 27, 26, 28, 22,  0,  0,  0,  0,  0,  0,
          0,  0,  0,  0,  0,  0,  0,  0,  0,  0,  0,  0,  0,  0,  0,  0,  0,  0,
          0,  0,  0,  0,  0,  0,  0,  0,  0,  0,  0,  0,  0,  0,  0,  0,  0,  0,
          0,  0,  0,  0,  0,  0,  0,  0,  0,  0,  0],
        [ 6,  7,  9, 10, 10, 10, 10, 10, 10, 10, 10, 10, 10, 14, 15, 16, 17, 18,
         19, 10, 19, 19, 19, 19, 19, 19, 19, 19, 19, 19, 19, 19, 19, 19, 19, 19,
         19, 15, 20, 17, 18, 19, 19, 19, 19, 19, 19, 19, 19, 19, 19, 19, 19, 19,
         19, 19, 19, 19, 19, 19, 11, 20,  0,  0,  0,  0,  0,  0,  0,  0,  0,  0,
          0,  0,  0,  0,  0,  0,  0,  0,  0,  0,  0,  0,  0,  0,  0,  0,  0,  0,
          0,  0,  0,  0,  0,  0,  0,  0,  0,  0,  0],
        [ 6,  7, 12, 12,  9, 10, 12, 10, 10, 10, 10, 10, 14, 15, 16, 17, 18, 19,
         10, 19, 19, 19, 21, 22, 19, 22, 22, 22, 24, 22, 24, 24, 24, 24, 24, 24,
         24, 22, 24, 22, 22, 22, 27, 26, 28, 25, 22,  0,  0,  0,  0,  0,  0,  0,
          0,  0,  0,  0,  0,  0,  0,  0,  0,  0,  0,  0,  0,  0,  0,  0,  0,  0,
          0,  0,  0,  0,  0,  0,  0,  0,  0,  0,  0,  0,  0,  0,  0,  0,  0,  0,
          0,  0,  0,  0,  0,  0,  0,  0,  0,  0,  0]])
-----------------------------------------------------------------------------------------
| end of epoch   5 | time: 225.85s | valid acc 19.384%| Best Model from Epoch 4 with 19.305%
-----------------------------------------------------------------------------------------
-----------------------------------------------------------------------------------------
-----------------------------------------------------------------------------------------
| end of epoch   5 | time: 225.85s | valid acc 19.384%| 
-----------------------------------------------------------------------------------------
-----------------------------------------------------------------------------------------
| epoch   6 |     9/   86 batches | lr_step  532 | lr  0.000086 |acc  12.637%| ms/batch 2243.13 | loss 0.0771091 
| epoch   6 |    19/   86 batches | lr_step  542 | lr  0.000087 |acc  12.129%| ms/batch 2131.08 | loss 0.0796305 
| epoch   6 |    29/   86 batches | lr_step  552 | lr  0.000089 |acc  12.773%| ms/batch 2414.39 | loss 0.0711076 
| epoch   6 |    39/   86 batches | lr_step  562 | lr  0.000091 |acc  12.812%| ms/batch 2371.75 | loss 0.0759259 
| epoch   6 |    49/   86 batches | lr_step  572 | lr  0.000092 |acc  13.906%| ms/batch 2238.66 | loss 0.0765167 
| epoch   6 |    59/   86 batches | lr_step  582 | lr  0.000094 |acc  13.887%| ms/batch 2332.99 | loss 0.0746144 
| epoch   6 |    69/   86 batches | lr_step  592 | lr  0.000095 |acc  13.750%| ms/batch 2239.41 | loss 0.0727465 
| epoch   6 |    79/   86 batches | lr_step  602 | lr  0.000097 |acc  14.375%| ms/batch 2101.24 | loss 0.0742833 
Pred: tensor([ 6,  7,  9, 10, 10, 10, 10, 10, 10, 14, 15, 16, 17, 18, 19, 10, 19, 20,
        15, 17, 18, 19, 19, 19, 19, 19, 19, 19, 19, 19, 19, 19, 19, 19, 19, 19,
        19, 19, 19, 19, 19, 19, 11, 20,  0,  0,  0,  0,  0,  0,  0,  0,  0,  0,
         0,  0,  0,  0,  0,  0,  0,  0,  0,  0,  0,  0,  0,  0,  0,  0,  0,  0,
         0,  0,  0,  0,  0,  0,  0,  0,  0,  0,  0,  0,  0,  0,  0,  0,  0,  0,
         0,  0,  0,  0]) and tensor([ 6,  7,  9, 10, 10, 14, 15, 16, 17, 18, 19, 10, 19, 19, 19, 19, 19, 21,
        22, 19, 22, 22, 22,  8, 23, 22,  0,  0,  0,  0,  0,  0,  0,  0,  0,  0,
         0,  0,  0,  0,  0,  0,  0,  0,  0,  0,  0,  0,  0,  0,  0,  0,  0,  0,
         0,  0,  0,  0,  0,  0,  0,  0,  0,  0,  0,  0,  0,  0,  0,  0,  0,  0,
         0,  0,  0,  0,  0,  0,  0,  0,  0,  0,  0,  0,  0,  0,  0,  0,  0,  0,
         0,  0,  0,  0]), tensor([ 6,  7,  9, 10, 10, 10, 10, 14, 15, 16, 17, 18, 19, 10, 19, 19, 19, 19,
        19, 21, 22, 19, 22, 24, 22, 24, 24, 24, 24, 24, 22, 24, 22, 22, 22, 22,
        22, 27, 26, 28, 25, 22,  0,  0,  0,  0,  0,  0,  0,  0,  0,  0,  0,  0,
         0,  0,  0,  0,  0,  0,  0,  0,  0,  0,  0,  0,  0,  0,  0,  0,  0,  0,
         0,  0,  0,  0,  0,  0,  0,  0,  0,  0,  0,  0,  0,  0,  0,  0,  0,  0,
         0,  0,  0,  0])
Tar: tensor([[ 6,  7,  9, 10, 10, 10, 10, 10, 10, 14, 16, 15, 17, 18, 19, 10, 19, 15,
         20, 17, 18, 19, 19, 19, 19, 19, 19, 19, 19, 19, 19, 19, 19, 19, 19, 19,
         19, 19, 19, 19, 19, 19, 11, 20,  0,  0,  0,  0,  0,  0,  0,  0,  0,  0,
          0,  0,  0,  0,  0,  0,  0,  0,  0,  0,  0,  0,  0,  0,  0,  0,  0,  0,
          0,  0,  0,  0,  0,  0,  0,  0,  0,  0,  0,  0,  0,  0,  0,  0,  0,  0,
          0,  0,  0,  0],
        [ 6,  7,  9, 10, 10, 14, 16, 15, 17, 18, 19, 10, 19, 19, 19, 19, 19, 21,
         22, 19, 22, 22, 22,  8, 23, 22,  0,  0,  0,  0,  0,  0,  0,  0,  0,  0,
          0,  0,  0,  0,  0,  0,  0,  0,  0,  0,  0,  0,  0,  0,  0,  0,  0,  0,
          0,  0,  0,  0,  0,  0,  0,  0,  0,  0,  0,  0,  0,  0,  0,  0,  0,  0,
          0,  0,  0,  0,  0,  0,  0,  0,  0,  0,  0,  0,  0,  0,  0,  0,  0,  0,
          0,  0,  0,  0],
        [ 6,  7,  9, 10, 10, 10, 10, 14, 16, 15, 17, 18, 19, 10, 19, 19, 19, 19,
         19, 21, 22, 19, 22, 24, 22, 24, 24, 24, 24, 24, 22, 24, 22, 22, 22, 22,
         22, 27, 26, 25, 28, 22,  0,  0,  0,  0,  0,  0,  0,  0,  0,  0,  0,  0,
          0,  0,  0,  0,  0,  0,  0,  0,  0,  0,  0,  0,  0,  0,  0,  0,  0,  0,
          0,  0,  0,  0,  0,  0,  0,  0,  0,  0,  0,  0,  0,  0,  0,  0,  0,  0,
          0,  0,  0,  0]])
-----------------------------------------------------------------------------------------
| end of epoch   6 | time: 229.86s | valid acc 19.065%| Best Model from Epoch 5 with 19.384%
-----------------------------------------------------------------------------------------
| epoch   7 |     9/   86 batches | lr_step  619 | lr  0.000100 |acc  14.453%| ms/batch 2068.59 | loss 0.0767109 
| epoch   7 |    19/   86 batches | lr_step  629 | lr  0.000101 |acc  14.434%| ms/batch 2421.84 | loss 0.0670773 
| epoch   7 |    29/   86 batches | lr_step  639 | lr  0.000103 |acc  14.941%| ms/batch 2000.88 | loss 0.0758271 
| epoch   7 |    39/   86 batches | lr_step  649 | lr  0.000105 |acc  15.234%| ms/batch 2349.09 | loss 0.0682958 
| epoch   7 |    49/   86 batches | lr_step  659 | lr  0.000106 |acc  16.484%| ms/batch 2318.11 | loss 0.0661364 
| epoch   7 |    59/   86 batches | lr_step  669 | lr  0.000108 |acc  16.113%| ms/batch 2566.73 | loss 0.0639354 
| epoch   7 |    69/   86 batches | lr_step  679 | lr  0.000109 |acc  15.566%| ms/batch 2245.61 | loss 0.0660884 
| epoch   7 |    79/   86 batches | lr_step  689 | lr  0.000111 |acc  17.070%| ms/batch 2176.60 | loss 0.0668863 
Pred: tensor([ 6,  7,  9, 10, 10, 14, 15, 16, 17, 18, 19, 10, 19, 19, 19, 23,  8, 19,
         0,  0,  0,  0,  0,  0,  0,  0,  0,  0,  0,  0,  0,  0,  0,  0,  0,  0,
         0,  0,  0,  0,  0,  0,  0,  0,  0,  0,  0,  0,  0,  0,  0,  0,  0,  0,
         0,  0,  0,  0,  0,  0,  0,  0,  0,  0,  0,  0,  0,  0,  0,  0,  0,  0,
         0,  0,  0,  0,  0,  0,  0,  0,  0,  0,  0,  0,  0,  0,  0,  0,  0,  0,
         0,  0]) and tensor([ 6,  7, 12, 12,  9, 10, 12, 10, 10, 10, 14, 15, 16, 17, 18, 19, 10, 19,
        19, 19, 19, 19, 19, 19, 19, 19, 19, 19, 19, 19, 19, 19, 19, 19, 19, 19,
        20, 11,  0,  0,  0,  0,  0,  0,  0,  0,  0,  0,  0,  0,  0,  0,  0,  0,
         0,  0,  0,  0,  0,  0,  0,  0,  0,  0,  0,  0,  0,  0,  0,  0,  0,  0,
         0,  0,  0,  0,  0,  0,  0,  0,  0,  0,  0,  0,  0,  0,  0,  0,  0,  0,
         0,  0]), tensor([ 6,  7,  9, 10, 10, 14, 15, 16, 17, 18, 19, 10, 19, 19, 19, 19, 19, 19,
        19, 19, 19, 19, 19, 19, 19, 19, 19, 21, 22, 19, 22, 27, 26, 28, 25, 22,
         0,  0,  0,  0,  0,  0,  0,  0,  0,  0,  0,  0,  0,  0,  0,  0,  0,  0,
         0,  0,  0,  0,  0,  0,  0,  0,  0,  0,  0,  0,  0,  0,  0,  0,  0,  0,
         0,  0,  0,  0,  0,  0,  0,  0,  0,  0,  0,  0,  0,  0,  0,  0,  0,  0,
         0,  0])
Tar: tensor([[ 6,  7,  9, 10, 10, 14, 15, 16, 17, 18, 19, 10, 19, 19, 19,  8, 23, 19,
          0,  0,  0,  0,  0,  0,  0,  0,  0,  0,  0,  0,  0,  0,  0,  0,  0,  0,
          0,  0,  0,  0,  0,  0,  0,  0,  0,  0,  0,  0,  0,  0,  0,  0,  0,  0,
          0,  0,  0,  0,  0,  0,  0,  0,  0,  0,  0,  0,  0,  0,  0,  0,  0,  0,
          0,  0,  0,  0,  0,  0,  0,  0,  0,  0,  0,  0,  0,  0,  0,  0,  0,  0,
          0,  0],
        [ 6,  7, 12, 12,  9, 10, 12, 10, 10, 10, 14, 16, 15, 17, 18, 19, 10, 19,
         19, 19, 19, 19, 19, 19, 19, 19, 19, 19, 19, 19, 19, 19, 19, 19, 19, 19,
         20, 11,  0,  0,  0,  0,  0,  0,  0,  0,  0,  0,  0,  0,  0,  0,  0,  0,
          0,  0,  0,  0,  0,  0,  0,  0,  0,  0,  0,  0,  0,  0,  0,  0,  0,  0,
          0,  0,  0,  0,  0,  0,  0,  0,  0,  0,  0,  0,  0,  0,  0,  0,  0,  0,
          0,  0],
        [ 6,  7,  9, 10, 10, 14, 15, 16, 17, 18, 19, 10, 19, 19, 19, 19, 19, 19,
         19, 19, 19, 19, 19, 19, 19, 19, 19, 21, 22, 19, 22, 26, 27, 28, 25, 22,
          0,  0,  0,  0,  0,  0,  0,  0,  0,  0,  0,  0,  0,  0,  0,  0,  0,  0,
          0,  0,  0,  0,  0,  0,  0,  0,  0,  0,  0,  0,  0,  0,  0,  0,  0,  0,
          0,  0,  0,  0,  0,  0,  0,  0,  0,  0,  0,  0,  0,  0,  0,  0,  0,  0,
          0,  0]])
-----------------------------------------------------------------------------------------
| end of epoch   7 | time: 231.54s | valid acc 19.944%| Best Model from Epoch 5 with 19.384%
-----------------------------------------------------------------------------------------
-----------------------------------------------------------------------------------------
-----------------------------------------------------------------------------------------
| end of epoch   7 | time: 231.54s | valid acc 19.944%| 
-----------------------------------------------------------------------------------------
-----------------------------------------------------------------------------------------
| epoch   8 |     9/   86 batches | lr_step  706 | lr  0.000114 |acc  17.383%| ms/batch 2178.46 | loss 0.0648573 
| epoch   8 |    19/   86 batches | lr_step  716 | lr  0.000115 |acc  17.832%| ms/batch 2119.05 | loss 0.0663723 
| epoch   8 |    29/   86 batches | lr_step  726 | lr  0.000117 |acc  18.145%| ms/batch 2253.00 | loss 0.0641711 
| epoch   8 |    39/   86 batches | lr_step  736 | lr  0.000119 |acc  18.633%| ms/batch 2048.75 | loss 0.0662511 
| epoch   8 |    49/   86 batches | lr_step  746 | lr  0.000120 |acc  18.398%| ms/batch 2400.13 | loss 0.0582783 
| epoch   8 |    59/   86 batches | lr_step  756 | lr  0.000122 |acc  18.809%| ms/batch 2058.35 | loss 0.0649707 
| epoch   8 |    69/   86 batches | lr_step  766 | lr  0.000123 |acc  19.238%| ms/batch 2499.34 | loss 0.0595996 
| epoch   8 |    79/   86 batches | lr_step  776 | lr  0.000125 |acc  19.414%| ms/batch 2550.32 | loss 0.0556378 
Pred: tensor([ 6,  7,  9, 10, 10, 14, 15, 16, 17, 18, 19, 10, 19, 19, 19, 19, 19, 21,
        22, 19, 22, 27, 25, 26, 28, 22,  0,  0,  0,  0,  0,  0,  0,  0,  0,  0,
         0,  0,  0,  0,  0,  0,  0,  0,  0,  0,  0,  0,  0,  0,  0,  0,  0,  0,
         0,  0,  0,  0,  0,  0,  0,  0,  0,  0,  0,  0,  0,  0,  0,  0,  0,  0,
         0,  0,  0,  0,  0,  0,  0,  0,  0,  0,  0,  0,  0,  0,  0,  0,  0,  0,
         0,  0,  0,  0,  0,  0,  0,  0,  0,  0,  0,  0,  0,  0,  0,  0,  0,  0,
         0,  0,  0,  0,  0,  0,  0,  0,  0,  0]) and tensor([ 6,  7, 12, 12,  9, 10, 12, 10, 10, 10, 10, 10, 10, 10, 14, 15, 16, 17,
        18, 19, 10, 19, 19, 19, 19, 19, 19, 19, 19, 19, 19, 19, 19, 19, 19, 19,
        20, 11,  0,  0,  0,  0,  0,  0,  0,  0,  0,  0,  0,  0,  0,  0,  0,  0,
         0,  0,  0,  0,  0,  0,  0,  0,  0,  0,  0,  0,  0,  0,  0,  0,  0,  0,
         0,  0,  0,  0,  0,  0,  0,  0,  0,  0,  0,  0,  0,  0,  0,  0,  0,  0,
         0,  0,  0,  0,  0,  0,  0,  0,  0,  0,  0,  0,  0,  0,  0,  0,  0,  0,
         0,  0,  0,  0,  0,  0,  0,  0,  0,  0]), tensor([ 6,  7,  9, 10, 10, 10, 10, 10, 10, 14, 15, 16, 17, 18, 19, 10, 19, 19,
        19, 19, 19, 21, 22, 19, 22, 20, 15, 17, 18, 24, 22, 24, 24, 24, 24, 24,
        20, 15, 17, 18, 24, 24, 24, 24, 24, 24, 24, 24, 24, 24, 24, 24, 24, 24,
        24, 24, 24, 24, 24, 24, 24, 24, 24, 24, 24, 24, 24, 24, 24, 24, 24, 24,
        24, 24, 24, 21, 22, 24, 22, 22, 22, 24, 22, 24, 24, 24, 24, 24, 22, 24,
        22, 24, 22, 24, 15, 20, 17, 18, 24, 24, 24, 24, 24, 24, 24, 24, 24, 21,
        22, 24, 22, 22, 22, 27, 26, 28, 25, 22])
Tar: tensor([[ 6,  7,  9, 10, 10, 14, 15, 16, 17, 18, 19, 10, 19, 19, 19, 19, 19, 21,
         22, 19, 22, 25, 27, 26, 28, 22,  0,  0,  0,  0,  0,  0,  0,  0,  0,  0,
          0,  0,  0,  0,  0,  0,  0,  0,  0,  0,  0,  0,  0,  0,  0,  0,  0,  0,
          0,  0,  0,  0,  0,  0,  0,  0,  0,  0,  0,  0,  0,  0,  0,  0,  0,  0,
          0,  0,  0,  0,  0,  0,  0,  0,  0,  0,  0,  0,  0,  0,  0,  0,  0,  0,
          0,  0,  0,  0,  0,  0,  0,  0,  0,  0,  0,  0,  0,  0,  0,  0,  0,  0,
          0,  0,  0,  0,  0,  0,  0,  0,  0,  0],
        [ 6,  7, 12, 12,  9, 10, 12, 10, 10, 10, 10, 10, 10, 10, 14, 16, 15, 17,
         18, 19, 10, 19, 19, 19, 19, 19, 19, 19, 19, 19, 19, 19, 19, 19, 19, 19,
         20, 11,  0,  0,  0,  0,  0,  0,  0,  0,  0,  0,  0,  0,  0,  0,  0,  0,
          0,  0,  0,  0,  0,  0,  0,  0,  0,  0,  0,  0,  0,  0,  0,  0,  0,  0,
          0,  0,  0,  0,  0,  0,  0,  0,  0,  0,  0,  0,  0,  0,  0,  0,  0,  0,
          0,  0,  0,  0,  0,  0,  0,  0,  0,  0,  0,  0,  0,  0,  0,  0,  0,  0,
          0,  0,  0,  0,  0,  0,  0,  0,  0,  0],
        [ 6,  7,  9, 10, 10, 10, 10, 10, 10, 14, 16, 15, 17, 18, 19, 10, 19, 19,
         19, 19, 19, 21, 22, 19, 22, 20, 15, 17, 18, 24, 22, 24, 24, 24, 24, 24,
         20, 15, 17, 18, 24, 24, 24, 24, 24, 24, 24, 24, 24, 24, 24, 24, 24, 24,
         24, 24, 24, 24, 24, 24, 24, 24, 24, 24, 24, 24, 24, 24, 24, 24, 24, 24,
         24, 24, 24, 21, 22, 24, 22, 22, 22, 24, 22, 24, 24, 24, 24, 24, 22, 24,
         22, 24, 22, 24, 20, 15, 17, 18, 24, 24, 24, 24, 24, 24, 24, 24, 24, 21,
         22, 24, 22, 22, 22, 26, 27, 28, 25, 22]])
-----------------------------------------------------------------------------------------
| end of epoch   8 | time: 231.26s | valid acc 19.584%| Best Model from Epoch 7 with 19.944%
-----------------------------------------------------------------------------------------
| epoch   9 |     9/   86 batches | lr_step  793 | lr  0.000128 |acc  20.391%| ms/batch 2325.69 | loss 0.0584113 
| epoch   9 |    19/   86 batches | lr_step  803 | lr  0.000129 |acc  21.309%| ms/batch 2210.04 | loss 0.0584801 
| epoch   9 |    29/   86 batches | lr_step  813 | lr  0.000131 |acc  21.367%| ms/batch 2023.25 | loss 0.0641094 
| epoch   9 |    39/   86 batches | lr_step  823 | lr  0.000133 |acc  21.367%| ms/batch 2554.48 | loss 0.0547917 
| epoch   9 |    49/   86 batches | lr_step  833 | lr  0.000134 |acc  22.539%| ms/batch 2036.46 | loss 0.0598203 
| epoch   9 |    59/   86 batches | lr_step  843 | lr  0.000136 |acc  22.266%| ms/batch 1945.81 | loss 0.0636661 
| epoch   9 |    69/   86 batches | lr_step  853 | lr  0.000137 |acc  22.012%| ms/batch 2116.40 | loss 0.0600866 
| epoch   9 |    79/   86 batches | lr_step  863 | lr  0.000139 |acc  23.379%| ms/batch 2011.15 | loss 0.0610516 
Pred: tensor([ 6,  7,  9, 10, 10, 10, 10, 10, 10, 10, 10, 10, 10, 14, 15, 16, 17, 18,
        19, 10, 19, 19, 19, 19, 19, 19, 19, 19, 19, 19, 19, 19, 19, 21, 22, 19,
        22, 27, 25, 26, 28, 22,  0,  0,  0,  0,  0,  0,  0,  0,  0,  0,  0,  0,
         0,  0,  0,  0,  0,  0,  0,  0,  0,  0,  0,  0,  0,  0,  0,  0,  0,  0,
         0,  0,  0,  0,  0,  0,  0,  0,  0,  0,  0]) and tensor([ 6,  7, 12, 12,  9, 10, 12, 10, 14, 15, 16, 17, 18, 19, 10, 19, 19, 19,
        20, 11, 19,  0,  0,  0,  0,  0,  0,  0,  0,  0,  0,  0,  0,  0,  0,  0,
         0,  0,  0,  0,  0,  0,  0,  0,  0,  0,  0,  0,  0,  0,  0,  0,  0,  0,
         0,  0,  0,  0,  0,  0,  0,  0,  0,  0,  0,  0,  0,  0,  0,  0,  0,  0,
         0,  0,  0,  0,  0,  0,  0,  0,  0,  0,  0]), tensor([ 6,  7,  9, 10, 10, 10, 10, 14, 15, 16, 17, 18, 19, 10, 19, 21, 22, 19,
        22, 24, 22, 24, 24, 24, 22, 24, 22, 23,  8, 22,  0,  0,  0,  0,  0,  0,
         0,  0,  0,  0,  0,  0,  0,  0,  0,  0,  0,  0,  0,  0,  0,  0,  0,  0,
         0,  0,  0,  0,  0,  0,  0,  0,  0,  0,  0,  0,  0,  0,  0,  0,  0,  0,
         0,  0,  0,  0,  0,  0,  0,  0,  0,  0,  0])
Tar: tensor([[ 6,  7,  9, 10, 10, 10, 10, 10, 10, 10, 10, 10, 10, 14, 15, 16, 17, 18,
         19, 10, 19, 19, 19, 19, 19, 19, 19, 19, 19, 19, 19, 19, 19, 21, 22, 19,
         22, 27, 25, 26, 28, 22,  0,  0,  0,  0,  0,  0,  0,  0,  0,  0,  0,  0,
          0,  0,  0,  0,  0,  0,  0,  0,  0,  0,  0,  0,  0,  0,  0,  0,  0,  0,
          0,  0,  0,  0,  0,  0,  0,  0,  0,  0,  0],
        [ 6,  7, 12, 12,  9, 10, 12, 10, 14, 15, 16, 17, 18, 19, 10, 19, 19, 19,
         20, 11, 19,  0,  0,  0,  0,  0,  0,  0,  0,  0,  0,  0,  0,  0,  0,  0,
          0,  0,  0,  0,  0,  0,  0,  0,  0,  0,  0,  0,  0,  0,  0,  0,  0,  0,
          0,  0,  0,  0,  0,  0,  0,  0,  0,  0,  0,  0,  0,  0,  0,  0,  0,  0,
          0,  0,  0,  0,  0,  0,  0,  0,  0,  0,  0],
        [ 6,  7,  9, 10, 10, 10, 10, 14, 16, 15, 17, 18, 19, 10, 19, 21, 22, 19,
         22, 24, 22, 24, 24, 24, 22, 24, 22,  8, 23, 22,  0,  0,  0,  0,  0,  0,
          0,  0,  0,  0,  0,  0,  0,  0,  0,  0,  0,  0,  0,  0,  0,  0,  0,  0,
          0,  0,  0,  0,  0,  0,  0,  0,  0,  0,  0,  0,  0,  0,  0,  0,  0,  0,
          0,  0,  0,  0,  0,  0,  0,  0,  0,  0,  0]])
-----------------------------------------------------------------------------------------
| end of epoch   9 | time: 221.50s | valid acc 19.624%| Best Model from Epoch 7 with 19.944%
-----------------------------------------------------------------------------------------
| epoch  10 |     9/   86 batches | lr_step  880 | lr  0.000142 |acc  23.691%| ms/batch 1905.62 | loss 0.0634213 
| epoch  10 |    19/   86 batches | lr_step  890 | lr  0.000143 |acc  25.449%| ms/batch 2286.64 | loss 0.0543680 
| epoch  10 |    29/   86 batches | lr_step  900 | lr  0.000145 |acc  24.238%| ms/batch 2131.81 | loss 0.0553003 
| epoch  10 |    39/   86 batches | lr_step  910 | lr  0.000147 |acc  25.293%| ms/batch 2215.58 | loss 0.0533352 
| epoch  10 |    49/   86 batches | lr_step  920 | lr  0.000148 |acc  23.809%| ms/batch 2240.93 | loss 0.0533464 
| epoch  10 |    59/   86 batches | lr_step  930 | lr  0.000150 |acc  25.703%| ms/batch 2312.07 | loss 0.0502435 
| epoch  10 |    69/   86 batches | lr_step  940 | lr  0.000151 |acc  25.898%| ms/batch 2591.29 | loss 0.0466876 
| epoch  10 |    79/   86 batches | lr_step  950 | lr  0.000153 |acc  27.852%| ms/batch 2282.61 | loss 0.0502421 
Pred: tensor([ 6,  7,  9, 10, 10, 14, 15, 16, 17, 18, 19, 10, 19, 19, 19, 19, 19, 19,
        19, 19, 19, 19, 19, 19, 19, 21, 22, 19, 22, 22, 22, 22, 22, 22, 22, 22,
        22, 22, 22, 22, 22, 24, 22, 24, 24, 24, 24, 24, 24, 24, 24, 24, 24, 24,
        24, 24, 24, 24, 22, 24,  0,  0,  0,  0,  0,  0,  0,  0,  0,  0,  0,  0,
         0,  0]) and tensor([ 6,  7,  9, 10, 10, 10, 10, 10, 10, 10, 10, 10, 10, 10, 10, 10, 10, 14,
        15, 16, 17, 18, 19, 10, 19, 19, 19, 19, 19, 21, 22, 19, 22, 22, 22, 24,
        22, 24, 24, 24, 24, 24, 24, 24, 24, 24, 11, 20,  0,  0,  0,  0,  0,  0,
         0,  0,  0,  0,  0,  0,  0,  0,  0,  0,  0,  0,  0,  0,  0,  0,  0,  0,
         0,  0]), tensor([ 6,  7, 12, 12,  9, 10, 12, 10, 10, 10, 10, 10, 14, 15, 16, 17, 18, 19,
        10, 19, 19, 19, 19, 19, 21, 22, 19, 22,  8, 23, 22,  0,  0,  0,  0,  0,
         0,  0,  0,  0,  0,  0,  0,  0,  0,  0,  0,  0,  0,  0,  0,  0,  0,  0,
         0,  0,  0,  0,  0,  0,  0,  0,  0,  0,  0,  0,  0,  0,  0,  0,  0,  0,
         0,  0])
Tar: tensor([[ 6,  7,  9, 10, 10, 14, 15, 16, 17, 18, 19, 10, 19, 19, 19, 19, 19, 19,
         19, 19, 19, 19, 19, 19, 19, 21, 22, 19, 22, 22, 22, 22, 22, 22, 22, 22,
         22, 22, 22, 22, 22, 24, 22, 24, 24, 24, 24, 24, 24, 24, 24, 24, 24, 24,
         24, 24, 24, 24, 22, 24,  0,  0,  0,  0,  0,  0,  0,  0,  0,  0,  0,  0,
          0,  0],
        [ 6,  7,  9, 10, 10, 10, 10, 10, 10, 10, 10, 10, 10, 10, 10, 10, 10, 14,
         16, 15, 17, 18, 19, 10, 19, 19, 19, 19, 19, 21, 22, 19, 22, 22, 22, 24,
         22, 24, 24, 24, 24, 24, 24, 24, 24, 24, 20, 11,  0,  0,  0,  0,  0,  0,
          0,  0,  0,  0,  0,  0,  0,  0,  0,  0,  0,  0,  0,  0,  0,  0,  0,  0,
          0,  0],
        [ 6,  7, 12, 12,  9, 10, 12, 10, 10, 10, 10, 10, 14, 15, 16, 17, 18, 19,
         10, 19, 19, 19, 19, 19, 21, 22, 19, 22, 23,  8, 22,  0,  0,  0,  0,  0,
          0,  0,  0,  0,  0,  0,  0,  0,  0,  0,  0,  0,  0,  0,  0,  0,  0,  0,
          0,  0,  0,  0,  0,  0,  0,  0,  0,  0,  0,  0,  0,  0,  0,  0,  0,  0,
          0,  0]])
-----------------------------------------------------------------------------------------
| end of epoch  10 | time: 230.13s | valid acc 18.705%| Best Model from Epoch 7 with 19.944%
-----------------------------------------------------------------------------------------
| epoch  11 |     9/   86 batches | lr_step  967 | lr  0.000156 |acc  27.051%| ms/batch 2098.83 | loss 0.0534815 
| epoch  11 |    19/   86 batches | lr_step  977 | lr  0.000157 |acc  27.754%| ms/batch 2238.43 | loss 0.0492160 
| epoch  11 |    29/   86 batches | lr_step  987 | lr  0.000159 |acc  26.973%| ms/batch 2014.43 | loss 0.0540686 
| epoch  11 |    39/   86 batches | lr_step  997 | lr  0.000161 |acc  28.906%| ms/batch 1849.16 | loss 0.0567460 
| epoch  11 |    49/   86 batches | lr_step  1007 | lr  0.000162 |acc  28.066%| ms/batch 2660.69 | loss 0.0440110 
| epoch  11 |    59/   86 batches | lr_step  1017 | lr  0.000164 |acc  27.852%| ms/batch 2178.92 | loss 0.0517827 
| epoch  11 |    69/   86 batches | lr_step  1027 | lr  0.000166 |acc  29.102%| ms/batch 2536.02 | loss 0.0439350 
| epoch  11 |    79/   86 batches | lr_step  1037 | lr  0.000167 |acc  29.707%| ms/batch 2428.50 | loss 0.0437411 
Pred: tensor([ 6,  7,  9, 10, 10, 10, 10, 10, 10, 10, 10, 10, 10, 10, 10, 10, 10, 14,
        15, 16, 17, 18, 19, 10, 19, 20, 15, 17, 18, 19, 19, 19, 19, 19, 19, 19,
        19, 19, 21, 22, 19, 22, 23,  8, 22,  0,  0,  0,  0,  0,  0,  0,  0,  0,
         0,  0,  0,  0,  0,  0,  0,  0,  0,  0,  0,  0,  0,  0,  0,  0,  0,  0,
         0,  0,  0,  0,  0,  0,  0,  0,  0,  0,  0,  0,  0,  0,  0,  0,  0,  0,
         0]) and tensor([ 6,  7,  9, 10, 10, 10, 10, 14, 15, 16, 17, 18, 19, 10, 19, 21, 22, 19,
        22, 24, 22, 24, 24, 24, 24, 24, 22, 24, 22, 27, 26, 25, 28, 22,  0,  0,
         0,  0,  0,  0,  0,  0,  0,  0,  0,  0,  0,  0,  0,  0,  0,  0,  0,  0,
         0,  0,  0,  0,  0,  0,  0,  0,  0,  0,  0,  0,  0,  0,  0,  0,  0,  0,
         0,  0,  0,  0,  0,  0,  0,  0,  0,  0,  0,  0,  0,  0,  0,  0,  0,  0,
         0]), tensor([ 6,  7,  9, 10, 10, 14, 15, 16, 17, 18, 19, 10, 19, 19, 19, 19, 19, 21,
        22, 19, 22, 24, 22, 24, 24, 24, 22, 24, 22, 23,  8, 22,  0,  0,  0,  0,
         0,  0,  0,  0,  0,  0,  0,  0,  0,  0,  0,  0,  0,  0,  0,  0,  0,  0,
         0,  0,  0,  0,  0,  0,  0,  0,  0,  0,  0,  0,  0,  0,  0,  0,  0,  0,
         0,  0,  0,  0,  0,  0,  0,  0,  0,  0,  0,  0,  0,  0,  0,  0,  0,  0,
         0])
Tar: tensor([[ 6,  7,  9, 10, 10, 10, 10, 10, 10, 10, 10, 10, 10, 10, 10, 10, 10, 14,
         15, 16, 17, 18, 19, 10, 19, 20, 15, 17, 18, 19, 19, 19, 19, 19, 19, 19,
         19, 19, 21, 22, 19, 22,  8, 23, 22,  0,  0,  0,  0,  0,  0,  0,  0,  0,
          0,  0,  0,  0,  0,  0,  0,  0,  0,  0,  0,  0,  0,  0,  0,  0,  0,  0,
          0,  0,  0,  0,  0,  0,  0,  0,  0,  0,  0,  0,  0,  0,  0,  0,  0,  0,
          0],
        [ 6,  7,  9, 10, 10, 10, 10, 14, 16, 15, 17, 18, 19, 10, 19, 21, 22, 19,
         22, 24, 22, 24, 24, 24, 24, 24, 22, 24, 22, 25, 27, 26, 28, 22,  0,  0,
          0,  0,  0,  0,  0,  0,  0,  0,  0,  0,  0,  0,  0,  0,  0,  0,  0,  0,
          0,  0,  0,  0,  0,  0,  0,  0,  0,  0,  0,  0,  0,  0,  0,  0,  0,  0,
          0,  0,  0,  0,  0,  0,  0,  0,  0,  0,  0,  0,  0,  0,  0,  0,  0,  0,
          0],
        [ 6,  7,  9, 10, 10, 14, 16, 15, 17, 18, 19, 10, 19, 19, 19, 19, 19, 21,
         22, 19, 22, 24, 22, 24, 24, 24, 22, 24, 22,  8, 23, 22,  0,  0,  0,  0,
          0,  0,  0,  0,  0,  0,  0,  0,  0,  0,  0,  0,  0,  0,  0,  0,  0,  0,
          0,  0,  0,  0,  0,  0,  0,  0,  0,  0,  0,  0,  0,  0,  0,  0,  0,  0,
          0,  0,  0,  0,  0,  0,  0,  0,  0,  0,  0,  0,  0,  0,  0,  0,  0,  0,
          0]])
-----------------------------------------------------------------------------------------
| end of epoch  11 | time: 227.93s | valid acc 18.465%| Best Model from Epoch 7 with 19.944%
-----------------------------------------------------------------------------------------
| epoch  12 |     9/   86 batches | lr_step  1054 | lr  0.000170 |acc  31.816%| ms/batch 2531.20 | loss 0.0434367 
| epoch  12 |    19/   86 batches | lr_step  1064 | lr  0.000171 |acc  30.781%| ms/batch 2379.76 | loss 0.0440861 
| epoch  12 |    29/   86 batches | lr_step  1074 | lr  0.000173 |acc  31.738%| ms/batch 2263.95 | loss 0.0453051 
| epoch  12 |    39/   86 batches | lr_step  1084 | lr  0.000175 |acc  30.215%| ms/batch 1968.54 | loss 0.0509991 
| epoch  12 |    49/   86 batches | lr_step  1094 | lr  0.000176 |acc  32.930%| ms/batch 2074.15 | loss 0.0480096 
| epoch  12 |    59/   86 batches | lr_step  1104 | lr  0.000178 |acc  31.523%| ms/batch 2218.88 | loss 0.0455771 
| epoch  12 |    69/   86 batches | lr_step  1114 | lr  0.000180 |acc  32.480%| ms/batch 2230.04 | loss 0.0435396 
| epoch  12 |    79/   86 batches | lr_step  1124 | lr  0.000181 |acc  34.395%| ms/batch 2158.23 | loss 0.0446021 
Pred: tensor([ 6,  7,  9, 10, 10, 10, 10, 10, 10, 10, 10, 10, 10, 14, 15, 16, 17, 18,
        19, 10, 19, 19, 19, 19, 19, 19, 19, 19, 19, 19, 19, 19, 19, 19, 19, 19,
        19, 19, 19, 19, 19, 20, 15, 17, 18, 19, 19, 19, 19, 19, 19, 19, 21, 22,
        19, 22, 24, 22, 24, 24, 24, 24, 24, 24, 24, 24, 24, 22, 24, 22, 22, 22,
         8, 23, 22,  0,  0,  0,  0,  0,  0,  0,  0,  0,  0,  0,  0,  0,  0,  0,
         0,  0,  0,  0,  0]) and tensor([ 6,  7, 12, 12,  9, 10, 12, 10, 10, 10, 10, 10, 10, 10, 14, 15, 16, 17,
        18, 19, 10, 19, 19, 19, 21, 22, 19, 22, 24, 22, 24, 24, 24, 24, 24, 24,
        24, 22, 24, 22,  8, 23, 22,  0,  0,  0,  0,  0,  0,  0,  0,  0,  0,  0,
         0,  0,  0,  0,  0,  0,  0,  0,  0,  0,  0,  0,  0,  0,  0,  0,  0,  0,
         0,  0,  0,  0,  0,  0,  0,  0,  0,  0,  0,  0,  0,  0,  0,  0,  0,  0,
         0,  0,  0,  0,  0]), tensor([ 6,  7,  9, 10, 10, 10, 10, 14, 15, 16, 17, 18, 19, 10, 19, 20, 15, 17,
        18, 19, 19, 19, 19, 19, 19, 19, 21, 22, 19, 22, 24, 22, 24, 24, 24, 24,
        24, 24, 24, 24, 24, 24, 24, 24, 24, 24, 24, 20, 15, 17, 18, 24, 24, 24,
        24, 24, 24, 24, 24, 24, 24, 24, 24, 24, 24, 24, 21, 22, 24, 22, 22, 22,
        27, 28, 26, 25, 22,  0,  0,  0,  0,  0,  0,  0,  0,  0,  0,  0,  0,  0,
         0,  0,  0,  0,  0])
Tar: tensor([[ 6,  7,  9, 10, 10, 10, 10, 10, 10, 10, 10, 10, 10, 14, 15, 16, 17, 18,
         19, 10, 19, 19, 19, 19, 19, 19, 19, 19, 19, 19, 19, 19, 19, 19, 19, 19,
         19, 19, 19, 19, 19, 15, 20, 17, 18, 19, 19, 19, 19, 19, 19, 19, 21, 22,
         19, 22, 24, 22, 24, 24, 24, 24, 24, 24, 24, 24, 24, 22, 24, 22, 22, 22,
          8, 23, 22,  0,  0,  0,  0,  0,  0,  0,  0,  0,  0,  0,  0,  0,  0,  0,
          0,  0,  0,  0,  0],
        [ 6,  7, 12, 12,  9, 10, 12, 10, 10, 10, 10, 10, 10, 10, 14, 15, 16, 17,
         18, 19, 10, 19, 19, 19, 21, 22, 19, 22, 24, 22, 24, 24, 24, 24, 24, 24,
         24, 22, 24, 22,  8, 23, 22,  0,  0,  0,  0,  0,  0,  0,  0,  0,  0,  0,
          0,  0,  0,  0,  0,  0,  0,  0,  0,  0,  0,  0,  0,  0,  0,  0,  0,  0,
          0,  0,  0,  0,  0,  0,  0,  0,  0,  0,  0,  0,  0,  0,  0,  0,  0,  0,
          0,  0,  0,  0,  0],
        [ 6,  7,  9, 10, 10, 10, 10, 14, 15, 16, 17, 18, 19, 10, 19, 20, 15, 17,
         18, 19, 19, 19, 19, 19, 19, 19, 21, 22, 19, 22, 24, 22, 24, 24, 24, 24,
         24, 24, 24, 24, 24, 24, 24, 24, 24, 24, 24, 15, 20, 17, 18, 24, 24, 24,
         24, 24, 24, 24, 24, 24, 24, 24, 24, 24, 24, 24, 21, 22, 24, 22, 22, 22,
         27, 25, 26, 28, 22,  0,  0,  0,  0,  0,  0,  0,  0,  0,  0,  0,  0,  0,
          0,  0,  0,  0,  0]])
-----------------------------------------------------------------------------------------
| end of epoch  12 | time: 229.04s | valid acc 18.106%| Best Model from Epoch 7 with 19.944%
-----------------------------------------------------------------------------------------
| epoch  13 |     9/   86 batches | lr_step  1141 | lr  0.000184 |acc  33.926%| ms/batch 2340.55 | loss 0.0407136 
| epoch  13 |    19/   86 batches | lr_step  1151 | lr  0.000185 |acc  35.371%| ms/batch 2041.25 | loss 0.0452749 
| epoch  13 |    29/   86 batches | lr_step  1161 | lr  0.000187 |acc  34.355%| ms/batch 2464.00 | loss 0.0409336 
| epoch  13 |    39/   86 batches | lr_step  1171 | lr  0.000189 |acc  35.117%| ms/batch 2370.97 | loss 0.0396261 
| epoch  13 |    49/   86 batches | lr_step  1181 | lr  0.000190 |acc  36.035%| ms/batch 1934.63 | loss 0.0438714 
| epoch  13 |    59/   86 batches | lr_step  1191 | lr  0.000192 |acc  34.941%| ms/batch 2625.80 | loss 0.0355064 
| epoch  13 |    69/   86 batches | lr_step  1201 | lr  0.000194 |acc  37.090%| ms/batch 1951.00 | loss 0.0452344 
| epoch  13 |    79/   86 batches | lr_step  1211 | lr  0.000195 |acc  35.938%| ms/batch 2234.24 | loss 0.0392028 
Pred: tensor([ 6,  7,  9, 10, 10, 10, 10, 14, 15, 16, 17, 18, 19, 10, 19, 19, 19, 21,
        22, 19, 22, 22, 22, 27, 26, 25, 28, 22,  0,  0,  0,  0,  0,  0,  0,  0,
         0,  0,  0,  0,  0,  0,  0,  0,  0,  0,  0,  0,  0,  0,  0,  0,  0,  0,
         0,  0,  0,  0,  0,  0,  0,  0,  0,  0,  0,  0,  0,  0,  0,  0,  0,  0,
         0,  0,  0,  0,  0,  0,  0,  0,  0,  0,  0,  0,  0,  0,  0,  0,  0,  0,
         0,  0,  0,  0,  0,  0,  0,  0,  0,  0,  0,  0,  0,  0,  0,  0,  0,  0,
         0,  0,  0,  0,  0,  0,  0,  0,  0,  0,  0,  0,  0,  0,  0,  0,  0,  0,
         0,  0,  0,  0,  0,  0,  0,  0,  0,  0,  0]) and tensor([ 6,  7,  9, 10, 10, 10, 10, 10, 10, 14, 15, 16, 17, 18, 19, 10, 19, 19,
        19, 19, 19, 19, 19, 19, 19, 19, 19, 11, 20, 19,  0,  0,  0,  0,  0,  0,
         0,  0,  0,  0,  0,  0,  0,  0,  0,  0,  0,  0,  0,  0,  0,  0,  0,  0,
         0,  0,  0,  0,  0,  0,  0,  0,  0,  0,  0,  0,  0,  0,  0,  0,  0,  0,
         0,  0,  0,  0,  0,  0,  0,  0,  0,  0,  0,  0,  0,  0,  0,  0,  0,  0,
         0,  0,  0,  0,  0,  0,  0,  0,  0,  0,  0,  0,  0,  0,  0,  0,  0,  0,
         0,  0,  0,  0,  0,  0,  0,  0,  0,  0,  0,  0,  0,  0,  0,  0,  0,  0,
         0,  0,  0,  0,  0,  0,  0,  0,  0,  0,  0]), tensor([ 6,  7,  9, 10, 10, 10, 10, 10, 10, 10, 10, 10, 10, 10, 10, 10, 10, 10,
        10, 10, 10, 10, 10, 10, 10, 10, 10, 10, 10, 10, 10, 10, 10, 10, 10, 10,
        10, 10, 10, 14, 15, 16, 17, 18, 19, 10, 19, 19, 19, 19, 19, 19, 19, 19,
        19, 19, 19, 19, 19, 19, 19, 20, 11, 19,  0,  0,  0,  0,  0,  0,  0,  0,
         0,  0,  0,  0,  0,  0,  0,  0,  0,  0,  0,  0,  0,  0,  0,  0,  0,  0,
         0,  0,  0,  0,  0,  0,  0,  0,  0,  0,  0,  0,  0,  0,  0,  0,  0,  0,
         0,  0,  0,  0,  0,  0,  0,  0,  0,  0,  0,  0,  0,  0,  0,  0,  0,  0,
         0,  0,  0,  0,  0,  0,  0,  0,  0,  0,  0])
Tar: tensor([[ 6,  7,  9, 10, 10, 10, 10, 14, 16, 15, 17, 18, 19, 10, 19, 19, 19, 21,
         22, 19, 22, 22, 22, 27, 26, 28, 25, 22,  0,  0,  0,  0,  0,  0,  0,  0,
          0,  0,  0,  0,  0,  0,  0,  0,  0,  0,  0,  0,  0,  0,  0,  0,  0,  0,
          0,  0,  0,  0,  0,  0,  0,  0,  0,  0,  0,  0,  0,  0,  0,  0,  0,  0,
          0,  0,  0,  0,  0,  0,  0,  0,  0,  0,  0,  0,  0,  0,  0,  0,  0,  0,
          0,  0,  0,  0,  0,  0,  0,  0,  0,  0,  0,  0,  0,  0,  0,  0,  0,  0,
          0,  0,  0,  0,  0,  0,  0,  0,  0,  0,  0,  0,  0,  0,  0,  0,  0,  0,
          0,  0,  0,  0,  0,  0,  0,  0,  0,  0,  0],
        [ 6,  7,  9, 10, 10, 10, 10, 10, 10, 14, 15, 16, 17, 18, 19, 10, 19, 19,
         19, 19, 19, 19, 19, 19, 19, 19, 19, 11, 20, 19,  0,  0,  0,  0,  0,  0,
          0,  0,  0,  0,  0,  0,  0,  0,  0,  0,  0,  0,  0,  0,  0,  0,  0,  0,
          0,  0,  0,  0,  0,  0,  0,  0,  0,  0,  0,  0,  0,  0,  0,  0,  0,  0,
          0,  0,  0,  0,  0,  0,  0,  0,  0,  0,  0,  0,  0,  0,  0,  0,  0,  0,
          0,  0,  0,  0,  0,  0,  0,  0,  0,  0,  0,  0,  0,  0,  0,  0,  0,  0,
          0,  0,  0,  0,  0,  0,  0,  0,  0,  0,  0,  0,  0,  0,  0,  0,  0,  0,
          0,  0,  0,  0,  0,  0,  0,  0,  0,  0,  0],
        [ 6,  7,  9, 10, 10, 10, 10, 10, 10, 10, 10, 10, 10, 10, 10, 10, 10, 10,
         10, 10, 10, 10, 10, 10, 10, 10, 10, 10, 10, 10, 10, 10, 10, 10, 10, 10,
         10, 10, 10, 14, 15, 16, 17, 18, 19, 10, 19, 19, 19, 19, 19, 19, 19, 19,
         19, 19, 19, 19, 19, 19, 19, 20, 11, 19,  0,  0,  0,  0,  0,  0,  0,  0,
          0,  0,  0,  0,  0,  0,  0,  0,  0,  0,  0,  0,  0,  0,  0,  0,  0,  0,
          0,  0,  0,  0,  0,  0,  0,  0,  0,  0,  0,  0,  0,  0,  0,  0,  0,  0,
          0,  0,  0,  0,  0,  0,  0,  0,  0,  0,  0,  0,  0,  0,  0,  0,  0,  0,
          0,  0,  0,  0,  0,  0,  0,  0,  0,  0,  0]])
-----------------------------------------------------------------------------------------
| end of epoch  13 | time: 229.18s | valid acc 17.666%| Best Model from Epoch 7 with 19.944%
-----------------------------------------------------------------------------------------
| epoch  14 |     9/   86 batches | lr_step  1228 | lr  0.000198 |acc  37.773%| ms/batch 2059.23 | loss 0.0402010 
| epoch  14 |    19/   86 batches | lr_step  1238 | lr  0.000200 |acc  36.719%| ms/batch 2235.13 | loss 0.0386704 
| epoch  14 |    29/   86 batches | lr_step  1248 | lr  0.000201 |acc  37.988%| ms/batch 2665.98 | loss 0.0354858 
| epoch  14 |    39/   86 batches | lr_step  1258 | lr  0.000203 |acc  39.277%| ms/batch 1937.08 | loss 0.0405527 
| epoch  14 |    49/   86 batches | lr_step  1268 | lr  0.000204 |acc  38.086%| ms/batch 2427.04 | loss 0.0349667 
| epoch  14 |    59/   86 batches | lr_step  1278 | lr  0.000206 |acc  40.820%| ms/batch 2230.94 | loss 0.0361388 
| epoch  14 |    69/   86 batches | lr_step  1288 | lr  0.000208 |acc  39.512%| ms/batch 2124.12 | loss 0.0376476 
| epoch  14 |    79/   86 batches | lr_step  1298 | lr  0.000209 |acc  39.082%| ms/batch 2209.57 | loss 0.0377276 
Pred: tensor([ 6,  7,  9, 10, 10, 10, 10, 10, 10, 10, 10, 14, 15, 16, 17, 18, 19, 10,
        19, 19, 19, 11, 20, 19,  0,  0,  0,  0,  0,  0,  0,  0,  0,  0,  0,  0,
         0,  0,  0,  0,  0,  0,  0,  0,  0,  0,  0,  0,  0,  0,  0,  0,  0,  0,
         0,  0,  0,  0,  0,  0,  0,  0,  0,  0,  0,  0,  0,  0,  0,  0,  0,  0,
         0,  0,  0,  0,  0,  0,  0,  0,  0,  0,  0,  0,  0,  0,  0,  0,  0,  0,
         0,  0]) and tensor([ 6,  7,  9, 10, 10, 10, 10, 10, 10, 10, 10, 10, 10, 14, 15, 16, 17, 18,
        19, 10, 19, 19, 19, 19, 19, 19, 19, 19, 19, 19, 19, 19, 19, 19, 19, 11,
        20,  0,  0,  0,  0,  0,  0,  0,  0,  0,  0,  0,  0,  0,  0,  0,  0,  0,
         0,  0,  0,  0,  0,  0,  0,  0,  0,  0,  0,  0,  0,  0,  0,  0,  0,  0,
         0,  0,  0,  0,  0,  0,  0,  0,  0,  0,  0,  0,  0,  0,  0,  0,  0,  0,
         0,  0]), tensor([ 6,  7, 12, 12,  9, 10, 12, 10, 10, 10, 10, 10, 14, 15, 16, 17, 18, 19,
        10, 19, 19, 19, 19, 19, 19, 19, 19, 19, 19, 19, 19, 19, 19, 19, 11, 20,
        19,  0,  0,  0,  0,  0,  0,  0,  0,  0,  0,  0,  0,  0,  0,  0,  0,  0,
         0,  0,  0,  0,  0,  0,  0,  0,  0,  0,  0,  0,  0,  0,  0,  0,  0,  0,
         0,  0,  0,  0,  0,  0,  0,  0,  0,  0,  0,  0,  0,  0,  0,  0,  0,  0,
         0,  0])
Tar: tensor([[ 6,  7,  9, 10, 10, 10, 10, 10, 10, 10, 10, 14, 16, 15, 17, 18, 19, 10,
         19, 19, 19, 11, 20, 19,  0,  0,  0,  0,  0,  0,  0,  0,  0,  0,  0,  0,
          0,  0,  0,  0,  0,  0,  0,  0,  0,  0,  0,  0,  0,  0,  0,  0,  0,  0,
          0,  0,  0,  0,  0,  0,  0,  0,  0,  0,  0,  0,  0,  0,  0,  0,  0,  0,
          0,  0,  0,  0,  0,  0,  0,  0,  0,  0,  0,  0,  0,  0,  0,  0,  0,  0,
          0,  0],
        [ 6,  7,  9, 10, 10, 10, 10, 10, 10, 10, 10, 10, 10, 14, 15, 16, 17, 18,
         19, 10, 19, 19, 19, 19, 19, 19, 19, 19, 19, 19, 19, 19, 19, 19, 19, 20,
         11,  0,  0,  0,  0,  0,  0,  0,  0,  0,  0,  0,  0,  0,  0,  0,  0,  0,
          0,  0,  0,  0,  0,  0,  0,  0,  0,  0,  0,  0,  0,  0,  0,  0,  0,  0,
          0,  0,  0,  0,  0,  0,  0,  0,  0,  0,  0,  0,  0,  0,  0,  0,  0,  0,
          0,  0],
        [ 6,  7, 12, 12,  9, 10, 12, 10, 10, 10, 10, 10, 14, 15, 16, 17, 18, 19,
         10, 19, 19, 19, 19, 19, 19, 19, 19, 19, 19, 19, 19, 19, 19, 19, 20, 11,
         19,  0,  0,  0,  0,  0,  0,  0,  0,  0,  0,  0,  0,  0,  0,  0,  0,  0,
          0,  0,  0,  0,  0,  0,  0,  0,  0,  0,  0,  0,  0,  0,  0,  0,  0,  0,
          0,  0,  0,  0,  0,  0,  0,  0,  0,  0,  0,  0,  0,  0,  0,  0,  0,  0,
          0,  0]])
-----------------------------------------------------------------------------------------
| end of epoch  14 | time: 228.92s | valid acc 17.906%| Best Model from Epoch 7 with 19.944%
-----------------------------------------------------------------------------------------
| epoch  15 |     9/   86 batches | lr_step  1315 | lr  0.000212 |acc  41.367%| ms/batch 2144.17 | loss 0.0369128 
| epoch  15 |    19/   86 batches | lr_step  1325 | lr  0.000214 |acc  40.508%| ms/batch 2536.62 | loss 0.0317596 
| epoch  15 |    29/   86 batches | lr_step  1335 | lr  0.000215 |acc  40.840%| ms/batch 2156.70 | loss 0.0363234 
| epoch  15 |    39/   86 batches | lr_step  1345 | lr  0.000217 |acc  42.422%| ms/batch 1936.96 | loss 0.0379540 
| epoch  15 |    49/   86 batches | lr_step  1355 | lr  0.000218 |acc  42.031%| ms/batch 2438.41 | loss 0.0330878 
| epoch  15 |    59/   86 batches | lr_step  1365 | lr  0.000220 |acc  42.500%| ms/batch 2046.98 | loss 0.0358258 
| epoch  15 |    69/   86 batches | lr_step  1375 | lr  0.000222 |acc  42.422%| ms/batch 2195.75 | loss 0.0352349 
| epoch  15 |    79/   86 batches | lr_step  1385 | lr  0.000223 |acc  43.418%| ms/batch 2332.37 | loss 0.0330317 
Pred: tensor([ 6,  7,  9, 10, 10, 10, 10, 14, 15, 16, 17, 18, 19, 10, 19, 19, 19, 21,
        22, 19, 22, 22, 22, 24, 22, 24, 24, 24, 24, 24, 24, 24, 24, 24, 24, 24,
        24, 24, 24, 24, 24, 24, 24, 24, 24, 24, 24, 24, 24, 24, 24, 24, 24, 24,
        24, 24, 24, 24, 24, 24, 24, 24, 24, 24, 24, 24, 24, 24, 24, 24, 24, 24,
        24, 24, 24, 24, 24, 24, 24, 24, 24, 24, 24, 24, 24, 24, 24, 24, 24, 24,
        24, 24, 24, 24, 24, 24, 24, 24, 24, 24, 24, 24, 24, 24, 24, 24, 24, 24,
        24, 24, 24, 24, 24, 24, 24, 24, 24, 24, 24, 24, 24, 24, 11, 20, 24]) and tensor([ 6,  7,  9, 10, 10, 10, 10, 10, 10, 10, 10, 14, 15, 16, 17, 18, 19, 10,
        19, 20, 15, 17, 18, 19, 19, 19, 19, 19, 19, 19, 19, 19, 20, 15, 17, 18,
        19, 19, 19, 19, 19, 19, 19, 19, 19, 19, 19, 19, 19, 21, 22, 19, 22, 27,
        26, 25, 28, 22, 29,  0,  0,  0,  0,  0,  0,  0,  0,  0,  0,  0,  0,  0,
         0,  0,  0,  0,  0,  0,  0,  0,  0,  0,  0,  0,  0,  0,  0,  0,  0,  0,
         0,  0,  0,  0,  0,  0,  0,  0,  0,  0,  0,  0,  0,  0,  0,  0,  0,  0,
         0,  0,  0,  0,  0,  0,  0,  0,  0,  0,  0,  0,  0,  0,  0,  0,  0]), tensor([ 6,  7,  9, 10, 10, 14, 15, 16, 17, 18, 19, 10, 19, 19, 19, 19, 19, 19,
        19, 21, 22, 19, 22, 27, 26, 28, 25, 22,  0,  0,  0,  0,  0,  0,  0,  0,
         0,  0,  0,  0,  0,  0,  0,  0,  0,  0,  0,  0,  0,  0,  0,  0,  0,  0,
         0,  0,  0,  0,  0,  0,  0,  0,  0,  0,  0,  0,  0,  0,  0,  0,  0,  0,
         0,  0,  0,  0,  0,  0,  0,  0,  0,  0,  0,  0,  0,  0,  0,  0,  0,  0,
         0,  0,  0,  0,  0,  0,  0,  0,  0,  0,  0,  0,  0,  0,  0,  0,  0,  0,
         0,  0,  0,  0,  0,  0,  0,  0,  0,  0,  0,  0,  0,  0,  0,  0,  0])
Tar: tensor([[ 6,  7,  9, 10, 10, 10, 10, 14, 16, 15, 17, 18, 19, 10, 19, 19, 19, 21,
         22, 19, 22, 22, 22, 24, 22, 24, 24, 24, 24, 24, 24, 24, 24, 24, 24, 24,
         24, 24, 24, 24, 24, 24, 24, 24, 24, 24, 24, 24, 24, 24, 24, 24, 24, 24,
         24, 24, 24, 24, 24, 24, 24, 24, 24, 24, 24, 24, 24, 24, 24, 24, 24, 24,
         24, 24, 24, 24, 24, 24, 24, 24, 24, 24, 24, 24, 24, 24, 24, 24, 24, 24,
         24, 24, 24, 24, 24, 24, 24, 24, 24, 24, 24, 24, 24, 24, 24, 24, 24, 24,
         24, 24, 24, 24, 24, 24, 24, 24, 24, 24, 24, 24, 24, 24, 11, 20, 24],
        [ 6,  7,  9, 10, 10, 10, 10, 10, 10, 10, 10, 14, 16, 15, 17, 18, 19, 10,
         19, 15, 20, 17, 18, 19, 19, 19, 19, 19, 19, 19, 19, 19, 15, 20, 17, 18,
         19, 19, 19, 19, 19, 19, 19, 19, 19, 19, 19, 19, 19, 21, 22, 19, 22, 27,
         26, 25, 28, 22, 29,  0,  0,  0,  0,  0,  0,  0,  0,  0,  0,  0,  0,  0,
          0,  0,  0,  0,  0,  0,  0,  0,  0,  0,  0,  0,  0,  0,  0,  0,  0,  0,
          0,  0,  0,  0,  0,  0,  0,  0,  0,  0,  0,  0,  0,  0,  0,  0,  0,  0,
          0,  0,  0,  0,  0,  0,  0,  0,  0,  0,  0,  0,  0,  0,  0,  0,  0],
        [ 6,  7,  9, 10, 10, 14, 16, 15, 17, 18, 19, 10, 19, 19, 19, 19, 19, 19,
         19, 21, 22, 19, 22, 27, 25, 26, 28, 22,  0,  0,  0,  0,  0,  0,  0,  0,
          0,  0,  0,  0,  0,  0,  0,  0,  0,  0,  0,  0,  0,  0,  0,  0,  0,  0,
          0,  0,  0,  0,  0,  0,  0,  0,  0,  0,  0,  0,  0,  0,  0,  0,  0,  0,
          0,  0,  0,  0,  0,  0,  0,  0,  0,  0,  0,  0,  0,  0,  0,  0,  0,  0,
          0,  0,  0,  0,  0,  0,  0,  0,  0,  0,  0,  0,  0,  0,  0,  0,  0,  0,
          0,  0,  0,  0,  0,  0,  0,  0,  0,  0,  0,  0,  0,  0,  0,  0,  0]])
-----------------------------------------------------------------------------------------
| end of epoch  15 | time: 230.08s | valid acc 17.626%| Best Model from Epoch 7 with 19.944%
-----------------------------------------------------------------------------------------
| epoch  16 |     9/   86 batches | lr_step  1402 | lr  0.000226 |acc  43.242%| ms/batch 2376.26 | loss 0.0311090 
| epoch  16 |    19/   86 batches | lr_step  1412 | lr  0.000228 |acc  46.035%| ms/batch 2349.42 | loss 0.0307530 
| epoch  16 |    29/   86 batches | lr_step  1422 | lr  0.000229 |acc  44.668%| ms/batch 2475.53 | loss 0.0304040 
| epoch  16 |    39/   86 batches | lr_step  1432 | lr  0.000231 |acc  45.137%| ms/batch 1878.69 | loss 0.0354077 
| epoch  16 |    49/   86 batches | lr_step  1442 | lr  0.000232 |acc  44.746%| ms/batch 2160.41 | loss 0.0325527 
| epoch  16 |    59/   86 batches | lr_step  1452 | lr  0.000234 |acc  45.996%| ms/batch 2257.81 | loss 0.0317621 
| epoch  16 |    69/   86 batches | lr_step  1462 | lr  0.000236 |acc  44.688%| ms/batch 2467.21 | loss 0.0279759 
| epoch  16 |    79/   86 batches | lr_step  1472 | lr  0.000237 |acc  46.152%| ms/batch 2147.91 | loss 0.0328312 
Pred: tensor([ 6,  7,  9, 10, 10, 14, 15, 16, 17, 18, 19, 10, 19, 21, 22, 19, 22, 22,
        22, 22, 22, 27, 26, 28, 25, 22,  0,  0,  0,  0,  0,  0,  0,  0,  0,  0,
         0,  0,  0,  0,  0,  0,  0,  0,  0,  0,  0,  0,  0,  0,  0,  0,  0,  0,
         0,  0,  0,  0,  0,  0,  0,  0,  0,  0,  0,  0,  0,  0,  0,  0,  0,  0,
         0,  0,  0,  0,  0,  0,  0,  0,  0,  0,  0,  0,  0,  0,  0,  0,  0,  0,
         0,  0,  0,  0,  0,  0,  0,  0,  0,  0,  0,  0,  0,  0,  0,  0,  0,  0,
         0,  0,  0,  0,  0,  0,  0,  0,  0,  0,  0,  0,  0,  0,  0,  0,  0,  0,
         0,  0,  0,  0,  0,  0,  0]) and tensor([ 6,  7,  9, 10, 10, 14, 15, 16, 17, 18, 19, 10, 19, 19, 19, 19, 19, 21,
        22, 19, 22, 27, 26, 28, 25, 22,  0,  0,  0,  0,  0,  0,  0,  0,  0,  0,
         0,  0,  0,  0,  0,  0,  0,  0,  0,  0,  0,  0,  0,  0,  0,  0,  0,  0,
         0,  0,  0,  0,  0,  0,  0,  0,  0,  0,  0,  0,  0,  0,  0,  0,  0,  0,
         0,  0,  0,  0,  0,  0,  0,  0,  0,  0,  0,  0,  0,  0,  0,  0,  0,  0,
         0,  0,  0,  0,  0,  0,  0,  0,  0,  0,  0,  0,  0,  0,  0,  0,  0,  0,
         0,  0,  0,  0,  0,  0,  0,  0,  0,  0,  0,  0,  0,  0,  0,  0,  0,  0,
         0,  0,  0,  0,  0,  0,  0]), tensor([ 6,  7,  9, 10, 10, 10, 10, 10, 10, 14, 15, 16, 17, 18, 19, 10, 19, 19,
        19, 20, 15, 17, 18, 19, 19, 19, 19, 19, 19, 19, 19, 19, 21, 22, 19, 22,
        27, 26, 28, 25, 22,  0,  0,  0,  0,  0,  0,  0,  0,  0,  0,  0,  0,  0,
         0,  0,  0,  0,  0,  0,  0,  0,  0,  0,  0,  0,  0,  0,  0,  0,  0,  0,
         0,  0,  0,  0,  0,  0,  0,  0,  0,  0,  0,  0,  0,  0,  0,  0,  0,  0,
         0,  0,  0,  0,  0,  0,  0,  0,  0,  0,  0,  0,  0,  0,  0,  0,  0,  0,
         0,  0,  0,  0,  0,  0,  0,  0,  0,  0,  0,  0,  0,  0,  0,  0,  0,  0,
         0,  0,  0,  0,  0,  0,  0])
Tar: tensor([[ 6,  7,  9, 10, 10, 14, 16, 15, 17, 18, 19, 10, 19, 21, 22, 19, 22, 22,
         22, 22, 22, 25, 27, 28, 26, 22,  0,  0,  0,  0,  0,  0,  0,  0,  0,  0,
          0,  0,  0,  0,  0,  0,  0,  0,  0,  0,  0,  0,  0,  0,  0,  0,  0,  0,
          0,  0,  0,  0,  0,  0,  0,  0,  0,  0,  0,  0,  0,  0,  0,  0,  0,  0,
          0,  0,  0,  0,  0,  0,  0,  0,  0,  0,  0,  0,  0,  0,  0,  0,  0,  0,
          0,  0,  0,  0,  0,  0,  0,  0,  0,  0,  0,  0,  0,  0,  0,  0,  0,  0,
          0,  0,  0,  0,  0,  0,  0,  0,  0,  0,  0,  0,  0,  0,  0,  0,  0,  0,
          0,  0,  0,  0,  0,  0,  0],
        [ 6,  7,  9, 10, 10, 14, 15, 16, 17, 18, 19, 10, 19, 19, 19, 19, 19, 21,
         22, 19, 22, 27, 28, 26, 25, 22,  0,  0,  0,  0,  0,  0,  0,  0,  0,  0,
          0,  0,  0,  0,  0,  0,  0,  0,  0,  0,  0,  0,  0,  0,  0,  0,  0,  0,
          0,  0,  0,  0,  0,  0,  0,  0,  0,  0,  0,  0,  0,  0,  0,  0,  0,  0,
          0,  0,  0,  0,  0,  0,  0,  0,  0,  0,  0,  0,  0,  0,  0,  0,  0,  0,
          0,  0,  0,  0,  0,  0,  0,  0,  0,  0,  0,  0,  0,  0,  0,  0,  0,  0,
          0,  0,  0,  0,  0,  0,  0,  0,  0,  0,  0,  0,  0,  0,  0,  0,  0,  0,
          0,  0,  0,  0,  0,  0,  0],
        [ 6,  7,  9, 10, 10, 10, 10, 10, 10, 14, 16, 15, 17, 18, 19, 10, 19, 19,
         19, 20, 15, 17, 18, 19, 19, 19, 19, 19, 19, 19, 19, 19, 21, 22, 19, 22,
         25, 27, 26, 28, 22,  0,  0,  0,  0,  0,  0,  0,  0,  0,  0,  0,  0,  0,
          0,  0,  0,  0,  0,  0,  0,  0,  0,  0,  0,  0,  0,  0,  0,  0,  0,  0,
          0,  0,  0,  0,  0,  0,  0,  0,  0,  0,  0,  0,  0,  0,  0,  0,  0,  0,
          0,  0,  0,  0,  0,  0,  0,  0,  0,  0,  0,  0,  0,  0,  0,  0,  0,  0,
          0,  0,  0,  0,  0,  0,  0,  0,  0,  0,  0,  0,  0,  0,  0,  0,  0,  0,
          0,  0,  0,  0,  0,  0,  0]])
-----------------------------------------------------------------------------------------
| end of epoch  16 | time: 229.92s | valid acc 17.306%| Best Model from Epoch 7 with 19.944%
-----------------------------------------------------------------------------------------
| epoch  17 |     9/   86 batches | lr_step  1489 | lr  0.000240 |acc  46.602%| ms/batch 2564.70 | loss 0.0274797 
| epoch  17 |    19/   86 batches | lr_step  1499 | lr  0.000242 |acc  47.871%| ms/batch 2483.40 | loss 0.0280040 
| epoch  17 |    29/   86 batches | lr_step  1509 | lr  0.000243 |acc  47.363%| ms/batch 1932.66 | loss 0.0328719 
| epoch  17 |    39/   86 batches | lr_step  1519 | lr  0.000245 |acc  48.086%| ms/batch 2334.91 | loss 0.0278479 
| epoch  17 |    49/   86 batches | lr_step  1529 | lr  0.000246 |acc  48.184%| ms/batch 2096.71 | loss 0.0298274 
| epoch  17 |    59/   86 batches | lr_step  1539 | lr  0.000248 |acc  48.711%| ms/batch 2213.20 | loss 0.0292688 
| epoch  17 |    69/   86 batches | lr_step  1549 | lr  0.000250 |acc  48.672%| ms/batch 2401.53 | loss 0.0270992 
| epoch  17 |    79/   86 batches | lr_step  1559 | lr  0.000251 |acc  47.988%| ms/batch 2015.44 | loss 0.0304582 
Pred: tensor([ 6,  7, 12, 12,  9, 10, 12, 10, 14, 15, 16, 17, 18, 19, 10, 19, 19, 19,
        21, 22, 19, 22, 22, 22, 22, 22, 24, 22, 24, 20, 11, 24,  0,  0,  0,  0,
         0,  0,  0,  0,  0,  0,  0,  0,  0,  0,  0,  0,  0,  0,  0,  0,  0,  0,
         0,  0,  0,  0,  0,  0,  0,  0,  0,  0,  0,  0,  0,  0,  0,  0,  0,  0,
         0,  0,  0,  0,  0,  0,  0,  0,  0,  0,  0,  0,  0,  0,  0,  0,  0,  0,
         0,  0,  0,  0]) and tensor([ 6,  7,  9, 10, 10, 10, 10, 10, 10, 14, 15, 16, 17, 18, 19, 10, 19, 19,
        19, 19, 19, 19, 19, 19, 19, 19, 19, 20, 11, 19,  0,  0,  0,  0,  0,  0,
         0,  0,  0,  0,  0,  0,  0,  0,  0,  0,  0,  0,  0,  0,  0,  0,  0,  0,
         0,  0,  0,  0,  0,  0,  0,  0,  0,  0,  0,  0,  0,  0,  0,  0,  0,  0,
         0,  0,  0,  0,  0,  0,  0,  0,  0,  0,  0,  0,  0,  0,  0,  0,  0,  0,
         0,  0,  0,  0]), tensor([ 6,  7,  9, 10, 10, 14, 15, 16, 17, 18, 19, 10, 19, 19, 19, 21, 22, 19,
        22, 22, 22, 27, 26, 28, 25, 22,  0,  0,  0,  0,  0,  0,  0,  0,  0,  0,
         0,  0,  0,  0,  0,  0,  0,  0,  0,  0,  0,  0,  0,  0,  0,  0,  0,  0,
         0,  0,  0,  0,  0,  0,  0,  0,  0,  0,  0,  0,  0,  0,  0,  0,  0,  0,
         0,  0,  0,  0,  0,  0,  0,  0,  0,  0,  0,  0,  0,  0,  0,  0,  0,  0,
         0,  0,  0,  0])
Tar: tensor([[ 6,  7, 12, 12,  9, 10, 12, 10, 14, 15, 16, 17, 18, 19, 10, 19, 19, 19,
         21, 22, 19, 22, 22, 22, 22, 22, 24, 22, 24, 20, 11, 24,  0,  0,  0,  0,
          0,  0,  0,  0,  0,  0,  0,  0,  0,  0,  0,  0,  0,  0,  0,  0,  0,  0,
          0,  0,  0,  0,  0,  0,  0,  0,  0,  0,  0,  0,  0,  0,  0,  0,  0,  0,
          0,  0,  0,  0,  0,  0,  0,  0,  0,  0,  0,  0,  0,  0,  0,  0,  0,  0,
          0,  0,  0,  0],
        [ 6,  7,  9, 10, 10, 10, 10, 10, 10, 14, 15, 16, 17, 18, 19, 10, 19, 19,
         19, 19, 19, 19, 19, 19, 19, 19, 19, 20, 11, 19,  0,  0,  0,  0,  0,  0,
          0,  0,  0,  0,  0,  0,  0,  0,  0,  0,  0,  0,  0,  0,  0,  0,  0,  0,
          0,  0,  0,  0,  0,  0,  0,  0,  0,  0,  0,  0,  0,  0,  0,  0,  0,  0,
          0,  0,  0,  0,  0,  0,  0,  0,  0,  0,  0,  0,  0,  0,  0,  0,  0,  0,
          0,  0,  0,  0],
        [ 6,  7,  9, 10, 10, 14, 15, 16, 17, 18, 19, 10, 19, 19, 19, 21, 22, 19,
         22, 22, 22, 27, 25, 26, 28, 22,  0,  0,  0,  0,  0,  0,  0,  0,  0,  0,
          0,  0,  0,  0,  0,  0,  0,  0,  0,  0,  0,  0,  0,  0,  0,  0,  0,  0,
          0,  0,  0,  0,  0,  0,  0,  0,  0,  0,  0,  0,  0,  0,  0,  0,  0,  0,
          0,  0,  0,  0,  0,  0,  0,  0,  0,  0,  0,  0,  0,  0,  0,  0,  0,  0,
          0,  0,  0,  0]])
-----------------------------------------------------------------------------------------
| end of epoch  17 | time: 230.52s | valid acc 16.986%| Best Model from Epoch 7 with 19.944%
-----------------------------------------------------------------------------------------
| epoch  18 |     9/   86 batches | lr_step  1576 | lr  0.000254 |acc  48.496%| ms/batch 2316.91 | loss 0.0273395 
| epoch  18 |    19/   86 batches | lr_step  1586 | lr  0.000256 |acc  49.570%| ms/batch 2092.36 | loss 0.0279958 
| epoch  18 |    29/   86 batches | lr_step  1596 | lr  0.000257 |acc  50.059%| ms/batch 2277.37 | loss 0.0272705 
| epoch  18 |    39/   86 batches | lr_step  1606 | lr  0.000259 |acc  50.566%| ms/batch 2203.22 | loss 0.0269055 
| epoch  18 |    49/   86 batches | lr_step  1616 | lr  0.000260 |acc  50.742%| ms/batch 2562.50 | loss 0.0245207 
| epoch  18 |    59/   86 batches | lr_step  1626 | lr  0.000262 |acc  50.098%| ms/batch 2203.75 | loss 0.0278820 
| epoch  18 |    69/   86 batches | lr_step  1636 | lr  0.000264 |acc  51.484%| ms/batch 1927.36 | loss 0.0279144 
| epoch  18 |    79/   86 batches | lr_step  1646 | lr  0.000265 |acc  52.773%| ms/batch 2232.15 | loss 0.0256332 
Pred: tensor([ 6,  7,  9, 10, 10, 14, 15, 16, 17, 18, 19, 10, 19, 19, 19, 21, 22, 19,
        22, 27, 26, 28, 25, 22,  0,  0,  0,  0,  0,  0,  0,  0,  0,  0,  0,  0,
         0,  0,  0,  0,  0,  0,  0,  0,  0,  0,  0,  0,  0,  0,  0,  0,  0,  0,
         0,  0,  0,  0,  0,  0,  0,  0,  0,  0,  0,  0,  0,  0,  0,  0,  0,  0,
         0,  0,  0,  0,  0,  0,  0,  0,  0,  0,  0,  0,  0,  0,  0,  0,  0,  0,
         0,  0,  0,  0,  0,  0,  0,  0,  0,  0,  0,  0,  0,  0,  0,  0,  0,  0,
         0,  0,  0]) and tensor([ 6,  7, 12, 12,  9, 10, 12, 10, 10, 10, 14, 15, 16, 17, 18, 19, 10, 19,
        19, 19, 19, 19, 19, 19, 19, 19, 21, 22, 19, 22, 22, 22, 24, 22, 24, 24,
        24, 24, 24, 24, 24, 22, 24, 22, 27, 26, 25, 28, 22,  0,  0,  0,  0,  0,
         0,  0,  0,  0,  0,  0,  0,  0,  0,  0,  0,  0,  0,  0,  0,  0,  0,  0,
         0,  0,  0,  0,  0,  0,  0,  0,  0,  0,  0,  0,  0,  0,  0,  0,  0,  0,
         0,  0,  0,  0,  0,  0,  0,  0,  0,  0,  0,  0,  0,  0,  0,  0,  0,  0,
         0,  0,  0]), tensor([ 6,  7,  9, 10, 10, 10, 10, 14, 15, 16, 17, 18, 19, 10, 19, 19, 19, 19,
        19, 11, 20,  0,  0,  0,  0,  0,  0,  0,  0,  0,  0,  0,  0,  0,  0,  0,
         0,  0,  0,  0,  0,  0,  0,  0,  0,  0,  0,  0,  0,  0,  0,  0,  0,  0,
         0,  0,  0,  0,  0,  0,  0,  0,  0,  0,  0,  0,  0,  0,  0,  0,  0,  0,
         0,  0,  0,  0,  0,  0,  0,  0,  0,  0,  0,  0,  0,  0,  0,  0,  0,  0,
         0,  0,  0,  0,  0,  0,  0,  0,  0,  0,  0,  0,  0,  0,  0,  0,  0,  0,
         0,  0,  0])
Tar: tensor([[ 6,  7,  9, 10, 10, 14, 16, 15, 17, 18, 19, 10, 19, 19, 19, 21, 22, 19,
         22, 27, 25, 26, 28, 22,  0,  0,  0,  0,  0,  0,  0,  0,  0,  0,  0,  0,
          0,  0,  0,  0,  0,  0,  0,  0,  0,  0,  0,  0,  0,  0,  0,  0,  0,  0,
          0,  0,  0,  0,  0,  0,  0,  0,  0,  0,  0,  0,  0,  0,  0,  0,  0,  0,
          0,  0,  0,  0,  0,  0,  0,  0,  0,  0,  0,  0,  0,  0,  0,  0,  0,  0,
          0,  0,  0,  0,  0,  0,  0,  0,  0,  0,  0,  0,  0,  0,  0,  0,  0,  0,
          0,  0,  0],
        [ 6,  7, 12, 12,  9, 10, 12, 10, 10, 10, 14, 15, 16, 17, 18, 19, 10, 19,
         19, 19, 19, 19, 19, 19, 19, 19, 21, 22, 19, 22, 22, 22, 24, 22, 24, 24,
         24, 24, 24, 24, 24, 22, 24, 22, 27, 26, 28, 25, 22,  0,  0,  0,  0,  0,
          0,  0,  0,  0,  0,  0,  0,  0,  0,  0,  0,  0,  0,  0,  0,  0,  0,  0,
          0,  0,  0,  0,  0,  0,  0,  0,  0,  0,  0,  0,  0,  0,  0,  0,  0,  0,
          0,  0,  0,  0,  0,  0,  0,  0,  0,  0,  0,  0,  0,  0,  0,  0,  0,  0,
          0,  0,  0],
        [ 6,  7,  9, 10, 10, 10, 10, 14, 15, 16, 17, 18, 19, 10, 19, 19, 19, 19,
         19, 11, 20,  0,  0,  0,  0,  0,  0,  0,  0,  0,  0,  0,  0,  0,  0,  0,
          0,  0,  0,  0,  0,  0,  0,  0,  0,  0,  0,  0,  0,  0,  0,  0,  0,  0,
          0,  0,  0,  0,  0,  0,  0,  0,  0,  0,  0,  0,  0,  0,  0,  0,  0,  0,
          0,  0,  0,  0,  0,  0,  0,  0,  0,  0,  0,  0,  0,  0,  0,  0,  0,  0,
          0,  0,  0,  0,  0,  0,  0,  0,  0,  0,  0,  0,  0,  0,  0,  0,  0,  0,
          0,  0,  0]])
-----------------------------------------------------------------------------------------
| end of epoch  18 | time: 229.24s | valid acc 17.026%| Best Model from Epoch 7 with 19.944%
-----------------------------------------------------------------------------------------
| epoch  19 |     9/   86 batches | lr_step  1663 | lr  0.000268 |acc  51.973%| ms/batch 2431.46 | loss 0.0245915 
| epoch  19 |    19/   86 batches | lr_step  1673 | lr  0.000270 |acc  52.383%| ms/batch 2147.28 | loss 0.0269041 
| epoch  19 |    29/   86 batches | lr_step  1683 | lr  0.000271 |acc  54.160%| ms/batch 2294.78 | loss 0.0242704 
| epoch  19 |    39/   86 batches | lr_step  1693 | lr  0.000273 |acc  53.555%| ms/batch 2053.91 | loss 0.0258017 
| epoch  19 |    49/   86 batches | lr_step  1703 | lr  0.000274 |acc  54.629%| ms/batch 2135.51 | loss 0.0253217 
| epoch  19 |    59/   86 batches | lr_step  1713 | lr  0.000276 |acc  54.473%| ms/batch 2240.94 | loss 0.0238440 
| epoch  19 |    69/   86 batches | lr_step  1723 | lr  0.000278 |acc  53.320%| ms/batch 2150.95 | loss 0.0251184 
| epoch  19 |    79/   86 batches | lr_step  1733 | lr  0.000279 |acc  53.691%| ms/batch 2070.17 | loss 0.0256163 
Pred: tensor([ 6,  7,  9, 10, 10, 10, 10, 10, 10, 10, 10, 10, 10, 14, 15, 16, 17, 18,
        19, 10, 19, 19, 19, 21, 22, 19, 22,  8, 23, 22,  0,  0,  0,  0,  0,  0,
         0,  0,  0,  0,  0,  0,  0,  0,  0,  0,  0,  0,  0,  0,  0,  0,  0,  0,
         0,  0,  0,  0,  0,  0,  0,  0,  0,  0,  0,  0,  0,  0,  0,  0,  0,  0,
         0,  0,  0,  0,  0,  0,  0,  0,  0,  0,  0,  0]) and tensor([ 6,  7,  9, 10, 10, 14, 15, 16, 17, 18, 19, 10, 19, 19, 19, 19, 19, 19,
        19, 19, 19, 19, 19, 19, 19, 19, 19, 11, 20,  0,  0,  0,  0,  0,  0,  0,
         0,  0,  0,  0,  0,  0,  0,  0,  0,  0,  0,  0,  0,  0,  0,  0,  0,  0,
         0,  0,  0,  0,  0,  0,  0,  0,  0,  0,  0,  0,  0,  0,  0,  0,  0,  0,
         0,  0,  0,  0,  0,  0,  0,  0,  0,  0,  0,  0]), tensor([ 6,  7,  9, 10, 10, 14, 15, 16, 17, 18, 19, 10, 19, 19, 19, 20, 15, 17,
        18, 19, 19, 19, 21, 22, 19, 22, 27, 26, 28, 25, 22,  0,  0,  0,  0,  0,
         0,  0,  0,  0,  0,  0,  0,  0,  0,  0,  0,  0,  0,  0,  0,  0,  0,  0,
         0,  0,  0,  0,  0,  0,  0,  0,  0,  0,  0,  0,  0,  0,  0,  0,  0,  0,
         0,  0,  0,  0,  0,  0,  0,  0,  0,  0,  0,  0])
Tar: tensor([[ 6,  7,  9, 10, 10, 10, 10, 10, 10, 10, 10, 10, 10, 14, 15, 16, 17, 18,
         19, 10, 19, 19, 19, 21, 22, 19, 22, 23,  8, 22,  0,  0,  0,  0,  0,  0,
          0,  0,  0,  0,  0,  0,  0,  0,  0,  0,  0,  0,  0,  0,  0,  0,  0,  0,
          0,  0,  0,  0,  0,  0,  0,  0,  0,  0,  0,  0,  0,  0,  0,  0,  0,  0,
          0,  0,  0,  0,  0,  0,  0,  0,  0,  0,  0,  0],
        [ 6,  7,  9, 10, 10, 14, 16, 15, 17, 18, 19, 10, 19, 19, 19, 19, 19, 19,
         19, 19, 19, 19, 19, 19, 19, 19, 19, 11, 20,  0,  0,  0,  0,  0,  0,  0,
          0,  0,  0,  0,  0,  0,  0,  0,  0,  0,  0,  0,  0,  0,  0,  0,  0,  0,
          0,  0,  0,  0,  0,  0,  0,  0,  0,  0,  0,  0,  0,  0,  0,  0,  0,  0,
          0,  0,  0,  0,  0,  0,  0,  0,  0,  0,  0,  0],
        [ 6,  7,  9, 10, 10, 14, 16, 15, 17, 18, 19, 10, 19, 19, 19, 15, 20, 17,
         18, 19, 19, 19, 21, 22, 19, 22, 27, 26, 25, 28, 22,  0,  0,  0,  0,  0,
          0,  0,  0,  0,  0,  0,  0,  0,  0,  0,  0,  0,  0,  0,  0,  0,  0,  0,
          0,  0,  0,  0,  0,  0,  0,  0,  0,  0,  0,  0,  0,  0,  0,  0,  0,  0,
          0,  0,  0,  0,  0,  0,  0,  0,  0,  0,  0,  0]])
-----------------------------------------------------------------------------------------
| end of epoch  19 | time: 228.59s | valid acc 17.386%| Best Model from Epoch 7 with 19.944%
-----------------------------------------------------------------------------------------
| epoch  20 |     9/   86 batches | lr_step  1750 | lr  0.000282 |acc  57.324%| ms/batch 2035.81 | loss 0.0243261 
| epoch  20 |    19/   86 batches | lr_step  1760 | lr  0.000284 |acc  56.074%| ms/batch 2109.96 | loss 0.0237124 
| epoch  20 |    29/   86 batches | lr_step  1770 | lr  0.000285 |acc  54.688%| ms/batch 2228.64 | loss 0.0232445 
| epoch  20 |    39/   86 batches | lr_step  1780 | lr  0.000287 |acc  56.719%| ms/batch 2635.66 | loss 0.0208405 
| epoch  20 |    49/   86 batches | lr_step  1790 | lr  0.000288 |acc  56.523%| ms/batch 2123.54 | loss 0.0230270 
| epoch  20 |    59/   86 batches | lr_step  1800 | lr  0.000290 |acc  56.133%| ms/batch 2186.92 | loss 0.0230593 
| epoch  20 |    69/   86 batches | lr_step  1810 | lr  0.000292 |acc  56.406%| ms/batch 1877.32 | loss 0.0252158 
| epoch  20 |    79/   86 batches | lr_step  1820 | lr  0.000293 |acc  57.285%| ms/batch 2570.68 | loss 0.0196899 
Pred: tensor([ 6,  7,  9, 10, 10, 14, 15, 16, 17, 18, 19, 10, 19, 21, 22, 19, 22, 24,
        22, 24, 24, 24, 24, 24, 24, 24, 24, 24, 24, 24, 20, 15, 17, 18, 24, 24,
        24, 24, 24, 24, 24, 21, 22, 24, 22, 27, 26, 28, 25, 22,  0,  0,  0,  0,
         0,  0,  0,  0,  0,  0,  0,  0,  0,  0,  0,  0,  0,  0,  0,  0,  0,  0,
         0,  0,  0,  0,  0,  0,  0,  0,  0,  0,  0,  0,  0]) and tensor([ 6,  7, 12, 12,  9, 10, 12, 10, 14, 15, 16, 17, 18, 19, 10, 19, 19, 19,
        19, 19, 19, 19, 19,  0,  0,  0,  0,  0,  0,  0,  0,  0,  0,  0,  0,  0,
         0,  0,  0,  0,  0,  0,  0,  0,  0,  0,  0,  0,  0,  0,  0,  0,  0,  0,
         0,  0,  0,  0,  0,  0,  0,  0,  0,  0,  0,  0,  0,  0,  0,  0,  0,  0,
         0,  0,  0,  0,  0,  0,  0,  0,  0,  0,  0,  0,  0]), tensor([ 6,  7,  9, 10, 10, 10, 10, 10, 10, 10, 10, 10, 10, 14, 15, 16, 17, 18,
        19, 10, 19, 20, 15, 17, 18, 19, 19, 19, 19, 19, 21, 22, 19, 22, 22, 22,
        22, 22, 27, 26, 28, 25, 22,  0,  0,  0,  0,  0,  0,  0,  0,  0,  0,  0,
         0,  0,  0,  0,  0,  0,  0,  0,  0,  0,  0,  0,  0,  0,  0,  0,  0,  0,
         0,  0,  0,  0,  0,  0,  0,  0,  0,  0,  0,  0,  0])
Tar: tensor([[ 6,  7,  9, 10, 10, 14, 15, 16, 17, 18, 19, 10, 19, 21, 22, 19, 22, 24,
         22, 24, 24, 24, 24, 24, 24, 24, 24, 24, 24, 24, 15, 20, 17, 18, 24, 24,
         24, 24, 24, 24, 24, 21, 22, 24, 22, 26, 27, 25, 28, 22,  0,  0,  0,  0,
          0,  0,  0,  0,  0,  0,  0,  0,  0,  0,  0,  0,  0,  0,  0,  0,  0,  0,
          0,  0,  0,  0,  0,  0,  0,  0,  0,  0,  0,  0,  0],
        [ 6,  7, 12, 12,  9, 10, 12, 10, 14, 15, 16, 17, 18, 19, 10, 19, 19, 19,
         19, 19, 19, 19, 19,  0,  0,  0,  0,  0,  0,  0,  0,  0,  0,  0,  0,  0,
          0,  0,  0,  0,  0,  0,  0,  0,  0,  0,  0,  0,  0,  0,  0,  0,  0,  0,
          0,  0,  0,  0,  0,  0,  0,  0,  0,  0,  0,  0,  0,  0,  0,  0,  0,  0,
          0,  0,  0,  0,  0,  0,  0,  0,  0,  0,  0,  0,  0],
        [ 6,  7,  9, 10, 10, 10, 10, 10, 10, 10, 10, 10, 10, 14, 15, 16, 17, 18,
         19, 10, 19, 20, 15, 17, 18, 19, 19, 19, 19, 19, 21, 22, 19, 22, 22, 22,
         22, 22, 27, 26, 25, 28, 22,  0,  0,  0,  0,  0,  0,  0,  0,  0,  0,  0,
          0,  0,  0,  0,  0,  0,  0,  0,  0,  0,  0,  0,  0,  0,  0,  0,  0,  0,
          0,  0,  0,  0,  0,  0,  0,  0,  0,  0,  0,  0,  0]])
-----------------------------------------------------------------------------------------
| end of epoch  20 | time: 227.44s | valid acc 17.226%| Best Model from Epoch 7 with 19.944%
-----------------------------------------------------------------------------------------
| epoch  21 |     9/   86 batches | lr_step  1837 | lr  0.000296 |acc  59.805%| ms/batch 2076.25 | loss 0.0216789 
| epoch  21 |    19/   86 batches | lr_step  1847 | lr  0.000298 |acc  57.187%| ms/batch 1995.78 | loss 0.0232667 
| epoch  21 |    29/   86 batches | lr_step  1857 | lr  0.000299 |acc  58.418%| ms/batch 2405.91 | loss 0.0195856 
| epoch  21 |    39/   86 batches | lr_step  1867 | lr  0.000301 |acc  58.516%| ms/batch 2476.14 | loss 0.0191350 
| epoch  21 |    49/   86 batches | lr_step  1877 | lr  0.000302 |acc  59.473%| ms/batch 2523.82 | loss 0.0187876 
| epoch  21 |    59/   86 batches | lr_step  1887 | lr  0.000304 |acc  58.945%| ms/batch 2218.99 | loss 0.0205854 
| epoch  21 |    69/   86 batches | lr_step  1897 | lr  0.000306 |acc  60.195%| ms/batch 2205.71 | loss 0.0204099 
| epoch  21 |    79/   86 batches | lr_step  1907 | lr  0.000307 |acc  59.570%| ms/batch 2345.43 | loss 0.0201834 
Pred: tensor([ 6,  7,  9, 10, 10, 10, 10, 10, 10, 14, 15, 16, 17, 18, 19, 10, 19, 20,
        15, 17, 18, 19, 19, 19, 19, 19, 20, 15, 17, 18, 19, 19, 19, 21, 22, 19,
        22, 22, 22, 27, 26, 25, 28, 22,  0,  0,  0,  0,  0,  0,  0,  0,  0,  0,
         0,  0,  0,  0,  0,  0,  0,  0,  0,  0,  0,  0,  0,  0,  0,  0,  0,  0,
         0,  0]) and tensor([ 6,  7, 12, 12,  9, 10, 12, 10, 10, 10, 10, 10, 10, 10, 14, 15, 16, 17,
        18, 19, 10, 19, 19, 19, 19, 19, 19, 19, 19, 19, 19, 19, 19, 19, 19, 19,
        19, 19, 21, 22, 19, 22,  8, 23, 22,  0,  0,  0,  0,  0,  0,  0,  0,  0,
         0,  0,  0,  0,  0,  0,  0,  0,  0,  0,  0,  0,  0,  0,  0,  0,  0,  0,
         0,  0]), tensor([ 6,  7,  9, 10, 10, 10, 10, 10, 10, 10, 10, 10, 10, 14, 15, 16, 17, 18,
        19, 10, 19, 19, 19, 19, 19, 19, 19, 21, 22, 19, 22, 22, 22, 22, 22, 24,
        22, 24, 24, 24, 24, 24, 24, 24, 24, 24, 24, 24, 24, 24, 24, 24, 24, 24,
        24, 24, 24, 24, 22, 24, 22, 27, 26, 28, 25, 22,  0,  0,  0,  0,  0,  0,
         0,  0])
Tar: tensor([[ 6,  7,  9, 10, 10, 10, 10, 10, 10, 14, 16, 15, 17, 18, 19, 10, 19, 15,
         20, 17, 18, 19, 19, 19, 19, 19, 15, 20, 17, 18, 19, 19, 19, 21, 22, 19,
         22, 22, 22, 27, 26, 25, 28, 22,  0,  0,  0,  0,  0,  0,  0,  0,  0,  0,
          0,  0,  0,  0,  0,  0,  0,  0,  0,  0,  0,  0,  0,  0,  0,  0,  0,  0,
          0,  0],
        [ 6,  7, 12, 12,  9, 10, 12, 10, 10, 10, 10, 10, 10, 10, 14, 15, 16, 17,
         18, 19, 10, 19, 19, 19, 19, 19, 19, 19, 19, 19, 19, 19, 19, 19, 19, 19,
         19, 19, 21, 22, 19, 22,  8, 23, 22,  0,  0,  0,  0,  0,  0,  0,  0,  0,
          0,  0,  0,  0,  0,  0,  0,  0,  0,  0,  0,  0,  0,  0,  0,  0,  0,  0,
          0,  0],
        [ 6,  7,  9, 10, 10, 10, 10, 10, 10, 10, 10, 10, 10, 14, 15, 16, 17, 18,
         19, 10, 19, 19, 19, 19, 19, 19, 19, 21, 22, 19, 22, 22, 22, 22, 22, 24,
         22, 24, 24, 24, 24, 24, 24, 24, 24, 24, 24, 24, 24, 24, 24, 24, 24, 24,
         24, 24, 24, 24, 22, 24, 22, 27, 26, 25, 28, 22,  0,  0,  0,  0,  0,  0,
          0,  0]])
-----------------------------------------------------------------------------------------
| end of epoch  21 | time: 232.01s | valid acc 16.906%| Best Model from Epoch 7 with 19.944%
-----------------------------------------------------------------------------------------
| epoch  22 |     9/   86 batches | lr_step  1924 | lr  0.000310 |acc  60.020%| ms/batch 2620.07 | loss 0.0178201 
| epoch  22 |    19/   86 batches | lr_step  1934 | lr  0.000312 |acc  59.492%| ms/batch 2221.33 | loss 0.0199349 
| epoch  22 |    29/   86 batches | lr_step  1944 | lr  0.000313 |acc  60.566%| ms/batch 2164.76 | loss 0.0203562 
| epoch  22 |    39/   86 batches | lr_step  1954 | lr  0.000315 |acc  61.504%| ms/batch 1959.08 | loss 0.0205470 
| epoch  22 |    49/   86 batches | lr_step  1964 | lr  0.000317 |acc  60.801%| ms/batch 2259.97 | loss 0.0196445 
| epoch  22 |    59/   86 batches | lr_step  1974 | lr  0.000318 |acc  61.016%| ms/batch 2091.72 | loss 0.0206192 
| epoch  22 |    69/   86 batches | lr_step  1984 | lr  0.000320 |acc  63.105%| ms/batch 2058.05 | loss 0.0188365 
| epoch  22 |    79/   86 batches | lr_step  1994 | lr  0.000321 |acc  62.695%| ms/batch 2386.77 | loss 0.0177381 
Pred: tensor([ 6,  7,  9, 10, 10, 14, 15, 16, 17, 18, 19, 10, 19, 20, 15, 17, 18, 19,
        19, 19, 19, 19, 19, 19, 19, 19, 19, 19, 11, 20, 19,  0,  0,  0,  0,  0,
         0,  0,  0,  0,  0,  0,  0,  0,  0,  0,  0,  0,  0,  0,  0,  0,  0,  0,
         0,  0,  0,  0,  0,  0,  0,  0,  0,  0,  0,  0,  0,  0,  0,  0,  0,  0,
         0,  0,  0,  0,  0,  0,  0,  0,  0,  0,  0,  0,  0,  0,  0,  0,  0,  0,
         0,  0,  0,  0,  0,  0,  0,  0,  0,  0,  0,  0,  0,  0]) and tensor([ 6,  7,  9, 10, 10, 10, 10, 14, 15, 16, 17, 18, 19, 10, 19, 20, 15, 17,
        18, 19, 19, 19, 19, 19, 19, 19, 19, 19, 19, 19, 19, 19, 19, 19, 21, 22,
        19, 22, 22, 22, 22, 22, 22, 22, 27, 26, 28, 25, 22,  0,  0,  0,  0,  0,
         0,  0,  0,  0,  0,  0,  0,  0,  0,  0,  0,  0,  0,  0,  0,  0,  0,  0,
         0,  0,  0,  0,  0,  0,  0,  0,  0,  0,  0,  0,  0,  0,  0,  0,  0,  0,
         0,  0,  0,  0,  0,  0,  0,  0,  0,  0,  0,  0,  0,  0]), tensor([ 6,  7,  9, 10, 10, 14, 15, 16, 17, 18, 19, 10, 19, 19, 19, 19, 19, 19,
        19, 19, 19, 19, 19, 19, 19, 19, 19, 19, 19, 19, 19, 19, 19, 19, 19, 19,
        19, 19, 19, 11, 20, 19,  0,  0,  0,  0,  0,  0,  0,  0,  0,  0,  0,  0,
         0,  0,  0,  0,  0,  0,  0,  0,  0,  0,  0,  0,  0,  0,  0,  0,  0,  0,
         0,  0,  0,  0,  0,  0,  0,  0,  0,  0,  0,  0,  0,  0,  0,  0,  0,  0,
         0,  0,  0,  0,  0,  0,  0,  0,  0,  0,  0,  0,  0,  0])
Tar: tensor([[ 6,  7,  9, 10, 10, 14, 15, 16, 17, 18, 19, 10, 19, 15, 20, 17, 18, 19,
         19, 19, 19, 19, 19, 19, 19, 19, 19, 19, 20, 11, 19,  0,  0,  0,  0,  0,
          0,  0,  0,  0,  0,  0,  0,  0,  0,  0,  0,  0,  0,  0,  0,  0,  0,  0,
          0,  0,  0,  0,  0,  0,  0,  0,  0,  0,  0,  0,  0,  0,  0,  0,  0,  0,
          0,  0,  0,  0,  0,  0,  0,  0,  0,  0,  0,  0,  0,  0,  0,  0,  0,  0,
          0,  0,  0,  0,  0,  0,  0,  0,  0,  0,  0,  0,  0,  0],
        [ 6,  7,  9, 10, 10, 10, 10, 14, 15, 16, 17, 18, 19, 10, 19, 15, 20, 17,
         18, 19, 19, 19, 19, 19, 19, 19, 19, 19, 19, 19, 19, 19, 19, 19, 21, 22,
         19, 22, 22, 22, 22, 22, 22, 22, 26, 27, 28, 25, 22,  0,  0,  0,  0,  0,
          0,  0,  0,  0,  0,  0,  0,  0,  0,  0,  0,  0,  0,  0,  0,  0,  0,  0,
          0,  0,  0,  0,  0,  0,  0,  0,  0,  0,  0,  0,  0,  0,  0,  0,  0,  0,
          0,  0,  0,  0,  0,  0,  0,  0,  0,  0,  0,  0,  0,  0],
        [ 6,  7,  9, 10, 10, 14, 15, 16, 17, 18, 19, 10, 19, 19, 19, 19, 19, 19,
         19, 19, 19, 19, 19, 19, 19, 19, 19, 19, 19, 19, 19, 19, 19, 19, 19, 19,
         19, 19, 19, 11, 20, 19,  0,  0,  0,  0,  0,  0,  0,  0,  0,  0,  0,  0,
          0,  0,  0,  0,  0,  0,  0,  0,  0,  0,  0,  0,  0,  0,  0,  0,  0,  0,
          0,  0,  0,  0,  0,  0,  0,  0,  0,  0,  0,  0,  0,  0,  0,  0,  0,  0,
          0,  0,  0,  0,  0,  0,  0,  0,  0,  0,  0,  0,  0,  0]])
-----------------------------------------------------------------------------------------
| end of epoch  22 | time: 229.15s | valid acc 17.146%| Best Model from Epoch 7 with 19.944%
-----------------------------------------------------------------------------------------
Pred: tensor([ 6,  7,  9, 10, 10, 10, 10, 14, 15, 16, 17, 18, 19, 10, 19, 19, 19, 20,
        15, 17, 18, 19, 19, 19, 19, 19, 19, 19, 19, 19, 19, 19, 19, 19, 19, 19,
        19, 19, 19, 19, 19, 19, 19, 19, 11, 20,  0,  0,  0,  0,  0,  0,  0,  0,
         0,  0,  0,  0,  0,  0,  0,  0,  0,  0,  0,  0,  0,  0,  0,  0,  0,  0,
         0,  0,  0,  0,  0,  0,  0,  0,  0,  0,  0,  0,  0,  0,  0,  0,  0,  0,
         0,  0,  0,  0,  0,  0,  0,  0,  0,  0,  0,  0,  0,  0,  0,  0,  0,  0,
         0,  0,  0,  0,  0,  0,  0,  0,  0,  0,  0,  0,  0,  0,  0,  0,  0,  0,
         0]) and tensor([ 6,  7,  9, 10, 10, 14, 15, 16, 17, 18, 19, 10, 19, 20, 15, 17, 18, 19,
        19, 19, 19, 19, 19, 19, 19, 19, 19, 19, 21, 22, 19, 22, 13, 22, 13, 22,
        13, 22, 22, 22, 24, 22, 24, 24, 24, 23,  8, 24,  0,  0,  0,  0,  0,  0,
         0,  0,  0,  0,  0,  0,  0,  0,  0,  0,  0,  0,  0,  0,  0,  0,  0,  0,
         0,  0,  0,  0,  0,  0,  0,  0,  0,  0,  0,  0,  0,  0,  0,  0,  0,  0,
         0,  0,  0,  0,  0,  0,  0,  0,  0,  0,  0,  0,  0,  0,  0,  0,  0,  0,
         0,  0,  0,  0,  0,  0,  0,  0,  0,  0,  0,  0,  0,  0,  0,  0,  0,  0,
         0]), tensor([ 6,  7,  9, 10, 10, 10, 10, 10, 10, 14, 15, 16, 17, 18, 19, 10, 19, 19,
        19, 19, 19, 19, 19, 19, 19, 19, 19, 19, 19, 19, 19, 19, 19, 19, 19, 19,
        19, 19, 19, 20, 11,  0,  0,  0,  0,  0,  0,  0,  0,  0,  0,  0,  0,  0,
         0,  0,  0,  0,  0,  0,  0,  0,  0,  0,  0,  0,  0,  0,  0,  0,  0,  0,
         0,  0,  0,  0,  0,  0,  0,  0,  0,  0,  0,  0,  0,  0,  0,  0,  0,  0,
         0,  0,  0,  0,  0,  0,  0,  0,  0,  0,  0,  0,  0,  0,  0,  0,  0,  0,
         0,  0,  0,  0,  0,  0,  0,  0,  0,  0,  0,  0,  0,  0,  0,  0,  0,  0,
         0])
Tar: tensor([[ 6,  7,  9, 10, 10, 10, 10, 14, 16, 15, 17, 18, 19, 10, 19, 19, 19, 15,
         20, 17, 18, 19, 19, 19, 19, 19, 19, 19, 19, 19, 19, 19, 19, 19, 19, 19,
         19, 19, 19, 19, 19, 19, 19, 19, 11, 20,  0,  0,  0,  0,  0,  0,  0,  0,
          0,  0,  0,  0,  0,  0,  0,  0,  0,  0,  0,  0,  0,  0,  0,  0,  0,  0,
          0,  0,  0,  0,  0,  0,  0,  0,  0,  0,  0,  0,  0,  0,  0,  0,  0,  0,
          0,  0,  0,  0,  0,  0,  0,  0,  0,  0,  0,  0,  0,  0,  0,  0,  0,  0,
          0,  0,  0,  0,  0,  0,  0,  0,  0,  0,  0,  0,  0,  0,  0,  0,  0,  0,
          0],
        [ 6,  7,  9, 10, 10, 14, 16, 15, 17, 18, 19, 10, 19, 20, 15, 17, 18, 19,
         19, 19, 19, 19, 19, 19, 19, 19, 19, 19, 21, 22, 19, 22, 13, 22, 13, 22,
         13, 22, 22, 22, 24, 22, 24, 24, 24, 23,  8, 24,  0,  0,  0,  0,  0,  0,
          0,  0,  0,  0,  0,  0,  0,  0,  0,  0,  0,  0,  0,  0,  0,  0,  0,  0,
          0,  0,  0,  0,  0,  0,  0,  0,  0,  0,  0,  0,  0,  0,  0,  0,  0,  0,
          0,  0,  0,  0,  0,  0,  0,  0,  0,  0,  0,  0,  0,  0,  0,  0,  0,  0,
          0,  0,  0,  0,  0,  0,  0,  0,  0,  0,  0,  0,  0,  0,  0,  0,  0,  0,
          0],
        [ 6,  7,  9, 10, 10, 10, 10, 10, 10, 14, 15, 16, 17, 18, 19, 10, 19, 19,
         19, 19, 19, 19, 19, 19, 19, 19, 19, 19, 19, 19, 19, 19, 19, 19, 19, 19,
         19, 19, 11, 19, 20,  0,  0,  0,  0,  0,  0,  0,  0,  0,  0,  0,  0,  0,
          0,  0,  0,  0,  0,  0,  0,  0,  0,  0,  0,  0,  0,  0,  0,  0,  0,  0,
          0,  0,  0,  0,  0,  0,  0,  0,  0,  0,  0,  0,  0,  0,  0,  0,  0,  0,
          0,  0,  0,  0,  0,  0,  0,  0,  0,  0,  0,  0,  0,  0,  0,  0,  0,  0,
          0,  0,  0,  0,  0,  0,  0,  0,  0,  0,  0,  0,  0,  0,  0,  0,  0,  0,
          0]])
=========================================================================================
| End of training | test loss 69.00 | test acc 19.62% | Best Model from Epoch 7
=========================================================================================
