-----------------------------------------------------------------------------------------
Parameter Settings:
EIUES:                            0.3
Ratio uncertain traces:           0.995

Type:                             encoder_GREEDY
No. warmup steps:                 8313.036172087905
LR factor                         0.790600551059832 
Embedding dimension:              64
Dimension of feedforward network: 1024
Number of transformer layers:     1
Number of attentions heads:       4
Dropout:                          0.6220489493772147
Total number of epochs:           100
-----------------------------------------------------------------------------------------
| epoch   1 |    99/  402 batches | lr_step  100 | lr  0.000013 |acc  0.000%| ms/batch 35.78 | loss 2.2234855 
| epoch   1 |   199/  402 batches | lr_step  200 | lr  0.000026 |acc  0.016%| ms/batch 29.66 | loss 1.7905698 
| epoch   1 |   299/  402 batches | lr_step  300 | lr  0.000039 |acc  0.156%| ms/batch 39.96 | loss 1.4472432 
| epoch   1 |   399/  402 batches | lr_step  400 | lr  0.000052 |acc  0.297%| ms/batch 30.04 | loss 1.3806578 
Pred: tensor([12, 14, 13, 16, 15,  0,  0], device='cuda:0') and tensor([ 7, 10,  8,  9, 10,  0,  0], device='cuda:0'), tensor([10,  7,  8,  9, 11,  6,  0], device='cuda:0')
Tar: tensor([[12, 14, 13, 16, 15,  0,  0],
        [10,  7,  8,  9, 10,  0,  0],
        [10,  7,  8,  9, 11,  6,  0]], device='cuda:0')
-----------------------------------------------------------------------------------------
| end of epoch   1 | time: 28.59s | valid loss 69.0000000 | valid acc 46.642%| Best Model from Epoch 0 with  -inf%
-----------------------------------------------------------------------------------------
-----------------------------------------------------------------------------------------
-----------------------------------------------------------------------------------------
| end of epoch   1 | time: 28.59s | valid loss 69.0000000 | valid acc 46.642%| 
-----------------------------------------------------------------------------------------
-----------------------------------------------------------------------------------------
| epoch   2 |    99/  402 batches | lr_step  502 | lr  0.000065 |acc  0.391%| ms/batch 38.82 | loss 1.2969553 
| epoch   2 |   199/  402 batches | lr_step  602 | lr  0.000078 |acc  0.312%| ms/batch 29.71 | loss 1.2380702 
| epoch   2 |   299/  402 batches | lr_step  702 | lr  0.000092 |acc  0.234%| ms/batch 29.85 | loss 1.2107724 
| epoch   2 |   399/  402 batches | lr_step  802 | lr  0.000105 |acc  0.297%| ms/batch 30.51 | loss 1.1587818 
Pred: tensor([ 7,  8,  9, 11, 10,  0,  0,  0], device='cuda:0') and tensor([ 6,  8,  9, 10,  0,  0,  0,  0], device='cuda:0'), tensor([14, 12, 13, 16, 15, 17, 13,  0], device='cuda:0')
Tar: tensor([[ 7,  8,  9, 11, 10,  0,  0,  0],
        [ 6,  8,  9, 10,  0,  0,  0,  0],
        [14, 12, 13, 16, 15, 17, 13,  0]], device='cuda:0')
-----------------------------------------------------------------------------------------
| end of epoch   2 | time: 28.06s | valid loss 69.0000000 | valid acc 53.487%| Best Model from Epoch 1 with 46.642%
-----------------------------------------------------------------------------------------
-----------------------------------------------------------------------------------------
-----------------------------------------------------------------------------------------
| end of epoch   2 | time: 28.06s | valid loss 69.0000000 | valid acc 53.487%| 
-----------------------------------------------------------------------------------------
-----------------------------------------------------------------------------------------
| epoch   3 |    99/  402 batches | lr_step  904 | lr  0.000118 |acc  0.250%| ms/batch 27.60 | loss 1.1396052 
| epoch   3 |   199/  402 batches | lr_step  1004 | lr  0.000131 |acc  0.250%| ms/batch 28.98 | loss 1.0994985 
| epoch   3 |   299/  402 batches | lr_step  1104 | lr  0.000144 |acc  0.219%| ms/batch 29.20 | loss 1.0779562 
| epoch   3 |   399/  402 batches | lr_step  1204 | lr  0.000157 |acc  0.328%| ms/batch 30.22 | loss 1.0400619 
Pred: tensor([10,  9, 11,  6,  7,  0,  0,  0,  0], device='cuda:0') and tensor([14, 12, 13, 16, 17,  0,  0,  0,  0], device='cuda:0'), tensor([12, 14, 13, 16, 15,  0,  0,  0,  0], device='cuda:0')
Tar: tensor([[10,  9, 11,  6,  7,  0,  0,  0,  0],
        [14, 12, 13, 16, 17,  0,  0,  0,  0],
        [14, 12, 13, 16, 15,  0,  0,  0,  0]], device='cuda:0')
-----------------------------------------------------------------------------------------
| end of epoch   3 | time: 26.89s | valid loss 69.0000000 | valid acc 51.496%| Best Model from Epoch 2 with 53.487%
-----------------------------------------------------------------------------------------
| epoch   4 |    99/  402 batches | lr_step  1306 | lr  0.000170 |acc  0.328%| ms/batch 38.74 | loss 1.0110010 
| epoch   4 |   199/  402 batches | lr_step  1406 | lr  0.000183 |acc  0.438%| ms/batch 29.57 | loss 1.0064877 
| epoch   4 |   299/  402 batches | lr_step  1506 | lr  0.000196 |acc  0.531%| ms/batch 29.76 | loss 0.9771971 
| epoch   4 |   399/  402 batches | lr_step  1606 | lr  0.000209 |acc  0.562%| ms/batch 29.56 | loss 0.9485166 
Pred: tensor([10,  8,  9,  9,  6,  0,  0], device='cuda:0') and tensor([ 8, 10,  7,  9,  7,  6,  0], device='cuda:0'), tensor([10,  7,  8,  9, 11,  6,  0], device='cuda:0')
Tar: tensor([[10,  8,  9,  6,  9,  0,  0],
        [ 8, 10,  9,  7,  7,  6,  0],
        [10,  7,  8,  9, 11,  6,  0]], device='cuda:0')
-----------------------------------------------------------------------------------------
| end of epoch   4 | time: 27.74s | valid loss 69.0000000 | valid acc 51.858%| Best Model from Epoch 2 with 53.487%
-----------------------------------------------------------------------------------------
| epoch   5 |    99/  402 batches | lr_step  1708 | lr  0.000223 |acc  0.562%| ms/batch 32.71 | loss 0.9333138 
| epoch   5 |   199/  402 batches | lr_step  1808 | lr  0.000236 |acc  0.969%| ms/batch 29.67 | loss 0.9092608 
| epoch   5 |   299/  402 batches | lr_step  1908 | lr  0.000249 |acc  1.219%| ms/batch 38.81 | loss 0.8647517 
| epoch   5 |   399/  402 batches | lr_step  2008 | lr  0.000262 |acc  1.625%| ms/batch 30.03 | loss 0.8570478 
Pred: tensor([ 7, 10,  8,  9,  6,  8,  0], device='cuda:0') and tensor([ 7,  8,  9, 10,  0,  0,  0], device='cuda:0'), tensor([14, 16, 13, 17,  0,  0,  0], device='cuda:0')
Tar: tensor([[10,  7,  8,  9,  6,  8,  0],
        [ 7,  8,  9, 10,  0,  0,  0],
        [14, 16, 13, 17,  0,  0,  0]], device='cuda:0')
-----------------------------------------------------------------------------------------
| end of epoch   5 | time: 27.96s | valid loss 69.0000000 | valid acc 55.245%| Best Model from Epoch 2 with 53.487%
-----------------------------------------------------------------------------------------
-----------------------------------------------------------------------------------------
-----------------------------------------------------------------------------------------
| end of epoch   5 | time: 27.96s | valid loss 69.0000000 | valid acc 55.245%| 
-----------------------------------------------------------------------------------------
-----------------------------------------------------------------------------------------
| epoch   6 |    99/  402 batches | lr_step  2110 | lr  0.000275 |acc  1.812%| ms/batch 29.39 | loss 0.8371524 
| epoch   6 |   199/  402 batches | lr_step  2210 | lr  0.000288 |acc  2.469%| ms/batch 29.42 | loss 0.8049799 
| epoch   6 |   299/  402 batches | lr_step  2310 | lr  0.000301 |acc  3.234%| ms/batch 30.03 | loss 0.7879288 
| epoch   6 |   399/  402 batches | lr_step  2410 | lr  0.000314 |acc  3.641%| ms/batch 32.29 | loss 0.7769442 
Pred: tensor([14, 13, 16, 15, 17,  0,  0,  0], device='cuda:0') and tensor([14, 12, 13, 16, 17, 12, 15,  0], device='cuda:0'), tensor([12, 17, 14, 13, 16, 15,  0,  0], device='cuda:0')
Tar: tensor([[14, 13, 16, 15, 17,  0,  0,  0],
        [14, 12, 13, 16, 17, 12, 15,  0],
        [17, 12, 14, 13, 16, 15,  0,  0]], device='cuda:0')
-----------------------------------------------------------------------------------------
| end of epoch   6 | time: 28.04s | valid loss 69.0000000 | valid acc 59.050%| Best Model from Epoch 5 with 55.245%
-----------------------------------------------------------------------------------------
-----------------------------------------------------------------------------------------
-----------------------------------------------------------------------------------------
| end of epoch   6 | time: 28.04s | valid loss 69.0000000 | valid acc 59.050%| 
-----------------------------------------------------------------------------------------
-----------------------------------------------------------------------------------------
| epoch   7 |    99/  402 batches | lr_step  2512 | lr  0.000328 |acc  4.172%| ms/batch 29.66 | loss 0.7501049 
| epoch   7 |   199/  402 batches | lr_step  2612 | lr  0.000341 |acc  5.172%| ms/batch 32.37 | loss 0.7422079 
| epoch   7 |   299/  402 batches | lr_step  2712 | lr  0.000354 |acc  5.953%| ms/batch 28.24 | loss 0.7137203 
| epoch   7 |   399/  402 batches | lr_step  2812 | lr  0.000367 |acc  5.516%| ms/batch 29.45 | loss 0.7041572 
Pred: tensor([14, 12, 13, 16, 15, 17,  0,  0], device='cuda:0') and tensor([10,  7,  8,  9,  6,  0,  0,  0], device='cuda:0'), tensor([14, 12, 13,  0,  0,  0,  0,  0], device='cuda:0')
Tar: tensor([[14, 12, 13, 16, 15, 17,  0,  0],
        [10,  7,  8,  9,  6,  0,  0,  0],
        [12, 14, 13,  0,  0,  0,  0,  0]], device='cuda:0')
-----------------------------------------------------------------------------------------
| end of epoch   7 | time: 28.24s | valid loss 69.0000000 | valid acc 59.268%| Best Model from Epoch 6 with 59.050%
-----------------------------------------------------------------------------------------
-----------------------------------------------------------------------------------------
-----------------------------------------------------------------------------------------
| end of epoch   7 | time: 28.24s | valid loss 69.0000000 | valid acc 59.268%| 
-----------------------------------------------------------------------------------------
-----------------------------------------------------------------------------------------
| epoch   8 |    99/  402 batches | lr_step  2914 | lr  0.000380 |acc  6.719%| ms/batch 30.18 | loss 0.6878306 
| epoch   8 |   199/  402 batches | lr_step  3014 | lr  0.000393 |acc  7.188%| ms/batch 31.83 | loss 0.6715546 
| epoch   8 |   299/  402 batches | lr_step  3114 | lr  0.000406 |acc  7.688%| ms/batch 29.93 | loss 0.6563536 
| epoch   8 |   399/  402 batches | lr_step  3214 | lr  0.000419 |acc  9.656%| ms/batch 29.94 | loss 0.6344488 
Pred: tensor([14, 12, 13, 16, 17,  0,  0,  0], device='cuda:0') and tensor([14, 13, 15, 16, 12,  0,  0,  0], device='cuda:0'), tensor([ 7,  8, 10,  9, 11,  6,  0,  0], device='cuda:0')
Tar: tensor([[12, 14, 13, 16, 17,  0,  0,  0],
        [14, 15, 13, 16, 12,  0,  0,  0],
        [ 7, 10,  8,  9, 11,  6,  0,  0]], device='cuda:0')
-----------------------------------------------------------------------------------------
| end of epoch   8 | time: 28.04s | valid loss 69.0000000 | valid acc 61.203%| Best Model from Epoch 7 with 59.268%
-----------------------------------------------------------------------------------------
-----------------------------------------------------------------------------------------
-----------------------------------------------------------------------------------------
| end of epoch   8 | time: 28.04s | valid loss 69.0000000 | valid acc 61.203%| 
-----------------------------------------------------------------------------------------
-----------------------------------------------------------------------------------------
| epoch   9 |    99/  402 batches | lr_step  3316 | lr  0.000432 |acc  9.672%| ms/batch 29.37 | loss 0.6210905 
| epoch   9 |   199/  402 batches | lr_step  3416 | lr  0.000445 |acc  11.406%| ms/batch 29.40 | loss 0.6067013 
| epoch   9 |   299/  402 batches | lr_step  3516 | lr  0.000458 |acc  12.703%| ms/batch 28.94 | loss 0.5853524 
| epoch   9 |   399/  402 batches | lr_step  3616 | lr  0.000471 |acc  13.422%| ms/batch 29.29 | loss 0.5823467 
Pred: tensor([10,  7,  9, 11,  8,  0,  0,  0], device='cuda:0') and tensor([10,  7,  8,  9, 11,  6,  0,  0], device='cuda:0'), tensor([ 7,  8, 10,  9, 11,  0,  0,  0], device='cuda:0')
Tar: tensor([[10,  7,  8,  9, 11,  0,  0,  0],
        [10,  7,  8,  9, 11,  6,  0,  0],
        [ 7,  8, 10,  9, 11,  0,  0,  0]], device='cuda:0')
-----------------------------------------------------------------------------------------
| end of epoch   9 | time: 26.44s | valid loss 69.0000000 | valid acc 60.074%| Best Model from Epoch 8 with 61.203%
-----------------------------------------------------------------------------------------
| epoch  10 |    99/  402 batches | lr_step  3718 | lr  0.000485 |acc  14.469%| ms/batch 29.41 | loss 0.5597744 
| epoch  10 |   199/  402 batches | lr_step  3818 | lr  0.000498 |acc  15.234%| ms/batch 29.91 | loss 0.5481045 
| epoch  10 |   299/  402 batches | lr_step  3918 | lr  0.000511 |acc  16.000%| ms/batch 29.69 | loss 0.5358291 
| epoch  10 |   399/  402 batches | lr_step  4018 | lr  0.000524 |acc  16.734%| ms/batch 33.44 | loss 0.5339785 
Pred: tensor([ 7,  8, 10,  9,  6,  0,  0], device='cuda:0') and tensor([10,  7,  8,  9,  6,  0,  0], device='cuda:0'), tensor([ 7,  8, 10,  9, 11,  0,  0], device='cuda:0')
Tar: tensor([[ 7,  8, 10,  9,  6,  0,  0],
        [ 7, 10,  8,  9,  6,  0,  0],
        [ 7, 10,  8,  9, 11,  0,  0]], device='cuda:0')
-----------------------------------------------------------------------------------------
| end of epoch  10 | time: 28.14s | valid loss 69.0000000 | valid acc 57.486%| Best Model from Epoch 8 with 61.203%
-----------------------------------------------------------------------------------------
| epoch  11 |    99/  402 batches | lr_step  4120 | lr  0.000537 |acc  17.172%| ms/batch 29.91 | loss 0.5151162 
| epoch  11 |   199/  402 batches | lr_step  4220 | lr  0.000550 |acc  18.078%| ms/batch 29.55 | loss 0.5085938 
| epoch  11 |   299/  402 batches | lr_step  4320 | lr  0.000563 |acc  18.156%| ms/batch 29.43 | loss 0.5153582 
| epoch  11 |   399/  402 batches | lr_step  4420 | lr  0.000576 |acc  17.875%| ms/batch 20.09 | loss 0.5085132 
Pred: tensor([ 7,  8, 10,  9,  6,  0,  0,  0,  0], device='cuda:0') and tensor([10,  7,  8,  9,  6,  0,  0,  0,  0], device='cuda:0'), tensor([15, 13, 16, 14, 12,  0,  0,  0,  0], device='cuda:0')
Tar: tensor([[ 7,  8, 10,  9,  6,  0,  0,  0,  0],
        [10,  7,  8,  9,  6,  0,  0,  0,  0],
        [15, 13, 16, 14, 12,  0,  0,  0,  0]], device='cuda:0')
-----------------------------------------------------------------------------------------
| end of epoch  11 | time: 26.78s | valid loss 69.0000000 | valid acc 58.284%| Best Model from Epoch 8 with 61.203%
-----------------------------------------------------------------------------------------
| epoch  12 |    99/  402 batches | lr_step  4522 | lr  0.000590 |acc  18.953%| ms/batch 29.24 | loss 0.5083230 
| epoch  12 |   199/  402 batches | lr_step  4622 | lr  0.000603 |acc  20.703%| ms/batch 29.52 | loss 0.4829860 
| epoch  12 |   299/  402 batches | lr_step  4722 | lr  0.000616 |acc  20.844%| ms/batch 29.68 | loss 0.4845017 
| epoch  12 |   399/  402 batches | lr_step  4822 | lr  0.000629 |acc  20.266%| ms/batch 31.99 | loss 0.4840920 
Pred: tensor([14, 12, 13, 16, 15,  0,  0,  0], device='cuda:0') and tensor([10, 11,  8,  9,  7,  6,  0,  0], device='cuda:0'), tensor([ 8,  9, 11,  6,  7,  8,  0,  0], device='cuda:0')
Tar: tensor([[14, 12, 13, 16, 15,  0,  0,  0],
        [10, 11,  8,  9,  7,  6,  0,  0],
        [ 8,  9,  7, 11,  6,  8,  0,  0]], device='cuda:0')
-----------------------------------------------------------------------------------------
| end of epoch  12 | time: 27.41s | valid loss 69.0000000 | valid acc 56.124%| Best Model from Epoch 8 with 61.203%
-----------------------------------------------------------------------------------------
| epoch  13 |    99/  402 batches | lr_step  4924 | lr  0.000642 |acc  21.594%| ms/batch 31.33 | loss 0.4731966 
| epoch  13 |   199/  402 batches | lr_step  5024 | lr  0.000655 |acc  22.859%| ms/batch 33.76 | loss 0.4676156 
| epoch  13 |   299/  402 batches | lr_step  5124 | lr  0.000668 |acc  21.562%| ms/batch 29.33 | loss 0.4762658 
| epoch  13 |   399/  402 batches | lr_step  5224 | lr  0.000681 |acc  22.219%| ms/batch 29.91 | loss 0.4663486 
Pred: tensor([ 7,  8,  9, 11, 10,  0,  0,  0], device='cuda:0') and tensor([12, 14, 13, 15, 16, 12,  0,  0], device='cuda:0'), tensor([10,  7,  8,  9, 10,  0,  0,  0], device='cuda:0')
Tar: tensor([[ 7,  8,  9, 11, 10,  0,  0,  0],
        [14, 12, 13, 15, 12, 16,  0,  0],
        [10,  7,  8,  9, 10,  0,  0,  0]], device='cuda:0')
-----------------------------------------------------------------------------------------
| end of epoch  13 | time: 26.10s | valid loss 69.0000000 | valid acc 58.599%| Best Model from Epoch 8 with 61.203%
-----------------------------------------------------------------------------------------
| epoch  14 |    99/  402 batches | lr_step  5326 | lr  0.000694 |acc  22.391%| ms/batch 30.73 | loss 0.4658651 
| epoch  14 |   199/  402 batches | lr_step  5426 | lr  0.000707 |acc  23.156%| ms/batch 29.94 | loss 0.4689547 
| epoch  14 |   299/  402 batches | lr_step  5526 | lr  0.000721 |acc  24.203%| ms/batch 29.55 | loss 0.4486560 
| epoch  14 |   399/  402 batches | lr_step  5626 | lr  0.000734 |acc  22.812%| ms/batch 29.55 | loss 0.4579645 
Pred: tensor([12, 14, 13, 16, 15,  0,  0,  0], device='cuda:0') and tensor([ 7,  8,  9, 10, 11,  6,  0,  0], device='cuda:0'), tensor([14, 12, 13, 16, 17,  0,  0,  0], device='cuda:0')
Tar: tensor([[12, 14, 13, 16, 15,  0,  0,  0],
        [ 7,  8,  9, 10,  6, 11,  0,  0],
        [14, 12, 13, 16, 17,  0,  0,  0]], device='cuda:0')
-----------------------------------------------------------------------------------------
| end of epoch  14 | time: 27.93s | valid loss 69.0000000 | valid acc 52.923%| Best Model from Epoch 8 with 61.203%
-----------------------------------------------------------------------------------------
| epoch  15 |    99/  402 batches | lr_step  5728 | lr  0.000747 |acc  23.859%| ms/batch 29.91 | loss 0.4542015 
| epoch  15 |   199/  402 batches | lr_step  5828 | lr  0.000760 |acc  24.328%| ms/batch 30.07 | loss 0.4514664 
| epoch  15 |   299/  402 batches | lr_step  5928 | lr  0.000773 |acc  23.891%| ms/batch 30.65 | loss 0.4545341 
| epoch  15 |   399/  402 batches | lr_step  6028 | lr  0.000786 |acc  24.047%| ms/batch 30.74 | loss 0.4490331 
Pred: tensor([15, 14, 13, 16, 17, 12,  0,  0], device='cuda:0') and tensor([10,  7,  8,  9, 11,  6,  7,  7], device='cuda:0'), tensor([10,  7,  8,  9,  6, 11,  0,  0], device='cuda:0')
Tar: tensor([[15, 14, 13, 16, 17, 12,  0,  0],
        [10,  7,  8,  9, 11,  6,  7,  7],
        [10,  7,  8,  9,  6, 11,  0,  0]], device='cuda:0')
-----------------------------------------------------------------------------------------
| end of epoch  15 | time: 27.34s | valid loss 69.0000000 | valid acc 56.970%| Best Model from Epoch 8 with 61.203%
-----------------------------------------------------------------------------------------
| epoch  16 |    99/  402 batches | lr_step  6130 | lr  0.000799 |acc  26.141%| ms/batch 30.34 | loss 0.4384602 
| epoch  16 |   199/  402 batches | lr_step  6230 | lr  0.000812 |acc  25.625%| ms/batch 32.25 | loss 0.4397314 
| epoch  16 |   299/  402 batches | lr_step  6330 | lr  0.000825 |acc  24.344%| ms/batch 25.50 | loss 0.4410851 
| epoch  16 |   399/  402 batches | lr_step  6430 | lr  0.000838 |acc  24.812%| ms/batch 28.93 | loss 0.4493917 
Pred: tensor([14, 12, 13, 16, 17,  0,  0], device='cuda:0') and tensor([ 7,  8, 10,  9, 11,  6,  0], device='cuda:0'), tensor([14, 12, 13, 16, 17,  0,  0], device='cuda:0')
Tar: tensor([[12, 14, 13, 16, 17,  0,  0],
        [ 7,  8, 10,  9, 11,  6,  0],
        [14, 12, 13, 16, 17,  0,  0]], device='cuda:0')
-----------------------------------------------------------------------------------------
| end of epoch  16 | time: 26.76s | valid loss 69.0000000 | valid acc 57.389%| Best Model from Epoch 8 with 61.203%
-----------------------------------------------------------------------------------------
| epoch  17 |    99/  402 batches | lr_step  6532 | lr  0.000852 |acc  26.891%| ms/batch 29.25 | loss 0.4328985 
| epoch  17 |   199/  402 batches | lr_step  6632 | lr  0.000865 |acc  26.547%| ms/batch 30.34 | loss 0.4314995 
| epoch  17 |   299/  402 batches | lr_step  6732 | lr  0.000878 |acc  25.344%| ms/batch 30.36 | loss 0.4416180 
| epoch  17 |   399/  402 batches | lr_step  6832 | lr  0.000891 |acc  25.859%| ms/batch 30.20 | loss 0.4443374 
Pred: tensor([ 7,  8,  9, 10,  6,  0,  0,  0,  0], device='cuda:0') and tensor([14, 13, 16, 13, 12, 15,  0,  0,  0], device='cuda:0'), tensor([10,  8,  9, 11,  0,  0,  0,  0,  0], device='cuda:0')
Tar: tensor([[ 7,  8, 10,  9,  6,  0,  0,  0,  0],
        [14, 13, 16, 12, 13, 15,  0,  0,  0],
        [10,  8,  9, 11,  0,  0,  0,  0,  0]], device='cuda:0')
-----------------------------------------------------------------------------------------
| end of epoch  17 | time: 26.87s | valid loss 69.0000000 | valid acc 59.598%| Best Model from Epoch 8 with 61.203%
-----------------------------------------------------------------------------------------
| epoch  18 |    99/  402 batches | lr_step  6934 | lr  0.000904 |acc  27.219%| ms/batch 29.54 | loss 0.4293150 
| epoch  18 |   199/  402 batches | lr_step  7034 | lr  0.000917 |acc  26.453%| ms/batch 29.43 | loss 0.4360904 
| epoch  18 |   299/  402 batches | lr_step  7134 | lr  0.000930 |acc  26.750%| ms/batch 29.70 | loss 0.4321763 
| epoch  18 |   399/  402 batches | lr_step  7234 | lr  0.000943 |acc  26.859%| ms/batch 29.44 | loss 0.4286500 
Pred: tensor([14, 12, 13, 16, 15, 17,  0], device='cuda:0') and tensor([12, 13, 16, 14, 17,  0,  0], device='cuda:0'), tensor([17, 14, 13, 16, 15, 12,  0], device='cuda:0')
Tar: tensor([[12, 13, 14, 16, 17, 15,  0],
        [12, 13, 16, 14, 17,  0,  0],
        [17, 14, 13, 16, 15, 12,  0]], device='cuda:0')
-----------------------------------------------------------------------------------------
| end of epoch  18 | time: 26.64s | valid loss 69.0000000 | valid acc 63.356%| Best Model from Epoch 8 with 61.203%
-----------------------------------------------------------------------------------------
-----------------------------------------------------------------------------------------
-----------------------------------------------------------------------------------------
| end of epoch  18 | time: 26.64s | valid loss 69.0000000 | valid acc 63.356%| 
-----------------------------------------------------------------------------------------
-----------------------------------------------------------------------------------------
| epoch  19 |    99/  402 batches | lr_step  7336 | lr  0.000957 |acc  26.609%| ms/batch 30.12 | loss 0.4216555 
| epoch  19 |   199/  402 batches | lr_step  7436 | lr  0.000970 |acc  26.484%| ms/batch 29.43 | loss 0.4310993 
| epoch  19 |   299/  402 batches | lr_step  7536 | lr  0.000983 |acc  27.016%| ms/batch 30.94 | loss 0.4324461 
| epoch  19 |   399/  402 batches | lr_step  7636 | lr  0.000996 |acc  27.531%| ms/batch 28.39 | loss 0.4158655 
Pred: tensor([14, 12, 13, 16, 17,  0,  0,  0], device='cuda:0') and tensor([14, 12, 13, 16, 15, 17,  0,  0], device='cuda:0'), tensor([10,  7,  8,  9, 10,  0,  0,  0], device='cuda:0')
Tar: tensor([[12, 14, 13, 16, 17,  0,  0,  0],
        [14, 12, 13, 16, 15, 17,  0,  0],
        [10,  7,  8,  9, 10,  0,  0,  0]], device='cuda:0')
-----------------------------------------------------------------------------------------
| end of epoch  19 | time: 26.87s | valid loss 69.0000000 | valid acc 59.590%| Best Model from Epoch 18 with 63.356%
-----------------------------------------------------------------------------------------
| epoch  20 |    99/  402 batches | lr_step  7738 | lr  0.001009 |acc  26.844%| ms/batch 36.39 | loss 0.4273897 
| epoch  20 |   199/  402 batches | lr_step  7838 | lr  0.001022 |acc  26.953%| ms/batch 32.51 | loss 0.4334907 
| epoch  20 |   299/  402 batches | lr_step  7938 | lr  0.001035 |acc  27.484%| ms/batch 23.96 | loss 0.4159854 
| epoch  20 |   399/  402 batches | lr_step  8038 | lr  0.001048 |acc  26.844%| ms/batch 25.14 | loss 0.4285105 
Pred: tensor([ 7,  8,  9, 10, 11,  0,  0,  0,  0], device='cuda:0') and tensor([10,  7,  8,  9,  6,  0,  0,  0,  0], device='cuda:0'), tensor([10,  7,  8, 11,  0,  0,  0,  0,  0], device='cuda:0')
Tar: tensor([[ 7,  8,  9, 10, 11,  0,  0,  0,  0],
        [10,  7,  8,  9,  6,  0,  0,  0,  0],
        [10,  7,  8, 11,  0,  0,  0,  0,  0]], device='cuda:0')
-----------------------------------------------------------------------------------------
| end of epoch  20 | time: 27.77s | valid loss 69.0000000 | valid acc 58.800%| Best Model from Epoch 18 with 63.356%
-----------------------------------------------------------------------------------------
| epoch  21 |    99/  402 batches | lr_step  8140 | lr  0.001061 |acc  29.156%| ms/batch 30.90 | loss 0.4223667 
| epoch  21 |   199/  402 batches | lr_step  8240 | lr  0.001074 |acc  27.922%| ms/batch 29.52 | loss 0.4207615 
| epoch  21 |   299/  402 batches | lr_step  8340 | lr  0.001082 |acc  28.141%| ms/batch 29.97 | loss 0.4235104 
| epoch  21 |   399/  402 batches | lr_step  8440 | lr  0.001076 |acc  28.000%| ms/batch 29.92 | loss 0.4143098 
Pred: tensor([ 7,  8,  9, 10, 11,  8,  0,  0], device='cuda:0') and tensor([12, 14, 13, 16,  0,  0,  0,  0], device='cuda:0'), tensor([14, 13, 16, 15, 17,  0,  0,  0], device='cuda:0')
Tar: tensor([[ 7,  8,  9, 10, 11,  8,  0,  0],
        [12, 14, 13, 16,  0,  0,  0,  0],
        [14, 13, 16, 15, 17,  0,  0,  0]], device='cuda:0')
-----------------------------------------------------------------------------------------
| end of epoch  21 | time: 26.88s | valid loss 69.0000000 | valid acc 58.260%| Best Model from Epoch 18 with 63.356%
-----------------------------------------------------------------------------------------
| epoch  22 |    99/  402 batches | lr_step  8542 | lr  0.001069 |acc  29.047%| ms/batch 41.47 | loss 0.4139348 
| epoch  22 |   199/  402 batches | lr_step  8642 | lr  0.001063 |acc  28.250%| ms/batch 21.08 | loss 0.4196897 
| epoch  22 |   299/  402 batches | lr_step  8742 | lr  0.001057 |acc  28.359%| ms/batch 27.10 | loss 0.4234343 
| epoch  22 |   399/  402 batches | lr_step  8842 | lr  0.001051 |acc  28.141%| ms/batch 40.53 | loss 0.4167048 
Pred: tensor([12, 13, 16, 14, 17,  0,  0,  0,  0], device='cuda:0') and tensor([ 7, 11,  8,  8, 10,  9,  0,  0,  0], device='cuda:0'), tensor([10,  7,  8,  9, 11, 11,  6,  0,  0], device='cuda:0')
Tar: tensor([[12, 13, 16, 14, 17,  0,  0,  0,  0],
        [ 7, 11,  8,  8, 10,  9,  0,  0,  0],
        [10,  7,  8,  9, 11, 11,  6,  0,  0]], device='cuda:0')
-----------------------------------------------------------------------------------------
| end of epoch  22 | time: 27.37s | valid loss 69.0000000 | valid acc 53.608%| Best Model from Epoch 18 with 63.356%
-----------------------------------------------------------------------------------------
| epoch  23 |    99/  402 batches | lr_step  8944 | lr  0.001045 |acc  28.422%| ms/batch 25.76 | loss 0.4167132 
| epoch  23 |   199/  402 batches | lr_step  9044 | lr  0.001039 |acc  28.234%| ms/batch 28.92 | loss 0.4140863 
| epoch  23 |   299/  402 batches | lr_step  9144 | lr  0.001033 |acc  28.531%| ms/batch 35.87 | loss 0.4232078 
| epoch  23 |   399/  402 batches | lr_step  9244 | lr  0.001028 |acc  28.187%| ms/batch 34.70 | loss 0.4120308 
Pred: tensor([ 7, 10,  8,  9,  6, 11,  0,  0], device='cuda:0') and tensor([10,  7,  8,  9,  6, 11,  0,  0], device='cuda:0'), tensor([12, 13, 16, 13, 15,  0,  0,  0], device='cuda:0')
Tar: tensor([[ 7, 10,  8,  9,  6, 11,  0,  0],
        [10,  7,  8,  9, 11,  6,  0,  0],
        [12, 16, 13, 13, 15,  0,  0,  0]], device='cuda:0')
-----------------------------------------------------------------------------------------
| end of epoch  23 | time: 26.36s | valid loss 69.0000000 | valid acc 55.261%| Best Model from Epoch 18 with 63.356%
-----------------------------------------------------------------------------------------
| epoch  24 |    99/  402 batches | lr_step  9346 | lr  0.001022 |acc  27.859%| ms/batch  8.20 | loss 0.4200974 
| epoch  24 |   199/  402 batches | lr_step  9446 | lr  0.001017 |acc  28.297%| ms/batch  8.93 | loss 0.4182000 
| epoch  24 |   299/  402 batches | lr_step  9546 | lr  0.001011 |acc  28.719%| ms/batch 15.74 | loss 0.4147820 
| epoch  24 |   399/  402 batches | lr_step  9646 | lr  0.001006 |acc  29.281%| ms/batch  9.37 | loss 0.4117930 
Pred: tensor([10,  7,  8,  9, 11,  6,  0,  0], device='cuda:0') and tensor([14, 12, 13, 16,  0,  0,  0,  0], device='cuda:0'), tensor([10,  7,  8,  9, 11,  6,  0,  0], device='cuda:0')
Tar: tensor([[10,  7,  8,  9,  6, 11,  0,  0],
        [14, 12, 13, 16,  0,  0,  0,  0],
        [10,  7,  8,  9, 11,  6,  0,  0]], device='cuda:0')
-----------------------------------------------------------------------------------------
| end of epoch  24 | time: 11.03s | valid loss 69.0000000 | valid acc 58.905%| Best Model from Epoch 18 with 63.356%
-----------------------------------------------------------------------------------------
| epoch  25 |    99/  402 batches | lr_step  9748 | lr  0.001001 |acc  28.984%| ms/batch 11.01 | loss 0.4162274 
| epoch  25 |   199/  402 batches | lr_step  9848 | lr  0.000996 |acc  29.031%| ms/batch 15.19 | loss 0.4170147 
| epoch  25 |   299/  402 batches | lr_step  9948 | lr  0.000991 |acc  29.844%| ms/batch  7.81 | loss 0.4105537 
| epoch  25 |   399/  402 batches | lr_step  10048 | lr  0.000986 |acc  28.984%| ms/batch 16.64 | loss 0.4145766 
Pred: tensor([10,  7,  8,  9,  6,  0,  0], device='cuda:0') and tensor([14, 12, 13, 16, 17,  0,  0], device='cuda:0'), tensor([ 7, 10,  8, 11,  6,  0,  0], device='cuda:0')
Tar: tensor([[10,  7,  8,  9,  6,  0,  0],
        [12, 14, 13, 16, 17,  0,  0],
        [ 7, 10,  8,  6, 11,  0,  0]], device='cuda:0')
-----------------------------------------------------------------------------------------
| end of epoch  25 | time: 10.99s | valid loss 69.0000000 | valid acc 63.259%| Best Model from Epoch 18 with 63.356%
-----------------------------------------------------------------------------------------
| epoch  26 |    99/  402 batches | lr_step  10150 | lr  0.000981 |acc  29.188%| ms/batch  9.53 | loss 0.4157885 
| epoch  26 |   199/  402 batches | lr_step  10250 | lr  0.000976 |acc  29.266%| ms/batch 15.69 | loss 0.4182280 
| epoch  26 |   299/  402 batches | lr_step  10350 | lr  0.000971 |acc  29.609%| ms/batch 10.94 | loss 0.4097766 
| epoch  26 |   399/  402 batches | lr_step  10450 | lr  0.000967 |acc  29.594%| ms/batch 16.27 | loss 0.4095672 
Pred: tensor([12, 15, 13, 14, 16, 15, 14, 15], device='cuda:0') and tensor([ 7, 10,  8,  9, 11,  0,  0,  0], device='cuda:0'), tensor([ 7,  8, 10,  9,  6, 10,  0,  0], device='cuda:0')
Tar: tensor([[15, 12, 14, 13, 16, 14, 15, 15],
        [ 7, 10,  8,  9, 11,  0,  0,  0],
        [ 7,  8, 10,  9,  6, 10,  0,  0]], device='cuda:0')
-----------------------------------------------------------------------------------------
| end of epoch  26 | time: 11.68s | valid loss 69.0000000 | valid acc 55.124%| Best Model from Epoch 18 with 63.356%
-----------------------------------------------------------------------------------------
| epoch  27 |    99/  402 batches | lr_step  10552 | lr  0.000962 |acc  29.953%| ms/batch 17.40 | loss 0.4113177 
| epoch  27 |   199/  402 batches | lr_step  10652 | lr  0.000958 |acc  29.469%| ms/batch 39.75 | loss 0.4028510 
| epoch  27 |   299/  402 batches | lr_step  10752 | lr  0.000953 |acc  29.094%| ms/batch 29.53 | loss 0.4152219 
| epoch  27 |   399/  402 batches | lr_step  10852 | lr  0.000949 |acc  30.203%| ms/batch 20.69 | loss 0.4058749 
Pred: tensor([ 7,  8,  9, 10, 11,  6,  0,  0], device='cuda:0') and tensor([ 7,  8,  7,  9, 10, 11,  0,  0], device='cuda:0'), tensor([ 7,  8,  9, 10, 11,  0,  0,  0], device='cuda:0')
Tar: tensor([[ 7,  8,  9, 10, 11,  6,  0,  0],
        [ 7,  7,  8,  9, 10, 11,  0,  0],
        [ 7,  8,  9, 10, 11,  0,  0,  0]], device='cuda:0')
-----------------------------------------------------------------------------------------
| end of epoch  27 | time: 27.82s | valid loss 69.0000000 | valid acc 61.751%| Best Model from Epoch 18 with 63.356%
-----------------------------------------------------------------------------------------
| epoch  28 |    99/  402 batches | lr_step  10954 | lr  0.000944 |acc  29.812%| ms/batch 30.61 | loss 0.4001189 
| epoch  28 |   199/  402 batches | lr_step  11054 | lr  0.000940 |acc  29.438%| ms/batch 30.27 | loss 0.4083499 
| epoch  28 |   299/  402 batches | lr_step  11154 | lr  0.000936 |acc  29.047%| ms/batch 30.08 | loss 0.4151766 
| epoch  28 |   399/  402 batches | lr_step  11254 | lr  0.000932 |acc  29.859%| ms/batch 29.72 | loss 0.4104454 
Pred: tensor([12, 13, 16, 14, 15, 17,  0,  0], device='cuda:0') and tensor([12, 13, 14, 16, 15, 17,  0,  0], device='cuda:0'), tensor([12, 13, 16, 15, 14, 17,  0,  0], device='cuda:0')
Tar: tensor([[12, 14, 13, 16, 15, 17,  0,  0],
        [12, 13, 14, 16, 15, 17,  0,  0],
        [14, 12, 13, 16, 17, 15,  0,  0]], device='cuda:0')
-----------------------------------------------------------------------------------------
| end of epoch  28 | time: 28.08s | valid loss 69.0000000 | valid acc 58.647%| Best Model from Epoch 18 with 63.356%
-----------------------------------------------------------------------------------------
| epoch  29 |    99/  402 batches | lr_step  11356 | lr  0.000927 |acc  30.781%| ms/batch 30.20 | loss 0.4088216 
| epoch  29 |   199/  402 batches | lr_step  11456 | lr  0.000923 |acc  29.797%| ms/batch 21.11 | loss 0.4087568 
| epoch  29 |   299/  402 batches | lr_step  11556 | lr  0.000919 |acc  29.734%| ms/batch 29.21 | loss 0.4019437 
| epoch  29 |   399/  402 batches | lr_step  11656 | lr  0.000915 |acc  31.344%| ms/batch 29.23 | loss 0.4044011 
Pred: tensor([ 7, 10,  8,  9,  0,  0,  0], device='cuda:0') and tensor([ 7,  8,  9, 11,  6, 10,  0], device='cuda:0'), tensor([14, 12, 13, 16, 17,  0,  0], device='cuda:0')
Tar: tensor([[ 7, 10,  8,  9,  0,  0,  0],
        [ 7,  8,  9, 11,  6, 10,  0],
        [14, 12, 13, 16, 17,  0,  0]], device='cuda:0')
-----------------------------------------------------------------------------------------
| end of epoch  29 | time: 27.23s | valid loss 69.0000000 | valid acc 59.703%| Best Model from Epoch 18 with 63.356%
-----------------------------------------------------------------------------------------
| epoch  30 |    99/  402 batches | lr_step  11758 | lr  0.000911 |acc  29.859%| ms/batch 28.53 | loss 0.4031182 
| epoch  30 |   199/  402 batches | lr_step  11858 | lr  0.000908 |acc  30.094%| ms/batch 29.20 | loss 0.4013429 
| epoch  30 |   299/  402 batches | lr_step  11958 | lr  0.000904 |acc  30.500%| ms/batch 29.81 | loss 0.4014977 
| epoch  30 |   399/  402 batches | lr_step  12058 | lr  0.000900 |acc  30.000%| ms/batch 30.81 | loss 0.4040535 
Pred: tensor([12, 13, 16, 15, 17, 14,  0,  0], device='cuda:0') and tensor([10,  7,  8,  9, 11,  6,  0,  0], device='cuda:0'), tensor([ 7,  8, 10,  9,  6,  0,  0,  0], device='cuda:0')
Tar: tensor([[12, 13, 16, 14, 15, 17,  0,  0],
        [10,  7,  8,  9, 11,  6,  0,  0],
        [ 7, 10,  8,  9,  6,  0,  0,  0]], device='cuda:0')
-----------------------------------------------------------------------------------------
| end of epoch  30 | time: 26.65s | valid loss 69.0000000 | valid acc 58.784%| Best Model from Epoch 18 with 63.356%
-----------------------------------------------------------------------------------------
| epoch  31 |    99/  402 batches | lr_step  12160 | lr  0.000896 |acc  29.859%| ms/batch 29.31 | loss 0.4086282 
| epoch  31 |   199/  402 batches | lr_step  12260 | lr  0.000893 |acc  31.109%| ms/batch 29.68 | loss 0.3965606 
| epoch  31 |   299/  402 batches | lr_step  12360 | lr  0.000889 |acc  31.594%| ms/batch 29.71 | loss 0.3960651 
| epoch  31 |   399/  402 batches | lr_step  12460 | lr  0.000885 |acc  30.078%| ms/batch 29.38 | loss 0.4057162 
Pred: tensor([14, 12, 13, 16, 17,  0,  0,  0], device='cuda:0') and tensor([ 7,  8, 10,  9,  6, 10,  0,  0], device='cuda:0'), tensor([14, 12, 13, 16, 15,  0,  0,  0], device='cuda:0')
Tar: tensor([[14, 12, 13, 16, 17,  0,  0,  0],
        [ 7, 10,  8,  9,  6, 10,  0,  0],
        [14, 12, 13, 16, 15,  0,  0,  0]], device='cuda:0')
-----------------------------------------------------------------------------------------
| end of epoch  31 | time: 26.77s | valid loss 69.0000000 | valid acc 63.444%| Best Model from Epoch 18 with 63.356%
-----------------------------------------------------------------------------------------
-----------------------------------------------------------------------------------------
-----------------------------------------------------------------------------------------
| end of epoch  31 | time: 26.77s | valid loss 69.0000000 | valid acc 63.444%| 
-----------------------------------------------------------------------------------------
-----------------------------------------------------------------------------------------
| epoch  32 |    99/  402 batches | lr_step  12562 | lr  0.000882 |acc  29.812%| ms/batch 29.66 | loss 0.3979814 
| epoch  32 |   199/  402 batches | lr_step  12662 | lr  0.000878 |acc  30.719%| ms/batch 29.40 | loss 0.4032054 
| epoch  32 |   299/  402 batches | lr_step  12762 | lr  0.000875 |acc  30.781%| ms/batch 29.26 | loss 0.4017831 
| epoch  32 |   399/  402 batches | lr_step  12862 | lr  0.000871 |acc  30.859%| ms/batch 29.58 | loss 0.3960941 
Pred: tensor([ 7,  8,  9, 10, 11,  6,  0], device='cuda:0') and tensor([12, 13, 16, 14,  0,  0,  0], device='cuda:0'), tensor([ 7,  8,  9, 10, 11,  7,  0], device='cuda:0')
Tar: tensor([[10,  7,  8,  9, 11,  6,  0],
        [12, 13, 16, 14,  0,  0,  0],
        [ 7,  8,  9, 10, 11,  7,  0]], device='cuda:0')
-----------------------------------------------------------------------------------------
| end of epoch  32 | time: 26.76s | valid loss 69.0000000 | valid acc 59.461%| Best Model from Epoch 31 with 63.444%
-----------------------------------------------------------------------------------------
| epoch  33 |    99/  402 batches | lr_step  12964 | lr  0.000868 |acc  30.953%| ms/batch 41.88 | loss 0.4031721 
| epoch  33 |   199/  402 batches | lr_step  13064 | lr  0.000865 |acc  30.672%| ms/batch 29.74 | loss 0.3951176 
| epoch  33 |   299/  402 batches | lr_step  13164 | lr  0.000861 |acc  30.875%| ms/batch 27.13 | loss 0.4012414 
| epoch  33 |   399/  402 batches | lr_step  13264 | lr  0.000858 |acc  30.844%| ms/batch 23.65 | loss 0.4025253 
Pred: tensor([10,  7,  8,  9, 11,  6, 10,  0], device='cuda:0') and tensor([12, 14, 13, 16,  0,  0,  0,  0], device='cuda:0'), tensor([14, 12, 13, 16, 15, 17,  0,  0], device='cuda:0')
Tar: tensor([[10,  7,  8,  9,  6, 11, 10,  0],
        [12, 14, 13, 16,  0,  0,  0,  0],
        [14, 12, 13, 16, 15, 17,  0,  0]], device='cuda:0')
-----------------------------------------------------------------------------------------
| end of epoch  33 | time: 28.06s | valid loss 69.0000000 | valid acc 60.461%| Best Model from Epoch 31 with 63.444%
-----------------------------------------------------------------------------------------
| epoch  34 |    99/  402 batches | lr_step  13366 | lr  0.000855 |acc  30.734%| ms/batch 30.13 | loss 0.3958329 
| epoch  34 |   199/  402 batches | lr_step  13466 | lr  0.000852 |acc  30.344%| ms/batch 30.15 | loss 0.4009525 
| epoch  34 |   299/  402 batches | lr_step  13566 | lr  0.000848 |acc  31.109%| ms/batch 41.10 | loss 0.3995497 
| epoch  34 |   399/  402 batches | lr_step  13666 | lr  0.000845 |acc  30.969%| ms/batch 21.93 | loss 0.4024130 
Pred: tensor([ 7,  8,  9, 10,  6, 11,  0], device='cuda:0') and tensor([ 7, 10,  8,  9, 11,  0,  0], device='cuda:0'), tensor([12, 14, 13, 16, 17,  0,  0], device='cuda:0')
Tar: tensor([[ 7, 10,  8,  9,  6, 11,  0],
        [10,  7,  8,  9, 11,  0,  0],
        [12, 14, 13, 16, 17,  0,  0]], device='cuda:0')
-----------------------------------------------------------------------------------------
| end of epoch  34 | time: 28.26s | valid loss 69.0000000 | valid acc 56.946%| Best Model from Epoch 31 with 63.444%
-----------------------------------------------------------------------------------------
| epoch  35 |    99/  402 batches | lr_step  13768 | lr  0.000842 |acc  31.562%| ms/batch 30.12 | loss 0.3972169 
| epoch  35 |   199/  402 batches | lr_step  13868 | lr  0.000839 |acc  31.375%| ms/batch 31.21 | loss 0.3944312 
| epoch  35 |   299/  402 batches | lr_step  13968 | lr  0.000836 |acc  30.812%| ms/batch 28.02 | loss 0.3974203 
| epoch  35 |   399/  402 batches | lr_step  14068 | lr  0.000833 |acc  31.891%| ms/batch 29.21 | loss 0.4009350 
Pred: tensor([10,  7,  8,  9, 11,  6,  0], device='cuda:0') and tensor([ 7,  8, 10,  9,  0,  0,  0], device='cuda:0'), tensor([12, 13, 16, 14, 17,  0,  0], device='cuda:0')
Tar: tensor([[10,  7,  8,  9, 11,  6,  0],
        [ 7,  8, 10,  9,  0,  0,  0],
        [12, 14, 13, 16, 17,  0,  0]], device='cuda:0')
-----------------------------------------------------------------------------------------
| end of epoch  35 | time: 26.72s | valid loss 69.0000000 | valid acc 63.323%| Best Model from Epoch 31 with 63.444%
-----------------------------------------------------------------------------------------
| epoch  36 |    99/  402 batches | lr_step  14170 | lr  0.000830 |acc  31.781%| ms/batch 29.79 | loss 0.4041614 
| epoch  36 |   199/  402 batches | lr_step  14270 | lr  0.000827 |acc  30.891%| ms/batch 29.83 | loss 0.3950009 
| epoch  36 |   299/  402 batches | lr_step  14370 | lr  0.000824 |acc  31.078%| ms/batch 29.55 | loss 0.3892717 
| epoch  36 |   399/  402 batches | lr_step  14470 | lr  0.000822 |acc  32.469%| ms/batch 30.03 | loss 0.3961371 
Pred: tensor([12, 14, 13, 16, 15,  0,  0], device='cuda:0') and tensor([12, 14, 16, 12, 15, 17, 13], device='cuda:0'), tensor([ 7,  8,  9,  8,  6, 10,  0], device='cuda:0')
Tar: tensor([[12, 14, 13, 16, 15,  0,  0],
        [12, 14, 16, 12, 17, 15, 13],
        [10,  7,  8,  9,  6,  8,  0]], device='cuda:0')
-----------------------------------------------------------------------------------------
| end of epoch  36 | time: 26.75s | valid loss 69.0000000 | valid acc 58.429%| Best Model from Epoch 31 with 63.444%
-----------------------------------------------------------------------------------------
| epoch  37 |    99/  402 batches | lr_step  14572 | lr  0.000819 |acc  31.609%| ms/batch 29.87 | loss 0.3933712 
| epoch  37 |   199/  402 batches | lr_step  14672 | lr  0.000816 |acc  31.937%| ms/batch 30.97 | loss 0.3977077 
| epoch  37 |   299/  402 batches | lr_step  14772 | lr  0.000813 |acc  30.766%| ms/batch 32.17 | loss 0.4025909 
| epoch  37 |   399/  402 batches | lr_step  14872 | lr  0.000810 |acc  31.969%| ms/batch 28.30 | loss 0.3936559 
Pred: tensor([12, 14, 12, 14, 17, 13,  0], device='cuda:0') and tensor([10,  7,  8,  9,  6, 11,  0], device='cuda:0'), tensor([ 7,  8, 10,  9, 11,  6,  0], device='cuda:0')
Tar: tensor([[12, 14, 14, 12, 17, 13,  0],
        [10,  7,  8,  9,  6, 11,  0],
        [ 7, 10,  8,  9, 11,  6,  0]], device='cuda:0')
-----------------------------------------------------------------------------------------
| end of epoch  37 | time: 28.07s | valid loss 69.0000000 | valid acc 60.074%| Best Model from Epoch 31 with 63.444%
-----------------------------------------------------------------------------------------
| epoch  38 |    99/  402 batches | lr_step  14974 | lr  0.000808 |acc  31.766%| ms/batch 29.94 | loss 0.3913611 
| epoch  38 |   199/  402 batches | lr_step  15074 | lr  0.000805 |acc  31.156%| ms/batch 29.58 | loss 0.3915112 
| epoch  38 |   299/  402 batches | lr_step  15174 | lr  0.000802 |acc  30.359%| ms/batch 29.64 | loss 0.4067299 
| epoch  38 |   399/  402 batches | lr_step  15274 | lr  0.000800 |acc  32.438%| ms/batch 29.59 | loss 0.3858345 
Pred: tensor([ 9, 10,  7,  8,  6,  0,  0,  0,  0], device='cuda:0') and tensor([ 7,  8, 10,  9,  6,  0,  0,  0,  0], device='cuda:0'), tensor([10,  8,  9,  7,  0,  0,  0,  0,  0], device='cuda:0')
Tar: tensor([[ 9, 10,  7,  8,  6,  0,  0,  0,  0],
        [ 7,  8, 10,  9,  6,  0,  0,  0,  0],
        [ 8,  9, 10,  7,  0,  0,  0,  0,  0]], device='cuda:0')
-----------------------------------------------------------------------------------------
| end of epoch  38 | time: 26.76s | valid loss 69.0000000 | valid acc 64.033%| Best Model from Epoch 31 with 63.444%
-----------------------------------------------------------------------------------------
-----------------------------------------------------------------------------------------
-----------------------------------------------------------------------------------------
| end of epoch  38 | time: 26.76s | valid loss 69.0000000 | valid acc 64.033%| 
-----------------------------------------------------------------------------------------
-----------------------------------------------------------------------------------------
| epoch  39 |    99/  402 batches | lr_step  15376 | lr  0.000797 |acc  31.766%| ms/batch 32.47 | loss 0.3879904 
| epoch  39 |   199/  402 batches | lr_step  15476 | lr  0.000794 |acc  31.797%| ms/batch 27.67 | loss 0.4025145 
| epoch  39 |   299/  402 batches | lr_step  15576 | lr  0.000792 |acc  32.625%| ms/batch 29.28 | loss 0.3872694 
| epoch  39 |   399/  402 batches | lr_step  15676 | lr  0.000789 |acc  30.766%| ms/batch 30.70 | loss 0.3979765 
Pred: tensor([14, 12, 13, 16, 17, 14,  0,  0], device='cuda:0') and tensor([10,  7,  8,  9, 11,  6,  0,  0], device='cuda:0'), tensor([12, 14, 13, 16, 17, 15,  0,  0], device='cuda:0')
Tar: tensor([[14, 12, 13, 16, 17, 14,  0,  0],
        [ 7, 10,  8,  9, 11,  6,  0,  0],
        [12, 14, 13, 16, 17, 15,  0,  0]], device='cuda:0')
-----------------------------------------------------------------------------------------
| end of epoch  39 | time: 26.97s | valid loss 69.0000000 | valid acc 62.332%| Best Model from Epoch 38 with 64.033%
-----------------------------------------------------------------------------------------
| epoch  40 |    99/  402 batches | lr_step  15778 | lr  0.000787 |acc  32.219%| ms/batch 28.87 | loss 0.3819624 
| epoch  40 |   199/  402 batches | lr_step  15878 | lr  0.000784 |acc  32.312%| ms/batch 28.20 | loss 0.3893317 
| epoch  40 |   299/  402 batches | lr_step  15978 | lr  0.000782 |acc  30.578%| ms/batch 29.63 | loss 0.3982600 
| epoch  40 |   399/  402 batches | lr_step  16078 | lr  0.000779 |acc  30.734%| ms/batch 29.23 | loss 0.3993499 
Pred: tensor([ 7,  6,  8,  9, 11,  0,  0,  0], device='cuda:0') and tensor([12, 14, 13, 16, 17, 15, 14,  0], device='cuda:0'), tensor([12, 14, 13, 16, 17,  0,  0,  0], device='cuda:0')
Tar: tensor([[ 7,  6,  8,  9, 11,  0,  0,  0],
        [12, 14, 13, 16, 17, 15, 14,  0],
        [12, 14, 13, 16, 17,  0,  0,  0]], device='cuda:0')
-----------------------------------------------------------------------------------------
| end of epoch  40 | time: 27.02s | valid loss 69.0000000 | valid acc 59.445%| Best Model from Epoch 38 with 64.033%
-----------------------------------------------------------------------------------------
| epoch  41 |    99/  402 batches | lr_step  16180 | lr  0.000777 |acc  32.078%| ms/batch 38.95 | loss 0.3961637 
| epoch  41 |   199/  402 batches | lr_step  16280 | lr  0.000775 |acc  31.844%| ms/batch 29.50 | loss 0.3949782 
| epoch  41 |   299/  402 batches | lr_step  16380 | lr  0.000772 |acc  31.766%| ms/batch 29.90 | loss 0.3899962 
| epoch  41 |   399/  402 batches | lr_step  16480 | lr  0.000770 |acc  31.578%| ms/batch 29.01 | loss 0.3950301 
Pred: tensor([14, 16, 17, 15,  0,  0,  0,  0,  0], device='cuda:0') and tensor([10,  8,  6,  0,  0,  0,  0,  0,  0], device='cuda:0'), tensor([12, 13, 16, 14, 17, 15,  0,  0,  0], device='cuda:0')
Tar: tensor([[14, 16, 17, 15,  0,  0,  0,  0,  0],
        [10,  8,  6,  0,  0,  0,  0,  0,  0],
        [12, 13, 14, 16, 17, 15,  0,  0,  0]], device='cuda:0')
-----------------------------------------------------------------------------------------
| end of epoch  41 | time: 27.71s | valid loss 69.0000000 | valid acc 59.203%| Best Model from Epoch 38 with 64.033%
-----------------------------------------------------------------------------------------
| epoch  42 |    99/  402 batches | lr_step  16582 | lr  0.000767 |acc  31.453%| ms/batch 29.53 | loss 0.3872420 
| epoch  42 |   199/  402 batches | lr_step  16682 | lr  0.000765 |acc  32.078%| ms/batch 30.07 | loss 0.3889205 
| epoch  42 |   299/  402 batches | lr_step  16782 | lr  0.000763 |acc  32.422%| ms/batch 29.47 | loss 0.3900825 
| epoch  42 |   399/  402 batches | lr_step  16882 | lr  0.000761 |acc  32.125%| ms/batch 28.85 | loss 0.3941777 
Pred: tensor([14, 12, 13, 16, 15, 17,  0,  0,  0], device='cuda:0') and tensor([ 7, 10,  8,  9, 11,  0,  0,  0,  0], device='cuda:0'), tensor([10,  7,  8,  9, 11,  6,  0,  0,  0], device='cuda:0')
Tar: tensor([[14, 12, 13, 16, 15, 17,  0,  0,  0],
        [ 7, 10,  8,  9, 11,  0,  0,  0,  0],
        [10,  7,  8,  9, 11,  6,  0,  0,  0]], device='cuda:0')
-----------------------------------------------------------------------------------------
| end of epoch  42 | time: 26.87s | valid loss 69.0000000 | valid acc 63.114%| Best Model from Epoch 38 with 64.033%
-----------------------------------------------------------------------------------------
| epoch  43 |    99/  402 batches | lr_step  16984 | lr  0.000758 |acc  32.703%| ms/batch 29.30 | loss 0.3917910 
| epoch  43 |   199/  402 batches | lr_step  17084 | lr  0.000756 |acc  32.703%| ms/batch 32.59 | loss 0.3837882 
| epoch  43 |   299/  402 batches | lr_step  17184 | lr  0.000754 |acc  32.531%| ms/batch 29.53 | loss 0.3889761 
| epoch  43 |   399/  402 batches | lr_step  17284 | lr  0.000752 |acc  31.828%| ms/batch 30.46 | loss 0.3943024 
Pred: tensor([12, 13, 14, 16, 15, 17,  0,  0], device='cuda:0') and tensor([ 7,  8, 10,  9,  6,  0,  0,  0], device='cuda:0'), tensor([14, 12, 13, 16, 17, 15,  0,  0], device='cuda:0')
Tar: tensor([[12, 14, 13, 16, 15, 17,  0,  0],
        [ 7,  8, 10,  9,  6,  0,  0,  0],
        [12, 14, 13, 16, 17, 15,  0,  0]], device='cuda:0')
-----------------------------------------------------------------------------------------
| end of epoch  43 | time: 28.02s | valid loss 69.0000000 | valid acc 63.646%| Best Model from Epoch 38 with 64.033%
-----------------------------------------------------------------------------------------
| epoch  44 |    99/  402 batches | lr_step  17386 | lr  0.000749 |acc  31.719%| ms/batch 29.83 | loss 0.3897004 
| epoch  44 |   199/  402 batches | lr_step  17486 | lr  0.000747 |acc  32.094%| ms/batch 29.95 | loss 0.3949553 
| epoch  44 |   299/  402 batches | lr_step  17586 | lr  0.000745 |acc  32.172%| ms/batch 29.81 | loss 0.3801235 
| epoch  44 |   399/  402 batches | lr_step  17686 | lr  0.000743 |acc  31.891%| ms/batch 30.22 | loss 0.3898093 
Pred: tensor([12, 13, 16, 14, 15, 17,  0,  0], device='cuda:0') and tensor([14, 12, 13, 16, 15,  0,  0,  0], device='cuda:0'), tensor([12, 13, 14, 16, 17,  0,  0,  0], device='cuda:0')
Tar: tensor([[12, 13, 14, 16, 15, 17,  0,  0],
        [14, 12, 13, 16, 15,  0,  0,  0],
        [12, 13, 14, 16, 17,  0,  0,  0]], device='cuda:0')
-----------------------------------------------------------------------------------------
| end of epoch  44 | time: 26.97s | valid loss 69.0000000 | valid acc 64.775%| Best Model from Epoch 38 with 64.033%
-----------------------------------------------------------------------------------------
-----------------------------------------------------------------------------------------
-----------------------------------------------------------------------------------------
| end of epoch  44 | time: 26.97s | valid loss 69.0000000 | valid acc 64.775%| 
-----------------------------------------------------------------------------------------
-----------------------------------------------------------------------------------------
| epoch  45 |    99/  402 batches | lr_step  17788 | lr  0.000741 |acc  32.688%| ms/batch 27.94 | loss 0.3878088 
| epoch  45 |   199/  402 batches | lr_step  17888 | lr  0.000739 |acc  31.531%| ms/batch 34.70 | loss 0.3910212 
| epoch  45 |   299/  402 batches | lr_step  17988 | lr  0.000737 |acc  31.266%| ms/batch 27.03 | loss 0.3990216 
| epoch  45 |   399/  402 batches | lr_step  18088 | lr  0.000735 |acc  31.578%| ms/batch 29.58 | loss 0.3899336 
Pred: tensor([14, 12, 13, 16, 15, 17,  0,  0], device='cuda:0') and tensor([14, 12, 13, 17,  0,  0,  0,  0], device='cuda:0'), tensor([14, 13, 16, 17, 12,  0,  0,  0], device='cuda:0')
Tar: tensor([[14, 12, 13, 16, 15, 17,  0,  0],
        [14, 12, 17, 13,  0,  0,  0,  0],
        [14, 13, 16, 12, 17,  0,  0,  0]], device='cuda:0')
-----------------------------------------------------------------------------------------
| end of epoch  45 | time: 26.92s | valid loss 69.0000000 | valid acc 63.444%| Best Model from Epoch 44 with 64.775%
-----------------------------------------------------------------------------------------
| epoch  46 |    99/  402 batches | lr_step  18190 | lr  0.000733 |acc  32.797%| ms/batch 27.41 | loss 0.3927701 
| epoch  46 |   199/  402 batches | lr_step  18290 | lr  0.000731 |acc  32.375%| ms/batch 29.12 | loss 0.3942655 
| epoch  46 |   299/  402 batches | lr_step  18390 | lr  0.000729 |acc  32.344%| ms/batch 32.95 | loss 0.3932240 
| epoch  46 |   399/  402 batches | lr_step  18490 | lr  0.000727 |acc  31.656%| ms/batch 27.20 | loss 0.3870113 
Pred: tensor([12, 13, 14, 17, 15,  0,  0,  0], device='cuda:0') and tensor([10,  7,  8,  9,  0,  0,  0,  0], device='cuda:0'), tensor([10,  7,  8,  9,  6, 11,  0,  0], device='cuda:0')
Tar: tensor([[12, 13, 14, 17, 15,  0,  0,  0],
        [10,  7,  8,  9,  0,  0,  0,  0],
        [10,  7,  8,  9,  6, 11,  0,  0]], device='cuda:0')
-----------------------------------------------------------------------------------------
| end of epoch  46 | time: 26.65s | valid loss 69.0000000 | valid acc 62.985%| Best Model from Epoch 44 with 64.775%
-----------------------------------------------------------------------------------------
| epoch  47 |    99/  402 batches | lr_step  18592 | lr  0.000725 |acc  31.906%| ms/batch 29.92 | loss 0.3944113 
| epoch  47 |   199/  402 batches | lr_step  18692 | lr  0.000723 |acc  32.031%| ms/batch 30.02 | loss 0.3887977 
| epoch  47 |   299/  402 batches | lr_step  18792 | lr  0.000721 |acc  32.422%| ms/batch 30.44 | loss 0.3894942 
| epoch  47 |   399/  402 batches | lr_step  18892 | lr  0.000719 |acc  31.812%| ms/batch 29.68 | loss 0.3926524 
Pred: tensor([14, 15, 16, 12,  0,  0,  0,  0], device='cuda:0') and tensor([10,  7,  8,  9, 11,  6,  0,  0], device='cuda:0'), tensor([12, 13, 14, 16, 15,  0,  0,  0], device='cuda:0')
Tar: tensor([[14, 15, 16, 12,  0,  0,  0,  0],
        [10,  7,  8,  9, 11,  6,  0,  0],
        [12, 13, 14, 16, 15,  0,  0,  0]], device='cuda:0')
-----------------------------------------------------------------------------------------
| end of epoch  47 | time: 26.89s | valid loss 69.0000000 | valid acc 57.349%| Best Model from Epoch 44 with 64.775%
-----------------------------------------------------------------------------------------
| epoch  48 |    99/  402 batches | lr_step  18994 | lr  0.000717 |acc  31.625%| ms/batch 30.88 | loss 0.3911861 
| epoch  48 |   199/  402 batches | lr_step  19094 | lr  0.000715 |acc  32.812%| ms/batch 28.06 | loss 0.3874909 
| epoch  48 |   299/  402 batches | lr_step  19194 | lr  0.000713 |acc  32.812%| ms/batch 29.43 | loss 0.3831709 
| epoch  48 |   399/  402 batches | lr_step  19294 | lr  0.000711 |acc  32.031%| ms/batch 29.41 | loss 0.3868559 
Pred: tensor([14, 15, 12, 13, 16, 17,  0,  0,  0], device='cuda:0') and tensor([12, 13, 16, 14, 15, 17,  0,  0,  0], device='cuda:0'), tensor([ 7,  8, 10,  9, 11,  0,  0,  0,  0], device='cuda:0')
Tar: tensor([[15, 14, 12, 13, 16, 17,  0,  0,  0],
        [12, 13, 16, 15, 14, 17,  0,  0,  0],
        [ 7, 10,  8,  9, 11,  0,  0,  0,  0]], device='cuda:0')
-----------------------------------------------------------------------------------------
| end of epoch  48 | time: 27.89s | valid loss 69.0000000 | valid acc 63.428%| Best Model from Epoch 44 with 64.775%
-----------------------------------------------------------------------------------------
| epoch  49 |    99/  402 batches | lr_step  19396 | lr  0.000710 |acc  31.703%| ms/batch 29.96 | loss 0.3985179 
| epoch  49 |   199/  402 batches | lr_step  19496 | lr  0.000708 |acc  31.922%| ms/batch 29.28 | loss 0.3876842 
| epoch  49 |   299/  402 batches | lr_step  19596 | lr  0.000706 |acc  33.500%| ms/batch 29.92 | loss 0.3884249 
| epoch  49 |   399/  402 batches | lr_step  19696 | lr  0.000704 |acc  33.016%| ms/batch 30.17 | loss 0.3776080 
Pred: tensor([14, 12, 13, 16, 15, 17,  0,  0], device='cuda:0') and tensor([10,  7,  8,  9, 11,  8,  0,  0], device='cuda:0'), tensor([14, 12, 13, 16,  0,  0,  0,  0], device='cuda:0')
Tar: tensor([[14, 12, 13, 16, 17, 15,  0,  0],
        [10,  7,  8,  9, 11,  8,  0,  0],
        [12, 14, 13, 16,  0,  0,  0,  0]], device='cuda:0')
-----------------------------------------------------------------------------------------
| end of epoch  49 | time: 25.63s | valid loss 69.0000000 | valid acc 64.928%| Best Model from Epoch 44 with 64.775%
-----------------------------------------------------------------------------------------
-----------------------------------------------------------------------------------------
-----------------------------------------------------------------------------------------
| end of epoch  49 | time: 25.63s | valid loss 69.0000000 | valid acc 64.928%| 
-----------------------------------------------------------------------------------------
-----------------------------------------------------------------------------------------
| epoch  50 |    99/  402 batches | lr_step  19798 | lr  0.000702 |acc  32.328%| ms/batch 31.48 | loss 0.3891939 
| epoch  50 |   199/  402 batches | lr_step  19898 | lr  0.000701 |acc  32.703%| ms/batch 40.34 | loss 0.3884176 
| epoch  50 |   299/  402 batches | lr_step  19998 | lr  0.000699 |acc  33.094%| ms/batch 29.57 | loss 0.3793326 
| epoch  50 |   399/  402 batches | lr_step  20098 | lr  0.000697 |acc  33.172%| ms/batch 20.86 | loss 0.3850218 
Pred: tensor([ 7, 10,  8,  9,  8,  0,  0,  0], device='cuda:0') and tensor([10,  7,  9, 11,  8,  0,  0,  0], device='cuda:0'), tensor([12, 13, 16, 14, 17, 15,  0,  0], device='cuda:0')
Tar: tensor([[ 7, 10,  8,  9,  8,  0,  0,  0],
        [10,  7, 11,  9,  8,  0,  0,  0],
        [12, 14, 13, 16, 17, 15,  0,  0]], device='cuda:0')
-----------------------------------------------------------------------------------------
| end of epoch  50 | time: 28.00s | valid loss 69.0000000 | valid acc 63.686%| Best Model from Epoch 49 with 64.928%
-----------------------------------------------------------------------------------------
| epoch  51 |    99/  402 batches | lr_step  20200 | lr  0.000695 |acc  33.078%| ms/batch 30.16 | loss 0.3849114 
| epoch  51 |   199/  402 batches | lr_step  20300 | lr  0.000694 |acc  32.328%| ms/batch 29.69 | loss 0.3894545 
| epoch  51 |   299/  402 batches | lr_step  20400 | lr  0.000692 |acc  32.094%| ms/batch 30.88 | loss 0.3935316 
| epoch  51 |   399/  402 batches | lr_step  20500 | lr  0.000690 |acc  33.047%| ms/batch 34.82 | loss 0.3741361 
Pred: tensor([12, 13, 16, 15, 14, 17,  0], device='cuda:0') and tensor([10,  7,  8,  9, 11,  6,  0], device='cuda:0'), tensor([ 7,  8,  9,  8, 11,  6, 10], device='cuda:0')
Tar: tensor([[12, 13, 16, 14, 15, 17,  0],
        [10,  7,  8,  9, 11,  6,  0],
        [ 7,  8,  9, 10,  6,  8, 11]], device='cuda:0')
-----------------------------------------------------------------------------------------
| end of epoch  51 | time: 27.98s | valid loss 69.0000000 | valid acc 63.073%| Best Model from Epoch 49 with 64.928%
-----------------------------------------------------------------------------------------
| epoch  52 |    99/  402 batches | lr_step  20602 | lr  0.000689 |acc  32.484%| ms/batch 30.24 | loss 0.3854383 
| epoch  52 |   199/  402 batches | lr_step  20702 | lr  0.000687 |acc  33.297%| ms/batch 30.03 | loss 0.3875994 
| epoch  52 |   299/  402 batches | lr_step  20802 | lr  0.000685 |acc  32.328%| ms/batch 30.31 | loss 0.3852245 
| epoch  52 |   399/  402 batches | lr_step  20902 | lr  0.000684 |acc  32.875%| ms/batch 29.77 | loss 0.3828688 
Pred: tensor([12, 13, 16, 14, 17, 15,  0], device='cuda:0') and tensor([10,  7,  8,  9, 11,  6,  0], device='cuda:0'), tensor([ 7,  8,  9, 10,  0,  0,  0], device='cuda:0')
Tar: tensor([[12, 13, 16, 14, 17, 15,  0],
        [10,  7,  8,  9,  6, 11,  0],
        [ 7,  8,  9, 10,  0,  0,  0]], device='cuda:0')
-----------------------------------------------------------------------------------------
| end of epoch  52 | time: 26.92s | valid loss 69.0000000 | valid acc 56.180%| Best Model from Epoch 49 with 64.928%
-----------------------------------------------------------------------------------------
| epoch  53 |    99/  402 batches | lr_step  21004 | lr  0.000682 |acc  32.500%| ms/batch 29.67 | loss 0.3924888 
| epoch  53 |   199/  402 batches | lr_step  21104 | lr  0.000680 |acc  32.531%| ms/batch 30.27 | loss 0.3863158 
| epoch  53 |   299/  402 batches | lr_step  21204 | lr  0.000679 |acc  32.766%| ms/batch 29.67 | loss 0.3926785 
| epoch  53 |   399/  402 batches | lr_step  21304 | lr  0.000677 |acc  33.094%| ms/batch 29.63 | loss 0.3791747 
Pred: tensor([ 7,  8, 11,  9, 10,  6,  0], device='cuda:0') and tensor([10,  7,  9, 11,  0,  0,  0], device='cuda:0'), tensor([12, 13, 16, 14, 17,  0,  0], device='cuda:0')
Tar: tensor([[ 7,  8, 11,  9, 10,  6,  0],
        [10,  7,  9, 11,  0,  0,  0],
        [12, 13, 16, 14, 17,  0,  0]], device='cuda:0')
-----------------------------------------------------------------------------------------
| end of epoch  53 | time: 26.81s | valid loss 69.0000000 | valid acc 64.323%| Best Model from Epoch 49 with 64.928%
-----------------------------------------------------------------------------------------
| epoch  54 |    99/  402 batches | lr_step  21406 | lr  0.000675 |acc  32.688%| ms/batch 29.14 | loss 0.3784832 
| epoch  54 |   199/  402 batches | lr_step  21506 | lr  0.000674 |acc  32.891%| ms/batch 25.50 | loss 0.3848430 
| epoch  54 |   299/  402 batches | lr_step  21606 | lr  0.000672 |acc  32.125%| ms/batch 33.72 | loss 0.3932302 
| epoch  54 |   399/  402 batches | lr_step  21706 | lr  0.000671 |acc  33.016%| ms/batch 30.19 | loss 0.3810696 
Pred: tensor([10,  7,  8,  9, 11,  0,  0,  0], device='cuda:0') and tensor([14, 12, 13, 16,  0,  0,  0,  0], device='cuda:0'), tensor([10,  7,  8,  9, 11,  0,  0,  0], device='cuda:0')
Tar: tensor([[ 7,  8,  9, 10, 11,  0,  0,  0],
        [14, 12, 13, 16,  0,  0,  0,  0],
        [10,  7,  8,  9, 11,  0,  0,  0]], device='cuda:0')
-----------------------------------------------------------------------------------------
| end of epoch  54 | time: 26.62s | valid loss 69.0000000 | valid acc 60.937%| Best Model from Epoch 49 with 64.928%
-----------------------------------------------------------------------------------------
| epoch  55 |    99/  402 batches | lr_step  21808 | lr  0.000669 |acc  32.625%| ms/batch 29.84 | loss 0.3881067 
| epoch  55 |   199/  402 batches | lr_step  21908 | lr  0.000668 |acc  32.797%| ms/batch 29.68 | loss 0.3785012 
| epoch  55 |   299/  402 batches | lr_step  22008 | lr  0.000666 |acc  33.062%| ms/batch 29.55 | loss 0.3868433 
| epoch  55 |   399/  402 batches | lr_step  22108 | lr  0.000665 |acc  33.359%| ms/batch 29.82 | loss 0.3880742 
Pred: tensor([10,  7,  8,  9,  6,  0,  0,  0], device='cuda:0') and tensor([ 8,  7,  8,  9,  8, 11, 10, 10], device='cuda:0'), tensor([14, 15, 16, 12,  0,  0,  0,  0], device='cuda:0')
Tar: tensor([[ 7, 10,  8,  9,  6,  0,  0,  0],
        [ 7,  8,  8,  8,  9, 11, 10, 10],
        [14, 15, 16, 12,  0,  0,  0,  0]], device='cuda:0')
-----------------------------------------------------------------------------------------
| end of epoch  55 | time: 26.87s | valid loss 69.0000000 | valid acc 60.534%| Best Model from Epoch 49 with 64.928%
-----------------------------------------------------------------------------------------
| epoch  56 |    99/  402 batches | lr_step  22210 | lr  0.000663 |acc  34.250%| ms/batch 30.18 | loss 0.3848785 
| epoch  56 |   199/  402 batches | lr_step  22310 | lr  0.000662 |acc  32.000%| ms/batch 29.83 | loss 0.3849058 
| epoch  56 |   299/  402 batches | lr_step  22410 | lr  0.000660 |acc  33.797%| ms/batch 29.48 | loss 0.3786047 
| epoch  56 |   399/  402 batches | lr_step  22510 | lr  0.000659 |acc  33.547%| ms/batch 29.60 | loss 0.3841281 
Pred: tensor([14, 12, 13, 16, 15, 17,  0,  0,  0], device='cuda:0') and tensor([14, 12, 13, 16, 17,  0,  0,  0,  0], device='cuda:0'), tensor([12, 14, 13, 16,  0,  0,  0,  0,  0], device='cuda:0')
Tar: tensor([[14, 12, 13, 16, 15, 17,  0,  0,  0],
        [12, 14, 13, 16, 17,  0,  0,  0,  0],
        [12, 14, 13, 16,  0,  0,  0,  0,  0]], device='cuda:0')
-----------------------------------------------------------------------------------------
| end of epoch  56 | time: 26.94s | valid loss 69.0000000 | valid acc 64.936%| Best Model from Epoch 49 with 64.928%
-----------------------------------------------------------------------------------------
-----------------------------------------------------------------------------------------
-----------------------------------------------------------------------------------------
| end of epoch  56 | time: 26.94s | valid loss 69.0000000 | valid acc 64.936%| 
-----------------------------------------------------------------------------------------
-----------------------------------------------------------------------------------------
| epoch  57 |    99/  402 batches | lr_step  22612 | lr  0.000657 |acc  33.234%| ms/batch 27.71 | loss 0.3793127 
| epoch  57 |   199/  402 batches | lr_step  22712 | lr  0.000656 |acc  34.219%| ms/batch 29.71 | loss 0.3860701 
| epoch  57 |   299/  402 batches | lr_step  22812 | lr  0.000654 |acc  33.484%| ms/batch 29.90 | loss 0.3906200 
| epoch  57 |   399/  402 batches | lr_step  22912 | lr  0.000653 |acc  33.172%| ms/batch 29.64 | loss 0.3795441 
Pred: tensor([10,  7,  8,  9, 11,  0,  0,  0,  0,  0], device='cuda:0') and tensor([10,  7,  8,  9,  6, 11,  9,  0,  0,  0], device='cuda:0'), tensor([ 8,  9,  7,  6, 11, 10,  0,  0,  0,  0], device='cuda:0')
Tar: tensor([[10,  7,  8,  9, 11,  0,  0,  0,  0,  0],
        [10,  7,  8,  9,  6, 11,  9,  0,  0,  0],
        [ 8,  9,  7,  6, 10, 11,  0,  0,  0,  0]], device='cuda:0')
-----------------------------------------------------------------------------------------
| end of epoch  57 | time: 26.74s | valid loss 69.0000000 | valid acc 61.130%| Best Model from Epoch 56 with 64.936%
-----------------------------------------------------------------------------------------
| epoch  58 |    99/  402 batches | lr_step  23014 | lr  0.000651 |acc  33.547%| ms/batch 27.61 | loss 0.3764435 
| epoch  58 |   199/  402 batches | lr_step  23114 | lr  0.000650 |acc  33.203%| ms/batch 30.78 | loss 0.3830080 
| epoch  58 |   299/  402 batches | lr_step  23214 | lr  0.000649 |acc  31.609%| ms/batch 34.14 | loss 0.3854968 
| epoch  58 |   399/  402 batches | lr_step  23314 | lr  0.000647 |acc  33.469%| ms/batch 36.11 | loss 0.3825734 
Pred: tensor([10,  8,  9,  0,  0,  0,  0], device='cuda:0') and tensor([14, 12, 13, 16, 15,  0,  0], device='cuda:0'), tensor([14, 12, 13, 16, 17, 14,  0], device='cuda:0')
Tar: tensor([[10,  8,  9,  0,  0,  0,  0],
        [14, 12, 13, 16, 15,  0,  0],
        [14, 12, 13, 16, 17, 14,  0]], device='cuda:0')
-----------------------------------------------------------------------------------------
| end of epoch  58 | time: 27.76s | valid loss 69.0000000 | valid acc 59.260%| Best Model from Epoch 56 with 64.936%
-----------------------------------------------------------------------------------------
| epoch  59 |    99/  402 batches | lr_step  23416 | lr  0.000646 |acc  32.234%| ms/batch 30.29 | loss 0.3853628 
| epoch  59 |   199/  402 batches | lr_step  23516 | lr  0.000644 |acc  33.125%| ms/batch 29.97 | loss 0.3771677 
| epoch  59 |   299/  402 batches | lr_step  23616 | lr  0.000643 |acc  34.188%| ms/batch 30.70 | loss 0.3889486 
| epoch  59 |   399/  402 batches | lr_step  23716 | lr  0.000642 |acc  33.000%| ms/batch 32.84 | loss 0.3858500 
Pred: tensor([14, 12, 13, 16,  0,  0,  0,  0], device='cuda:0') and tensor([10,  7,  8,  9,  6,  0,  0,  0], device='cuda:0'), tensor([12, 13, 14, 16, 15, 17,  0,  0], device='cuda:0')
Tar: tensor([[14, 12, 13, 16,  0,  0,  0,  0],
        [10,  7,  8,  9,  6,  0,  0,  0],
        [12, 13, 14, 16, 15, 17,  0,  0]], device='cuda:0')
-----------------------------------------------------------------------------------------
| end of epoch  59 | time: 27.36s | valid loss 69.0000000 | valid acc 63.541%| Best Model from Epoch 56 with 64.936%
-----------------------------------------------------------------------------------------
| epoch  60 |    99/  402 batches | lr_step  23818 | lr  0.000640 |acc  32.516%| ms/batch 28.13 | loss 0.3850268 
| epoch  60 |   199/  402 batches | lr_step  23918 | lr  0.000639 |acc  33.125%| ms/batch 30.50 | loss 0.3776586 
| epoch  60 |   299/  402 batches | lr_step  24018 | lr  0.000638 |acc  32.812%| ms/batch 30.05 | loss 0.3840464 
| epoch  60 |   399/  402 batches | lr_step  24118 | lr  0.000636 |acc  32.578%| ms/batch 29.56 | loss 0.3848728 
Pred: tensor([10,  7,  8,  9,  6,  0,  0], device='cuda:0') and tensor([12, 14, 13, 16, 15, 17, 12], device='cuda:0'), tensor([14, 13, 16, 17, 15,  0,  0], device='cuda:0')
Tar: tensor([[10,  7,  8,  9,  6,  0,  0],
        [12, 14, 13, 16, 15, 17, 12],
        [14, 13, 17, 16, 15,  0,  0]], device='cuda:0')
-----------------------------------------------------------------------------------------
| end of epoch  60 | time: 27.65s | valid loss 69.0000000 | valid acc 53.842%| Best Model from Epoch 56 with 64.936%
-----------------------------------------------------------------------------------------
| epoch  61 |    99/  402 batches | lr_step  24220 | lr  0.000635 |acc  33.625%| ms/batch 29.52 | loss 0.3844907 
| epoch  61 |   199/  402 batches | lr_step  24320 | lr  0.000634 |acc  33.609%| ms/batch 29.87 | loss 0.3794407 
| epoch  61 |   299/  402 batches | lr_step  24420 | lr  0.000632 |acc  33.516%| ms/batch 29.71 | loss 0.3846345 
| epoch  61 |   399/  402 batches | lr_step  24520 | lr  0.000631 |acc  32.234%| ms/batch 29.93 | loss 0.3803325 
Pred: tensor([10,  7,  8,  9,  6,  8,  8,  0], device='cuda:0') and tensor([ 7, 10,  8,  9, 11,  6,  0,  0], device='cuda:0'), tensor([10,  7,  8,  9,  6,  0,  0,  0], device='cuda:0')
Tar: tensor([[10,  7,  8,  9,  6,  8,  8,  0],
        [ 7, 10,  8,  9, 11,  6,  0,  0],
        [10,  7,  8,  9,  6,  0,  0,  0]], device='cuda:0')
-----------------------------------------------------------------------------------------
| end of epoch  61 | time: 26.72s | valid loss 69.0000000 | valid acc 56.760%| Best Model from Epoch 56 with 64.936%
-----------------------------------------------------------------------------------------
| epoch  62 |    99/  402 batches | lr_step  24622 | lr  0.000630 |acc  33.953%| ms/batch 29.69 | loss 0.3774659 
| epoch  62 |   199/  402 batches | lr_step  24722 | lr  0.000629 |acc  31.859%| ms/batch 30.01 | loss 0.3807163 
| epoch  62 |   299/  402 batches | lr_step  24822 | lr  0.000627 |acc  32.734%| ms/batch 29.75 | loss 0.3841171 
| epoch  62 |   399/  402 batches | lr_step  24922 | lr  0.000626 |acc  34.797%| ms/batch 29.20 | loss 0.3737445 
Pred: tensor([14, 12, 13, 16, 17,  0,  0,  0], device='cuda:0') and tensor([10,  7,  8,  9, 11,  6, 10,  0], device='cuda:0'), tensor([14, 12, 13, 16, 15,  0,  0,  0], device='cuda:0')
Tar: tensor([[14, 12, 13, 16, 17,  0,  0,  0],
        [10,  7,  8,  9,  6, 11, 10,  0],
        [12, 13, 16, 14, 15,  0,  0,  0]], device='cuda:0')
-----------------------------------------------------------------------------------------
| end of epoch  62 | time: 26.74s | valid loss 69.0000000 | valid acc 57.422%| Best Model from Epoch 56 with 64.936%
-----------------------------------------------------------------------------------------
| epoch  63 |    99/  402 batches | lr_step  25024 | lr  0.000625 |acc  33.453%| ms/batch 31.04 | loss 0.3837491 
| epoch  63 |   199/  402 batches | lr_step  25124 | lr  0.000623 |acc  33.469%| ms/batch 31.74 | loss 0.3856914 
| epoch  63 |   299/  402 batches | lr_step  25224 | lr  0.000622 |acc  32.875%| ms/batch 28.67 | loss 0.3823541 
| epoch  63 |   399/  402 batches | lr_step  25324 | lr  0.000621 |acc  34.125%| ms/batch 32.39 | loss 0.3789874 
Pred: tensor([12, 16, 13, 14, 15, 17,  0], device='cuda:0') and tensor([ 7, 10,  6, 11,  9,  8,  7], device='cuda:0'), tensor([14, 12, 13, 16, 15,  0,  0], device='cuda:0')
Tar: tensor([[12, 16, 13, 15, 14, 17,  0],
        [ 7, 10,  6, 11,  8,  9,  7],
        [14, 12, 13, 16, 15,  0,  0]], device='cuda:0')
-----------------------------------------------------------------------------------------
| end of epoch  63 | time: 28.24s | valid loss 69.0000000 | valid acc 58.284%| Best Model from Epoch 56 with 64.936%
-----------------------------------------------------------------------------------------
| epoch  64 |    99/  402 batches | lr_step  25426 | lr  0.000620 |acc  33.797%| ms/batch 31.21 | loss 0.3758357 
| epoch  64 |   199/  402 batches | lr_step  25526 | lr  0.000619 |acc  33.797%| ms/batch 30.08 | loss 0.3719473 
| epoch  64 |   299/  402 batches | lr_step  25626 | lr  0.000617 |acc  33.281%| ms/batch 31.37 | loss 0.3899303 
| epoch  64 |   399/  402 batches | lr_step  25726 | lr  0.000616 |acc  32.609%| ms/batch 31.29 | loss 0.3853234 
Pred: tensor([10,  7,  8,  9,  6, 11,  0,  0], device='cuda:0') and tensor([14, 12, 13, 16, 17,  0,  0,  0], device='cuda:0'), tensor([ 7, 10,  8,  9, 11,  0,  0,  0], device='cuda:0')
Tar: tensor([[ 7, 10,  8,  9,  6, 11,  0,  0],
        [12, 14, 13, 16, 17,  0,  0,  0],
        [ 7, 10,  8,  9, 11,  0,  0,  0]], device='cuda:0')
-----------------------------------------------------------------------------------------
| end of epoch  64 | time: 26.94s | valid loss 69.0000000 | valid acc 64.871%| Best Model from Epoch 56 with 64.936%
-----------------------------------------------------------------------------------------
| epoch  65 |    99/  402 batches | lr_step  25828 | lr  0.000615 |acc  33.812%| ms/batch 30.02 | loss 0.3777577 
| epoch  65 |   199/  402 batches | lr_step  25928 | lr  0.000614 |acc  32.812%| ms/batch 29.28 | loss 0.3851288 
| epoch  65 |   299/  402 batches | lr_step  26028 | lr  0.000613 |acc  32.531%| ms/batch 30.07 | loss 0.3743869 
| epoch  65 |   399/  402 batches | lr_step  26128 | lr  0.000611 |acc  34.609%| ms/batch 20.44 | loss 0.3763919 
Pred: tensor([12, 13, 14, 16, 17,  0,  0,  0,  0], device='cuda:0') and tensor([12, 14, 13, 16, 15, 17,  0,  0,  0], device='cuda:0'), tensor([14, 12, 13, 16, 15,  0,  0,  0,  0], device='cuda:0')
Tar: tensor([[12, 14, 13, 16, 17,  0,  0,  0,  0],
        [14, 12, 13, 16, 15, 17,  0,  0,  0],
        [14, 12, 13, 16, 15,  0,  0,  0,  0]], device='cuda:0')
-----------------------------------------------------------------------------------------
| end of epoch  65 | time: 26.73s | valid loss 69.0000000 | valid acc 55.446%| Best Model from Epoch 56 with 64.936%
-----------------------------------------------------------------------------------------
| epoch  66 |    99/  402 batches | lr_step  26230 | lr  0.000610 |acc  32.859%| ms/batch 29.32 | loss 0.3838129 
| epoch  66 |   199/  402 batches | lr_step  26330 | lr  0.000609 |acc  33.031%| ms/batch 29.28 | loss 0.3803059 
| epoch  66 |   299/  402 batches | lr_step  26430 | lr  0.000608 |acc  33.812%| ms/batch 30.50 | loss 0.3729331 
| epoch  66 |   399/  402 batches | lr_step  26530 | lr  0.000607 |acc  33.562%| ms/batch 30.08 | loss 0.3825141 
Pred: tensor([ 8,  7, 11,  9, 10,  7,  0,  0], device='cuda:0') and tensor([12, 13, 14, 16, 15,  0,  0,  0], device='cuda:0'), tensor([10,  7,  8,  9,  6,  0,  0,  0], device='cuda:0')
Tar: tensor([[ 7,  8, 11,  9, 10,  7,  0,  0],
        [12, 14, 13, 16, 15,  0,  0,  0],
        [ 7, 10,  8,  9,  6,  0,  0,  0]], device='cuda:0')
-----------------------------------------------------------------------------------------
| end of epoch  66 | time: 26.71s | valid loss 69.0000000 | valid acc 56.769%| Best Model from Epoch 56 with 64.936%
-----------------------------------------------------------------------------------------
| epoch  67 |    99/  402 batches | lr_step  26632 | lr  0.000606 |acc  31.828%| ms/batch 29.89 | loss 0.3849133 
| epoch  67 |   199/  402 batches | lr_step  26732 | lr  0.000604 |acc  32.734%| ms/batch 29.65 | loss 0.3828761 
| epoch  67 |   299/  402 batches | lr_step  26832 | lr  0.000603 |acc  33.281%| ms/batch 29.60 | loss 0.3756683 
| epoch  67 |   399/  402 batches | lr_step  26932 | lr  0.000602 |acc  33.391%| ms/batch 29.97 | loss 0.3806764 
Pred: tensor([10,  7,  8,  9, 11,  6,  0,  0], device='cuda:0') and tensor([ 7, 10,  8,  9, 10,  6,  9,  0], device='cuda:0'), tensor([ 8, 10,  7, 11,  0,  0,  0,  0], device='cuda:0')
Tar: tensor([[ 7, 10,  8,  9, 11,  6,  0,  0],
        [ 7, 10,  8,  9, 10,  6,  9,  0],
        [10,  7,  8, 11,  0,  0,  0,  0]], device='cuda:0')
-----------------------------------------------------------------------------------------
| end of epoch  67 | time: 26.93s | valid loss 69.0000000 | valid acc 53.390%| Best Model from Epoch 56 with 64.936%
-----------------------------------------------------------------------------------------
| epoch  68 |    99/  402 batches | lr_step  27034 | lr  0.000601 |acc  34.844%| ms/batch 29.74 | loss 0.3695141 
| epoch  68 |   199/  402 batches | lr_step  27134 | lr  0.000600 |acc  33.906%| ms/batch 30.38 | loss 0.3863807 
| epoch  68 |   299/  402 batches | lr_step  27234 | lr  0.000599 |acc  33.547%| ms/batch 30.27 | loss 0.3800642 
| epoch  68 |   399/  402 batches | lr_step  27334 | lr  0.000598 |acc  34.000%| ms/batch 33.94 | loss 0.3725444 
Pred: tensor([14, 12, 13, 16, 15, 17,  0,  0], device='cuda:0') and tensor([12, 13, 16, 14, 15, 17,  0,  0], device='cuda:0'), tensor([12, 13, 16, 14, 15, 17, 13,  0], device='cuda:0')
Tar: tensor([[14, 12, 16, 17, 15, 13,  0,  0],
        [12, 13, 14, 16, 15, 17,  0,  0],
        [12, 13, 16, 15, 14, 17, 13,  0]], device='cuda:0')
-----------------------------------------------------------------------------------------
| end of epoch  68 | time: 27.97s | valid loss 69.0000000 | valid acc 63.694%| Best Model from Epoch 56 with 64.936%
-----------------------------------------------------------------------------------------
| epoch  69 |    99/  402 batches | lr_step  27436 | lr  0.000597 |acc  33.938%| ms/batch 30.14 | loss 0.3804929 
| epoch  69 |   199/  402 batches | lr_step  27536 | lr  0.000596 |acc  32.906%| ms/batch 29.57 | loss 0.3812158 
| epoch  69 |   299/  402 batches | lr_step  27636 | lr  0.000594 |acc  33.062%| ms/batch 30.33 | loss 0.3759844 
| epoch  69 |   399/  402 batches | lr_step  27736 | lr  0.000593 |acc  33.344%| ms/batch 29.35 | loss 0.3768905 
Pred: tensor([12, 13, 16, 15,  0,  0,  0], device='cuda:0') and tensor([10,  7,  8,  9, 11,  6,  0], device='cuda:0'), tensor([7, 9, 8, 0, 0, 0, 0], device='cuda:0')
Tar: tensor([[12, 13, 16, 15,  0,  0,  0],
        [ 7, 10,  8,  9,  6, 11,  0],
        [ 9,  7,  8,  0,  0,  0,  0]], device='cuda:0')
-----------------------------------------------------------------------------------------
| end of epoch  69 | time: 26.91s | valid loss 69.0000000 | valid acc 62.356%| Best Model from Epoch 56 with 64.936%
-----------------------------------------------------------------------------------------
| epoch  70 |    99/  402 batches | lr_step  27838 | lr  0.000592 |acc  32.984%| ms/batch 29.31 | loss 0.3822963 
| epoch  70 |   199/  402 batches | lr_step  27938 | lr  0.000591 |acc  34.047%| ms/batch 23.41 | loss 0.3805107 
| epoch  70 |   299/  402 batches | lr_step  28038 | lr  0.000590 |acc  33.859%| ms/batch 24.87 | loss 0.3767390 
| epoch  70 |   399/  402 batches | lr_step  28138 | lr  0.000589 |acc  33.641%| ms/batch 30.55 | loss 0.3797540 
Pred: tensor([10,  7,  8,  9, 11,  6,  0,  0], device='cuda:0') and tensor([10,  7,  8,  9, 11,  0,  0,  0], device='cuda:0'), tensor([12, 13, 14, 17,  0,  0,  0,  0], device='cuda:0')
Tar: tensor([[10,  7,  8,  9, 11,  6,  0,  0],
        [10,  7,  8,  9, 11,  0,  0,  0],
        [12, 13, 14, 17,  0,  0,  0,  0]], device='cuda:0')
-----------------------------------------------------------------------------------------
| end of epoch  70 | time: 27.05s | valid loss 69.0000000 | valid acc 60.050%| Best Model from Epoch 56 with 64.936%
-----------------------------------------------------------------------------------------
| epoch  71 |    99/  402 batches | lr_step  28240 | lr  0.000588 |acc  33.469%| ms/batch 32.22 | loss 0.3798369 
| epoch  71 |   199/  402 batches | lr_step  28340 | lr  0.000587 |acc  33.391%| ms/batch 39.95 | loss 0.3777755 
| epoch  71 |   299/  402 batches | lr_step  28440 | lr  0.000586 |acc  33.609%| ms/batch 27.45 | loss 0.3803132 
| epoch  71 |   399/  402 batches | lr_step  28540 | lr  0.000585 |acc  33.750%| ms/batch 33.00 | loss 0.3747044 
Pred: tensor([12, 14, 13, 16, 15, 17,  0,  0], device='cuda:0') and tensor([12, 14, 13, 16, 15, 17,  0,  0], device='cuda:0'), tensor([10,  7,  8,  9,  6,  0,  0,  0], device='cuda:0')
Tar: tensor([[14, 12, 13, 16, 15, 17,  0,  0],
        [12, 13, 14, 16, 17, 15,  0,  0],
        [10,  7,  8,  9,  6,  0,  0,  0]], device='cuda:0')
-----------------------------------------------------------------------------------------
| end of epoch  71 | time: 28.34s | valid loss 69.0000000 | valid acc 55.245%| Best Model from Epoch 56 with 64.936%
-----------------------------------------------------------------------------------------
Pred: tensor([10,  7,  8,  9,  0,  0,  0], device='cuda:0') and tensor([ 7, 10,  8,  9,  6, 11,  0], device='cuda:0'), tensor([ 7,  8,  9, 10,  0,  0,  0], device='cuda:0')
Tar: tensor([[ 7, 10,  8,  9,  0,  0,  0],
        [ 7, 10,  8,  9,  6, 11,  0],
        [ 7,  8,  9, 10,  0,  0,  0]], device='cuda:0')
=========================================================================================
| End of training | test loss 69.00 | test acc 65.12% | Best Model from Epoch 56
=========================================================================================
