
10168
9832
9832
0 ['a2', 'b4', 'c5', 'f6', 'g7'] (['a2', 'b4', 'c5', 'f6', 'g7'], 0.007081038552321007) ['a2', 'b4', 'c5', 'f6', 'g7']
1000 ['e3', 'a2', 'b4', 'c5', 'f6', 'g7'] (['e3', 'a2', 'b4', 'c5', 'f6', 'g7'], 0.14309598741148702) ['e3', 'a2', 'b4', 'c5', 'f6', 'g7']
2000 ['e3', 'a2', 'b4', 'c5', 'f6', 'g7'] (['e3', 'a2', 'b4', 'c5', 'f6', 'g7'], 0.14309598741148702) ['e3', 'a2', 'b4', 'c5', 'f6', 'g7']
3000 ['d8', 'b9', 'c10', 'f11', 'g12'] (['d8', 'b9', 'c10', 'f11', 'g12'], 0.25452399685287175) ['d8', 'b9', 'c10', 'f11', 'g12']
4000 ['e3', 'a2', 'b4', 'c5', 'f6', 'g7', 'e3'] (['e3', 'a2', 'b4', 'c5', 'f6', 'g7', 'e3'], 0.0027537372147915028) ['e3', 'a2', 'b4', 'c5', 'f6', 'g7', 'e3']
5000 ['e3', 'c5', 'b4', 'a2', 'f6', 'g7'] (['e3', 'c5', 'b4', 'a2', 'f6', 'g7'], 0.0015735641227380016) ['e3', 'c5', 'b4', 'a2', 'f6', 'g7']
6000 ['d8', 'b9', 'c10', 'f11', 'g12'] (['d8', 'b9', 'c10', 'f11', 'g12'], 0.25452399685287175) ['d8', 'b9', 'c10', 'f11', 'g12']
7000 ['d8', 'b9', 'c10', 'f11', 'g12'] (['d8', 'b9', 'c10', 'f11', 'g12'], 0.25452399685287175) ['d8', 'b9', 'c10', 'f11', 'g12']
8000 ['a2', 'e3', 'b4', 'c5', 'f6', 'g7'] (['e3', 'a2', 'b4', 'c5', 'f6', 'g7'], 0.14309598741148702) ['a2', 'e3', 'b4', 'c5', 'f6', 'g7']
9000 ['d8', 'c10', 'c10', 'f11', 'd8'] (['d8', 'c10', 'c10', 'f11', 'd8'], 9.83477576711251e-05) ['d8', 'c10', 'c10', 'f11', 'd8']

Accuracy: 0.7475589910496339
Running experiment on N = 2

Accuracy: 0.6893816110659072



0
1000
2000
3000
4000
5000
6000
7000
8000
9000

Accuracy: 0.6559194467046379
