-----------------------------------------------------------------------------------------
Parameter Settings:
EIUES:                            0.6
Ratio uncertain traces:           0.995

Type:                             encoder_GREEDY
No. warmup steps:                 15339.19512643925
LR factor                         0.2404151335201416 
Embedding dimension:              256
Dimension of feedforward network: 1024
Number of transformer layers:     2
Number of attentions heads:       16
Dropout:                          0.3907907707332854
Total number of epochs:           100
-----------------------------------------------------------------------------------------
| epoch   1 |    99/  402 batches | lr_step  100 | lr  0.000001 |acc  0.000%| ms/batch 54.87 | loss 2.4894185 
| epoch   1 |   199/  402 batches | lr_step  200 | lr  0.000002 |acc  0.000%| ms/batch 54.38 | loss 2.0216744 
| epoch   1 |   299/  402 batches | lr_step  300 | lr  0.000002 |acc  0.281%| ms/batch 52.37 | loss 1.3503787 
| epoch   1 |   399/  402 batches | lr_step  400 | lr  0.000003 |acc  1.859%| ms/batch 51.83 | loss 1.0270609 
Pred: tensor([12, 16, 17, 14, 13,  0,  0,  0,  0]) and tensor([ 7,  8,  9, 10, 11,  6,  0,  0,  0]), tensor([12, 14, 16, 13, 12,  0,  0,  0,  0])
Tar: tensor([[12, 14, 13, 16, 17,  0,  0,  0,  0],
        [ 7,  8,  9, 11, 10,  6,  0,  0,  0],
        [12, 14, 13, 16, 12,  0,  0,  0,  0]])
-----------------------------------------------------------------------------------------
| end of epoch   1 | time: 54.44s | valid loss 69.0000000 | valid acc 14.680%| Best Model from Epoch 0 with  -inf%
-----------------------------------------------------------------------------------------
-----------------------------------------------------------------------------------------
-----------------------------------------------------------------------------------------
| end of epoch   1 | time: 54.44s | valid loss 69.0000000 | valid acc 14.680%| 
-----------------------------------------------------------------------------------------
-----------------------------------------------------------------------------------------
| epoch   2 |    99/  402 batches | lr_step  503 | lr  0.000004 |acc  2.266%| ms/batch 50.96 | loss 0.9649151 
| epoch   2 |   199/  402 batches | lr_step  603 | lr  0.000005 |acc  2.719%| ms/batch 50.72 | loss 0.9230705 
| epoch   2 |   299/  402 batches | lr_step  703 | lr  0.000006 |acc  3.047%| ms/batch 53.86 | loss 0.8828676 
| epoch   2 |   399/  402 batches | lr_step  803 | lr  0.000006 |acc  3.000%| ms/batch 54.06 | loss 0.8460791 
Pred: tensor([ 7,  8, 10, 11,  6,  9,  0,  0,  0]) and tensor([14, 12, 15, 13, 17, 16,  0,  0,  0]), tensor([12, 14, 16, 13, 17,  0,  0,  0,  0])
Tar: tensor([[ 7, 10,  8,  6,  9, 11,  0,  0,  0],
        [14, 12, 13, 16, 15, 17,  0,  0,  0],
        [14, 12, 13, 16, 17,  0,  0,  0,  0]])
-----------------------------------------------------------------------------------------
| end of epoch   2 | time: 56.76s | valid loss 69.0000000 | valid acc 20.035%| Best Model from Epoch 1 with 14.680%
-----------------------------------------------------------------------------------------
-----------------------------------------------------------------------------------------
-----------------------------------------------------------------------------------------
| end of epoch   2 | time: 56.76s | valid loss 69.0000000 | valid acc 20.035%| 
-----------------------------------------------------------------------------------------
-----------------------------------------------------------------------------------------
| epoch   3 |    99/  402 batches | lr_step  906 | lr  0.000007 |acc  3.141%| ms/batch 52.66 | loss 0.8191586 
| epoch   3 |   199/  402 batches | lr_step  1006 | lr  0.000008 |acc  3.656%| ms/batch 51.84 | loss 0.7794553 
| epoch   3 |   299/  402 batches | lr_step  1106 | lr  0.000009 |acc  4.359%| ms/batch 54.94 | loss 0.7409001 
| epoch   3 |   399/  402 batches | lr_step  1206 | lr  0.000010 |acc  4.484%| ms/batch 56.91 | loss 0.7096028 
Pred: tensor([12, 14, 16, 17, 13,  0,  0,  0]) and tensor([10,  7,  8,  9,  6, 11,  0,  0]), tensor([ 7,  8,  7, 10,  9,  0,  0,  0])
Tar: tensor([[14, 12, 13, 16, 17,  0,  0,  0],
        [10,  7,  8,  9, 11,  6,  0,  0],
        [ 7,  8, 10,  9,  7,  0,  0,  0]])
-----------------------------------------------------------------------------------------
| end of epoch   3 | time: 57.49s | valid loss 69.0000000 | valid acc 24.843%| Best Model from Epoch 2 with 20.035%
-----------------------------------------------------------------------------------------
-----------------------------------------------------------------------------------------
-----------------------------------------------------------------------------------------
| end of epoch   3 | time: 57.49s | valid loss 69.0000000 | valid acc 24.843%| 
-----------------------------------------------------------------------------------------
-----------------------------------------------------------------------------------------
| epoch   4 |    99/  402 batches | lr_step  1309 | lr  0.000010 |acc  5.250%| ms/batch 52.81 | loss 0.6966465 
| epoch   4 |   199/  402 batches | lr_step  1409 | lr  0.000011 |acc  5.844%| ms/batch 49.12 | loss 0.6714505 
| epoch   4 |   299/  402 batches | lr_step  1509 | lr  0.000012 |acc  6.422%| ms/batch 50.75 | loss 0.6475711 
| epoch   4 |   399/  402 batches | lr_step  1609 | lr  0.000013 |acc  7.516%| ms/batch 51.57 | loss 0.6081329 
Pred: tensor([12, 13, 16, 14, 15, 17, 16, 13]) and tensor([ 7,  8, 10,  9,  6,  0,  0,  0]), tensor([12, 13, 16, 17, 14,  0,  0,  0])
Tar: tensor([[14, 12, 13, 16, 17, 15, 13, 16],
        [10,  7,  8,  9,  6,  0,  0,  0],
        [12, 13, 14, 17, 16,  0,  0,  0]])
-----------------------------------------------------------------------------------------
| end of epoch   4 | time: 55.63s | valid loss 69.0000000 | valid acc 26.464%| Best Model from Epoch 3 with 24.843%
-----------------------------------------------------------------------------------------
-----------------------------------------------------------------------------------------
-----------------------------------------------------------------------------------------
| end of epoch   4 | time: 55.63s | valid loss 69.0000000 | valid acc 26.464%| 
-----------------------------------------------------------------------------------------
-----------------------------------------------------------------------------------------
| epoch   5 |    99/  402 batches | lr_step  1712 | lr  0.000014 |acc  8.531%| ms/batch 53.11 | loss 0.5990342 
| epoch   5 |   199/  402 batches | lr_step  1812 | lr  0.000014 |acc  9.906%| ms/batch 51.77 | loss 0.5671133 
| epoch   5 |   299/  402 batches | lr_step  1912 | lr  0.000015 |acc  10.531%| ms/batch 50.92 | loss 0.5660541 
| epoch   5 |   399/  402 batches | lr_step  2012 | lr  0.000016 |acc  13.047%| ms/batch 51.55 | loss 0.5243281 
Pred: tensor([12, 14, 16, 13, 17, 15,  0]) and tensor([ 7,  8, 10,  9,  6, 11,  0]), tensor([ 7,  8,  9, 11, 10,  0,  0])
Tar: tensor([[14, 12, 13, 16, 17, 15,  0],
        [10,  7,  8,  9,  6, 11,  0],
        [ 7, 10,  8,  9, 11,  0,  0]])
-----------------------------------------------------------------------------------------
| end of epoch   5 | time: 56.04s | valid loss 69.0000000 | valid acc 27.988%| Best Model from Epoch 4 with 26.464%
-----------------------------------------------------------------------------------------
-----------------------------------------------------------------------------------------
-----------------------------------------------------------------------------------------
| end of epoch   5 | time: 56.04s | valid loss 69.0000000 | valid acc 27.988%| 
-----------------------------------------------------------------------------------------
-----------------------------------------------------------------------------------------
| epoch   6 |    99/  402 batches | lr_step  2115 | lr  0.000017 |acc  13.969%| ms/batch 51.73 | loss 0.5169528 
| epoch   6 |   199/  402 batches | lr_step  2215 | lr  0.000018 |acc  14.547%| ms/batch 50.40 | loss 0.4879887 
| epoch   6 |   299/  402 batches | lr_step  2315 | lr  0.000018 |acc  16.609%| ms/batch 49.92 | loss 0.4889512 
| epoch   6 |   399/  402 batches | lr_step  2415 | lr  0.000019 |acc  18.297%| ms/batch 50.15 | loss 0.4798779 
Pred: tensor([12, 13, 16, 14, 17, 15,  0]) and tensor([ 7, 10,  9,  8, 11,  0,  0]), tensor([12, 13, 16, 14,  0,  0,  0])
Tar: tensor([[14, 12, 13, 16, 15, 17,  0],
        [10,  7,  8,  9, 11,  0,  0],
        [12, 13, 16, 14,  0,  0,  0]])
-----------------------------------------------------------------------------------------
| end of epoch   6 | time: 55.26s | valid loss 69.0000000 | valid acc 30.392%| Best Model from Epoch 5 with 27.988%
-----------------------------------------------------------------------------------------
-----------------------------------------------------------------------------------------
-----------------------------------------------------------------------------------------
| end of epoch   6 | time: 55.26s | valid loss 69.0000000 | valid acc 30.392%| 
-----------------------------------------------------------------------------------------
-----------------------------------------------------------------------------------------
| epoch   7 |    99/  402 batches | lr_step  2518 | lr  0.000020 |acc  19.656%| ms/batch 52.90 | loss 0.4587986 
| epoch   7 |   199/  402 batches | lr_step  2618 | lr  0.000021 |acc  22.141%| ms/batch 51.43 | loss 0.4528793 
| epoch   7 |   299/  402 batches | lr_step  2718 | lr  0.000021 |acc  23.297%| ms/batch 51.71 | loss 0.4296667 
| epoch   7 |   399/  402 batches | lr_step  2818 | lr  0.000022 |acc  25.047%| ms/batch 50.99 | loss 0.4183947 
Pred: tensor([14, 12, 13, 16, 12, 17,  0,  0]) and tensor([12, 13, 16, 17, 14,  0,  0,  0]), tensor([12, 14, 13, 16,  0,  0,  0,  0])
Tar: tensor([[14, 12, 13, 16, 12, 17,  0,  0],
        [12, 13, 17, 16, 14,  0,  0,  0],
        [14, 12, 13, 16,  0,  0,  0,  0]])
-----------------------------------------------------------------------------------------
| end of epoch   7 | time: 54.62s | valid loss 69.0000000 | valid acc 31.142%| Best Model from Epoch 6 with 30.392%
-----------------------------------------------------------------------------------------
-----------------------------------------------------------------------------------------
-----------------------------------------------------------------------------------------
| end of epoch   7 | time: 54.62s | valid loss 69.0000000 | valid acc 31.142%| 
-----------------------------------------------------------------------------------------
-----------------------------------------------------------------------------------------
| epoch   8 |    99/  402 batches | lr_step  2921 | lr  0.000023 |acc  27.484%| ms/batch 54.44 | loss 0.4151208 
| epoch   8 |   199/  402 batches | lr_step  3021 | lr  0.000024 |acc  27.734%| ms/batch 48.91 | loss 0.4023292 
| epoch   8 |   299/  402 batches | lr_step  3121 | lr  0.000025 |acc  30.125%| ms/batch 48.91 | loss 0.3971931 
| epoch   8 |   399/  402 batches | lr_step  3221 | lr  0.000025 |acc  31.187%| ms/batch 50.01 | loss 0.3797256 
Pred: tensor([14, 17, 16, 13, 12, 15,  0,  0]) and tensor([ 7,  8,  9, 10,  0,  0,  0,  0]), tensor([ 7,  8, 10, 11,  0,  0,  0,  0])
Tar: tensor([[14, 17, 13, 16, 12, 15,  0,  0],
        [ 7,  8, 10,  9,  0,  0,  0,  0],
        [ 7,  8, 10, 11,  0,  0,  0,  0]])
-----------------------------------------------------------------------------------------
| end of epoch   8 | time: 54.01s | valid loss 69.0000000 | valid acc 31.376%| Best Model from Epoch 7 with 31.142%
-----------------------------------------------------------------------------------------
-----------------------------------------------------------------------------------------
-----------------------------------------------------------------------------------------
| end of epoch   8 | time: 54.01s | valid loss 69.0000000 | valid acc 31.376%| 
-----------------------------------------------------------------------------------------
-----------------------------------------------------------------------------------------
| epoch   9 |    99/  402 batches | lr_step  3324 | lr  0.000026 |acc  34.125%| ms/batch 51.34 | loss 0.3618381 
| epoch   9 |   199/  402 batches | lr_step  3424 | lr  0.000027 |acc  35.250%| ms/batch 49.65 | loss 0.3688839 
| epoch   9 |   299/  402 batches | lr_step  3524 | lr  0.000028 |acc  35.000%| ms/batch 49.78 | loss 0.3661501 
| epoch   9 |   399/  402 batches | lr_step  3624 | lr  0.000029 |acc  36.828%| ms/batch 49.18 | loss 0.3585644 
Pred: tensor([12, 13, 16, 14, 17, 15,  0,  0]) and tensor([12, 13, 16, 17, 14,  0,  0,  0]), tensor([12, 13, 14, 16, 15, 17,  0,  0])
Tar: tensor([[12, 13, 14, 16, 15, 17,  0,  0],
        [12, 13, 16, 17, 14,  0,  0,  0],
        [12, 14, 13, 16, 17, 15,  0,  0]])
-----------------------------------------------------------------------------------------
| end of epoch   9 | time: 54.91s | valid loss 69.0000000 | valid acc 36.288%| Best Model from Epoch 8 with 31.376%
-----------------------------------------------------------------------------------------
-----------------------------------------------------------------------------------------
-----------------------------------------------------------------------------------------
| end of epoch   9 | time: 54.91s | valid loss 69.0000000 | valid acc 36.288%| 
-----------------------------------------------------------------------------------------
-----------------------------------------------------------------------------------------
| epoch  10 |    99/  402 batches | lr_step  3727 | lr  0.000029 |acc  38.266%| ms/batch 53.26 | loss 0.3461718 
| epoch  10 |   199/  402 batches | lr_step  3827 | lr  0.000030 |acc  41.047%| ms/batch 51.68 | loss 0.3369334 
| epoch  10 |   299/  402 batches | lr_step  3927 | lr  0.000031 |acc  41.594%| ms/batch 56.71 | loss 0.3265717 
| epoch  10 |   399/  402 batches | lr_step  4027 | lr  0.000032 |acc  42.406%| ms/batch 52.57 | loss 0.3260839 
Pred: tensor([12, 13, 16, 14,  0,  0,  0,  0]) and tensor([10,  7,  8,  9, 11,  0,  0,  0]), tensor([14, 12, 13, 16, 15,  0,  0,  0])
Tar: tensor([[12, 13, 16, 14,  0,  0,  0,  0],
        [10,  7,  8,  9, 11,  0,  0,  0],
        [14, 12, 13, 16, 15,  0,  0,  0]])
-----------------------------------------------------------------------------------------
| end of epoch  10 | time: 59.32s | valid loss 69.0000000 | valid acc 28.601%| Best Model from Epoch 9 with 36.288%
-----------------------------------------------------------------------------------------
| epoch  11 |    99/  402 batches | lr_step  4130 | lr  0.000033 |acc  43.688%| ms/batch 57.28 | loss 0.3151343 
| epoch  11 |   199/  402 batches | lr_step  4230 | lr  0.000033 |acc  45.641%| ms/batch 53.94 | loss 0.3064213 
| epoch  11 |   299/  402 batches | lr_step  4330 | lr  0.000034 |acc  44.812%| ms/batch 58.71 | loss 0.3077034 
| epoch  11 |   399/  402 batches | lr_step  4430 | lr  0.000035 |acc  47.562%| ms/batch 57.20 | loss 0.2987496 
Pred: tensor([12, 14, 16, 15, 13,  0,  0]) and tensor([ 7, 11,  8,  9, 10,  6,  0]), tensor([12, 14, 16, 13, 17, 15,  0])
Tar: tensor([[12, 14, 16, 15, 13,  0,  0],
        [ 7, 11,  9, 10,  8,  6,  0],
        [14, 12, 13, 16, 15, 17,  0]])
-----------------------------------------------------------------------------------------
| end of epoch  11 | time: 56.79s | valid loss 69.0000000 | valid acc 28.843%| Best Model from Epoch 9 with 36.288%
-----------------------------------------------------------------------------------------
| epoch  12 |    99/  402 batches | lr_step  4533 | lr  0.000036 |acc  48.969%| ms/batch 52.29 | loss 0.2912922 
| epoch  12 |   199/  402 batches | lr_step  4633 | lr  0.000037 |acc  49.453%| ms/batch 52.18 | loss 0.2795966 
| epoch  12 |   299/  402 batches | lr_step  4733 | lr  0.000037 |acc  51.750%| ms/batch 51.31 | loss 0.2700637 
| epoch  12 |   399/  402 batches | lr_step  4833 | lr  0.000038 |acc  52.844%| ms/batch 53.72 | loss 0.2648140 
Pred: tensor([17, 16, 14, 12, 15,  0,  0]) and tensor([ 7, 10,  8,  9, 11,  0,  0]), tensor([ 7,  8,  9, 10,  6, 11,  0])
Tar: tensor([[12, 14, 16, 15, 17,  0,  0],
        [10,  7,  8,  9, 11,  0,  0],
        [ 7, 10,  8,  9,  6, 11,  0]])
-----------------------------------------------------------------------------------------
| end of epoch  12 | time: 53.95s | valid loss 69.0000000 | valid acc 27.004%| Best Model from Epoch 9 with 36.288%
-----------------------------------------------------------------------------------------
| epoch  13 |    99/  402 batches | lr_step  4936 | lr  0.000039 |acc  54.609%| ms/batch 50.51 | loss 0.2623243 
| epoch  13 |   199/  402 batches | lr_step  5036 | lr  0.000040 |acc  55.109%| ms/batch 49.05 | loss 0.2560122 
| epoch  13 |   299/  402 batches | lr_step  5136 | lr  0.000041 |acc  55.922%| ms/batch 49.42 | loss 0.2450586 
| epoch  13 |   399/  402 batches | lr_step  5236 | lr  0.000041 |acc  57.062%| ms/batch 50.41 | loss 0.2523586 
Pred: tensor([10,  7,  8,  9, 11,  0,  0,  0,  0]) and tensor([17, 14, 12, 13, 16, 15,  0,  0,  0]), tensor([12, 13, 14, 16, 15, 17,  0,  0,  0])
Tar: tensor([[10,  7,  8,  9, 11,  0,  0,  0,  0],
        [12, 13, 14, 16, 17, 15,  0,  0,  0],
        [14, 12, 13, 16, 15, 17,  0,  0,  0]])
-----------------------------------------------------------------------------------------
| end of epoch  13 | time: 52.02s | valid loss 69.0000000 | valid acc 28.384%| Best Model from Epoch 9 with 36.288%
-----------------------------------------------------------------------------------------
| epoch  14 |    99/  402 batches | lr_step  5339 | lr  0.000042 |acc  58.500%| ms/batch 51.27 | loss 0.2371322 
| epoch  14 |   199/  402 batches | lr_step  5439 | lr  0.000043 |acc  60.031%| ms/batch 49.07 | loss 0.2300760 
| epoch  14 |   299/  402 batches | lr_step  5539 | lr  0.000044 |acc  60.828%| ms/batch 48.69 | loss 0.2228566 
| epoch  14 |   399/  402 batches | lr_step  5639 | lr  0.000045 |acc  61.922%| ms/batch 49.16 | loss 0.2179976 
Pred: tensor([ 7,  8,  9, 10,  0,  0,  0]) and tensor([12, 13, 14, 16, 15, 17,  0]), tensor([10,  7,  8,  9,  8,  6, 11])
Tar: tensor([[ 7,  8,  9, 10,  0,  0,  0],
        [12, 13, 14, 16, 15, 17,  0],
        [10,  7,  8,  9,  6, 11,  8]])
-----------------------------------------------------------------------------------------
| end of epoch  14 | time: 51.98s | valid loss 69.0000000 | valid acc 29.650%| Best Model from Epoch 9 with 36.288%
-----------------------------------------------------------------------------------------
| epoch  15 |    99/  402 batches | lr_step  5742 | lr  0.000045 |acc  63.453%| ms/batch 50.59 | loss 0.2126235 
| epoch  15 |   199/  402 batches | lr_step  5842 | lr  0.000046 |acc  64.406%| ms/batch 50.21 | loss 0.2102778 
| epoch  15 |   299/  402 batches | lr_step  5942 | lr  0.000047 |acc  65.953%| ms/batch 50.41 | loss 0.1981942 
| epoch  15 |   399/  402 batches | lr_step  6042 | lr  0.000048 |acc  66.047%| ms/batch 50.42 | loss 0.1942034 
Pred: tensor([14, 12, 13, 16, 15, 17,  0]) and tensor([13, 16, 14, 12, 17, 15, 13]), tensor([14, 12, 13, 16,  0,  0,  0])
Tar: tensor([[14, 12, 13, 16, 15, 17,  0],
        [12, 13, 14, 16, 17, 15, 13],
        [14, 12, 13, 16,  0,  0,  0]])
-----------------------------------------------------------------------------------------
| end of epoch  15 | time: 52.11s | valid loss 69.0000000 | valid acc 30.231%| Best Model from Epoch 9 with 36.288%
-----------------------------------------------------------------------------------------
| epoch  16 |    99/  402 batches | lr_step  6145 | lr  0.000049 |acc  66.812%| ms/batch 49.22 | loss 0.1962070 
| epoch  16 |   199/  402 batches | lr_step  6245 | lr  0.000049 |acc  70.422%| ms/batch 48.18 | loss 0.1811130 
| epoch  16 |   299/  402 batches | lr_step  6345 | lr  0.000050 |acc  69.234%| ms/batch 49.30 | loss 0.1861351 
| epoch  16 |   399/  402 batches | lr_step  6445 | lr  0.000051 |acc  71.391%| ms/batch 49.28 | loss 0.1670238 
Pred: tensor([14, 12, 13, 16, 17,  0,  0,  0,  0]) and tensor([17, 14, 12, 13, 16, 15,  0,  0,  0]), tensor([ 6, 10,  7, 10,  9,  8,  0,  0,  0])
Tar: tensor([[14, 12, 13, 16, 17,  0,  0,  0,  0],
        [12, 14, 13, 16, 15, 17,  0,  0,  0],
        [ 7, 10,  8,  9,  6, 10,  0,  0,  0]])
-----------------------------------------------------------------------------------------
| end of epoch  16 | time: 51.86s | valid loss 69.0000000 | valid acc 30.521%| Best Model from Epoch 9 with 36.288%
-----------------------------------------------------------------------------------------
| epoch  17 |    99/  402 batches | lr_step  6548 | lr  0.000052 |acc  71.453%| ms/batch 48.80 | loss 0.1706399 
| epoch  17 |   199/  402 batches | lr_step  6648 | lr  0.000053 |acc  72.234%| ms/batch 49.21 | loss 0.1700898 
| epoch  17 |   299/  402 batches | lr_step  6748 | lr  0.000053 |acc  72.969%| ms/batch 49.46 | loss 0.1629358 
| epoch  17 |   399/  402 batches | lr_step  6848 | lr  0.000054 |acc  73.797%| ms/batch 49.51 | loss 0.1603122 
Pred: tensor([15, 13, 16, 14, 12, 17,  0]) and tensor([ 7, 10,  9,  6, 11,  8,  0]), tensor([ 7, 10,  8,  9,  6, 11,  0])
Tar: tensor([[12, 13, 16, 14, 15, 17,  0],
        [ 7, 10,  8,  9, 11,  6,  0],
        [ 7, 10,  8,  9,  6, 11,  0]])
-----------------------------------------------------------------------------------------
| end of epoch  17 | time: 52.06s | valid loss 69.0000000 | valid acc 29.166%| Best Model from Epoch 9 with 36.288%
-----------------------------------------------------------------------------------------
| epoch  18 |    99/  402 batches | lr_step  6951 | lr  0.000055 |acc  73.875%| ms/batch 50.34 | loss 0.1606169 
| epoch  18 |   199/  402 batches | lr_step  7051 | lr  0.000056 |acc  75.516%| ms/batch 49.90 | loss 0.1501199 
| epoch  18 |   299/  402 batches | lr_step  7151 | lr  0.000057 |acc  76.609%| ms/batch 48.92 | loss 0.1434733 
| epoch  18 |   399/  402 batches | lr_step  7251 | lr  0.000057 |acc  76.188%| ms/batch 51.12 | loss 0.1505972 
Pred: tensor([14, 13, 16, 12, 17, 15, 14,  0,  0]) and tensor([12, 14, 13, 16, 17, 15,  0,  0,  0]), tensor([10, 11,  8,  7,  9,  0,  0,  0,  0])
Tar: tensor([[14, 13, 16, 12, 14, 17, 15,  0,  0],
        [12, 13, 14, 16, 17, 15,  0,  0,  0],
        [11, 10,  7,  8,  9,  0,  0,  0,  0]])
-----------------------------------------------------------------------------------------
| end of epoch  18 | time: 51.47s | valid loss 69.0000000 | valid acc 31.602%| Best Model from Epoch 9 with 36.288%
-----------------------------------------------------------------------------------------
| epoch  19 |    99/  402 batches | lr_step  7354 | lr  0.000058 |acc  77.078%| ms/batch 47.47 | loss 0.1431103 
| epoch  19 |   199/  402 batches | lr_step  7454 | lr  0.000059 |acc  78.250%| ms/batch 49.40 | loss 0.1412810 
| epoch  19 |   299/  402 batches | lr_step  7554 | lr  0.000060 |acc  78.281%| ms/batch 48.64 | loss 0.1360226 
| epoch  19 |   399/  402 batches | lr_step  7654 | lr  0.000061 |acc  78.844%| ms/batch 49.66 | loss 0.1351864 
Pred: tensor([12, 14, 13, 16, 15, 17,  0,  0]) and tensor([ 7,  8,  9, 10,  0,  0,  0,  0]), tensor([12, 14, 13, 16, 15, 17,  0,  0])
Tar: tensor([[14, 12, 13, 16, 15, 17,  0,  0],
        [ 7,  8,  9, 10,  0,  0,  0,  0],
        [14, 12, 13, 16, 15, 17,  0,  0]])
-----------------------------------------------------------------------------------------
| end of epoch  19 | time: 50.83s | valid loss 69.0000000 | valid acc 30.650%| Best Model from Epoch 9 with 36.288%
-----------------------------------------------------------------------------------------
| epoch  20 |    99/  402 batches | lr_step  7757 | lr  0.000061 |acc  79.219%| ms/batch 50.40 | loss 0.1357325 
| epoch  20 |   199/  402 batches | lr_step  7857 | lr  0.000062 |acc  80.266%| ms/batch 50.65 | loss 0.1281753 
| epoch  20 |   299/  402 batches | lr_step  7957 | lr  0.000063 |acc  80.453%| ms/batch 49.83 | loss 0.1329450 
| epoch  20 |   399/  402 batches | lr_step  8057 | lr  0.000064 |acc  81.109%| ms/batch 49.22 | loss 0.1172695 
Pred: tensor([ 7,  8, 10,  9, 10,  0,  0,  0]) and tensor([ 7, 10,  9,  8, 11,  0,  0,  0]), tensor([12, 13, 16, 14, 17,  0,  0,  0])
Tar: tensor([[10,  7,  8,  9, 10,  0,  0,  0],
        [10,  7,  8,  9, 11,  0,  0,  0],
        [12, 13, 14, 16, 17,  0,  0,  0]])
-----------------------------------------------------------------------------------------
| end of epoch  20 | time: 51.70s | valid loss 69.0000000 | valid acc 30.795%| Best Model from Epoch 9 with 36.288%
-----------------------------------------------------------------------------------------
| epoch  21 |    99/  402 batches | lr_step  8160 | lr  0.000065 |acc  82.422%| ms/batch 49.45 | loss 0.1177974 
| epoch  21 |   199/  402 batches | lr_step  8260 | lr  0.000065 |acc  83.047%| ms/batch 49.20 | loss 0.1187453 
| epoch  21 |   299/  402 batches | lr_step  8360 | lr  0.000066 |acc  82.250%| ms/batch 49.37 | loss 0.1229910 
| epoch  21 |   399/  402 batches | lr_step  8460 | lr  0.000067 |acc  83.688%| ms/batch 49.57 | loss 0.1139046 
Pred: tensor([ 7,  8,  9, 10,  6,  0,  0,  0]) and tensor([12, 14, 13, 16, 17, 15, 14,  0]), tensor([12, 14, 13, 16, 17, 16,  0,  0])
Tar: tensor([[ 7,  8, 10,  9,  6,  0,  0,  0],
        [14, 12, 13, 16, 17, 14, 15,  0],
        [14, 12, 13, 16, 17, 16,  0,  0]])
-----------------------------------------------------------------------------------------
| end of epoch  21 | time: 51.34s | valid loss 69.0000000 | valid acc 32.287%| Best Model from Epoch 9 with 36.288%
-----------------------------------------------------------------------------------------
| epoch  22 |    99/  402 batches | lr_step  8563 | lr  0.000068 |acc  83.531%| ms/batch 48.99 | loss 0.1105841 
| epoch  22 |   199/  402 batches | lr_step  8663 | lr  0.000069 |acc  84.422%| ms/batch 49.00 | loss 0.1063859 
| epoch  22 |   299/  402 batches | lr_step  8763 | lr  0.000069 |acc  84.438%| ms/batch 49.41 | loss 0.1142509 
| epoch  22 |   399/  402 batches | lr_step  8863 | lr  0.000070 |acc  85.484%| ms/batch 48.92 | loss 0.1078166 
Pred: tensor([12, 14, 17, 16, 15, 13,  0,  0]) and tensor([12, 14, 13, 16, 17, 15,  0,  0]), tensor([14, 13, 16, 17,  0,  0,  0,  0])
Tar: tensor([[14, 12, 13, 16, 17, 15,  0,  0],
        [14, 12, 13, 16, 17, 15,  0,  0],
        [14, 13, 16, 17,  0,  0,  0,  0]])
-----------------------------------------------------------------------------------------
| end of epoch  22 | time: 51.30s | valid loss 69.0000000 | valid acc 33.199%| Best Model from Epoch 9 with 36.288%
-----------------------------------------------------------------------------------------
| epoch  23 |    99/  402 batches | lr_step  8966 | lr  0.000071 |acc  85.766%| ms/batch 49.42 | loss 0.1043967 
| epoch  23 |   199/  402 batches | lr_step  9066 | lr  0.000072 |acc  85.578%| ms/batch 49.25 | loss 0.1036986 
| epoch  23 |   299/  402 batches | lr_step  9166 | lr  0.000072 |acc  85.938%| ms/batch 49.31 | loss 0.1024425 
| epoch  23 |   399/  402 batches | lr_step  9266 | lr  0.000073 |acc  86.516%| ms/batch 48.68 | loss 0.0973049 
Pred: tensor([ 7,  8,  9, 10,  6,  0,  0,  0]) and tensor([12, 14, 13, 16, 15,  0,  0,  0]), tensor([ 7,  8, 10,  7,  6,  0,  0,  0])
Tar: tensor([[ 7,  8,  9, 10,  6,  0,  0,  0],
        [12, 14, 13, 16, 15,  0,  0,  0],
        [10,  7,  8,  6,  7,  0,  0,  0]])
-----------------------------------------------------------------------------------------
| end of epoch  23 | time: 51.58s | valid loss 69.0000000 | valid acc 33.392%| Best Model from Epoch 9 with 36.288%
-----------------------------------------------------------------------------------------
| epoch  24 |    99/  402 batches | lr_step  9369 | lr  0.000074 |acc  87.688%| ms/batch 49.86 | loss 0.0950375 
| epoch  24 |   199/  402 batches | lr_step  9469 | lr  0.000075 |acc  86.531%| ms/batch 49.35 | loss 0.1002038 
| epoch  24 |   299/  402 batches | lr_step  9569 | lr  0.000076 |acc  87.203%| ms/batch 49.06 | loss 0.0906721 
| epoch  24 |   399/  402 batches | lr_step  9669 | lr  0.000076 |acc  87.062%| ms/batch 49.67 | loss 0.0988804 
Pred: tensor([14, 12, 13, 16, 15, 17,  0]) and tensor([10,  7,  8,  9, 11,  0,  0]), tensor([ 7,  8, 10,  9,  6, 11,  0])
Tar: tensor([[14, 12, 13, 16, 15, 17,  0],
        [10,  7,  8,  9, 11,  0,  0],
        [ 7, 10,  8,  9, 11,  6,  0]])
-----------------------------------------------------------------------------------------
| end of epoch  24 | time: 51.54s | valid loss 69.0000000 | valid acc 38.377%| Best Model from Epoch 9 with 36.288%
-----------------------------------------------------------------------------------------
-----------------------------------------------------------------------------------------
-----------------------------------------------------------------------------------------
| end of epoch  24 | time: 51.54s | valid loss 69.0000000 | valid acc 38.377%| 
-----------------------------------------------------------------------------------------
-----------------------------------------------------------------------------------------
| epoch  25 |    99/  402 batches | lr_step  9772 | lr  0.000077 |acc  88.172%| ms/batch 54.14 | loss 0.0887772 
| epoch  25 |   199/  402 batches | lr_step  9872 | lr  0.000078 |acc  87.766%| ms/batch 52.61 | loss 0.0947214 
| epoch  25 |   299/  402 batches | lr_step  9972 | lr  0.000079 |acc  88.125%| ms/batch 53.37 | loss 0.0931663 
| epoch  25 |   399/  402 batches | lr_step  10072 | lr  0.000080 |acc  89.500%| ms/batch 52.18 | loss 0.0828957 
Pred: tensor([ 7,  8,  9,  6, 11,  9, 10,  0,  0]) and tensor([ 7, 10,  8,  9,  6, 11,  0,  0,  0]), tensor([10,  7,  8,  9, 11,  6,  0,  0,  0])
Tar: tensor([[11,  7,  8,  9,  6,  9, 10,  0,  0],
        [ 7, 10,  8,  9, 11,  6,  0,  0,  0],
        [10, 11,  9,  8,  7,  6,  0,  0,  0]])
-----------------------------------------------------------------------------------------
| end of epoch  25 | time: 56.19s | valid loss 69.0000000 | valid acc 37.603%| Best Model from Epoch 24 with 38.377%
-----------------------------------------------------------------------------------------
| epoch  26 |    99/  402 batches | lr_step  10175 | lr  0.000080 |acc  89.156%| ms/batch 50.80 | loss 0.0876580 
| epoch  26 |   199/  402 batches | lr_step  10275 | lr  0.000081 |acc  89.422%| ms/batch 50.72 | loss 0.0851172 
| epoch  26 |   299/  402 batches | lr_step  10375 | lr  0.000082 |acc  89.719%| ms/batch 50.07 | loss 0.0836340 
| epoch  26 |   399/  402 batches | lr_step  10475 | lr  0.000083 |acc  90.719%| ms/batch 49.42 | loss 0.0806290 
Pred: tensor([ 7,  8, 10,  9,  6,  0,  0]) and tensor([12, 14, 13, 16,  0,  0,  0]), tensor([10,  8,  9, 11,  7,  0,  0])
Tar: tensor([[ 7,  8,  9, 10,  6,  0,  0],
        [14, 12, 13, 16,  0,  0,  0],
        [ 8, 10,  9, 11,  7,  0,  0]])
-----------------------------------------------------------------------------------------
| end of epoch  26 | time: 52.09s | valid loss 69.0000000 | valid acc 35.603%| Best Model from Epoch 24 with 38.377%
-----------------------------------------------------------------------------------------
| epoch  27 |    99/  402 batches | lr_step  10578 | lr  0.000084 |acc  89.781%| ms/batch 49.36 | loss 0.0842971 
| epoch  27 |   199/  402 batches | lr_step  10678 | lr  0.000084 |acc  90.141%| ms/batch 49.26 | loss 0.0810452 
| epoch  27 |   299/  402 batches | lr_step  10778 | lr  0.000085 |acc  90.766%| ms/batch 49.68 | loss 0.0800231 
| epoch  27 |   399/  402 batches | lr_step  10878 | lr  0.000086 |acc  90.859%| ms/batch 50.01 | loss 0.0755439 
Pred: tensor([ 7,  8,  9, 10, 11,  0,  0,  0]) and tensor([ 7, 10,  9,  6,  0,  0,  0,  0]), tensor([ 7, 10,  9,  9, 11,  6,  8,  0])
Tar: tensor([[10,  7,  8,  9, 11,  0,  0,  0],
        [ 7, 10,  9,  6,  0,  0,  0,  0],
        [10,  7,  9,  6,  9, 11,  8,  0]])
-----------------------------------------------------------------------------------------
| end of epoch  27 | time: 52.11s | valid loss 69.0000000 | valid acc 39.474%| Best Model from Epoch 24 with 38.377%
-----------------------------------------------------------------------------------------
-----------------------------------------------------------------------------------------
-----------------------------------------------------------------------------------------
| end of epoch  27 | time: 52.11s | valid loss 69.0000000 | valid acc 39.474%| 
-----------------------------------------------------------------------------------------
-----------------------------------------------------------------------------------------
| epoch  28 |    99/  402 batches | lr_step  10981 | lr  0.000087 |acc  91.094%| ms/batch 51.61 | loss 0.0781769 
| epoch  28 |   199/  402 batches | lr_step  11081 | lr  0.000088 |acc  91.719%| ms/batch 55.04 | loss 0.0729337 
| epoch  28 |   299/  402 batches | lr_step  11181 | lr  0.000088 |acc  91.016%| ms/batch 55.38 | loss 0.0783018 
| epoch  28 |   399/  402 batches | lr_step  11281 | lr  0.000089 |acc  91.516%| ms/batch 55.36 | loss 0.0757623 
Pred: tensor([12, 14, 13, 16, 15, 17,  0,  0,  0]) and tensor([ 7, 10,  8,  9, 11,  0,  0,  0,  0]), tensor([10,  7,  8,  9, 11,  0,  0,  0,  0])
Tar: tensor([[14, 12, 13, 16, 15, 17,  0,  0,  0],
        [ 7, 10,  8,  9, 11,  0,  0,  0,  0],
        [10,  7,  8,  9, 11,  0,  0,  0,  0]])
-----------------------------------------------------------------------------------------
| end of epoch  28 | time: 57.04s | valid loss 69.0000000 | valid acc 37.675%| Best Model from Epoch 27 with 39.474%
-----------------------------------------------------------------------------------------
| epoch  29 |    99/  402 batches | lr_step  11384 | lr  0.000090 |acc  91.938%| ms/batch 48.42 | loss 0.0737606 
| epoch  29 |   199/  402 batches | lr_step  11484 | lr  0.000091 |acc  91.359%| ms/batch 50.91 | loss 0.0728720 
| epoch  29 |   299/  402 batches | lr_step  11584 | lr  0.000092 |acc  92.234%| ms/batch 50.21 | loss 0.0706624 
| epoch  29 |   399/  402 batches | lr_step  11684 | lr  0.000092 |acc  92.359%| ms/batch 49.59 | loss 0.0703401 
Pred: tensor([12, 13, 16, 14, 17,  0,  0,  0]) and tensor([10,  7,  8,  9,  6,  0,  0,  0]), tensor([12, 13, 16, 14,  0,  0,  0,  0])
Tar: tensor([[12, 14, 13, 16, 17,  0,  0,  0],
        [10,  7,  8,  9,  6,  0,  0,  0],
        [14, 16, 13, 12,  0,  0,  0,  0]])
-----------------------------------------------------------------------------------------
| end of epoch  29 | time: 51.76s | valid loss 69.0000000 | valid acc 32.667%| Best Model from Epoch 27 with 39.474%
-----------------------------------------------------------------------------------------
| epoch  30 |    99/  402 batches | lr_step  11787 | lr  0.000093 |acc  92.047%| ms/batch 50.81 | loss 0.0655341 
| epoch  30 |   199/  402 batches | lr_step  11887 | lr  0.000094 |acc  92.031%| ms/batch 52.10 | loss 0.0672917 
| epoch  30 |   299/  402 batches | lr_step  11987 | lr  0.000095 |acc  91.938%| ms/batch 50.28 | loss 0.0713988 
| epoch  30 |   399/  402 batches | lr_step  12087 | lr  0.000096 |acc  92.531%| ms/batch 50.16 | loss 0.0696537 
Pred: tensor([12, 14, 13, 16, 15, 17,  0]) and tensor([ 7,  8, 10,  9, 11,  6,  0]), tensor([ 7, 11,  9, 10,  0,  0,  0])
Tar: tensor([[12, 13, 16, 14, 15, 17,  0],
        [10,  7,  8,  9, 11,  6,  0],
        [ 7, 11,  9, 10,  0,  0,  0]])
-----------------------------------------------------------------------------------------
| end of epoch  30 | time: 53.25s | valid loss 69.0000000 | valid acc 37.522%| Best Model from Epoch 27 with 39.474%
-----------------------------------------------------------------------------------------
| epoch  31 |    99/  402 batches | lr_step  12190 | lr  0.000096 |acc  92.719%| ms/batch 50.23 | loss 0.0673225 
| epoch  31 |   199/  402 batches | lr_step  12290 | lr  0.000097 |acc  92.766%| ms/batch 50.37 | loss 0.0663471 
| epoch  31 |   299/  402 batches | lr_step  12390 | lr  0.000098 |acc  92.781%| ms/batch 51.65 | loss 0.0672690 
| epoch  31 |   399/  402 batches | lr_step  12490 | lr  0.000099 |acc  93.125%| ms/batch 50.06 | loss 0.0615447 
Pred: tensor([12, 14, 13, 16, 15, 17, 16,  0]) and tensor([12, 17, 13, 16, 14,  0,  0,  0]), tensor([14, 12, 13, 16,  0,  0,  0,  0])
Tar: tensor([[12, 14, 13, 16, 15, 17, 16,  0],
        [17, 12, 13, 16, 14,  0,  0,  0],
        [14, 12, 13, 16,  0,  0,  0,  0]])
-----------------------------------------------------------------------------------------
| end of epoch  31 | time: 52.05s | valid loss 69.0000000 | valid acc 37.587%| Best Model from Epoch 27 with 39.474%
-----------------------------------------------------------------------------------------
| epoch  32 |    99/  402 batches | lr_step  12593 | lr  0.000100 |acc  93.078%| ms/batch 50.18 | loss 0.0621263 
| epoch  32 |   199/  402 batches | lr_step  12693 | lr  0.000100 |acc  93.234%| ms/batch 49.61 | loss 0.0644698 
| epoch  32 |   299/  402 batches | lr_step  12793 | lr  0.000101 |acc  93.438%| ms/batch 49.23 | loss 0.0610415 
| epoch  32 |   399/  402 batches | lr_step  12893 | lr  0.000102 |acc  93.219%| ms/batch 52.07 | loss 0.0655090 
Pred: tensor([12, 13, 16, 14, 15,  0,  0,  0,  0]) and tensor([12, 14, 13, 16, 15,  0,  0,  0,  0]), tensor([10,  7,  8,  9,  6, 10,  0,  0,  0])
Tar: tensor([[12, 13, 16, 15, 14,  0,  0,  0,  0],
        [14, 12, 13, 16, 15,  0,  0,  0,  0],
        [10,  7,  8,  9, 10,  6,  0,  0,  0]])
-----------------------------------------------------------------------------------------
| end of epoch  32 | time: 53.18s | valid loss 69.0000000 | valid acc 38.055%| Best Model from Epoch 27 with 39.474%
-----------------------------------------------------------------------------------------
| epoch  33 |    99/  402 batches | lr_step  12996 | lr  0.000103 |acc  93.609%| ms/batch 51.29 | loss 0.0600918 
| epoch  33 |   199/  402 batches | lr_step  13096 | lr  0.000104 |acc  93.453%| ms/batch 50.03 | loss 0.0632635 
| epoch  33 |   299/  402 batches | lr_step  13196 | lr  0.000104 |acc  93.641%| ms/batch 51.38 | loss 0.0603429 
| epoch  33 |   399/  402 batches | lr_step  13296 | lr  0.000105 |acc  93.797%| ms/batch 50.89 | loss 0.0621164 
Pred: tensor([10,  7,  8,  9,  6, 11,  0,  0]) and tensor([14, 17, 16, 13, 13, 12,  0,  0]), tensor([12, 14, 13, 16, 17, 13,  0,  0])
Tar: tensor([[10,  7,  8,  9, 11,  6,  0,  0],
        [14, 17, 12, 13, 13, 16,  0,  0],
        [14, 12, 13, 16, 17, 13,  0,  0]])
-----------------------------------------------------------------------------------------
| end of epoch  33 | time: 52.71s | valid loss 69.0000000 | valid acc 31.683%| Best Model from Epoch 27 with 39.474%
-----------------------------------------------------------------------------------------
| epoch  34 |    99/  402 batches | lr_step  13399 | lr  0.000106 |acc  93.312%| ms/batch 50.76 | loss 0.0627234 
| epoch  34 |   199/  402 batches | lr_step  13499 | lr  0.000107 |acc  94.188%| ms/batch 50.54 | loss 0.0579052 
| epoch  34 |   299/  402 batches | lr_step  13599 | lr  0.000108 |acc  93.641%| ms/batch 50.54 | loss 0.0606066 
| epoch  34 |   399/  402 batches | lr_step  13699 | lr  0.000108 |acc  94.188%| ms/batch 51.08 | loss 0.0570304 
Pred: tensor([10,  7,  8,  9, 11,  0,  0,  0]) and tensor([10,  7,  8,  9, 11,  0,  0,  0]), tensor([ 7,  8,  9, 10,  0,  0,  0,  0])
Tar: tensor([[10,  7,  8,  9, 11,  0,  0,  0],
        [10,  7,  8,  9, 11,  0,  0,  0],
        [ 7,  8,  9, 10,  0,  0,  0,  0]])
-----------------------------------------------------------------------------------------
| end of epoch  34 | time: 53.37s | valid loss 69.0000000 | valid acc 36.288%| Best Model from Epoch 27 with 39.474%
-----------------------------------------------------------------------------------------
| epoch  35 |    99/  402 batches | lr_step  13802 | lr  0.000109 |acc  93.594%| ms/batch 55.98 | loss 0.0621721 
| epoch  35 |   199/  402 batches | lr_step  13902 | lr  0.000110 |acc  94.312%| ms/batch 51.48 | loss 0.0545686 
| epoch  35 |   299/  402 batches | lr_step  14002 | lr  0.000111 |acc  94.328%| ms/batch 50.60 | loss 0.0579358 
| epoch  35 |   399/  402 batches | lr_step  14102 | lr  0.000112 |acc  94.156%| ms/batch 49.72 | loss 0.0553339 
Pred: tensor([12, 14, 13, 17,  0,  0,  0,  0]) and tensor([12, 14, 13, 16, 15, 17,  0,  0]), tensor([12, 13, 16, 15, 17, 14,  0,  0])
Tar: tensor([[14, 12, 13, 17,  0,  0,  0,  0],
        [12, 14, 13, 16, 15, 17,  0,  0],
        [12, 14, 13, 16, 17, 15,  0,  0]])
-----------------------------------------------------------------------------------------
| end of epoch  35 | time: 53.28s | valid loss 69.0000000 | valid acc 36.345%| Best Model from Epoch 27 with 39.474%
-----------------------------------------------------------------------------------------
| epoch  36 |    99/  402 batches | lr_step  14205 | lr  0.000112 |acc  93.875%| ms/batch 49.38 | loss 0.0587915 
| epoch  36 |   199/  402 batches | lr_step  14305 | lr  0.000113 |acc  94.172%| ms/batch 49.46 | loss 0.0562194 
| epoch  36 |   299/  402 batches | lr_step  14405 | lr  0.000114 |acc  94.203%| ms/batch 50.35 | loss 0.0533284 
| epoch  36 |   399/  402 batches | lr_step  14505 | lr  0.000115 |acc  94.500%| ms/batch 50.86 | loss 0.0556818 
Pred: tensor([10,  7,  8,  6,  0,  0,  0]) and tensor([ 7,  8,  9, 11,  6, 10,  8]), tensor([10,  8,  9,  9, 11,  6,  7])
Tar: tensor([[10,  7,  8,  6,  0,  0,  0],
        [ 7,  8,  9, 10, 11,  6,  8],
        [10,  8,  9,  9, 11,  6,  7]])
-----------------------------------------------------------------------------------------
| end of epoch  36 | time: 53.00s | valid loss 69.0000000 | valid acc 33.570%| Best Model from Epoch 27 with 39.474%
-----------------------------------------------------------------------------------------
| epoch  37 |    99/  402 batches | lr_step  14608 | lr  0.000116 |acc  93.953%| ms/batch 50.32 | loss 0.0549291 
| epoch  37 |   199/  402 batches | lr_step  14708 | lr  0.000116 |acc  94.484%| ms/batch 48.70 | loss 0.0559136 
| epoch  37 |   299/  402 batches | lr_step  14808 | lr  0.000117 |acc  93.891%| ms/batch 50.33 | loss 0.0614068 
| epoch  37 |   399/  402 batches | lr_step  14908 | lr  0.000118 |acc  94.984%| ms/batch 48.97 | loss 0.0501285 
Pred: tensor([10,  7,  8,  9,  6,  0,  0,  0]) and tensor([12, 14, 13, 16, 15, 17,  0,  0]), tensor([10,  7,  8,  9,  0,  0,  0,  0])
Tar: tensor([[10,  7,  8,  9,  6,  0,  0,  0],
        [12, 13, 16, 14, 17, 15,  0,  0],
        [10,  7,  8,  9,  0,  0,  0,  0]])
-----------------------------------------------------------------------------------------
| end of epoch  37 | time: 51.49s | valid loss 69.0000000 | valid acc 40.595%| Best Model from Epoch 27 with 39.474%
-----------------------------------------------------------------------------------------
-----------------------------------------------------------------------------------------
-----------------------------------------------------------------------------------------
| end of epoch  37 | time: 51.49s | valid loss 69.0000000 | valid acc 40.595%| 
-----------------------------------------------------------------------------------------
-----------------------------------------------------------------------------------------
| epoch  38 |    99/  402 batches | lr_step  15011 | lr  0.000119 |acc  94.547%| ms/batch 52.09 | loss 0.0553449 
| epoch  38 |   199/  402 batches | lr_step  15111 | lr  0.000120 |acc  94.906%| ms/batch 53.32 | loss 0.0519940 
| epoch  38 |   299/  402 batches | lr_step  15211 | lr  0.000120 |acc  94.469%| ms/batch 54.08 | loss 0.0543069 
| epoch  38 |   399/  402 batches | lr_step  15311 | lr  0.000121 |acc  94.531%| ms/batch 54.50 | loss 0.0542571 
Pred: tensor([ 7,  8,  9, 10, 11,  7,  0]) and tensor([12, 13, 14, 16, 17,  0,  0]), tensor([10,  7,  8,  9,  6,  0,  0])
Tar: tensor([[10,  9,  8, 11,  7,  7,  0],
        [12, 13, 14, 16, 17,  0,  0],
        [ 7, 10,  8,  9,  6,  0,  0]])
-----------------------------------------------------------------------------------------
| end of epoch  38 | time: 56.89s | valid loss 69.0000000 | valid acc 36.449%| Best Model from Epoch 37 with 40.595%
-----------------------------------------------------------------------------------------
| epoch  39 |    99/  402 batches | lr_step  15414 | lr  0.000121 |acc  94.328%| ms/batch 51.87 | loss 0.0534324 
| epoch  39 |   199/  402 batches | lr_step  15514 | lr  0.000121 |acc  94.734%| ms/batch 52.51 | loss 0.0520397 
| epoch  39 |   299/  402 batches | lr_step  15614 | lr  0.000120 |acc  95.016%| ms/batch 50.05 | loss 0.0505612 
| epoch  39 |   399/  402 batches | lr_step  15714 | lr  0.000120 |acc  94.734%| ms/batch 50.32 | loss 0.0535297 
Pred: tensor([12, 13, 14, 16, 15, 17,  0,  0]) and tensor([ 7, 10,  8,  9, 11,  6,  0,  0]), tensor([10,  7,  8,  9,  6, 11,  0,  0])
Tar: tensor([[14, 12, 13, 16, 17, 15,  0,  0],
        [ 7, 10,  8,  9, 11,  6,  0,  0],
        [10,  7,  8,  9,  6, 11,  0,  0]])
-----------------------------------------------------------------------------------------
| end of epoch  39 | time: 52.92s | valid loss 69.0000000 | valid acc 33.901%| Best Model from Epoch 37 with 40.595%
-----------------------------------------------------------------------------------------
| epoch  40 |    99/  402 batches | lr_step  15817 | lr  0.000119 |acc  94.906%| ms/batch 50.75 | loss 0.0524795 
| epoch  40 |   199/  402 batches | lr_step  15917 | lr  0.000119 |acc  94.469%| ms/batch 50.42 | loss 0.0530362 
| epoch  40 |   299/  402 batches | lr_step  16017 | lr  0.000119 |acc  95.141%| ms/batch 50.78 | loss 0.0495741 
| epoch  40 |   399/  402 batches | lr_step  16117 | lr  0.000118 |acc  95.000%| ms/batch 49.61 | loss 0.0492100 
Pred: tensor([10,  7,  8,  9,  6,  0,  0,  0]) and tensor([ 7,  8, 10,  9, 11,  0,  0,  0]), tensor([14, 12, 13, 16, 15, 17,  0,  0])
Tar: tensor([[ 7, 10,  8,  9,  6,  0,  0,  0],
        [ 7,  8, 10,  9, 11,  0,  0,  0],
        [14, 12, 13, 16, 15, 17,  0,  0]])
-----------------------------------------------------------------------------------------
| end of epoch  40 | time: 52.48s | valid loss 69.0000000 | valid acc 39.773%| Best Model from Epoch 37 with 40.595%
-----------------------------------------------------------------------------------------
| epoch  41 |    99/  402 batches | lr_step  16220 | lr  0.000118 |acc  94.703%| ms/batch 49.83 | loss 0.0514127 
| epoch  41 |   199/  402 batches | lr_step  16320 | lr  0.000118 |acc  94.688%| ms/batch 49.91 | loss 0.0517662 
| epoch  41 |   299/  402 batches | lr_step  16420 | lr  0.000117 |acc  95.297%| ms/batch 49.67 | loss 0.0489383 
| epoch  41 |   399/  402 batches | lr_step  16520 | lr  0.000117 |acc  95.062%| ms/batch 50.37 | loss 0.0515179 
Pred: tensor([12, 13, 17, 16, 14,  0,  0,  0]) and tensor([10,  7,  8,  9,  6, 11,  0,  0]), tensor([12, 13, 16, 14, 15, 17,  0,  0])
Tar: tensor([[12, 13, 14, 16, 17,  0,  0,  0],
        [10,  7,  8,  9,  6, 11,  0,  0],
        [14, 12, 13, 16, 15, 17,  0,  0]])
-----------------------------------------------------------------------------------------
| end of epoch  41 | time: 52.10s | valid loss 69.0000000 | valid acc 36.078%| Best Model from Epoch 37 with 40.595%
-----------------------------------------------------------------------------------------
| epoch  42 |    99/  402 batches | lr_step  16623 | lr  0.000117 |acc  94.875%| ms/batch 49.76 | loss 0.0489784 
| epoch  42 |   199/  402 batches | lr_step  16723 | lr  0.000116 |acc  94.859%| ms/batch 49.34 | loss 0.0492836 
| epoch  42 |   299/  402 batches | lr_step  16823 | lr  0.000116 |acc  94.719%| ms/batch 49.54 | loss 0.0543610 
| epoch  42 |   399/  402 batches | lr_step  16923 | lr  0.000116 |acc  94.922%| ms/batch 49.42 | loss 0.0484684 
Pred: tensor([10,  7,  8,  9,  0,  0,  0,  0]) and tensor([14, 13, 16, 15, 12, 13,  0,  0]), tensor([10,  7,  8,  9,  6,  0,  0,  0])
Tar: tensor([[ 7, 10,  8,  9,  0,  0,  0,  0],
        [14, 13, 16, 12, 15, 13,  0,  0],
        [ 7, 10,  8,  9,  6,  0,  0,  0]])
-----------------------------------------------------------------------------------------
| end of epoch  42 | time: 52.19s | valid loss 69.0000000 | valid acc 38.708%| Best Model from Epoch 37 with 40.595%
-----------------------------------------------------------------------------------------
| epoch  43 |    99/  402 batches | lr_step  17026 | lr  0.000115 |acc  95.078%| ms/batch 50.77 | loss 0.0503703 
| epoch  43 |   199/  402 batches | lr_step  17126 | lr  0.000115 |acc  95.000%| ms/batch 50.75 | loss 0.0472589 
| epoch  43 |   299/  402 batches | lr_step  17226 | lr  0.000114 |acc  95.078%| ms/batch 49.90 | loss 0.0490544 
| epoch  43 |   399/  402 batches | lr_step  17326 | lr  0.000114 |acc  94.969%| ms/batch 50.03 | loss 0.0498520 
Pred: tensor([ 7,  8,  9, 10, 11,  0,  0,  0]) and tensor([14, 13, 16, 17, 15,  0,  0,  0]), tensor([12, 13, 14, 16, 15,  0,  0,  0])
Tar: tensor([[ 7,  8,  9, 10, 11,  0,  0,  0],
        [14, 13, 16, 17, 15,  0,  0,  0],
        [12, 14, 13, 16, 15,  0,  0,  0]])
-----------------------------------------------------------------------------------------
| end of epoch  43 | time: 52.41s | valid loss 69.0000000 | valid acc 38.127%| Best Model from Epoch 37 with 40.595%
-----------------------------------------------------------------------------------------
| epoch  44 |    99/  402 batches | lr_step  17429 | lr  0.000114 |acc  94.922%| ms/batch 50.37 | loss 0.0506510 
| epoch  44 |   199/  402 batches | lr_step  17529 | lr  0.000113 |acc  95.109%| ms/batch 49.72 | loss 0.0459940 
| epoch  44 |   299/  402 batches | lr_step  17629 | lr  0.000113 |acc  95.219%| ms/batch 50.24 | loss 0.0468997 
| epoch  44 |   399/  402 batches | lr_step  17729 | lr  0.000113 |acc  94.875%| ms/batch 47.78 | loss 0.0524467 
Pred: tensor([ 9,  8,  7, 10, 11,  8,  0,  0]) and tensor([ 7,  8,  9, 11,  0,  0,  0,  0]), tensor([10,  7,  8, 11,  0,  0,  0,  0])
Tar: tensor([[ 9,  7,  8, 10,  8, 11,  0,  0],
        [ 7,  9, 11,  8,  0,  0,  0,  0],
        [ 7,  8, 10, 11,  0,  0,  0,  0]])
-----------------------------------------------------------------------------------------
| end of epoch  44 | time: 52.16s | valid loss 69.0000000 | valid acc 38.926%| Best Model from Epoch 37 with 40.595%
-----------------------------------------------------------------------------------------
| epoch  45 |    99/  402 batches | lr_step  17832 | lr  0.000113 |acc  95.094%| ms/batch 50.90 | loss 0.0501149 
| epoch  45 |   199/  402 batches | lr_step  17932 | lr  0.000112 |acc  94.875%| ms/batch 51.78 | loss 0.0515123 
| epoch  45 |   299/  402 batches | lr_step  18032 | lr  0.000112 |acc  95.609%| ms/batch 50.31 | loss 0.0419369 
| epoch  45 |   399/  402 batches | lr_step  18132 | lr  0.000112 |acc  95.219%| ms/batch 50.55 | loss 0.0494703 
Pred: tensor([12, 13, 14, 16, 17,  0,  0,  0]) and tensor([12, 14, 13, 16, 15,  0,  0,  0]), tensor([12, 13, 16, 14, 17, 15,  0,  0])
Tar: tensor([[14, 12, 13, 16, 17,  0,  0,  0],
        [14, 12, 13, 16, 15,  0,  0,  0],
        [14, 12, 13, 17, 15, 16,  0,  0]])
-----------------------------------------------------------------------------------------
| end of epoch  45 | time: 52.60s | valid loss 69.0000000 | valid acc 37.909%| Best Model from Epoch 37 with 40.595%
-----------------------------------------------------------------------------------------
| epoch  46 |    99/  402 batches | lr_step  18235 | lr  0.000111 |acc  95.406%| ms/batch 50.18 | loss 0.0452741 
| epoch  46 |   199/  402 batches | lr_step  18335 | lr  0.000111 |acc  95.406%| ms/batch 49.44 | loss 0.0484856 
| epoch  46 |   299/  402 batches | lr_step  18435 | lr  0.000111 |acc  95.297%| ms/batch 49.33 | loss 0.0485484 
| epoch  46 |   399/  402 batches | lr_step  18535 | lr  0.000110 |acc  95.078%| ms/batch 48.67 | loss 0.0482983 
Pred: tensor([12, 14, 13, 16, 15, 17,  0,  0,  0]) and tensor([12, 13, 16,  0,  0,  0,  0,  0,  0]), tensor([14, 12, 16,  0,  0,  0,  0,  0,  0])
Tar: tensor([[14, 12, 13, 16, 17, 15,  0,  0,  0],
        [12, 13, 16,  0,  0,  0,  0,  0,  0],
        [12, 14, 16,  0,  0,  0,  0,  0,  0]])
-----------------------------------------------------------------------------------------
| end of epoch  46 | time: 51.55s | valid loss 69.0000000 | valid acc 45.144%| Best Model from Epoch 37 with 40.595%
-----------------------------------------------------------------------------------------
-----------------------------------------------------------------------------------------
-----------------------------------------------------------------------------------------
| end of epoch  46 | time: 51.55s | valid loss 69.0000000 | valid acc 45.144%| 
-----------------------------------------------------------------------------------------
-----------------------------------------------------------------------------------------
| epoch  47 |    99/  402 batches | lr_step  18638 | lr  0.000110 |acc  95.328%| ms/batch 49.61 | loss 0.0454008 
| epoch  47 |   199/  402 batches | lr_step  18738 | lr  0.000110 |acc  95.094%| ms/batch 54.10 | loss 0.0512713 
| epoch  47 |   299/  402 batches | lr_step  18838 | lr  0.000109 |acc  95.328%| ms/batch 54.79 | loss 0.0463012 
| epoch  47 |   399/  402 batches | lr_step  18938 | lr  0.000109 |acc  95.656%| ms/batch 55.35 | loss 0.0457181 
Pred: tensor([ 7,  8,  9, 10,  6, 11,  0,  0]) and tensor([10,  7,  8,  9,  6,  7,  0,  0]), tensor([ 7,  8,  9, 10,  6,  0,  0,  0])
Tar: tensor([[ 7,  8,  9, 10,  6, 11,  0,  0],
        [ 7,  8,  9, 10,  6,  7,  0,  0],
        [ 7,  8, 10,  9,  6,  0,  0,  0]])
-----------------------------------------------------------------------------------------
| end of epoch  47 | time: 57.01s | valid loss 69.0000000 | valid acc 38.474%| Best Model from Epoch 46 with 45.144%
-----------------------------------------------------------------------------------------
| epoch  48 |    99/  402 batches | lr_step  19041 | lr  0.000109 |acc  95.391%| ms/batch 50.43 | loss 0.0481791 
| epoch  48 |   199/  402 batches | lr_step  19141 | lr  0.000109 |acc  95.250%| ms/batch 50.02 | loss 0.0461536 
| epoch  48 |   299/  402 batches | lr_step  19241 | lr  0.000108 |acc  95.344%| ms/batch 49.14 | loss 0.0478069 
| epoch  48 |   399/  402 batches | lr_step  19341 | lr  0.000108 |acc  95.422%| ms/batch 50.12 | loss 0.0449875 
Pred: tensor([10,  7,  8, 10,  9,  0,  0,  0]) and tensor([14, 12, 13, 16, 15,  0,  0,  0]), tensor([10,  7,  8,  9,  6, 11,  0,  0])
Tar: tensor([[10,  7,  8,  9, 10,  0,  0,  0],
        [14, 12, 13, 16, 15,  0,  0,  0],
        [10,  7,  8,  9, 11,  6,  0,  0]])
-----------------------------------------------------------------------------------------
| end of epoch  48 | time: 51.90s | valid loss 69.0000000 | valid acc 43.338%| Best Model from Epoch 46 with 45.144%
-----------------------------------------------------------------------------------------
| epoch  49 |    99/  402 batches | lr_step  19444 | lr  0.000108 |acc  95.469%| ms/batch 49.48 | loss 0.0478863 
| epoch  49 |   199/  402 batches | lr_step  19544 | lr  0.000107 |acc  94.891%| ms/batch 50.69 | loss 0.0491033 
| epoch  49 |   299/  402 batches | lr_step  19644 | lr  0.000107 |acc  95.625%| ms/batch 50.83 | loss 0.0431245 
| epoch  49 |   399/  402 batches | lr_step  19744 | lr  0.000107 |acc  95.312%| ms/batch 50.26 | loss 0.0458487 
Pred: tensor([14, 12, 13, 16, 15, 14, 16]) and tensor([10,  7,  8,  9, 11,  0,  0]), tensor([10,  7,  8,  9, 11,  0,  0])
Tar: tensor([[14, 12, 13, 16, 14, 15, 16],
        [10,  7, 11,  9,  8,  0,  0],
        [10,  7,  8,  9, 11,  0,  0]])
-----------------------------------------------------------------------------------------
| end of epoch  49 | time: 52.23s | valid loss 69.0000000 | valid acc 37.724%| Best Model from Epoch 46 with 45.144%
-----------------------------------------------------------------------------------------
| epoch  50 |    99/  402 batches | lr_step  19847 | lr  0.000107 |acc  95.516%| ms/batch 49.76 | loss 0.0426905 
| epoch  50 |   199/  402 batches | lr_step  19947 | lr  0.000106 |acc  95.781%| ms/batch 48.59 | loss 0.0408976 
| epoch  50 |   299/  402 batches | lr_step  20047 | lr  0.000106 |acc  94.750%| ms/batch 49.18 | loss 0.0524339 
| epoch  50 |   399/  402 batches | lr_step  20147 | lr  0.000106 |acc  95.078%| ms/batch 50.17 | loss 0.0485092 
Pred: tensor([ 7,  8,  9, 10,  0,  0,  0,  0]) and tensor([12, 13, 16, 14, 17, 15,  0,  0]), tensor([ 7,  8, 10,  9, 11,  6,  0,  0])
Tar: tensor([[ 7,  8,  9, 10,  0,  0,  0,  0],
        [14, 12, 13, 16, 17, 15,  0,  0],
        [ 7,  8, 10,  9, 11,  6,  0,  0]])
-----------------------------------------------------------------------------------------
| end of epoch  50 | time: 52.02s | valid loss 69.0000000 | valid acc 39.079%| Best Model from Epoch 46 with 45.144%
-----------------------------------------------------------------------------------------
| epoch  51 |    99/  402 batches | lr_step  20250 | lr  0.000106 |acc  95.141%| ms/batch 50.53 | loss 0.0474687 
| epoch  51 |   199/  402 batches | lr_step  20350 | lr  0.000105 |acc  95.625%| ms/batch 53.57 | loss 0.0436147 
| epoch  51 |   299/  402 batches | lr_step  20450 | lr  0.000105 |acc  95.250%| ms/batch 57.88 | loss 0.0468338 
| epoch  51 |   399/  402 batches | lr_step  20550 | lr  0.000105 |acc  95.469%| ms/batch 59.78 | loss 0.0453350 
Pred: tensor([10,  7,  8,  9, 11,  0,  0,  0,  0]) and tensor([10,  7,  8,  9,  6,  0,  0,  0,  0]), tensor([12, 13, 16, 14,  0,  0,  0,  0,  0])
Tar: tensor([[ 7, 10,  8,  9, 11,  0,  0,  0,  0],
        [10,  7,  8,  9,  6,  0,  0,  0,  0],
        [12, 13, 16, 14,  0,  0,  0,  0,  0]])
-----------------------------------------------------------------------------------------
| end of epoch  51 | time: 55.61s | valid loss 69.0000000 | valid acc 41.362%| Best Model from Epoch 46 with 45.144%
-----------------------------------------------------------------------------------------
| epoch  52 |    99/  402 batches | lr_step  20653 | lr  0.000105 |acc  95.672%| ms/batch 49.79 | loss 0.0454122 
| epoch  52 |   199/  402 batches | lr_step  20753 | lr  0.000104 |acc  95.328%| ms/batch 49.85 | loss 0.0440485 
| epoch  52 |   299/  402 batches | lr_step  20853 | lr  0.000104 |acc  95.516%| ms/batch 48.91 | loss 0.0433699 
| epoch  52 |   399/  402 batches | lr_step  20953 | lr  0.000104 |acc  95.422%| ms/batch 50.44 | loss 0.0462354 
Pred: tensor([10,  8,  7,  9,  6,  0,  0]) and tensor([10,  7,  8,  9,  6,  0,  0]), tensor([12, 14, 13, 16, 17,  0,  0])
Tar: tensor([[ 8, 10,  9,  7,  6,  0,  0],
        [10,  7,  8,  9,  6,  0,  0],
        [14, 12, 13, 16, 17,  0,  0]])
-----------------------------------------------------------------------------------------
| end of epoch  52 | time: 52.66s | valid loss 69.0000000 | valid acc 41.321%| Best Model from Epoch 46 with 45.144%
-----------------------------------------------------------------------------------------
| epoch  53 |    99/  402 batches | lr_step  21056 | lr  0.000104 |acc  95.641%| ms/batch 50.66 | loss 0.0429698 
| epoch  53 |   199/  402 batches | lr_step  21156 | lr  0.000103 |acc  95.031%| ms/batch 50.75 | loss 0.0483334 
| epoch  53 |   299/  402 batches | lr_step  21256 | lr  0.000103 |acc  95.328%| ms/batch 51.44 | loss 0.0478551 
| epoch  53 |   399/  402 batches | lr_step  21356 | lr  0.000103 |acc  95.969%| ms/batch 49.80 | loss 0.0414624 
Pred: tensor([ 7,  8, 10,  9,  6,  9,  0,  0]) and tensor([10,  7,  9,  6,  8,  0,  0,  0]), tensor([14, 12, 16, 15, 17, 12,  0,  0])
Tar: tensor([[ 7, 10,  8,  9,  9,  6,  0,  0],
        [ 7, 10,  8,  9,  6,  0,  0,  0],
        [14, 12, 16, 17, 15, 12,  0,  0]])
-----------------------------------------------------------------------------------------
| end of epoch  53 | time: 53.74s | valid loss 69.0000000 | valid acc 41.620%| Best Model from Epoch 46 with 45.144%
-----------------------------------------------------------------------------------------
| epoch  54 |    99/  402 batches | lr_step  21459 | lr  0.000103 |acc  95.281%| ms/batch 50.39 | loss 0.0471828 
| epoch  54 |   199/  402 batches | lr_step  21559 | lr  0.000102 |acc  95.594%| ms/batch 50.23 | loss 0.0454878 
| epoch  54 |   299/  402 batches | lr_step  21659 | lr  0.000102 |acc  95.578%| ms/batch 50.16 | loss 0.0417247 
| epoch  54 |   399/  402 batches | lr_step  21759 | lr  0.000102 |acc  95.328%| ms/batch 50.79 | loss 0.0449368 
Pred: tensor([14, 12, 13, 16, 15, 17,  0,  0]) and tensor([10,  7,  8,  9,  6,  0,  0,  0]), tensor([13, 14, 16, 17, 15,  0,  0,  0])
Tar: tensor([[14, 12, 13, 16, 17, 15,  0,  0],
        [10,  7,  8,  9,  6,  0,  0,  0],
        [13, 14, 16, 17, 15,  0,  0,  0]])
-----------------------------------------------------------------------------------------
| end of epoch  54 | time: 52.45s | valid loss 69.0000000 | valid acc 38.595%| Best Model from Epoch 46 with 45.144%
-----------------------------------------------------------------------------------------
| epoch  55 |    99/  402 batches | lr_step  21862 | lr  0.000102 |acc  95.172%| ms/batch 49.45 | loss 0.0464324 
| epoch  55 |   199/  402 batches | lr_step  21962 | lr  0.000101 |acc  95.781%| ms/batch 49.14 | loss 0.0438258 
| epoch  55 |   299/  402 batches | lr_step  22062 | lr  0.000101 |acc  95.547%| ms/batch 49.54 | loss 0.0457371 
| epoch  55 |   399/  402 batches | lr_step  22162 | lr  0.000101 |acc  95.719%| ms/batch 51.37 | loss 0.0405869 
Pred: tensor([10,  7,  8,  9,  6, 11,  0,  0]) and tensor([12, 13, 16, 14, 13, 15,  0,  0]), tensor([10,  7,  8,  9,  6,  0,  0,  0])
Tar: tensor([[10,  7,  8,  9, 11,  6,  0,  0],
        [12, 14, 13, 16, 13, 15,  0,  0],
        [ 7, 10,  8,  9,  6,  0,  0,  0]])
-----------------------------------------------------------------------------------------
| end of epoch  55 | time: 52.67s | valid loss 69.0000000 | valid acc 39.684%| Best Model from Epoch 46 with 45.144%
-----------------------------------------------------------------------------------------
| epoch  56 |    99/  402 batches | lr_step  22265 | lr  0.000101 |acc  95.453%| ms/batch 49.81 | loss 0.0454560 
| epoch  56 |   199/  402 batches | lr_step  22365 | lr  0.000100 |acc  95.672%| ms/batch 51.65 | loss 0.0425969 
| epoch  56 |   299/  402 batches | lr_step  22465 | lr  0.000100 |acc  95.750%| ms/batch 49.63 | loss 0.0418053 
| epoch  56 |   399/  402 batches | lr_step  22565 | lr  0.000100 |acc  95.266%| ms/batch 49.91 | loss 0.0468423 
Pred: tensor([12, 13, 14, 16,  0,  0,  0,  0,  0]) and tensor([12, 13, 16, 14, 17, 15,  0,  0,  0]), tensor([10,  7,  8,  9,  6,  9,  0,  0,  0])
Tar: tensor([[12, 14, 13, 16,  0,  0,  0,  0,  0],
        [12, 13, 16, 14, 15, 17,  0,  0,  0],
        [10,  7,  8,  9,  9,  6,  0,  0,  0]])
-----------------------------------------------------------------------------------------
| end of epoch  56 | time: 52.60s | valid loss 69.0000000 | valid acc 39.797%| Best Model from Epoch 46 with 45.144%
-----------------------------------------------------------------------------------------
| epoch  57 |    99/  402 batches | lr_step  22668 | lr  0.000100 |acc  95.562%| ms/batch 49.77 | loss 0.0432648 
| epoch  57 |   199/  402 batches | lr_step  22768 | lr  0.000100 |acc  95.344%| ms/batch 50.98 | loss 0.0454258 
| epoch  57 |   299/  402 batches | lr_step  22868 | lr  0.000099 |acc  95.531%| ms/batch 50.49 | loss 0.0441796 
| epoch  57 |   399/  402 batches | lr_step  22968 | lr  0.000099 |acc  95.688%| ms/batch 50.60 | loss 0.0433063 
Pred: tensor([12, 14, 16, 15, 13,  0,  0,  0]) and tensor([12, 13, 14, 16, 15,  0,  0,  0]), tensor([12, 13, 14, 16, 15,  0,  0,  0])
Tar: tensor([[14, 12, 15, 16, 13,  0,  0,  0],
        [12, 14, 13, 16, 15,  0,  0,  0],
        [12, 13, 14, 16, 15,  0,  0,  0]])
-----------------------------------------------------------------------------------------
| end of epoch  57 | time: 53.34s | valid loss 69.0000000 | valid acc 40.563%| Best Model from Epoch 46 with 45.144%
-----------------------------------------------------------------------------------------
| epoch  58 |    99/  402 batches | lr_step  23071 | lr  0.000099 |acc  95.766%| ms/batch 49.95 | loss 0.0424084 
| epoch  58 |   199/  402 batches | lr_step  23171 | lr  0.000099 |acc  95.828%| ms/batch 50.44 | loss 0.0433338 
| epoch  58 |   299/  402 batches | lr_step  23271 | lr  0.000098 |acc  95.141%| ms/batch 50.63 | loss 0.0463333 
| epoch  58 |   399/  402 batches | lr_step  23371 | lr  0.000098 |acc  95.438%| ms/batch 49.45 | loss 0.0442889 
Pred: tensor([14, 12, 13, 16, 15, 17, 13,  0]) and tensor([11, 10,  8,  9,  6,  0,  0,  0]), tensor([10,  7,  8,  9,  6,  0,  0,  0])
Tar: tensor([[14, 12, 13, 16, 15, 17, 13,  0],
        [11,  9,  8,  6, 10,  0,  0,  0],
        [ 7,  8, 10,  9,  6,  0,  0,  0]])
-----------------------------------------------------------------------------------------
| end of epoch  58 | time: 52.33s | valid loss 69.0000000 | valid acc 44.749%| Best Model from Epoch 46 with 45.144%
-----------------------------------------------------------------------------------------
| epoch  59 |    99/  402 batches | lr_step  23474 | lr  0.000098 |acc  95.203%| ms/batch 49.61 | loss 0.0464033 
| epoch  59 |   199/  402 batches | lr_step  23574 | lr  0.000098 |acc  95.344%| ms/batch 50.05 | loss 0.0446324 
| epoch  59 |   299/  402 batches | lr_step  23674 | lr  0.000098 |acc  95.672%| ms/batch 50.22 | loss 0.0440559 
| epoch  59 |   399/  402 batches | lr_step  23774 | lr  0.000097 |acc  95.781%| ms/batch 50.85 | loss 0.0397515 
Pred: tensor([12, 14, 13, 16, 17, 12, 13, 14]) and tensor([ 7, 10,  8,  9, 11,  0,  0,  0]), tensor([10,  7,  8,  9,  6, 11,  0,  0])
Tar: tensor([[17, 14, 12, 13, 16, 12, 14, 13],
        [ 7, 10,  9,  8, 11,  0,  0,  0],
        [10,  7,  8,  9,  6, 11,  0,  0]])
-----------------------------------------------------------------------------------------
| end of epoch  59 | time: 52.77s | valid loss 69.0000000 | valid acc 41.208%| Best Model from Epoch 46 with 45.144%
-----------------------------------------------------------------------------------------
| epoch  60 |    99/  402 batches | lr_step  23877 | lr  0.000097 |acc  95.953%| ms/batch 49.64 | loss 0.0414719 
| epoch  60 |   199/  402 batches | lr_step  23977 | lr  0.000097 |acc  95.500%| ms/batch 48.75 | loss 0.0421611 
| epoch  60 |   299/  402 batches | lr_step  24077 | lr  0.000097 |acc  95.672%| ms/batch 49.90 | loss 0.0413252 
| epoch  60 |   399/  402 batches | lr_step  24177 | lr  0.000097 |acc  94.984%| ms/batch 50.57 | loss 0.0469619 
Pred: tensor([14, 12, 13, 16, 13,  0,  0,  0]) and tensor([14, 12, 13, 16, 15,  0,  0,  0]), tensor([6, 8, 9, 0, 0, 0, 0, 0])
Tar: tensor([[14, 12, 13, 16, 13,  0,  0,  0],
        [14, 12, 13, 16, 15,  0,  0,  0],
        [ 8,  9,  6,  0,  0,  0,  0,  0]])
-----------------------------------------------------------------------------------------
| end of epoch  60 | time: 52.71s | valid loss 69.0000000 | valid acc 43.830%| Best Model from Epoch 46 with 45.144%
-----------------------------------------------------------------------------------------
| epoch  61 |    99/  402 batches | lr_step  24280 | lr  0.000096 |acc  95.734%| ms/batch 50.32 | loss 0.0411183 
| epoch  61 |   199/  402 batches | lr_step  24380 | lr  0.000096 |acc  95.344%| ms/batch 50.23 | loss 0.0448675 
| epoch  61 |   299/  402 batches | lr_step  24480 | lr  0.000096 |acc  95.922%| ms/batch 48.89 | loss 0.0437167 
| epoch  61 |   399/  402 batches | lr_step  24580 | lr  0.000096 |acc  95.719%| ms/batch 50.13 | loss 0.0429533 
Pred: tensor([12, 14, 13, 16, 17,  0,  0]) and tensor([10,  7,  8,  9, 11,  0,  0]), tensor([14, 12, 13, 16,  0,  0,  0])
Tar: tensor([[14, 12, 13, 16, 17,  0,  0],
        [ 7, 10,  8,  9, 11,  0,  0],
        [14, 12, 13, 16,  0,  0,  0]])
-----------------------------------------------------------------------------------------
| end of epoch  61 | time: 52.54s | valid loss 69.0000000 | valid acc 40.515%| Best Model from Epoch 46 with 45.144%
-----------------------------------------------------------------------------------------
Pred: tensor([14, 12, 13, 16, 17,  0,  0]) and tensor([10,  7,  8,  9, 11,  6,  7]), tensor([ 7,  8, 10,  9, 11,  0,  0])
Tar: tensor([[14, 12, 13, 16, 17,  0,  0],
        [10,  7,  8,  9, 11,  7,  6],
        [ 7, 10,  8,  9, 11,  0,  0]])
=========================================================================================
| End of training | test loss 69.00 | test acc 44.57% | Best Model from Epoch 46
=========================================================================================
