-----------------------------------------------------------------------------------------
Parameter Settings:
EIUES:                            0.25
Ratio uncertain traces:           0.2

Type:                             encoder_GREEDY
No. warmup steps:                 6398.009469250846
LR factor                         0.6148556551204917 
Embedding dimension:              256
Dimension of feedforward network: 1024
Number of transformer layers:     1
Number of attentions heads:       8
Dropout:                          0.404889
Total number of epochs:           150
-----------------------------------------------------------------------------------------
| epoch   0 |    24/  287 batches | lr_step  25 | lr  0.000002 |acc  0.000%| ms/batch 279.66 | loss 2.0925832 
| epoch   0 |    49/  287 batches | lr_step  50 | lr  0.000004 |acc  0.000%| ms/batch 287.41 | loss 2.0582334 
| epoch   0 |    74/  287 batches | lr_step  75 | lr  0.000006 |acc  0.000%| ms/batch 294.05 | loss 1.9923412 
| epoch   0 |    99/  287 batches | lr_step  100 | lr  0.000008 |acc  0.000%| ms/batch 294.62 | loss 1.9061640 
| epoch   0 |   124/  287 batches | lr_step  125 | lr  0.000009 |acc  0.000%| ms/batch 296.41 | loss 1.8149056 
| epoch   0 |   149/  287 batches | lr_step  150 | lr  0.000011 |acc  0.000%| ms/batch 298.90 | loss 1.7287626 
| epoch   0 |   174/  287 batches | lr_step  175 | lr  0.000013 |acc  0.000%| ms/batch 299.52 | loss 1.6561374 
| epoch   0 |   199/  287 batches | lr_step  200 | lr  0.000015 |acc  0.000%| ms/batch 297.90 | loss 1.5835993 
| epoch   0 |   224/  287 batches | lr_step  225 | lr  0.000017 |acc  0.000%| ms/batch 299.12 | loss 1.5215954 
| epoch   0 |   249/  287 batches | lr_step  250 | lr  0.000019 |acc  0.000%| ms/batch 299.28 | loss 1.4522795 
| epoch   0 |   274/  287 batches | lr_step  275 | lr  0.000021 |acc  0.000%| ms/batch 301.27 | loss 1.3981607 
Pred: tensor([16, 14, 17, 13, 18, 19,  0,  0,  0,  0]) and tensor([13, 14, 16, 17, 15, 18, 19,  0,  0,  0]), tensor([ 6,  8, 12,  7,  9, 10, 11,  0,  0,  0])
Tar: tensor([[14, 16, 17, 13, 18, 19,  0,  0,  0,  0],
        [13, 14, 17, 16, 15, 18, 19,  0,  0,  0],
        [ 6,  8, 12,  7,  9, 10, 11,  0,  0,  0]])
-----------------------------------------------------------------------------------------
| end of epoch   0 | time: 87.83s | valid acc 47.539%| Best Model from Epoch 0 with  -inf%
-----------------------------------------------------------------------------------------
-----------------------------------------------------------------------------------------
-----------------------------------------------------------------------------------------
| end of epoch   0 | time: 87.83s | valid acc 47.539%| 
-----------------------------------------------------------------------------------------
-----------------------------------------------------------------------------------------
| epoch   1 |    24/  287 batches | lr_step  313 | lr  0.000024 |acc  0.000%| ms/batch 301.30 | loss 1.3147504 
| epoch   1 |    49/  287 batches | lr_step  338 | lr  0.000025 |acc  0.000%| ms/batch 301.17 | loss 1.2742744 
| epoch   1 |    74/  287 batches | lr_step  363 | lr  0.000027 |acc  0.000%| ms/batch 300.64 | loss 1.2384043 
| epoch   1 |    99/  287 batches | lr_step  388 | lr  0.000029 |acc  0.000%| ms/batch 299.68 | loss 1.2133981 
| epoch   1 |   124/  287 batches | lr_step  413 | lr  0.000031 |acc  0.008%| ms/batch 302.63 | loss 1.1852763 
| epoch   1 |   149/  287 batches | lr_step  438 | lr  0.000033 |acc  0.000%| ms/batch 300.80 | loss 1.1713362 
| epoch   1 |   174/  287 batches | lr_step  463 | lr  0.000035 |acc  0.000%| ms/batch 300.16 | loss 1.1545948 
| epoch   1 |   199/  287 batches | lr_step  488 | lr  0.000037 |acc  0.000%| ms/batch 302.81 | loss 1.1350205 
| epoch   1 |   224/  287 batches | lr_step  513 | lr  0.000039 |acc  0.000%| ms/batch 301.75 | loss 1.1261307 
| epoch   1 |   249/  287 batches | lr_step  538 | lr  0.000040 |acc  0.000%| ms/batch 334.73 | loss 1.1090283 
| epoch   1 |   274/  287 batches | lr_step  563 | lr  0.000042 |acc  0.008%| ms/batch 318.99 | loss 1.0988442 
Pred: tensor([ 6,  7,  8, 10,  9, 11, 12,  0,  0,  0]) and tensor([ 6,  7,  8, 10,  9,  8, 12, 11,  0,  0]), tensor([13, 16, 14, 15, 17, 19,  0,  0,  0,  0])
Tar: tensor([[ 6,  7,  8, 10,  9, 11, 12,  0,  0,  0],
        [ 6,  8,  7, 10,  9,  8, 12, 11,  0,  0],
        [13, 16, 14, 15, 17, 19,  0,  0,  0,  0]])
-----------------------------------------------------------------------------------------
| end of epoch   1 | time: 91.17s | valid acc 47.986%| Best Model from Epoch 0 with 47.539%
-----------------------------------------------------------------------------------------
-----------------------------------------------------------------------------------------
-----------------------------------------------------------------------------------------
| end of epoch   1 | time: 91.17s | valid acc 47.986%| 
-----------------------------------------------------------------------------------------
-----------------------------------------------------------------------------------------
| epoch   2 |    24/  287 batches | lr_step  601 | lr  0.000045 |acc  0.000%| ms/batch 315.44 | loss 1.0820369 
| epoch   2 |    49/  287 batches | lr_step  626 | lr  0.000047 |acc  0.016%| ms/batch 313.04 | loss 1.0672334 
| epoch   2 |    74/  287 batches | lr_step  651 | lr  0.000049 |acc  0.000%| ms/batch 332.64 | loss 1.0559957 
| epoch   2 |    99/  287 batches | lr_step  676 | lr  0.000051 |acc  0.000%| ms/batch 315.32 | loss 1.0488163 
| epoch   2 |   124/  287 batches | lr_step  701 | lr  0.000053 |acc  0.023%| ms/batch 302.99 | loss 1.0419331 
| epoch   2 |   149/  287 batches | lr_step  726 | lr  0.000055 |acc  0.016%| ms/batch 298.64 | loss 1.0297718 
| epoch   2 |   174/  287 batches | lr_step  751 | lr  0.000056 |acc  0.000%| ms/batch 295.70 | loss 1.0238833 
| epoch   2 |   199/  287 batches | lr_step  776 | lr  0.000058 |acc  0.023%| ms/batch 296.16 | loss 1.0116158 
| epoch   2 |   224/  287 batches | lr_step  801 | lr  0.000060 |acc  0.016%| ms/batch 296.81 | loss 1.0039321 
| epoch   2 |   249/  287 batches | lr_step  826 | lr  0.000062 |acc  0.000%| ms/batch 297.01 | loss 0.9937621 
| epoch   2 |   274/  287 batches | lr_step  851 | lr  0.000064 |acc  0.016%| ms/batch 300.35 | loss 0.9784140 
Pred: tensor([ 6,  7,  9,  8, 12, 11,  0,  0,  0,  0]) and tensor([14, 15, 17, 16, 19, 20,  0,  0,  0,  0]), tensor([ 6,  7, 10,  9,  8, 12, 10, 10,  8, 21])
Tar: tensor([[ 6,  7,  9,  8, 12, 11,  0,  0,  0,  0],
        [14, 15, 17, 16, 19, 20,  0,  0,  0,  0],
        [ 6,  7, 10,  9,  8, 12, 10, 10,  8, 21]])
-----------------------------------------------------------------------------------------
| end of epoch   2 | time: 90.78s | valid acc 47.837%| Best Model from Epoch 1 with 47.986%
-----------------------------------------------------------------------------------------
| epoch   3 |    24/  287 batches | lr_step  889 | lr  0.000067 |acc  0.031%| ms/batch 303.50 | loss 0.9693210 
| epoch   3 |    49/  287 batches | lr_step  914 | lr  0.000069 |acc  0.008%| ms/batch 298.40 | loss 0.9606840 
| epoch   3 |    74/  287 batches | lr_step  939 | lr  0.000071 |acc  0.047%| ms/batch 304.69 | loss 0.9492955 
| epoch   3 |    99/  287 batches | lr_step  964 | lr  0.000072 |acc  0.031%| ms/batch 302.71 | loss 0.9391858 
| epoch   3 |   124/  287 batches | lr_step  989 | lr  0.000074 |acc  0.070%| ms/batch 300.81 | loss 0.9316593 
| epoch   3 |   149/  287 batches | lr_step  1014 | lr  0.000076 |acc  0.055%| ms/batch 310.77 | loss 0.9175260 
| epoch   3 |   174/  287 batches | lr_step  1039 | lr  0.000078 |acc  0.047%| ms/batch 304.89 | loss 0.9114204 
| epoch   3 |   199/  287 batches | lr_step  1064 | lr  0.000080 |acc  0.125%| ms/batch 312.21 | loss 0.9005332 
| epoch   3 |   224/  287 batches | lr_step  1089 | lr  0.000082 |acc  0.125%| ms/batch 309.77 | loss 0.8884526 
| epoch   3 |   249/  287 batches | lr_step  1114 | lr  0.000084 |acc  0.117%| ms/batch 326.13 | loss 0.8804775 
| epoch   3 |   274/  287 batches | lr_step  1139 | lr  0.000086 |acc  0.156%| ms/batch 303.99 | loss 0.8691183 
Pred: tensor([17, 15, 14, 19, 18,  0,  0,  0,  0,  0]) and tensor([13, 14, 15, 17, 16, 18,  0,  0,  0,  0]), tensor([ 6,  8,  7,  9, 10, 11,  8, 12,  7,  0])
Tar: tensor([[17, 15, 14, 19, 18,  0,  0,  0,  0,  0],
        [13, 14, 15, 16, 17, 18,  0,  0,  0,  0],
        [ 6,  7,  9,  8, 10, 11,  8, 12,  7,  0]])
-----------------------------------------------------------------------------------------
| end of epoch   3 | time: 91.07s | valid acc 49.627%| Best Model from Epoch 1 with 47.986%
-----------------------------------------------------------------------------------------
-----------------------------------------------------------------------------------------
-----------------------------------------------------------------------------------------
| end of epoch   3 | time: 91.07s | valid acc 49.627%| 
-----------------------------------------------------------------------------------------
-----------------------------------------------------------------------------------------
| epoch   4 |    24/  287 batches | lr_step  1177 | lr  0.000088 |acc  0.203%| ms/batch 298.23 | loss 0.8507603 
| epoch   4 |    49/  287 batches | lr_step  1202 | lr  0.000090 |acc  0.180%| ms/batch 295.33 | loss 0.8405145 
| epoch   4 |    74/  287 batches | lr_step  1227 | lr  0.000092 |acc  0.258%| ms/batch 297.41 | loss 0.8340637 
| epoch   4 |    99/  287 batches | lr_step  1252 | lr  0.000094 |acc  0.289%| ms/batch 296.49 | loss 0.8226018 
| epoch   4 |   124/  287 batches | lr_step  1277 | lr  0.000096 |acc  0.391%| ms/batch 297.45 | loss 0.8106074 
| epoch   4 |   149/  287 batches | lr_step  1302 | lr  0.000098 |acc  0.430%| ms/batch 296.02 | loss 0.7977127 
| epoch   4 |   174/  287 batches | lr_step  1327 | lr  0.000100 |acc  0.453%| ms/batch 292.34 | loss 0.7880434 
| epoch   4 |   199/  287 batches | lr_step  1352 | lr  0.000102 |acc  0.633%| ms/batch 303.99 | loss 0.7739117 
| epoch   4 |   224/  287 batches | lr_step  1377 | lr  0.000103 |acc  0.469%| ms/batch 307.54 | loss 0.7679380 
| epoch   4 |   249/  287 batches | lr_step  1402 | lr  0.000105 |acc  0.664%| ms/batch 299.72 | loss 0.7556854 
| epoch   4 |   274/  287 batches | lr_step  1427 | lr  0.000107 |acc  0.727%| ms/batch 299.04 | loss 0.7423281 
Pred: tensor([13, 16, 14, 17, 18, 19,  0,  0,  0,  0]) and tensor([13, 16, 14, 15, 17, 19, 18,  0,  0,  0]), tensor([13, 19, 14, 17, 15, 18, 16,  0,  0,  0])
Tar: tensor([[13, 14, 16, 17, 18, 19,  0,  0,  0,  0],
        [13, 16, 14, 15, 17, 19, 18,  0,  0,  0],
        [13, 19, 14, 17, 15, 18, 16,  0,  0,  0]])
-----------------------------------------------------------------------------------------
| end of epoch   4 | time: 88.70s | valid acc 50.373%| Best Model from Epoch 3 with 49.627%
-----------------------------------------------------------------------------------------
-----------------------------------------------------------------------------------------
-----------------------------------------------------------------------------------------
| end of epoch   4 | time: 88.70s | valid acc 50.373%| 
-----------------------------------------------------------------------------------------
-----------------------------------------------------------------------------------------
| epoch   5 |    24/  287 batches | lr_step  1465 | lr  0.000110 |acc  0.844%| ms/batch 299.38 | loss 0.7324263 
| epoch   5 |    49/  287 batches | lr_step  1490 | lr  0.000112 |acc  0.898%| ms/batch 296.42 | loss 0.7184862 
| epoch   5 |    74/  287 batches | lr_step  1515 | lr  0.000114 |acc  1.148%| ms/batch 295.95 | loss 0.7066880 
| epoch   5 |    99/  287 batches | lr_step  1540 | lr  0.000116 |acc  1.062%| ms/batch 295.09 | loss 0.6988673 
| epoch   5 |   124/  287 batches | lr_step  1565 | lr  0.000118 |acc  1.047%| ms/batch 294.18 | loss 0.6896145 
| epoch   5 |   149/  287 batches | lr_step  1590 | lr  0.000119 |acc  1.227%| ms/batch 296.65 | loss 0.6761543 
| epoch   5 |   174/  287 batches | lr_step  1615 | lr  0.000121 |acc  1.430%| ms/batch 297.29 | loss 0.6631468 
| epoch   5 |   199/  287 batches | lr_step  1640 | lr  0.000123 |acc  1.516%| ms/batch 296.05 | loss 0.6572369 
| epoch   5 |   224/  287 batches | lr_step  1665 | lr  0.000125 |acc  1.727%| ms/batch 297.61 | loss 0.6516692 
| epoch   5 |   249/  287 batches | lr_step  1690 | lr  0.000127 |acc  1.766%| ms/batch 295.37 | loss 0.6386841 
| epoch   5 |   274/  287 batches | lr_step  1715 | lr  0.000129 |acc  1.812%| ms/batch 295.78 | loss 0.6325053 
Pred: tensor([ 6,  7, 10,  9, 12,  7, 21,  0,  0]) and tensor([ 6,  7,  9, 10,  8, 12, 21,  0,  0]), tensor([13, 16, 18, 17, 15, 14, 19,  0,  0])
Tar: tensor([[ 6, 10,  7,  9,  7, 12, 21,  0,  0],
        [ 6,  7,  9,  8, 10, 12, 21,  0,  0],
        [13, 16, 18, 17, 15, 14, 19,  0,  0]])
-----------------------------------------------------------------------------------------
| end of epoch   5 | time: 88.10s | valid acc 50.771%| Best Model from Epoch 4 with 50.373%
-----------------------------------------------------------------------------------------
-----------------------------------------------------------------------------------------
-----------------------------------------------------------------------------------------
| end of epoch   5 | time: 88.10s | valid acc 50.771%| 
-----------------------------------------------------------------------------------------
-----------------------------------------------------------------------------------------
| epoch   6 |    24/  287 batches | lr_step  1753 | lr  0.000132 |acc  2.148%| ms/batch 295.61 | loss 0.6183613 
| epoch   6 |    49/  287 batches | lr_step  1778 | lr  0.000134 |acc  2.484%| ms/batch 294.95 | loss 0.6055590 
| epoch   6 |    74/  287 batches | lr_step  1803 | lr  0.000135 |acc  2.711%| ms/batch 294.69 | loss 0.6031461 
| epoch   6 |    99/  287 batches | lr_step  1828 | lr  0.000137 |acc  2.891%| ms/batch 296.01 | loss 0.5953722 
| epoch   6 |   124/  287 batches | lr_step  1853 | lr  0.000139 |acc  3.086%| ms/batch 293.58 | loss 0.5838619 
| epoch   6 |   149/  287 batches | lr_step  1878 | lr  0.000141 |acc  3.188%| ms/batch 290.51 | loss 0.5773013 
| epoch   6 |   174/  287 batches | lr_step  1903 | lr  0.000143 |acc  3.414%| ms/batch 294.89 | loss 0.5716898 
| epoch   6 |   199/  287 batches | lr_step  1928 | lr  0.000145 |acc  3.734%| ms/batch 295.37 | loss 0.5590583 
| epoch   6 |   224/  287 batches | lr_step  1953 | lr  0.000147 |acc  3.992%| ms/batch 294.25 | loss 0.5539164 
| epoch   6 |   249/  287 batches | lr_step  1978 | lr  0.000149 |acc  4.266%| ms/batch 294.54 | loss 0.5484459 
| epoch   6 |   274/  287 batches | lr_step  2003 | lr  0.000150 |acc  4.406%| ms/batch 294.86 | loss 0.5386940 
Pred: tensor([13, 19, 14, 15, 17, 18, 16,  0,  0,  0]) and tensor([13, 16, 17, 14, 15, 19, 20,  0,  0,  0]), tensor([ 6,  7,  8, 10,  9, 12,  0,  0,  0,  0])
Tar: tensor([[13, 19, 14, 15, 17, 18, 16,  0,  0,  0],
        [13, 16, 17, 14, 15, 19, 20,  0,  0,  0],
        [ 6,  8, 10,  7,  9, 12,  0,  0,  0,  0]])
-----------------------------------------------------------------------------------------
| end of epoch   6 | time: 87.66s | valid acc 50.522%| Best Model from Epoch 5 with 50.771%
-----------------------------------------------------------------------------------------
| epoch   7 |    24/  287 batches | lr_step  2041 | lr  0.000153 |acc  5.258%| ms/batch 295.66 | loss 0.5312345 
| epoch   7 |    49/  287 batches | lr_step  2066 | lr  0.000155 |acc  5.219%| ms/batch 297.02 | loss 0.5247391 
| epoch   7 |    74/  287 batches | lr_step  2091 | lr  0.000157 |acc  5.711%| ms/batch 292.95 | loss 0.5213089 
| epoch   7 |    99/  287 batches | lr_step  2116 | lr  0.000159 |acc  5.633%| ms/batch 293.48 | loss 0.5157695 
| epoch   7 |   124/  287 batches | lr_step  2141 | lr  0.000161 |acc  6.562%| ms/batch 293.75 | loss 0.5057619 
| epoch   7 |   149/  287 batches | lr_step  2166 | lr  0.000163 |acc  6.477%| ms/batch 291.91 | loss 0.5037180 
| epoch   7 |   174/  287 batches | lr_step  2191 | lr  0.000165 |acc  6.930%| ms/batch 291.66 | loss 0.4989603 
| epoch   7 |   199/  287 batches | lr_step  2216 | lr  0.000166 |acc  7.094%| ms/batch 296.30 | loss 0.4958106 
| epoch   7 |   224/  287 batches | lr_step  2241 | lr  0.000168 |acc  7.602%| ms/batch 294.41 | loss 0.4885248 
| epoch   7 |   249/  287 batches | lr_step  2266 | lr  0.000170 |acc  7.234%| ms/batch 292.50 | loss 0.4899217 
| epoch   7 |   274/  287 batches | lr_step  2291 | lr  0.000172 |acc  7.953%| ms/batch 292.94 | loss 0.4814789 
Pred: tensor([ 6,  7,  8,  9, 10, 12, 21,  7,  0]) and tensor([ 6, 12,  9, 10,  8,  7, 21,  0,  0]), tensor([13, 18, 16, 14, 15, 17, 19,  0,  0])
Tar: tensor([[ 6,  7,  8,  9, 10, 12,  7, 21,  0],
        [ 6, 12,  9, 10,  8,  7, 21,  0,  0],
        [13, 18, 16, 14, 17, 15, 19,  0,  0]])
-----------------------------------------------------------------------------------------
| end of epoch   7 | time: 87.32s | valid acc 51.069%| Best Model from Epoch 5 with 50.771%
-----------------------------------------------------------------------------------------
-----------------------------------------------------------------------------------------
-----------------------------------------------------------------------------------------
| end of epoch   7 | time: 87.32s | valid acc 51.069%| 
-----------------------------------------------------------------------------------------
-----------------------------------------------------------------------------------------
| epoch   8 |    24/  287 batches | lr_step  2329 | lr  0.000175 |acc  8.031%| ms/batch 293.96 | loss 0.4788493 
| epoch   8 |    49/  287 batches | lr_step  2354 | lr  0.000177 |acc  8.570%| ms/batch 292.94 | loss 0.4730363 
| epoch   8 |    74/  287 batches | lr_step  2379 | lr  0.000179 |acc  8.633%| ms/batch 293.58 | loss 0.4725061 
| epoch   8 |    99/  287 batches | lr_step  2404 | lr  0.000181 |acc  9.195%| ms/batch 293.93 | loss 0.4646298 
| epoch   8 |   124/  287 batches | lr_step  2429 | lr  0.000182 |acc  8.938%| ms/batch 293.06 | loss 0.4662793 
| epoch   8 |   149/  287 batches | lr_step  2454 | lr  0.000184 |acc  8.727%| ms/batch 291.98 | loss 0.4636422 
| epoch   8 |   174/  287 batches | lr_step  2479 | lr  0.000186 |acc  9.383%| ms/batch 293.56 | loss 0.4592200 
| epoch   8 |   199/  287 batches | lr_step  2504 | lr  0.000188 |acc  9.117%| ms/batch 295.09 | loss 0.4619742 
| epoch   8 |   224/  287 batches | lr_step  2529 | lr  0.000190 |acc  9.359%| ms/batch 294.65 | loss 0.4557103 
| epoch   8 |   249/  287 batches | lr_step  2554 | lr  0.000192 |acc  10.312%| ms/batch 294.73 | loss 0.4504474 
| epoch   8 |   274/  287 batches | lr_step  2579 | lr  0.000194 |acc  10.070%| ms/batch 297.32 | loss 0.4524109 
Pred: tensor([ 6, 11,  8, 10,  7,  9, 12,  0,  0,  0]) and tensor([ 6, 10, 11,  9, 10,  8, 12,  7,  0,  0]), tensor([10,  7,  9,  8,  6, 12, 11,  0,  0,  0])
Tar: tensor([[ 6, 11,  8, 10,  7,  9, 12,  0,  0,  0],
        [ 6, 10, 11,  9, 10,  8, 12,  7,  0,  0],
        [10,  7,  9,  8,  6, 11, 12,  0,  0,  0]])
-----------------------------------------------------------------------------------------
| end of epoch   8 | time: 87.53s | valid acc 49.577%| Best Model from Epoch 7 with 51.069%
-----------------------------------------------------------------------------------------
| epoch   9 |    24/  287 batches | lr_step  2617 | lr  0.000197 |acc  9.883%| ms/batch 293.93 | loss 0.4499490 
| epoch   9 |    49/  287 batches | lr_step  2642 | lr  0.000198 |acc  10.156%| ms/batch 294.63 | loss 0.4492009 
| epoch   9 |    74/  287 batches | lr_step  2667 | lr  0.000200 |acc  10.047%| ms/batch 291.24 | loss 0.4472450 
| epoch   9 |    99/  287 batches | lr_step  2692 | lr  0.000202 |acc  10.555%| ms/batch 293.22 | loss 0.4418291 
| epoch   9 |   124/  287 batches | lr_step  2717 | lr  0.000204 |acc  10.633%| ms/batch 290.94 | loss 0.4444147 
| epoch   9 |   149/  287 batches | lr_step  2742 | lr  0.000206 |acc  10.383%| ms/batch 292.78 | loss 0.4416536 
| epoch   9 |   174/  287 batches | lr_step  2767 | lr  0.000208 |acc  10.773%| ms/batch 292.56 | loss 0.4383053 
| epoch   9 |   199/  287 batches | lr_step  2792 | lr  0.000210 |acc  10.617%| ms/batch 292.82 | loss 0.4380211 
| epoch   9 |   224/  287 batches | lr_step  2817 | lr  0.000212 |acc  11.039%| ms/batch 292.10 | loss 0.4381302 
| epoch   9 |   249/  287 batches | lr_step  2842 | lr  0.000213 |acc  10.844%| ms/batch 291.98 | loss 0.4366687 
| epoch   9 |   274/  287 batches | lr_step  2867 | lr  0.000215 |acc  10.906%| ms/batch 292.26 | loss 0.4337824 
Pred: tensor([13, 14, 15, 17, 17, 19, 18,  0,  0,  0]) and tensor([13, 14, 15, 17, 19, 20, 14,  0,  0,  0]), tensor([ 8,  7, 10,  9, 12, 21,  0,  0,  0,  0])
Tar: tensor([[13, 14, 17, 15, 17, 18, 19,  0,  0,  0],
        [13, 14, 15, 17, 19, 20, 14,  0,  0,  0],
        [ 8, 10,  7,  9, 12, 21,  0,  0,  0,  0]])
-----------------------------------------------------------------------------------------
| end of epoch   9 | time: 87.05s | valid acc 50.522%| Best Model from Epoch 7 with 51.069%
-----------------------------------------------------------------------------------------
| epoch  10 |    24/  287 batches | lr_step  2905 | lr  0.000218 |acc  11.258%| ms/batch 291.94 | loss 0.4313636 
| epoch  10 |    49/  287 batches | lr_step  2930 | lr  0.000220 |acc  11.109%| ms/batch 292.14 | loss 0.4328175 
| epoch  10 |    74/  287 batches | lr_step  2955 | lr  0.000222 |acc  11.727%| ms/batch 296.03 | loss 0.4277951 
| epoch  10 |    99/  287 batches | lr_step  2980 | lr  0.000224 |acc  11.242%| ms/batch 292.38 | loss 0.4288571 
| epoch  10 |   124/  287 batches | lr_step  3005 | lr  0.000226 |acc  11.391%| ms/batch 291.51 | loss 0.4283993 
| epoch  10 |   149/  287 batches | lr_step  3030 | lr  0.000228 |acc  11.250%| ms/batch 293.03 | loss 0.4263095 
| epoch  10 |   174/  287 batches | lr_step  3055 | lr  0.000229 |acc  11.531%| ms/batch 289.53 | loss 0.4274149 
| epoch  10 |   199/  287 batches | lr_step  3080 | lr  0.000231 |acc  11.492%| ms/batch 289.47 | loss 0.4229307 
| epoch  10 |   224/  287 batches | lr_step  3105 | lr  0.000233 |acc  11.523%| ms/batch 292.18 | loss 0.4240080 
| epoch  10 |   249/  287 batches | lr_step  3130 | lr  0.000235 |acc  11.562%| ms/batch 291.58 | loss 0.4218399 
| epoch  10 |   274/  287 batches | lr_step  3155 | lr  0.000237 |acc  12.039%| ms/batch 292.56 | loss 0.4174191 
Pred: tensor([ 6,  7,  9, 10, 11, 12,  0,  0,  0,  0]) and tensor([ 6,  8, 12,  9,  7, 11, 10,  0,  0,  0]), tensor([ 6,  9,  8, 10, 12, 11,  0,  0,  0,  0])
Tar: tensor([[ 6,  7,  9, 10, 11, 12,  0,  0,  0,  0],
        [ 6,  8, 12,  7,  9, 11, 10,  0,  0,  0],
        [ 6,  9,  8, 10, 12, 11,  0,  0,  0,  0]])
-----------------------------------------------------------------------------------------
| end of epoch  10 | time: 86.89s | valid acc 49.826%| Best Model from Epoch 7 with 51.069%
-----------------------------------------------------------------------------------------
| epoch  11 |    24/  287 batches | lr_step  3193 | lr  0.000240 |acc  12.945%| ms/batch 294.25 | loss 0.4153159 
| epoch  11 |    49/  287 batches | lr_step  3218 | lr  0.000242 |acc  12.070%| ms/batch 291.86 | loss 0.4150736 
| epoch  11 |    74/  287 batches | lr_step  3243 | lr  0.000244 |acc  12.586%| ms/batch 292.67 | loss 0.4156796 
| epoch  11 |    99/  287 batches | lr_step  3268 | lr  0.000245 |acc  12.125%| ms/batch 290.78 | loss 0.4170283 
| epoch  11 |   124/  287 batches | lr_step  3293 | lr  0.000247 |acc  12.102%| ms/batch 289.36 | loss 0.4132445 
| epoch  11 |   149/  287 batches | lr_step  3318 | lr  0.000249 |acc  11.977%| ms/batch 290.30 | loss 0.4142331 
| epoch  11 |   174/  287 batches | lr_step  3343 | lr  0.000251 |acc  12.391%| ms/batch 291.02 | loss 0.4113448 
| epoch  11 |   199/  287 batches | lr_step  3368 | lr  0.000253 |acc  12.547%| ms/batch 292.63 | loss 0.4119865 
| epoch  11 |   224/  287 batches | lr_step  3393 | lr  0.000255 |acc  12.414%| ms/batch 292.37 | loss 0.4139480 
| epoch  11 |   249/  287 batches | lr_step  3418 | lr  0.000257 |acc  12.273%| ms/batch 291.63 | loss 0.4116371 
| epoch  11 |   274/  287 batches | lr_step  3443 | lr  0.000259 |acc  12.789%| ms/batch 289.59 | loss 0.4062858 
Pred: tensor([ 8,  7,  9, 10, 12, 21,  0,  0,  0]) and tensor([ 8,  7, 10,  9,  6, 12, 12, 11,  0]), tensor([ 6,  9,  8,  7, 10, 11,  8,  0,  0])
Tar: tensor([[ 8,  7,  9, 10, 12, 21,  0,  0,  0],
        [ 8, 10,  7,  9,  6, 12, 12, 11,  0],
        [ 6,  9,  8,  7, 10, 11,  8,  0,  0]])
-----------------------------------------------------------------------------------------
| end of epoch  11 | time: 86.77s | valid acc 48.881%| Best Model from Epoch 7 with 51.069%
-----------------------------------------------------------------------------------------
| epoch  12 |    24/  287 batches | lr_step  3481 | lr  0.000261 |acc  13.023%| ms/batch 291.22 | loss 0.4055185 
| epoch  12 |    49/  287 batches | lr_step  3506 | lr  0.000263 |acc  12.961%| ms/batch 292.03 | loss 0.4054642 
| epoch  12 |    74/  287 batches | lr_step  3531 | lr  0.000265 |acc  12.477%| ms/batch 291.65 | loss 0.4061634 
| epoch  12 |    99/  287 batches | lr_step  3556 | lr  0.000267 |acc  13.070%| ms/batch 290.44 | loss 0.4026499 
| epoch  12 |   124/  287 batches | lr_step  3581 | lr  0.000269 |acc  12.320%| ms/batch 294.04 | loss 0.4055696 
| epoch  12 |   149/  287 batches | lr_step  3606 | lr  0.000271 |acc  12.734%| ms/batch 293.30 | loss 0.4060055 
| epoch  12 |   174/  287 batches | lr_step  3631 | lr  0.000273 |acc  13.359%| ms/batch 292.54 | loss 0.4013709 
| epoch  12 |   199/  287 batches | lr_step  3656 | lr  0.000275 |acc  13.305%| ms/batch 291.77 | loss 0.3981597 
| epoch  12 |   224/  287 batches | lr_step  3681 | lr  0.000276 |acc  13.641%| ms/batch 290.35 | loss 0.3981681 
| epoch  12 |   249/  287 batches | lr_step  3706 | lr  0.000278 |acc  13.414%| ms/batch 290.62 | loss 0.3994596 
| epoch  12 |   274/  287 batches | lr_step  3731 | lr  0.000280 |acc  13.477%| ms/batch 293.22 | loss 0.3972126 
Pred: tensor([19, 17, 18, 15, 14, 16, 13,  0,  0,  0,  0,  0]) and tensor([13, 16, 14, 17, 15, 18, 19,  0,  0,  0,  0,  0]), tensor([13, 14, 15, 16, 17, 18, 19,  0,  0,  0,  0,  0])
Tar: tensor([[19, 17, 18, 15, 14, 16, 13,  0,  0,  0,  0,  0],
        [13, 16, 14, 17, 15, 18, 19,  0,  0,  0,  0,  0],
        [13, 14, 15, 16, 17, 18, 19,  0,  0,  0,  0,  0]])
-----------------------------------------------------------------------------------------
| end of epoch  12 | time: 86.81s | valid acc 51.616%| Best Model from Epoch 7 with 51.069%
-----------------------------------------------------------------------------------------
-----------------------------------------------------------------------------------------
-----------------------------------------------------------------------------------------
| end of epoch  12 | time: 86.81s | valid acc 51.616%| 
-----------------------------------------------------------------------------------------
-----------------------------------------------------------------------------------------
| epoch  13 |    24/  287 batches | lr_step  3769 | lr  0.000283 |acc  13.484%| ms/batch 293.82 | loss 0.3945751 
| epoch  13 |    49/  287 batches | lr_step  3794 | lr  0.000285 |acc  13.250%| ms/batch 294.85 | loss 0.3972605 
| epoch  13 |    74/  287 batches | lr_step  3819 | lr  0.000287 |acc  13.617%| ms/batch 291.02 | loss 0.3936347 
| epoch  13 |    99/  287 batches | lr_step  3844 | lr  0.000289 |acc  13.531%| ms/batch 292.54 | loss 0.3945830 
| epoch  13 |   124/  287 batches | lr_step  3869 | lr  0.000291 |acc  13.883%| ms/batch 291.13 | loss 0.3925053 
| epoch  13 |   149/  287 batches | lr_step  3894 | lr  0.000292 |acc  13.992%| ms/batch 294.30 | loss 0.3938230 
| epoch  13 |   174/  287 batches | lr_step  3919 | lr  0.000294 |acc  13.781%| ms/batch 290.96 | loss 0.3901018 
| epoch  13 |   199/  287 batches | lr_step  3944 | lr  0.000296 |acc  14.109%| ms/batch 289.24 | loss 0.3884033 
| epoch  13 |   224/  287 batches | lr_step  3969 | lr  0.000298 |acc  13.914%| ms/batch 291.18 | loss 0.3888707 
| epoch  13 |   249/  287 batches | lr_step  3994 | lr  0.000300 |acc  13.664%| ms/batch 290.23 | loss 0.3927873 
| epoch  13 |   274/  287 batches | lr_step  4019 | lr  0.000302 |acc  14.164%| ms/batch 290.35 | loss 0.3890783 
Pred: tensor([13, 14, 15, 17, 16, 18,  0,  0,  0,  0]) and tensor([13, 16, 17, 15, 14, 19, 20,  0,  0,  0]), tensor([13, 14, 15, 16, 17, 18, 15, 19,  0,  0])
Tar: tensor([[13, 14, 15, 17, 16, 18,  0,  0,  0,  0],
        [13, 15, 16, 17, 14, 19, 20,  0,  0,  0],
        [13, 14, 15, 16, 17, 18, 15, 19,  0,  0]])
-----------------------------------------------------------------------------------------
| end of epoch  13 | time: 86.80s | valid acc 48.931%| Best Model from Epoch 12 with 51.616%
-----------------------------------------------------------------------------------------
| epoch  14 |    24/  287 batches | lr_step  4057 | lr  0.000305 |acc  14.438%| ms/batch 290.93 | loss 0.3875543 
| epoch  14 |    49/  287 batches | lr_step  4082 | lr  0.000307 |acc  13.852%| ms/batch 293.18 | loss 0.3851110 
| epoch  14 |    74/  287 batches | lr_step  4107 | lr  0.000308 |acc  14.703%| ms/batch 291.30 | loss 0.3830394 
| epoch  14 |    99/  287 batches | lr_step  4132 | lr  0.000310 |acc  14.383%| ms/batch 291.23 | loss 0.3819062 
| epoch  14 |   124/  287 batches | lr_step  4157 | lr  0.000312 |acc  13.891%| ms/batch 289.86 | loss 0.3868491 
| epoch  14 |   149/  287 batches | lr_step  4182 | lr  0.000314 |acc  14.773%| ms/batch 290.05 | loss 0.3833327 
| epoch  14 |   174/  287 batches | lr_step  4207 | lr  0.000316 |acc  14.391%| ms/batch 292.88 | loss 0.3833415 
| epoch  14 |   199/  287 batches | lr_step  4232 | lr  0.000318 |acc  14.773%| ms/batch 292.02 | loss 0.3809248 
| epoch  14 |   224/  287 batches | lr_step  4257 | lr  0.000320 |acc  14.492%| ms/batch 290.70 | loss 0.3816002 
| epoch  14 |   249/  287 batches | lr_step  4282 | lr  0.000322 |acc  14.359%| ms/batch 290.90 | loss 0.3832651 
| epoch  14 |   274/  287 batches | lr_step  4307 | lr  0.000323 |acc  14.406%| ms/batch 289.19 | loss 0.3828369 
Pred: tensor([13, 14, 14, 16, 15, 17, 18, 19, 17, 16]) and tensor([ 6,  8, 10,  9,  7, 12, 21,  0,  0,  0]), tensor([13, 14, 16, 15, 17, 18, 19,  0,  0,  0])
Tar: tensor([[13, 14, 14, 16, 15, 17, 19, 18, 17, 16],
        [ 6,  8,  9, 10,  7, 12, 21,  0,  0,  0],
        [13, 14, 16, 15, 17, 18, 19,  0,  0,  0]])
-----------------------------------------------------------------------------------------
| end of epoch  14 | time: 86.50s | valid acc 49.727%| Best Model from Epoch 12 with 51.616%
-----------------------------------------------------------------------------------------
| epoch  15 |    24/  287 batches | lr_step  4345 | lr  0.000326 |acc  14.617%| ms/batch 291.66 | loss 0.3768104 
| epoch  15 |    49/  287 batches | lr_step  4370 | lr  0.000328 |acc  14.656%| ms/batch 289.91 | loss 0.3800453 
| epoch  15 |    74/  287 batches | lr_step  4395 | lr  0.000330 |acc  14.430%| ms/batch 292.72 | loss 0.3797913 
| epoch  15 |    99/  287 batches | lr_step  4420 | lr  0.000332 |acc  14.891%| ms/batch 291.78 | loss 0.3775632 
| epoch  15 |   124/  287 batches | lr_step  4445 | lr  0.000334 |acc  14.344%| ms/batch 290.89 | loss 0.3792428 
| epoch  15 |   149/  287 batches | lr_step  4470 | lr  0.000336 |acc  14.469%| ms/batch 294.26 | loss 0.3796957 
| epoch  15 |   174/  287 batches | lr_step  4495 | lr  0.000338 |acc  15.375%| ms/batch 290.07 | loss 0.3739547 
| epoch  15 |   199/  287 batches | lr_step  4520 | lr  0.000339 |acc  15.203%| ms/batch 289.42 | loss 0.3740032 
| epoch  15 |   224/  287 batches | lr_step  4545 | lr  0.000341 |acc  14.820%| ms/batch 289.31 | loss 0.3727722 
| epoch  15 |   249/  287 batches | lr_step  4570 | lr  0.000343 |acc  14.859%| ms/batch 292.57 | loss 0.3765035 
| epoch  15 |   274/  287 batches | lr_step  4595 | lr  0.000345 |acc  15.609%| ms/batch 292.68 | loss 0.3727107 
Pred: tensor([13, 16, 14, 15, 17, 18,  0,  0,  0,  0]) and tensor([ 8, 10,  9, 12,  0,  0,  0,  0,  0,  0]), tensor([13, 16, 17, 14, 19, 18,  0,  0,  0,  0])
Tar: tensor([[13, 16, 14, 15, 17, 18,  0,  0,  0,  0],
        [ 8, 10,  9, 12,  0,  0,  0,  0,  0,  0],
        [13, 16, 17, 14, 19, 18,  0,  0,  0,  0]])
-----------------------------------------------------------------------------------------
| end of epoch  15 | time: 86.77s | valid acc 52.362%| Best Model from Epoch 12 with 51.616%
-----------------------------------------------------------------------------------------
-----------------------------------------------------------------------------------------
-----------------------------------------------------------------------------------------
| end of epoch  15 | time: 86.77s | valid acc 52.362%| 
-----------------------------------------------------------------------------------------
-----------------------------------------------------------------------------------------
| epoch  16 |    24/  287 batches | lr_step  4633 | lr  0.000348 |acc  15.422%| ms/batch 290.20 | loss 0.3704187 
| epoch  16 |    49/  287 batches | lr_step  4658 | lr  0.000350 |acc  15.461%| ms/batch 292.06 | loss 0.3709820 
| epoch  16 |    74/  287 batches | lr_step  4683 | lr  0.000352 |acc  14.867%| ms/batch 291.68 | loss 0.3717085 
| epoch  16 |    99/  287 batches | lr_step  4708 | lr  0.000354 |acc  15.070%| ms/batch 291.90 | loss 0.3726567 
| epoch  16 |   124/  287 batches | lr_step  4733 | lr  0.000355 |acc  15.328%| ms/batch 292.46 | loss 0.3726021 
| epoch  16 |   149/  287 batches | lr_step  4758 | lr  0.000357 |acc  15.492%| ms/batch 295.53 | loss 0.3693832 
| epoch  16 |   174/  287 batches | lr_step  4783 | lr  0.000359 |acc  15.539%| ms/batch 295.81 | loss 0.3679746 
| epoch  16 |   199/  287 batches | lr_step  4808 | lr  0.000361 |acc  15.383%| ms/batch 292.72 | loss 0.3709470 
| epoch  16 |   224/  287 batches | lr_step  4833 | lr  0.000363 |acc  15.453%| ms/batch 292.70 | loss 0.3679555 
| epoch  16 |   249/  287 batches | lr_step  4858 | lr  0.000365 |acc  14.930%| ms/batch 288.91 | loss 0.3730923 
| epoch  16 |   274/  287 batches | lr_step  4883 | lr  0.000367 |acc  16.547%| ms/batch 289.39 | loss 0.3626147 
Pred: tensor([13, 16, 14, 17, 15, 18, 19, 14,  0,  0]) and tensor([ 6, 21,  8, 10,  7,  9, 12,  0,  0,  0]), tensor([13, 14, 16, 17, 15, 19, 18,  0,  0,  0])
Tar: tensor([[13, 16, 14, 17, 15, 18, 19, 14,  0,  0],
        [ 6, 21,  8, 10,  7,  9, 12,  0,  0,  0],
        [13, 14, 16, 15, 17, 19, 18,  0,  0,  0]])
-----------------------------------------------------------------------------------------
| end of epoch  16 | time: 86.88s | valid acc 52.312%| Best Model from Epoch 15 with 52.362%
-----------------------------------------------------------------------------------------
| epoch  17 |    24/  287 batches | lr_step  4921 | lr  0.000370 |acc  15.859%| ms/batch 289.23 | loss 0.3646703 
| epoch  17 |    49/  287 batches | lr_step  4946 | lr  0.000371 |acc  15.398%| ms/batch 289.60 | loss 0.3662662 
| epoch  17 |    74/  287 batches | lr_step  4971 | lr  0.000373 |acc  15.508%| ms/batch 290.85 | loss 0.3661812 
| epoch  17 |    99/  287 batches | lr_step  4996 | lr  0.000375 |acc  15.555%| ms/batch 293.68 | loss 0.3664672 
| epoch  17 |   124/  287 batches | lr_step  5021 | lr  0.000377 |acc  15.672%| ms/batch 290.20 | loss 0.3641706 
| epoch  17 |   149/  287 batches | lr_step  5046 | lr  0.000379 |acc  15.719%| ms/batch 290.20 | loss 0.3619923 
| epoch  17 |   174/  287 batches | lr_step  5071 | lr  0.000381 |acc  15.703%| ms/batch 304.61 | loss 0.3680151 
| epoch  17 |   199/  287 batches | lr_step  5096 | lr  0.000383 |acc  15.859%| ms/batch 292.22 | loss 0.3645372 
| epoch  17 |   224/  287 batches | lr_step  5121 | lr  0.000385 |acc  16.305%| ms/batch 290.20 | loss 0.3632315 
| epoch  17 |   249/  287 batches | lr_step  5146 | lr  0.000386 |acc  15.602%| ms/batch 290.77 | loss 0.3651685 
| epoch  17 |   274/  287 batches | lr_step  5171 | lr  0.000388 |acc  16.672%| ms/batch 291.22 | loss 0.3612500 
Pred: tensor([15, 16, 17, 14, 13, 19, 18, 15,  0,  0]) and tensor([ 6,  7,  8,  9, 10, 10, 11, 12,  0,  0]), tensor([ 6,  9,  8, 10,  7, 10, 21,  0,  0,  0])
Tar: tensor([[15, 16, 17, 14, 13, 19, 18, 15,  0,  0],
        [ 6,  7,  8, 10,  9, 10, 11, 12,  0,  0],
        [ 9,  6,  8, 10,  7, 10, 21,  0,  0,  0]])
-----------------------------------------------------------------------------------------
| end of epoch  17 | time: 86.84s | valid acc 52.561%| Best Model from Epoch 15 with 52.362%
-----------------------------------------------------------------------------------------
-----------------------------------------------------------------------------------------
-----------------------------------------------------------------------------------------
| end of epoch  17 | time: 86.84s | valid acc 52.561%| 
-----------------------------------------------------------------------------------------
-----------------------------------------------------------------------------------------
| epoch  18 |    24/  287 batches | lr_step  5209 | lr  0.000391 |acc  16.367%| ms/batch 292.22 | loss 0.3604364 
| epoch  18 |    49/  287 batches | lr_step  5234 | lr  0.000393 |acc  16.102%| ms/batch 289.63 | loss 0.3644795 
| epoch  18 |    74/  287 batches | lr_step  5259 | lr  0.000395 |acc  16.289%| ms/batch 289.87 | loss 0.3601126 
| epoch  18 |    99/  287 batches | lr_step  5284 | lr  0.000397 |acc  15.758%| ms/batch 291.27 | loss 0.3629470 
| epoch  18 |   124/  287 batches | lr_step  5309 | lr  0.000399 |acc  15.859%| ms/batch 290.18 | loss 0.3634326 
| epoch  18 |   149/  287 batches | lr_step  5334 | lr  0.000401 |acc  15.891%| ms/batch 288.51 | loss 0.3581665 
| epoch  18 |   174/  287 batches | lr_step  5359 | lr  0.000402 |acc  16.031%| ms/batch 291.82 | loss 0.3600978 
| epoch  18 |   199/  287 batches | lr_step  5384 | lr  0.000404 |acc  16.664%| ms/batch 293.77 | loss 0.3577459 
| epoch  18 |   224/  287 batches | lr_step  5409 | lr  0.000406 |acc  16.867%| ms/batch 290.03 | loss 0.3571652 
| epoch  18 |   249/  287 batches | lr_step  5434 | lr  0.000408 |acc  15.844%| ms/batch 295.57 | loss 0.3608385 
| epoch  18 |   274/  287 batches | lr_step  5459 | lr  0.000410 |acc  15.742%| ms/batch 291.02 | loss 0.3625653 
Pred: tensor([13, 14, 16, 17, 19,  0,  0,  0,  0,  0]) and tensor([13, 16, 17, 14, 15, 19, 18, 14,  0,  0]), tensor([13, 16, 14, 17, 15, 18, 19, 17,  0,  0])
Tar: tensor([[13, 14, 16, 17, 19,  0,  0,  0,  0,  0],
        [13, 16, 17, 14, 15, 19, 14, 18,  0,  0],
        [13, 16, 14, 17, 15, 18, 19, 17,  0,  0]])
-----------------------------------------------------------------------------------------
| end of epoch  18 | time: 86.62s | valid acc 50.423%| Best Model from Epoch 17 with 52.561%
-----------------------------------------------------------------------------------------
| epoch  19 |    24/  287 batches | lr_step  5497 | lr  0.000413 |acc  16.391%| ms/batch 290.90 | loss 0.3587264 
| epoch  19 |    49/  287 batches | lr_step  5522 | lr  0.000415 |acc  16.719%| ms/batch 291.78 | loss 0.3586661 
| epoch  19 |    74/  287 batches | lr_step  5547 | lr  0.000417 |acc  16.367%| ms/batch 291.18 | loss 0.3582661 
| epoch  19 |    99/  287 batches | lr_step  5572 | lr  0.000418 |acc  16.367%| ms/batch 289.24 | loss 0.3542931 
| epoch  19 |   124/  287 batches | lr_step  5597 | lr  0.000420 |acc  16.812%| ms/batch 291.06 | loss 0.3571001 
| epoch  19 |   149/  287 batches | lr_step  5622 | lr  0.000422 |acc  16.172%| ms/batch 290.52 | loss 0.3567489 
| epoch  19 |   174/  287 batches | lr_step  5647 | lr  0.000424 |acc  16.703%| ms/batch 289.87 | loss 0.3548422 
| epoch  19 |   199/  287 batches | lr_step  5672 | lr  0.000426 |acc  17.047%| ms/batch 290.98 | loss 0.3557718 
| epoch  19 |   224/  287 batches | lr_step  5697 | lr  0.000428 |acc  16.227%| ms/batch 291.66 | loss 0.3578272 
| epoch  19 |   249/  287 batches | lr_step  5722 | lr  0.000430 |acc  16.977%| ms/batch 289.87 | loss 0.3548100 
| epoch  19 |   274/  287 batches | lr_step  5747 | lr  0.000432 |acc  16.062%| ms/batch 290.34 | loss 0.3560248 
Pred: tensor([12,  7,  8, 10,  9, 11,  6,  6,  6]) and tensor([13, 19, 15, 16, 17, 18,  0,  0,  0]), tensor([ 6,  8,  7,  9, 10, 12, 11,  0,  0])
Tar: tensor([[12,  7,  8, 10,  9, 11,  6,  6,  6],
        [13, 19, 15, 16, 17, 18,  0,  0,  0],
        [ 6,  8,  7,  9, 10, 12, 11,  0,  0]])
-----------------------------------------------------------------------------------------
| end of epoch  19 | time: 86.57s | valid acc 52.064%| Best Model from Epoch 17 with 52.561%
-----------------------------------------------------------------------------------------
| epoch  20 |    24/  287 batches | lr_step  5785 | lr  0.000434 |acc  15.984%| ms/batch 292.82 | loss 0.3570026 
| epoch  20 |    49/  287 batches | lr_step  5810 | lr  0.000436 |acc  16.195%| ms/batch 290.94 | loss 0.3547714 
| epoch  20 |    74/  287 batches | lr_step  5835 | lr  0.000438 |acc  16.633%| ms/batch 290.18 | loss 0.3534809 
| epoch  20 |    99/  287 batches | lr_step  5860 | lr  0.000440 |acc  16.859%| ms/batch 289.15 | loss 0.3558899 
| epoch  20 |   124/  287 batches | lr_step  5885 | lr  0.000442 |acc  17.055%| ms/batch 290.22 | loss 0.3516160 
| epoch  20 |   149/  287 batches | lr_step  5910 | lr  0.000444 |acc  16.961%| ms/batch 289.03 | loss 0.3558529 
| epoch  20 |   174/  287 batches | lr_step  5935 | lr  0.000446 |acc  16.109%| ms/batch 289.31 | loss 0.3537763 
| epoch  20 |   199/  287 batches | lr_step  5960 | lr  0.000448 |acc  16.820%| ms/batch 289.95 | loss 0.3532856 
| epoch  20 |   224/  287 batches | lr_step  5985 | lr  0.000449 |acc  16.203%| ms/batch 292.50 | loss 0.3508024 
| epoch  20 |   249/  287 batches | lr_step  6010 | lr  0.000451 |acc  16.781%| ms/batch 288.71 | loss 0.3490802 
| epoch  20 |   274/  287 batches | lr_step  6035 | lr  0.000453 |acc  16.695%| ms/batch 290.70 | loss 0.3507821 
Pred: tensor([13, 16, 18, 15, 17, 19, 14,  0,  0,  0]) and tensor([ 6,  7,  9,  8, 12, 10,  0,  0,  0,  0]), tensor([ 6,  8, 10,  7,  9, 11, 12,  6,  6,  8])
Tar: tensor([[13, 18, 16, 15, 17, 14, 19,  0,  0,  0],
        [ 6,  7,  9,  8, 10, 12,  0,  0,  0,  0],
        [ 6,  8, 10,  7,  9, 11, 12,  6,  6,  8]])
-----------------------------------------------------------------------------------------
| end of epoch  20 | time: 86.48s | valid acc 53.008%| Best Model from Epoch 17 with 52.561%
-----------------------------------------------------------------------------------------
-----------------------------------------------------------------------------------------
-----------------------------------------------------------------------------------------
| end of epoch  20 | time: 86.48s | valid acc 53.008%| 
-----------------------------------------------------------------------------------------
-----------------------------------------------------------------------------------------
| epoch  21 |    24/  287 batches | lr_step  6073 | lr  0.000456 |acc  16.875%| ms/batch 291.62 | loss 0.3540259 
| epoch  21 |    49/  287 batches | lr_step  6098 | lr  0.000458 |acc  17.148%| ms/batch 289.83 | loss 0.3509015 
| epoch  21 |    74/  287 batches | lr_step  6123 | lr  0.000460 |acc  17.555%| ms/batch 288.42 | loss 0.3480404 
| epoch  21 |    99/  287 batches | lr_step  6148 | lr  0.000462 |acc  17.484%| ms/batch 290.12 | loss 0.3508455 
| epoch  21 |   124/  287 batches | lr_step  6173 | lr  0.000464 |acc  17.148%| ms/batch 287.58 | loss 0.3505286 
| epoch  21 |   149/  287 batches | lr_step  6198 | lr  0.000465 |acc  16.602%| ms/batch 290.94 | loss 0.3515961 
| epoch  21 |   174/  287 batches | lr_step  6223 | lr  0.000467 |acc  16.859%| ms/batch 292.21 | loss 0.3506162 
| epoch  21 |   199/  287 batches | lr_step  6248 | lr  0.000469 |acc  16.609%| ms/batch 290.15 | loss 0.3494715 
| epoch  21 |   224/  287 batches | lr_step  6273 | lr  0.000471 |acc  17.930%| ms/batch 289.49 | loss 0.3482241 
| epoch  21 |   249/  287 batches | lr_step  6298 | lr  0.000473 |acc  16.359%| ms/batch 290.52 | loss 0.3498009 
| epoch  21 |   274/  287 batches | lr_step  6323 | lr  0.000475 |acc  16.883%| ms/batch 289.55 | loss 0.3498100 
Pred: tensor([ 6,  8, 10,  7,  9, 12, 21,  6,  0]) and tensor([ 7,  9, 12,  6, 11,  0,  0,  0,  0]), tensor([ 6,  8, 10,  7,  9, 12, 11, 10,  0])
Tar: tensor([[ 6,  8, 10,  7,  9, 12, 21,  6,  0],
        [ 7,  9,  6, 12, 11,  0,  0,  0,  0],
        [ 6,  8,  7, 10,  9, 12, 11, 10,  0]])
-----------------------------------------------------------------------------------------
| end of epoch  21 | time: 86.21s | valid acc 52.511%| Best Model from Epoch 20 with 53.008%
-----------------------------------------------------------------------------------------
| epoch  22 |    24/  287 batches | lr_step  6361 | lr  0.000478 |acc  17.422%| ms/batch 290.07 | loss 0.3470274 
| epoch  22 |    49/  287 batches | lr_step  6386 | lr  0.000480 |acc  16.906%| ms/batch 291.38 | loss 0.3513411 
| epoch  22 |    74/  287 batches | lr_step  6411 | lr  0.000480 |acc  17.180%| ms/batch 287.39 | loss 0.3517394 
| epoch  22 |    99/  287 batches | lr_step  6436 | lr  0.000479 |acc  17.258%| ms/batch 288.27 | loss 0.3484484 
| epoch  22 |   124/  287 batches | lr_step  6461 | lr  0.000478 |acc  17.258%| ms/batch 289.41 | loss 0.3458178 
| epoch  22 |   149/  287 batches | lr_step  6486 | lr  0.000477 |acc  17.109%| ms/batch 291.58 | loss 0.3484199 
| epoch  22 |   174/  287 batches | lr_step  6511 | lr  0.000476 |acc  17.578%| ms/batch 293.01 | loss 0.3472797 
| epoch  22 |   199/  287 batches | lr_step  6536 | lr  0.000475 |acc  16.695%| ms/batch 290.52 | loss 0.3479931 
| epoch  22 |   224/  287 batches | lr_step  6561 | lr  0.000474 |acc  17.344%| ms/batch 290.72 | loss 0.3465330 
| epoch  22 |   249/  287 batches | lr_step  6586 | lr  0.000474 |acc  17.227%| ms/batch 295.62 | loss 0.3467071 
| epoch  22 |   274/  287 batches | lr_step  6611 | lr  0.000473 |acc  17.234%| ms/batch 290.43 | loss 0.3437385 
Pred: tensor([11,  8, 10,  7,  9, 12,  7,  0,  0]) and tensor([13, 14, 17, 15, 16, 19, 18,  0,  0]), tensor([ 6,  7,  8, 10,  9, 12, 11,  0,  0])
Tar: tensor([[11,  8, 10,  7,  9, 12,  7,  0,  0],
        [13, 14, 17, 15, 16, 19, 18,  0,  0],
        [ 6,  8,  7, 10,  9, 12, 11,  0,  0]])
-----------------------------------------------------------------------------------------
| end of epoch  22 | time: 86.47s | valid acc 53.108%| Best Model from Epoch 20 with 53.008%
-----------------------------------------------------------------------------------------
-----------------------------------------------------------------------------------------
-----------------------------------------------------------------------------------------
| end of epoch  22 | time: 86.47s | valid acc 53.108%| 
-----------------------------------------------------------------------------------------
-----------------------------------------------------------------------------------------
| epoch  23 |    24/  287 batches | lr_step  6649 | lr  0.000471 |acc  17.688%| ms/batch 288.39 | loss 0.3442479 
| epoch  23 |    49/  287 batches | lr_step  6674 | lr  0.000470 |acc  17.570%| ms/batch 288.11 | loss 0.3468530 
| epoch  23 |    74/  287 batches | lr_step  6699 | lr  0.000470 |acc  17.203%| ms/batch 289.23 | loss 0.3461015 
| epoch  23 |    99/  287 batches | lr_step  6724 | lr  0.000469 |acc  17.812%| ms/batch 291.30 | loss 0.3444793 
| epoch  23 |   124/  287 batches | lr_step  6749 | lr  0.000468 |acc  17.484%| ms/batch 290.74 | loss 0.3482501 
| epoch  23 |   149/  287 batches | lr_step  6774 | lr  0.000467 |acc  17.266%| ms/batch 292.06 | loss 0.3443708 
| epoch  23 |   174/  287 batches | lr_step  6799 | lr  0.000466 |acc  17.461%| ms/batch 290.79 | loss 0.3433849 
| epoch  23 |   199/  287 batches | lr_step  6824 | lr  0.000465 |acc  17.938%| ms/batch 290.50 | loss 0.3440394 
| epoch  23 |   224/  287 batches | lr_step  6849 | lr  0.000464 |acc  17.219%| ms/batch 294.85 | loss 0.3448426 
| epoch  23 |   249/  287 batches | lr_step  6874 | lr  0.000463 |acc  17.750%| ms/batch 292.48 | loss 0.3442781 
| epoch  23 |   274/  287 batches | lr_step  6899 | lr  0.000463 |acc  16.945%| ms/batch 290.26 | loss 0.3437498 
Pred: tensor([ 6,  7, 10,  9, 12, 21,  0,  0,  0,  0]) and tensor([ 6,  8,  9, 10, 11, 12,  6,  0,  0,  0]), tensor([13, 14, 18, 17, 15, 16, 19,  0,  0,  0])
Tar: tensor([[ 6, 10,  7,  9, 12, 21,  0,  0,  0,  0],
        [ 6,  8,  9, 10, 11, 12,  6,  0,  0,  0],
        [13, 14, 18, 17, 15, 16, 19,  0,  0,  0]])
-----------------------------------------------------------------------------------------
| end of epoch  23 | time: 86.63s | valid acc 54.003%| Best Model from Epoch 22 with 53.108%
-----------------------------------------------------------------------------------------
-----------------------------------------------------------------------------------------
-----------------------------------------------------------------------------------------
| end of epoch  23 | time: 86.63s | valid acc 54.003%| 
-----------------------------------------------------------------------------------------
-----------------------------------------------------------------------------------------
| epoch  24 |    24/  287 batches | lr_step  6937 | lr  0.000461 |acc  17.703%| ms/batch 293.85 | loss 0.3446627 
| epoch  24 |    49/  287 batches | lr_step  6962 | lr  0.000461 |acc  17.375%| ms/batch 292.84 | loss 0.3414474 
| epoch  24 |    74/  287 batches | lr_step  6987 | lr  0.000460 |acc  17.266%| ms/batch 292.20 | loss 0.3445772 
| epoch  24 |    99/  287 batches | lr_step  7012 | lr  0.000459 |acc  17.023%| ms/batch 290.81 | loss 0.3460493 
| epoch  24 |   124/  287 batches | lr_step  7037 | lr  0.000458 |acc  17.242%| ms/batch 289.24 | loss 0.3458075 
| epoch  24 |   149/  287 batches | lr_step  7062 | lr  0.000457 |acc  17.406%| ms/batch 290.82 | loss 0.3426892 
| epoch  24 |   174/  287 batches | lr_step  7087 | lr  0.000456 |acc  17.922%| ms/batch 290.03 | loss 0.3397757 
| epoch  24 |   199/  287 batches | lr_step  7112 | lr  0.000456 |acc  18.281%| ms/batch 291.06 | loss 0.3404498 
| epoch  24 |   224/  287 batches | lr_step  7137 | lr  0.000455 |acc  17.883%| ms/batch 289.56 | loss 0.3423387 
| epoch  24 |   249/  287 batches | lr_step  7162 | lr  0.000454 |acc  17.992%| ms/batch 291.79 | loss 0.3437510 
| epoch  24 |   274/  287 batches | lr_step  7187 | lr  0.000453 |acc  17.477%| ms/batch 292.66 | loss 0.3416649 
Pred: tensor([13, 14, 16, 15, 17, 15, 19, 20,  0]) and tensor([ 6,  7,  9, 12, 10, 11,  8,  0,  0]), tensor([13, 16, 17, 14, 18, 19,  0,  0,  0])
Tar: tensor([[13, 14, 15, 16, 17, 15, 19, 20,  0],
        [ 6,  7,  9, 12, 10, 11,  8,  0,  0],
        [13, 16, 17, 14, 18, 19,  0,  0,  0]])
-----------------------------------------------------------------------------------------
| end of epoch  24 | time: 86.71s | valid acc 52.660%| Best Model from Epoch 23 with 54.003%
-----------------------------------------------------------------------------------------
| epoch  25 |    24/  287 batches | lr_step  7225 | lr  0.000452 |acc  17.609%| ms/batch 289.86 | loss 0.3422438 
| epoch  25 |    49/  287 batches | lr_step  7250 | lr  0.000451 |acc  18.281%| ms/batch 289.99 | loss 0.3374030 
| epoch  25 |    74/  287 batches | lr_step  7275 | lr  0.000451 |acc  17.594%| ms/batch 289.80 | loss 0.3434046 
| epoch  25 |    99/  287 batches | lr_step  7300 | lr  0.000450 |acc  17.617%| ms/batch 288.39 | loss 0.3413902 
| epoch  25 |   124/  287 batches | lr_step  7325 | lr  0.000449 |acc  18.039%| ms/batch 288.91 | loss 0.3409154 
| epoch  25 |   149/  287 batches | lr_step  7350 | lr  0.000448 |acc  17.719%| ms/batch 290.55 | loss 0.3391769 
| epoch  25 |   174/  287 batches | lr_step  7375 | lr  0.000447 |acc  17.867%| ms/batch 289.56 | loss 0.3399004 
| epoch  25 |   199/  287 batches | lr_step  7400 | lr  0.000447 |acc  18.078%| ms/batch 290.84 | loss 0.3397858 
| epoch  25 |   224/  287 batches | lr_step  7425 | lr  0.000446 |acc  18.180%| ms/batch 290.35 | loss 0.3398255 
| epoch  25 |   249/  287 batches | lr_step  7450 | lr  0.000445 |acc  17.805%| ms/batch 288.27 | loss 0.3386538 
| epoch  25 |   274/  287 batches | lr_step  7475 | lr  0.000444 |acc  17.914%| ms/batch 289.98 | loss 0.3416287 
Pred: tensor([ 6,  8,  7,  9, 10, 11, 12,  0,  0,  0]) and tensor([13, 14, 15, 17, 16, 19, 20,  0,  0,  0]), tensor([13, 16, 14, 15, 17, 18, 19,  0,  0,  0])
Tar: tensor([[ 6,  7,  8, 10,  9, 11, 12,  0,  0,  0],
        [13, 14, 15, 17, 16, 19, 20,  0,  0,  0],
        [13, 16, 14, 15, 17, 18, 19,  0,  0,  0]])
-----------------------------------------------------------------------------------------
| end of epoch  25 | time: 86.22s | valid acc 53.854%| Best Model from Epoch 23 with 54.003%
-----------------------------------------------------------------------------------------
| epoch  26 |    24/  287 batches | lr_step  7513 | lr  0.000443 |acc  17.617%| ms/batch 291.10 | loss 0.3412862 
| epoch  26 |    49/  287 batches | lr_step  7538 | lr  0.000443 |acc  18.219%| ms/batch 290.22 | loss 0.3413230 
| epoch  26 |    74/  287 batches | lr_step  7563 | lr  0.000442 |acc  18.000%| ms/batch 289.95 | loss 0.3393305 
| epoch  26 |    99/  287 batches | lr_step  7588 | lr  0.000441 |acc  17.594%| ms/batch 291.66 | loss 0.3397533 
| epoch  26 |   124/  287 batches | lr_step  7613 | lr  0.000440 |acc  18.039%| ms/batch 289.91 | loss 0.3370892 
| epoch  26 |   149/  287 batches | lr_step  7638 | lr  0.000440 |acc  17.930%| ms/batch 292.10 | loss 0.3387452 
| epoch  26 |   174/  287 batches | lr_step  7663 | lr  0.000439 |acc  18.125%| ms/batch 291.87 | loss 0.3379914 
| epoch  26 |   199/  287 batches | lr_step  7688 | lr  0.000438 |acc  17.852%| ms/batch 292.83 | loss 0.3384826 
| epoch  26 |   224/  287 batches | lr_step  7713 | lr  0.000438 |acc  18.539%| ms/batch 290.70 | loss 0.3375795 
| epoch  26 |   249/  287 batches | lr_step  7738 | lr  0.000437 |acc  17.461%| ms/batch 288.07 | loss 0.3434088 
| epoch  26 |   274/  287 batches | lr_step  7763 | lr  0.000436 |acc  18.094%| ms/batch 289.55 | loss 0.3354951 
Pred: tensor([ 6,  8, 12,  8,  9,  7,  0,  0,  0,  0]) and tensor([13, 14, 15, 17, 16, 18, 19, 16,  0,  0]), tensor([13, 18, 15, 16, 17, 19, 14,  0,  0,  0])
Tar: tensor([[ 6,  8, 12,  8,  9,  7,  0,  0,  0,  0],
        [13, 14, 15, 16, 17, 18, 19, 16,  0,  0],
        [13, 18, 15, 16, 17, 19, 14,  0,  0,  0]])
-----------------------------------------------------------------------------------------
| end of epoch  26 | time: 86.59s | valid acc 54.202%| Best Model from Epoch 23 with 54.003%
-----------------------------------------------------------------------------------------
-----------------------------------------------------------------------------------------
-----------------------------------------------------------------------------------------
| end of epoch  26 | time: 86.59s | valid acc 54.202%| 
-----------------------------------------------------------------------------------------
-----------------------------------------------------------------------------------------
| epoch  27 |    24/  287 batches | lr_step  7801 | lr  0.000435 |acc  17.391%| ms/batch 289.31 | loss 0.3402827 
| epoch  27 |    49/  287 batches | lr_step  7826 | lr  0.000434 |acc  18.172%| ms/batch 289.23 | loss 0.3356690 
| epoch  27 |    74/  287 batches | lr_step  7851 | lr  0.000434 |acc  17.938%| ms/batch 290.58 | loss 0.3369749 
| epoch  27 |    99/  287 batches | lr_step  7876 | lr  0.000433 |acc  18.125%| ms/batch 292.54 | loss 0.3349025 
| epoch  27 |   124/  287 batches | lr_step  7901 | lr  0.000432 |acc  17.750%| ms/batch 290.99 | loss 0.3359963 
| epoch  27 |   149/  287 batches | lr_step  7926 | lr  0.000432 |acc  18.047%| ms/batch 293.83 | loss 0.3377844 
| epoch  27 |   174/  287 batches | lr_step  7951 | lr  0.000431 |acc  18.602%| ms/batch 291.34 | loss 0.3363084 
| epoch  27 |   199/  287 batches | lr_step  7976 | lr  0.000430 |acc  17.867%| ms/batch 289.27 | loss 0.3375337 
| epoch  27 |   224/  287 batches | lr_step  8001 | lr  0.000430 |acc  18.109%| ms/batch 290.11 | loss 0.3369796 
| epoch  27 |   249/  287 batches | lr_step  8026 | lr  0.000429 |acc  18.180%| ms/batch 289.39 | loss 0.3381147 
| epoch  27 |   274/  287 batches | lr_step  8051 | lr  0.000428 |acc  18.703%| ms/batch 291.23 | loss 0.3321519 
Pred: tensor([12,  8,  7, 10,  9, 21,  0,  0,  0]) and tensor([13, 14, 16, 17, 15, 19, 18, 13,  0]), tensor([ 6, 12,  9,  8, 10, 21,  0,  0,  0])
Tar: tensor([[12,  8, 10,  7,  9, 21,  0,  0,  0],
        [13, 14, 15, 16, 17, 18, 19, 13,  0],
        [ 6, 12,  9,  8, 10, 21,  0,  0,  0]])
-----------------------------------------------------------------------------------------
| end of epoch  27 | time: 86.51s | valid acc 51.765%| Best Model from Epoch 26 with 54.202%
-----------------------------------------------------------------------------------------
| epoch  28 |    24/  287 batches | lr_step  8089 | lr  0.000427 |acc  18.656%| ms/batch 290.94 | loss 0.3347686 
| epoch  28 |    49/  287 batches | lr_step  8114 | lr  0.000427 |acc  18.773%| ms/batch 290.91 | loss 0.3340192 
| epoch  28 |    74/  287 batches | lr_step  8139 | lr  0.000426 |acc  17.492%| ms/batch 289.71 | loss 0.3383228 
| epoch  28 |    99/  287 batches | lr_step  8164 | lr  0.000425 |acc  17.828%| ms/batch 289.67 | loss 0.3358105 
| epoch  28 |   124/  287 batches | lr_step  8189 | lr  0.000425 |acc  18.219%| ms/batch 291.98 | loss 0.3339619 
| epoch  28 |   149/  287 batches | lr_step  8214 | lr  0.000424 |acc  18.727%| ms/batch 287.67 | loss 0.3356926 
| epoch  28 |   174/  287 batches | lr_step  8239 | lr  0.000423 |acc  17.852%| ms/batch 291.08 | loss 0.3361207 
| epoch  28 |   199/  287 batches | lr_step  8264 | lr  0.000423 |acc  17.836%| ms/batch 289.40 | loss 0.3360709 
| epoch  28 |   224/  287 batches | lr_step  8289 | lr  0.000422 |acc  18.281%| ms/batch 288.32 | loss 0.3334993 
| epoch  28 |   249/  287 batches | lr_step  8314 | lr  0.000421 |acc  18.391%| ms/batch 288.55 | loss 0.3345903 
| epoch  28 |   274/  287 batches | lr_step  8339 | lr  0.000421 |acc  18.531%| ms/batch 288.55 | loss 0.3321267 
Pred: tensor([ 6, 11,  7, 10, 12,  8,  0,  0,  0,  0]) and tensor([13, 16, 17, 14, 15, 19, 18, 16,  0,  0]), tensor([ 6,  8,  7,  9, 10, 12, 11,  8,  0,  0])
Tar: tensor([[ 6, 11,  7, 10, 12,  8,  0,  0,  0,  0],
        [13, 16, 17, 14, 15, 18, 19, 16,  0,  0],
        [ 6,  8,  7,  9, 10,  8, 11, 12,  0,  0]])
-----------------------------------------------------------------------------------------
| end of epoch  28 | time: 86.38s | valid acc 51.666%| Best Model from Epoch 26 with 54.202%
-----------------------------------------------------------------------------------------
| epoch  29 |    24/  287 batches | lr_step  8377 | lr  0.000420 |acc  18.219%| ms/batch 299.59 | loss 0.3343188 
| epoch  29 |    49/  287 batches | lr_step  8402 | lr  0.000419 |acc  18.344%| ms/batch 295.27 | loss 0.3367484 
| epoch  29 |    74/  287 batches | lr_step  8427 | lr  0.000419 |acc  18.641%| ms/batch 291.03 | loss 0.3326653 
| epoch  29 |    99/  287 batches | lr_step  8452 | lr  0.000418 |acc  18.008%| ms/batch 289.84 | loss 0.3326275 
| epoch  29 |   124/  287 batches | lr_step  8477 | lr  0.000417 |acc  18.016%| ms/batch 295.29 | loss 0.3357316 
| epoch  29 |   149/  287 batches | lr_step  8502 | lr  0.000417 |acc  18.797%| ms/batch 289.29 | loss 0.3334619 
| epoch  29 |   174/  287 batches | lr_step  8527 | lr  0.000416 |acc  18.508%| ms/batch 290.84 | loss 0.3321392 
| epoch  29 |   199/  287 batches | lr_step  8552 | lr  0.000416 |acc  18.641%| ms/batch 290.78 | loss 0.3300099 
| epoch  29 |   224/  287 batches | lr_step  8577 | lr  0.000415 |acc  18.227%| ms/batch 290.66 | loss 0.3329817 
| epoch  29 |   249/  287 batches | lr_step  8602 | lr  0.000414 |acc  18.812%| ms/batch 290.21 | loss 0.3310520 
| epoch  29 |   274/  287 batches | lr_step  8627 | lr  0.000414 |acc  18.391%| ms/batch 289.88 | loss 0.3361108 
Pred: tensor([ 6,  7,  9,  8, 10, 12,  0,  0,  0,  0]) and tensor([ 8, 10,  7,  9,  6, 12, 11,  0,  0,  0]), tensor([ 9,  8,  7, 10,  6, 11, 12,  0,  0,  0])
Tar: tensor([[ 6,  7,  9,  8, 10, 12,  0,  0,  0,  0],
        [ 8, 10,  7,  9,  6, 12, 11,  0,  0,  0],
        [ 9,  8,  7, 10,  6, 11, 12,  0,  0,  0]])
-----------------------------------------------------------------------------------------
| end of epoch  29 | time: 86.77s | valid acc 52.959%| Best Model from Epoch 26 with 54.202%
-----------------------------------------------------------------------------------------
| epoch  30 |    24/  287 batches | lr_step  8665 | lr  0.000413 |acc  18.508%| ms/batch 287.84 | loss 0.3340937 
| epoch  30 |    49/  287 batches | lr_step  8690 | lr  0.000412 |acc  18.070%| ms/batch 288.20 | loss 0.3326705 
| epoch  30 |    74/  287 batches | lr_step  8715 | lr  0.000412 |acc  18.477%| ms/batch 292.54 | loss 0.3343552 
| epoch  30 |    99/  287 batches | lr_step  8740 | lr  0.000411 |acc  18.648%| ms/batch 293.28 | loss 0.3318628 
| epoch  30 |   124/  287 batches | lr_step  8765 | lr  0.000410 |acc  18.305%| ms/batch 297.05 | loss 0.3352727 
| epoch  30 |   149/  287 batches | lr_step  8790 | lr  0.000410 |acc  18.195%| ms/batch 289.08 | loss 0.3330347 
| epoch  30 |   174/  287 batches | lr_step  8815 | lr  0.000409 |acc  18.875%| ms/batch 289.59 | loss 0.3355351 
| epoch  30 |   199/  287 batches | lr_step  8840 | lr  0.000409 |acc  18.680%| ms/batch 288.91 | loss 0.3328374 
| epoch  30 |   224/  287 batches | lr_step  8865 | lr  0.000408 |acc  18.930%| ms/batch 288.90 | loss 0.3286579 
| epoch  30 |   249/  287 batches | lr_step  8890 | lr  0.000408 |acc  18.656%| ms/batch 290.08 | loss 0.3306044 
| epoch  30 |   274/  287 batches | lr_step  8915 | lr  0.000407 |acc  19.062%| ms/batch 289.91 | loss 0.3276195 
Pred: tensor([13, 15, 16, 17, 20,  0,  0,  0,  0]) and tensor([ 6,  7, 11, 10,  8, 12,  8,  9,  0]), tensor([13, 16, 14, 15, 17, 19, 18, 13,  0])
Tar: tensor([[13, 15, 16, 17, 20,  0,  0,  0,  0],
        [ 6,  7, 11,  8, 10, 12,  9,  8,  0],
        [13, 16, 14, 15, 17, 19, 18, 13,  0]])
-----------------------------------------------------------------------------------------
| end of epoch  30 | time: 86.21s | valid acc 53.854%| Best Model from Epoch 26 with 54.202%
-----------------------------------------------------------------------------------------
| epoch  31 |    24/  287 batches | lr_step  8953 | lr  0.000406 |acc  18.508%| ms/batch 289.31 | loss 0.3314247 
| epoch  31 |    49/  287 batches | lr_step  8978 | lr  0.000406 |acc  18.562%| ms/batch 290.54 | loss 0.3303651 
| epoch  31 |    74/  287 batches | lr_step  9003 | lr  0.000405 |acc  18.492%| ms/batch 290.09 | loss 0.3318736 
| epoch  31 |    99/  287 batches | lr_step  9028 | lr  0.000404 |acc  18.953%| ms/batch 287.07 | loss 0.3315908 
| epoch  31 |   124/  287 batches | lr_step  9053 | lr  0.000404 |acc  18.836%| ms/batch 290.46 | loss 0.3285734 
| epoch  31 |   149/  287 batches | lr_step  9078 | lr  0.000403 |acc  18.289%| ms/batch 292.14 | loss 0.3313640 
| epoch  31 |   174/  287 batches | lr_step  9103 | lr  0.000403 |acc  18.969%| ms/batch 296.91 | loss 0.3331718 
| epoch  31 |   199/  287 batches | lr_step  9128 | lr  0.000402 |acc  18.180%| ms/batch 288.33 | loss 0.3353994 
| epoch  31 |   224/  287 batches | lr_step  9153 | lr  0.000402 |acc  18.719%| ms/batch 290.92 | loss 0.3287416 
| epoch  31 |   249/  287 batches | lr_step  9178 | lr  0.000401 |acc  18.633%| ms/batch 288.41 | loss 0.3299113 
| epoch  31 |   274/  287 batches | lr_step  9203 | lr  0.000401 |acc  18.742%| ms/batch 289.55 | loss 0.3280930 
Pred: tensor([ 6, 12,  9,  8, 10, 21,  0,  0,  0]) and tensor([ 6,  7,  9,  8, 10, 12, 21,  0,  0]), tensor([ 9,  7, 10,  6, 12, 21,  0,  0,  0])
Tar: tensor([[ 6, 12,  9,  8, 10, 21,  0,  0,  0],
        [ 6,  7,  9,  8, 10, 12, 21,  0,  0],
        [ 9,  7, 10,  6, 12, 21,  0,  0,  0]])
-----------------------------------------------------------------------------------------
| end of epoch  31 | time: 86.41s | valid acc 52.859%| Best Model from Epoch 26 with 54.202%
-----------------------------------------------------------------------------------------
| epoch  32 |    24/  287 batches | lr_step  9241 | lr  0.000400 |acc  19.078%| ms/batch 288.79 | loss 0.3269885 
| epoch  32 |    49/  287 batches | lr_step  9266 | lr  0.000399 |acc  18.711%| ms/batch 289.59 | loss 0.3345853 
| epoch  32 |    74/  287 batches | lr_step  9291 | lr  0.000399 |acc  18.633%| ms/batch 288.55 | loss 0.3278596 
| epoch  32 |    99/  287 batches | lr_step  9316 | lr  0.000398 |acc  18.672%| ms/batch 290.58 | loss 0.3317379 
| epoch  32 |   124/  287 batches | lr_step  9341 | lr  0.000398 |acc  19.117%| ms/batch 289.99 | loss 0.3278199 
| epoch  32 |   149/  287 batches | lr_step  9366 | lr  0.000397 |acc  18.234%| ms/batch 290.09 | loss 0.3300246 
| epoch  32 |   174/  287 batches | lr_step  9391 | lr  0.000397 |acc  18.164%| ms/batch 292.78 | loss 0.3284366 
| epoch  32 |   199/  287 batches | lr_step  9416 | lr  0.000396 |acc  18.719%| ms/batch 289.70 | loss 0.3299040 
| epoch  32 |   224/  287 batches | lr_step  9441 | lr  0.000395 |acc  18.305%| ms/batch 286.24 | loss 0.3319477 
| epoch  32 |   249/  287 batches | lr_step  9466 | lr  0.000395 |acc  18.172%| ms/batch 289.71 | loss 0.3289427 
| epoch  32 |   274/  287 batches | lr_step  9491 | lr  0.000394 |acc  19.039%| ms/batch 290.30 | loss 0.3258035 
Pred: tensor([ 6, 10, 10,  7,  6,  8, 12, 11,  9]) and tensor([13, 14, 18, 16, 17, 15, 19, 16,  0]), tensor([17, 16, 14, 15, 13, 19, 20,  0,  0])
Tar: tensor([[ 6, 10, 10,  7,  6,  8, 12, 11,  9],
        [13, 18, 14, 16, 17, 15, 16, 19,  0],
        [17, 16, 14, 15, 13, 19, 20,  0,  0]])
-----------------------------------------------------------------------------------------
| end of epoch  32 | time: 86.26s | valid acc 53.207%| Best Model from Epoch 26 with 54.202%
-----------------------------------------------------------------------------------------
| epoch  33 |    24/  287 batches | lr_step  9529 | lr  0.000394 |acc  19.172%| ms/batch 289.35 | loss 0.3277495 
| epoch  33 |    49/  287 batches | lr_step  9554 | lr  0.000393 |acc  18.680%| ms/batch 292.30 | loss 0.3265786 
| epoch  33 |    74/  287 batches | lr_step  9579 | lr  0.000393 |acc  18.648%| ms/batch 291.58 | loss 0.3290047 
| epoch  33 |    99/  287 batches | lr_step  9604 | lr  0.000392 |acc  18.516%| ms/batch 289.75 | loss 0.3298110 
| epoch  33 |   124/  287 batches | lr_step  9629 | lr  0.000392 |acc  19.102%| ms/batch 289.55 | loss 0.3298375 
| epoch  33 |   149/  287 batches | lr_step  9654 | lr  0.000391 |acc  18.992%| ms/batch 289.23 | loss 0.3288235 
| epoch  33 |   174/  287 batches | lr_step  9679 | lr  0.000391 |acc  18.359%| ms/batch 291.22 | loss 0.3305008 
| epoch  33 |   199/  287 batches | lr_step  9704 | lr  0.000390 |acc  19.039%| ms/batch 290.03 | loss 0.3304955 
| epoch  33 |   224/  287 batches | lr_step  9729 | lr  0.000390 |acc  18.664%| ms/batch 287.39 | loss 0.3280106 
| epoch  33 |   249/  287 batches | lr_step  9754 | lr  0.000389 |acc  18.875%| ms/batch 288.27 | loss 0.3260365 
| epoch  33 |   274/  287 batches | lr_step  9779 | lr  0.000389 |acc  19.141%| ms/batch 288.71 | loss 0.3280823 
Pred: tensor([ 6,  7,  9,  8, 10,  9, 21,  0,  0]) and tensor([ 6, 11,  7,  8, 10,  9, 12,  0,  0]), tensor([ 6, 10,  7,  9,  8, 12, 11,  0,  0])
Tar: tensor([[ 6,  7,  9,  8, 10,  9, 21,  0,  0],
        [ 6, 11,  7,  8, 10,  9, 12,  0,  0],
        [ 6, 10,  7,  9,  8, 11, 12,  0,  0]])
-----------------------------------------------------------------------------------------
| end of epoch  33 | time: 86.30s | valid acc 51.815%| Best Model from Epoch 26 with 54.202%
-----------------------------------------------------------------------------------------
| epoch  34 |    24/  287 batches | lr_step  9817 | lr  0.000388 |acc  18.469%| ms/batch 288.85 | loss 0.3275428 
| epoch  34 |    49/  287 batches | lr_step  9842 | lr  0.000387 |acc  18.617%| ms/batch 288.63 | loss 0.3265404 
| epoch  34 |    74/  287 batches | lr_step  9867 | lr  0.000387 |acc  19.148%| ms/batch 287.78 | loss 0.3239448 
| epoch  34 |    99/  287 batches | lr_step  9892 | lr  0.000386 |acc  18.609%| ms/batch 289.76 | loss 0.3294494 
| epoch  34 |   124/  287 batches | lr_step  9917 | lr  0.000386 |acc  18.867%| ms/batch 289.99 | loss 0.3298453 
| epoch  34 |   149/  287 batches | lr_step  9942 | lr  0.000385 |acc  19.328%| ms/batch 293.53 | loss 0.3263906 
| epoch  34 |   174/  287 batches | lr_step  9967 | lr  0.000385 |acc  19.547%| ms/batch 289.43 | loss 0.3240953 
| epoch  34 |   199/  287 batches | lr_step  9992 | lr  0.000384 |acc  18.906%| ms/batch 291.47 | loss 0.3291120 
| epoch  34 |   224/  287 batches | lr_step  10017 | lr  0.000384 |acc  19.484%| ms/batch 287.48 | loss 0.3255123 
| epoch  34 |   249/  287 batches | lr_step  10042 | lr  0.000383 |acc  18.766%| ms/batch 289.67 | loss 0.3282749 
| epoch  34 |   274/  287 batches | lr_step  10067 | lr  0.000383 |acc  18.672%| ms/batch 287.19 | loss 0.3280097 
Pred: tensor([13, 16, 17, 15, 18, 19,  0,  0,  0,  0]) and tensor([ 6,  8, 10,  7,  9, 12,  0,  0,  0,  0]), tensor([13, 14, 15, 17, 19, 18,  0,  0,  0,  0])
Tar: tensor([[13, 16, 17, 15, 18, 19,  0,  0,  0,  0],
        [ 6,  8, 10,  7,  9, 12,  0,  0,  0,  0],
        [13, 14, 15, 17, 18, 19,  0,  0,  0,  0]])
-----------------------------------------------------------------------------------------
| end of epoch  34 | time: 86.25s | valid acc 52.561%| Best Model from Epoch 26 with 54.202%
-----------------------------------------------------------------------------------------
| epoch  35 |    24/  287 batches | lr_step  10105 | lr  0.000382 |acc  18.820%| ms/batch 289.83 | loss 0.3275356 
| epoch  35 |    49/  287 batches | lr_step  10130 | lr  0.000382 |acc  18.789%| ms/batch 289.23 | loss 0.3285470 
| epoch  35 |    74/  287 batches | lr_step  10155 | lr  0.000381 |acc  19.562%| ms/batch 289.34 | loss 0.3235942 
| epoch  35 |    99/  287 batches | lr_step  10180 | lr  0.000381 |acc  19.336%| ms/batch 289.23 | loss 0.3262949 
| epoch  35 |   124/  287 batches | lr_step  10205 | lr  0.000380 |acc  18.953%| ms/batch 289.22 | loss 0.3282088 
| epoch  35 |   149/  287 batches | lr_step  10230 | lr  0.000380 |acc  18.695%| ms/batch 288.25 | loss 0.3290927 
| epoch  35 |   174/  287 batches | lr_step  10255 | lr  0.000379 |acc  19.273%| ms/batch 290.63 | loss 0.3252186 
| epoch  35 |   199/  287 batches | lr_step  10280 | lr  0.000379 |acc  18.867%| ms/batch 289.46 | loss 0.3264400 
| epoch  35 |   224/  287 batches | lr_step  10305 | lr  0.000379 |acc  18.508%| ms/batch 288.55 | loss 0.3309501 
| epoch  35 |   249/  287 batches | lr_step  10330 | lr  0.000378 |acc  19.953%| ms/batch 291.10 | loss 0.3221589 
| epoch  35 |   274/  287 batches | lr_step  10355 | lr  0.000378 |acc  18.812%| ms/batch 290.65 | loss 0.3285552 
Pred: tensor([ 6,  7,  9, 10, 11, 12,  0,  0,  0]) and tensor([13, 16, 17, 14, 15, 18, 19,  0,  0]), tensor([13, 17, 14, 16, 15, 18, 19,  0,  0])
Tar: tensor([[ 6,  7,  9, 10, 11, 12,  0,  0,  0],
        [13, 16, 17, 14, 15, 18, 19,  0,  0],
        [13, 17, 14, 16, 15, 18, 19,  0,  0]])
-----------------------------------------------------------------------------------------
| end of epoch  35 | time: 86.21s | valid acc 52.511%| Best Model from Epoch 26 with 54.202%
-----------------------------------------------------------------------------------------
| epoch  36 |    24/  287 batches | lr_step  10393 | lr  0.000377 |acc  18.789%| ms/batch 290.60 | loss 0.3274510 
| epoch  36 |    49/  287 batches | lr_step  10418 | lr  0.000376 |acc  19.820%| ms/batch 296.01 | loss 0.3241977 
| epoch  36 |    74/  287 batches | lr_step  10443 | lr  0.000376 |acc  19.266%| ms/batch 288.94 | loss 0.3254709 
| epoch  36 |    99/  287 batches | lr_step  10468 | lr  0.000376 |acc  19.797%| ms/batch 289.74 | loss 0.3218991 
| epoch  36 |   124/  287 batches | lr_step  10493 | lr  0.000375 |acc  18.867%| ms/batch 287.59 | loss 0.3265441 
| epoch  36 |   149/  287 batches | lr_step  10518 | lr  0.000375 |acc  19.031%| ms/batch 288.75 | loss 0.3278333 
| epoch  36 |   174/  287 batches | lr_step  10543 | lr  0.000374 |acc  19.117%| ms/batch 290.22 | loss 0.3233771 
| epoch  36 |   199/  287 batches | lr_step  10568 | lr  0.000374 |acc  19.430%| ms/batch 288.87 | loss 0.3254636 
| epoch  36 |   224/  287 batches | lr_step  10593 | lr  0.000373 |acc  19.055%| ms/batch 290.10 | loss 0.3274898 
| epoch  36 |   249/  287 batches | lr_step  10618 | lr  0.000373 |acc  18.484%| ms/batch 286.83 | loss 0.3248745 
| epoch  36 |   274/  287 batches | lr_step  10643 | lr  0.000372 |acc  18.617%| ms/batch 288.51 | loss 0.3258127 
Pred: tensor([ 6,  8,  7,  9, 12, 11, 10,  0,  0,  0]) and tensor([ 6,  8, 11, 10,  9,  7, 12,  0,  0,  0]), tensor([ 6,  8,  7,  9, 10, 11, 12,  7,  0,  0])
Tar: tensor([[ 6,  8,  7, 12,  9, 11, 10,  0,  0,  0],
        [ 6,  8, 11,  7,  9, 10, 12,  0,  0,  0],
        [ 6,  8,  7,  9, 10, 11, 12,  7,  0,  0]])
-----------------------------------------------------------------------------------------
| end of epoch  36 | time: 86.25s | valid acc 52.561%| Best Model from Epoch 26 with 54.202%
-----------------------------------------------------------------------------------------
| epoch  37 |    24/  287 batches | lr_step  10681 | lr  0.000372 |acc  18.984%| ms/batch 289.84 | loss 0.3241410 
| epoch  37 |    49/  287 batches | lr_step  10706 | lr  0.000371 |acc  19.117%| ms/batch 290.00 | loss 0.3262948 
| epoch  37 |    74/  287 batches | lr_step  10731 | lr  0.000371 |acc  19.461%| ms/batch 289.42 | loss 0.3232730 
| epoch  37 |    99/  287 batches | lr_step  10756 | lr  0.000371 |acc  18.812%| ms/batch 289.79 | loss 0.3253434 
| epoch  37 |   124/  287 batches | lr_step  10781 | lr  0.000370 |acc  19.305%| ms/batch 289.76 | loss 0.3255501 
| epoch  37 |   149/  287 batches | lr_step  10806 | lr  0.000370 |acc  18.836%| ms/batch 288.51 | loss 0.3280595 
| epoch  37 |   174/  287 batches | lr_step  10831 | lr  0.000369 |acc  19.617%| ms/batch 289.03 | loss 0.3210002 
| epoch  37 |   199/  287 batches | lr_step  10856 | lr  0.000369 |acc  19.172%| ms/batch 288.39 | loss 0.3263984 
| epoch  37 |   224/  287 batches | lr_step  10881 | lr  0.000368 |acc  19.031%| ms/batch 289.23 | loss 0.3238469 
| epoch  37 |   249/  287 batches | lr_step  10906 | lr  0.000368 |acc  19.172%| ms/batch 288.36 | loss 0.3241725 
| epoch  37 |   274/  287 batches | lr_step  10931 | lr  0.000368 |acc  19.367%| ms/batch 289.83 | loss 0.3233870 
Pred: tensor([ 6,  7,  9,  8, 10, 12, 11,  6,  0]) and tensor([13, 15, 16, 17, 14, 18, 19,  0,  0]), tensor([13, 14, 16, 17, 15, 18,  0,  0,  0])
Tar: tensor([[ 6,  7,  8,  9, 10, 12, 11,  6,  0],
        [13, 15, 16, 17, 14, 18, 19,  0,  0],
        [13, 14, 16, 15, 17, 18,  0,  0,  0]])
-----------------------------------------------------------------------------------------
| end of epoch  37 | time: 86.08s | valid acc 51.119%| Best Model from Epoch 26 with 54.202%
-----------------------------------------------------------------------------------------
| epoch  38 |    24/  287 batches | lr_step  10969 | lr  0.000367 |acc  19.188%| ms/batch 289.99 | loss 0.3251137 
| epoch  38 |    49/  287 batches | lr_step  10994 | lr  0.000367 |acc  19.242%| ms/batch 291.31 | loss 0.3226550 
| epoch  38 |    74/  287 batches | lr_step  11019 | lr  0.000366 |acc  19.398%| ms/batch 288.43 | loss 0.3221306 
| epoch  38 |    99/  287 batches | lr_step  11044 | lr  0.000366 |acc  19.172%| ms/batch 288.39 | loss 0.3236187 
| epoch  38 |   124/  287 batches | lr_step  11069 | lr  0.000365 |acc  19.172%| ms/batch 290.31 | loss 0.3253151 
| epoch  38 |   149/  287 batches | lr_step  11094 | lr  0.000365 |acc  19.047%| ms/batch 288.91 | loss 0.3234005 
| epoch  38 |   174/  287 batches | lr_step  11119 | lr  0.000364 |acc  19.016%| ms/batch 291.08 | loss 0.3240664 
| epoch  38 |   199/  287 batches | lr_step  11144 | lr  0.000364 |acc  19.336%| ms/batch 289.99 | loss 0.3246098 
| epoch  38 |   224/  287 batches | lr_step  11169 | lr  0.000364 |acc  18.992%| ms/batch 290.26 | loss 0.3242841 
| epoch  38 |   249/  287 batches | lr_step  11194 | lr  0.000363 |acc  19.312%| ms/batch 290.48 | loss 0.3231427 
| epoch  38 |   274/  287 batches | lr_step  11219 | lr  0.000363 |acc  19.375%| ms/batch 289.72 | loss 0.3212000 
Pred: tensor([13, 16, 17, 14, 15, 19, 20,  0,  0]) and tensor([ 6,  9,  8, 10, 11,  7, 12,  7,  0]), tensor([ 6,  7,  9,  8, 10,  9, 12, 21,  0])
Tar: tensor([[13, 16, 17, 14, 15, 19, 20,  0,  0],
        [ 6,  9,  8, 10, 11,  7,  7, 12,  0],
        [ 6,  7,  9,  8, 10,  9, 12, 21,  0]])
-----------------------------------------------------------------------------------------
| end of epoch  38 | time: 86.21s | valid acc 52.909%| Best Model from Epoch 26 with 54.202%
-----------------------------------------------------------------------------------------
| epoch  39 |    24/  287 batches | lr_step  11257 | lr  0.000362 |acc  19.461%| ms/batch 289.31 | loss 0.3221569 
| epoch  39 |    49/  287 batches | lr_step  11282 | lr  0.000362 |acc  18.891%| ms/batch 287.75 | loss 0.3245633 
| epoch  39 |    74/  287 batches | lr_step  11307 | lr  0.000361 |acc  19.117%| ms/batch 288.63 | loss 0.3236786 
| epoch  39 |    99/  287 batches | lr_step  11332 | lr  0.000361 |acc  18.820%| ms/batch 287.37 | loss 0.3246002 
| epoch  39 |   124/  287 batches | lr_step  11357 | lr  0.000361 |acc  19.281%| ms/batch 288.55 | loss 0.3232225 
| epoch  39 |   149/  287 batches | lr_step  11382 | lr  0.000360 |acc  19.094%| ms/batch 291.78 | loss 0.3237119 
| epoch  39 |   174/  287 batches | lr_step  11407 | lr  0.000360 |acc  19.531%| ms/batch 287.60 | loss 0.3219334 
| epoch  39 |   199/  287 batches | lr_step  11432 | lr  0.000359 |acc  19.414%| ms/batch 289.59 | loss 0.3234044 
| epoch  39 |   224/  287 batches | lr_step  11457 | lr  0.000359 |acc  19.703%| ms/batch 288.25 | loss 0.3199895 
| epoch  39 |   249/  287 batches | lr_step  11482 | lr  0.000359 |acc  18.859%| ms/batch 288.00 | loss 0.3272017 
| epoch  39 |   274/  287 batches | lr_step  11507 | lr  0.000358 |acc  18.969%| ms/batch 287.94 | loss 0.3236283 
Pred: tensor([13, 14, 15, 16, 17, 19, 18, 13,  0,  0,  0,  0]) and tensor([13, 14, 15, 16, 17, 18, 19,  0,  0,  0,  0,  0]), tensor([ 6,  8, 10,  9, 12,  7,  0,  0,  0,  0,  0,  0])
Tar: tensor([[13, 14, 15, 16, 17, 18, 19, 13,  0,  0,  0,  0],
        [13, 14, 15, 16, 17, 18, 19,  0,  0,  0,  0,  0],
        [ 6,  9,  8, 10,  7, 12,  0,  0,  0,  0,  0,  0]])
-----------------------------------------------------------------------------------------
| end of epoch  39 | time: 85.98s | valid acc 52.014%| Best Model from Epoch 26 with 54.202%
-----------------------------------------------------------------------------------------
| epoch  40 |    24/  287 batches | lr_step  11545 | lr  0.000358 |acc  19.117%| ms/batch 292.96 | loss 0.3246935 
| epoch  40 |    49/  287 batches | lr_step  11570 | lr  0.000357 |acc  18.977%| ms/batch 290.87 | loss 0.3248370 
| epoch  40 |    74/  287 batches | lr_step  11595 | lr  0.000357 |acc  19.484%| ms/batch 291.50 | loss 0.3239711 
| epoch  40 |    99/  287 batches | lr_step  11620 | lr  0.000356 |acc  19.328%| ms/batch 288.53 | loss 0.3209583 
| epoch  40 |   124/  287 batches | lr_step  11645 | lr  0.000356 |acc  19.336%| ms/batch 289.60 | loss 0.3226390 
| epoch  40 |   149/  287 batches | lr_step  11670 | lr  0.000356 |acc  19.148%| ms/batch 287.84 | loss 0.3217235 
| epoch  40 |   174/  287 batches | lr_step  11695 | lr  0.000355 |acc  19.344%| ms/batch 288.75 | loss 0.3229145 
| epoch  40 |   199/  287 batches | lr_step  11720 | lr  0.000355 |acc  19.398%| ms/batch 289.55 | loss 0.3218537 
| epoch  40 |   224/  287 batches | lr_step  11745 | lr  0.000355 |acc  19.586%| ms/batch 289.19 | loss 0.3226821 
| epoch  40 |   249/  287 batches | lr_step  11770 | lr  0.000354 |acc  19.805%| ms/batch 289.05 | loss 0.3203861 
| epoch  40 |   274/  287 batches | lr_step  11795 | lr  0.000354 |acc  19.516%| ms/batch 289.75 | loss 0.3192592 
Pred: tensor([13, 16, 14, 15, 17, 14, 19, 18,  0]) and tensor([ 6, 10,  9,  7, 11, 12,  0,  0,  0]), tensor([ 6,  8, 10,  9,  7, 11, 12,  0,  0])
Tar: tensor([[13, 16, 14, 15, 17, 14, 19, 18,  0],
        [ 6, 10,  9,  7, 11, 12,  0,  0,  0],
        [ 6,  8, 10,  7,  9, 11, 12,  0,  0]])
-----------------------------------------------------------------------------------------
| end of epoch  40 | time: 86.33s | valid acc 53.307%| Best Model from Epoch 26 with 54.202%
-----------------------------------------------------------------------------------------
| epoch  41 |    24/  287 batches | lr_step  11833 | lr  0.000353 |acc  19.242%| ms/batch 290.07 | loss 0.3227564 
| epoch  41 |    49/  287 batches | lr_step  11858 | lr  0.000353 |acc  19.797%| ms/batch 291.80 | loss 0.3221723 
| epoch  41 |    74/  287 batches | lr_step  11883 | lr  0.000353 |acc  19.609%| ms/batch 287.88 | loss 0.3217324 
| epoch  41 |    99/  287 batches | lr_step  11908 | lr  0.000352 |acc  19.164%| ms/batch 286.12 | loss 0.3233378 
| epoch  41 |   124/  287 batches | lr_step  11933 | lr  0.000352 |acc  18.680%| ms/batch 292.42 | loss 0.3216244 
| epoch  41 |   149/  287 batches | lr_step  11958 | lr  0.000351 |acc  19.367%| ms/batch 288.11 | loss 0.3227484 
| epoch  41 |   174/  287 batches | lr_step  11983 | lr  0.000351 |acc  20.117%| ms/batch 290.58 | loss 0.3193813 
| epoch  41 |   199/  287 batches | lr_step  12008 | lr  0.000351 |acc  19.352%| ms/batch 290.20 | loss 0.3230479 
| epoch  41 |   224/  287 batches | lr_step  12033 | lr  0.000350 |acc  19.656%| ms/batch 291.01 | loss 0.3178344 
| epoch  41 |   249/  287 batches | lr_step  12058 | lr  0.000350 |acc  19.984%| ms/batch 288.71 | loss 0.3217264 
| epoch  41 |   274/  287 batches | lr_step  12083 | lr  0.000350 |acc  19.242%| ms/batch 290.19 | loss 0.3228058 
Pred: tensor([14, 15, 16, 17, 19, 18,  0,  0,  0,  0]) and tensor([13, 16, 17, 14, 15, 19, 20,  0,  0,  0]), tensor([ 6, 10,  7,  9,  8, 12, 11,  0,  0,  0])
Tar: tensor([[14, 15, 16, 17, 18, 19,  0,  0,  0,  0],
        [13, 16, 17, 14, 15, 19, 20,  0,  0,  0],
        [ 6, 10,  7,  9,  8, 12, 11,  0,  0,  0]])
-----------------------------------------------------------------------------------------
| end of epoch  41 | time: 86.25s | valid acc 52.660%| Best Model from Epoch 26 with 54.202%
-----------------------------------------------------------------------------------------
Pred: tensor([13, 16, 14, 15, 19, 20, 14, 13,  0,  0]) and tensor([13, 14, 16, 17, 18,  0,  0,  0,  0,  0]), tensor([13, 16, 17, 15, 14, 19, 18,  0,  0,  0])
Tar: tensor([[13, 14, 16, 15, 19, 20, 14, 13,  0,  0],
        [13, 14, 16, 17, 18,  0,  0,  0,  0,  0],
        [13, 16, 17, 15, 14, 18, 19,  0,  0,  0]])
=========================================================================================
| End of training | test loss 69.00 | test acc 51.94% | Best Model from Epoch 26
=========================================================================================
