-----------------------------------------------------------------------------------------
Parameter Settings:
EIUES:                            0.6
Ratio uncertain traces:           0.995

Type:                             encoder_GREEDY
No. warmup steps:                 4000
LR factor                         1 
Embedding dimension:              256
Dimension of feedforward network: 1024
Number of transformer layers:     1
Number of attentions heads:       8
Dropout:                          0.37325753017592933
Total number of epochs:           100
-----------------------------------------------------------------------------------------
| epoch   0 |     9/   47 batches | lr_step  10 | lr  0.000002 |acc  0.000%| ms/batch 254.35 | loss 2.2227891 
| epoch   0 |    19/   47 batches | lr_step  20 | lr  0.000005 |acc  0.000%| ms/batch 223.33 | loss 2.1253184 
| epoch   0 |    29/   47 batches | lr_step  30 | lr  0.000007 |acc  0.000%| ms/batch 119.78 | loss 1.9764334 
| epoch   0 |    39/   47 batches | lr_step  40 | lr  0.000010 |acc  0.020%| ms/batch 68.89 | loss 1.8402568 
Pred: tensor([13, 11, 12, 14, 15, 16, 17], device='cuda:0') and tensor([11, 12, 13, 14, 17, 16, 15], device='cuda:0'), tensor([12, 13, 11, 14, 17, 16, 15], device='cuda:0')
Tar: tensor([[12, 13, 11, 14, 15, 16, 17],
        [11, 12, 13, 14, 15, 16, 17],
        [12, 13, 11, 14, 15, 16, 17]], device='cuda:0')
-----------------------------------------------------------------------------------------
| end of epoch   0 | time: 17.75s | valid acc 10.869%| Best Model from Epoch 0 with  -inf%
-----------------------------------------------------------------------------------------
-----------------------------------------------------------------------------------------
-----------------------------------------------------------------------------------------
| end of epoch   0 | time: 17.75s | valid acc 10.869%| 
-----------------------------------------------------------------------------------------
-----------------------------------------------------------------------------------------
| epoch   1 |     9/   47 batches | lr_step  58 | lr  0.000014 |acc  0.527%| ms/batch 250.55 | loss 1.5634974 
| epoch   1 |    19/   47 batches | lr_step  68 | lr  0.000017 |acc  1.445%| ms/batch 249.63 | loss 1.4804342 
| epoch   1 |    29/   47 batches | lr_step  78 | lr  0.000019 |acc  2.090%| ms/batch 220.09 | loss 1.3991783 
| epoch   1 |    39/   47 batches | lr_step  88 | lr  0.000022 |acc  1.836%| ms/batch 199.71 | loss 1.3526309 
Pred: tensor([ 6,  7,  9, 10,  8,  0,  0], device='cuda:0') and tensor([ 8,  9,  6,  7, 10,  0,  0], device='cuda:0'), tensor([12, 13, 17, 16, 14, 15, 11], device='cuda:0')
Tar: tensor([[ 6,  8,  7,  9, 10,  0,  0],
        [ 8,  6,  7,  9, 10,  0,  0],
        [12, 13, 11, 14, 15, 16, 17]], device='cuda:0')
-----------------------------------------------------------------------------------------
| end of epoch   1 | time: 21.08s | valid acc 17.344%| Best Model from Epoch 0 with 10.869%
-----------------------------------------------------------------------------------------
-----------------------------------------------------------------------------------------
-----------------------------------------------------------------------------------------
| end of epoch   1 | time: 21.08s | valid acc 17.344%| 
-----------------------------------------------------------------------------------------
-----------------------------------------------------------------------------------------
| epoch   2 |     9/   47 batches | lr_step  106 | lr  0.000026 |acc  1.797%| ms/batch 185.07 | loss 1.2172795 
| epoch   2 |    19/   47 batches | lr_step  116 | lr  0.000029 |acc  2.734%| ms/batch 239.99 | loss 1.1376508 
| epoch   2 |    29/   47 batches | lr_step  126 | lr  0.000031 |acc  2.480%| ms/batch 204.46 | loss 1.0870165 
| epoch   2 |    39/   47 batches | lr_step  136 | lr  0.000034 |acc  3.203%| ms/batch 216.64 | loss 1.0467663 
Pred: tensor([12, 13, 11, 14, 15, 16, 17], device='cuda:0') and tensor([ 6,  8,  9, 10,  7,  0,  0], device='cuda:0'), tensor([12, 13, 14, 11, 17, 16, 15], device='cuda:0')
Tar: tensor([[12, 11, 13, 14, 15, 16, 17],
        [ 6,  8,  7,  9, 10,  0,  0],
        [11, 12, 13, 14, 15, 16, 17]], device='cuda:0')
-----------------------------------------------------------------------------------------
| end of epoch   2 | time: 17.70s | valid acc 22.029%| Best Model from Epoch 1 with 17.344%
-----------------------------------------------------------------------------------------
-----------------------------------------------------------------------------------------
-----------------------------------------------------------------------------------------
| end of epoch   2 | time: 17.70s | valid acc 22.029%| 
-----------------------------------------------------------------------------------------
-----------------------------------------------------------------------------------------
| epoch   3 |     9/   47 batches | lr_step  154 | lr  0.000038 |acc  4.961%| ms/batch 256.58 | loss 0.9620338 
| epoch   3 |    19/   47 batches | lr_step  164 | lr  0.000041 |acc  5.312%| ms/batch 175.87 | loss 0.9280294 
| epoch   3 |    29/   47 batches | lr_step  174 | lr  0.000043 |acc  6.738%| ms/batch 176.49 | loss 0.8786483 
| epoch   3 |    39/   47 batches | lr_step  184 | lr  0.000045 |acc  8.223%| ms/batch 174.35 | loss 0.8639393 
Pred: tensor([ 8,  6,  7,  9, 10,  0,  0], device='cuda:0') and tensor([ 6,  7,  8,  9, 10,  0,  0], device='cuda:0'), tensor([ 8,  6,  7,  9, 10,  0,  0], device='cuda:0')
Tar: tensor([[ 8,  6,  7,  9, 10,  0,  0],
        [ 6,  7,  8,  9, 10,  0,  0],
        [ 8,  6,  7,  9, 10,  0,  0]], device='cuda:0')
-----------------------------------------------------------------------------------------
| end of epoch   3 | time: 17.12s | valid acc 32.304%| Best Model from Epoch 2 with 22.029%
-----------------------------------------------------------------------------------------
-----------------------------------------------------------------------------------------
-----------------------------------------------------------------------------------------
| end of epoch   3 | time: 17.12s | valid acc 32.304%| 
-----------------------------------------------------------------------------------------
-----------------------------------------------------------------------------------------
| epoch   4 |     9/   47 batches | lr_step  202 | lr  0.000050 |acc  10.059%| ms/batch 176.63 | loss 0.8090160 
| epoch   4 |    19/   47 batches | lr_step  212 | lr  0.000052 |acc  11.035%| ms/batch 212.09 | loss 0.7658623 
| epoch   4 |    29/   47 batches | lr_step  222 | lr  0.000055 |acc  12.793%| ms/batch 157.61 | loss 0.7568471 
| epoch   4 |    39/   47 batches | lr_step  232 | lr  0.000057 |acc  13.086%| ms/batch 72.71 | loss 0.7487330 
Pred: tensor([ 8,  6,  7,  9, 10,  0,  0], device='cuda:0') and tensor([ 8,  6,  7,  9, 10,  0,  0], device='cuda:0'), tensor([12, 11, 13, 14, 15, 16, 17], device='cuda:0')
Tar: tensor([[ 8,  6,  7,  9, 10,  0,  0],
        [ 8,  6,  7,  9, 10,  0,  0],
        [12, 11, 13, 14, 15, 16, 17]], device='cuda:0')
-----------------------------------------------------------------------------------------
| end of epoch   4 | time: 16.83s | valid acc 37.110%| Best Model from Epoch 3 with 32.304%
-----------------------------------------------------------------------------------------
-----------------------------------------------------------------------------------------
-----------------------------------------------------------------------------------------
| end of epoch   4 | time: 16.83s | valid acc 37.110%| 
-----------------------------------------------------------------------------------------
-----------------------------------------------------------------------------------------
| epoch   5 |     9/   47 batches | lr_step  250 | lr  0.000062 |acc  15.625%| ms/batch 88.91 | loss 0.7152340 
| epoch   5 |    19/   47 batches | lr_step  260 | lr  0.000064 |acc  15.879%| ms/batch 225.69 | loss 0.6969792 
| epoch   5 |    29/   47 batches | lr_step  270 | lr  0.000067 |acc  18.340%| ms/batch 182.34 | loss 0.6912969 
| epoch   5 |    39/   47 batches | lr_step  280 | lr  0.000069 |acc  19.141%| ms/batch 297.87 | loss 0.6556133 
Pred: tensor([12, 13, 14, 15, 16, 11, 17], device='cuda:0') and tensor([ 8,  6,  7,  9, 10,  0,  0], device='cuda:0'), tensor([12, 13, 14, 11, 15, 16, 17], device='cuda:0')
Tar: tensor([[12, 13, 11, 14, 15, 16, 17],
        [ 6,  8,  7,  9, 10,  0,  0],
        [12, 11, 13, 14, 15, 16, 17]], device='cuda:0')
-----------------------------------------------------------------------------------------
| end of epoch   5 | time: 20.86s | valid acc 47.959%| Best Model from Epoch 4 with 37.110%
-----------------------------------------------------------------------------------------
-----------------------------------------------------------------------------------------
-----------------------------------------------------------------------------------------
| end of epoch   5 | time: 20.86s | valid acc 47.959%| 
-----------------------------------------------------------------------------------------
-----------------------------------------------------------------------------------------
| epoch   6 |     9/   47 batches | lr_step  298 | lr  0.000074 |acc  21.582%| ms/batch 72.86 | loss 0.6364462 
| epoch   6 |    19/   47 batches | lr_step  308 | lr  0.000076 |acc  23.301%| ms/batch 199.76 | loss 0.6345640 
| epoch   6 |    29/   47 batches | lr_step  318 | lr  0.000079 |acc  23.730%| ms/batch 191.67 | loss 0.6307087 
| epoch   6 |    39/   47 batches | lr_step  328 | lr  0.000081 |acc  25.586%| ms/batch 263.48 | loss 0.6040841 
Pred: tensor([11, 12, 13, 14, 15, 16, 17], device='cuda:0') and tensor([11, 12, 13, 14, 15, 16, 17], device='cuda:0'), tensor([12, 13, 14, 11, 15, 16, 17], device='cuda:0')
Tar: tensor([[11, 12, 13, 14, 15, 16, 17],
        [12, 11, 13, 14, 15, 16, 17],
        [12, 13, 11, 14, 15, 16, 17]], device='cuda:0')
-----------------------------------------------------------------------------------------
| end of epoch   6 | time: 20.48s | valid acc 53.881%| Best Model from Epoch 5 with 47.959%
-----------------------------------------------------------------------------------------
-----------------------------------------------------------------------------------------
-----------------------------------------------------------------------------------------
| end of epoch   6 | time: 20.48s | valid acc 53.881%| 
-----------------------------------------------------------------------------------------
-----------------------------------------------------------------------------------------
| epoch   7 |     9/   47 batches | lr_step  346 | lr  0.000085 |acc  25.332%| ms/batch 93.33 | loss 0.6045453 
| epoch   7 |    19/   47 batches | lr_step  356 | lr  0.000088 |acc  28.945%| ms/batch 141.00 | loss 0.5734139 
| epoch   7 |    29/   47 batches | lr_step  366 | lr  0.000090 |acc  30.547%| ms/batch 175.56 | loss 0.5836227 
| epoch   7 |    39/   47 batches | lr_step  376 | lr  0.000093 |acc  31.426%| ms/batch 142.27 | loss 0.5636990 
Pred: tensor([ 8,  6,  7,  9, 10,  0,  0], device='cuda:0') and tensor([11, 12, 13, 14, 15, 16, 17], device='cuda:0'), tensor([ 8,  6,  7,  9, 10,  0,  0], device='cuda:0')
Tar: tensor([[ 8,  6,  7,  9, 10,  0,  0],
        [11, 12, 13, 14, 15, 16, 17],
        [ 8,  6,  7,  9, 10,  0,  0]], device='cuda:0')
-----------------------------------------------------------------------------------------
| end of epoch   7 | time: 33.70s | valid acc 48.623%| Best Model from Epoch 6 with 53.881%
-----------------------------------------------------------------------------------------
| epoch   8 |     9/   47 batches | lr_step  394 | lr  0.000097 |acc  33.184%| ms/batch 121.43 | loss 0.5518875 
| epoch   8 |    19/   47 batches | lr_step  404 | lr  0.000100 |acc  34.355%| ms/batch 104.55 | loss 0.5464995 
| epoch   8 |    29/   47 batches | lr_step  414 | lr  0.000102 |acc  36.426%| ms/batch 88.44 | loss 0.5202643 
| epoch   8 |    39/   47 batches | lr_step  424 | lr  0.000105 |acc  35.977%| ms/batch 143.01 | loss 0.5347829 
Pred: tensor([ 6,  7,  8,  9, 10,  0,  0], device='cuda:0') and tensor([ 8,  6,  7,  9, 10,  0,  0], device='cuda:0'), tensor([12, 11, 14, 15, 16, 13, 17], device='cuda:0')
Tar: tensor([[ 6,  7,  8,  9, 10,  0,  0],
        [ 8,  6,  7,  9, 10,  0,  0],
        [12, 11, 13, 14, 15, 16, 17]], device='cuda:0')
-----------------------------------------------------------------------------------------
| end of epoch   8 | time: 18.96s | valid acc 43.435%| Best Model from Epoch 6 with 53.881%
-----------------------------------------------------------------------------------------
| epoch   9 |     9/   47 batches | lr_step  442 | lr  0.000109 |acc  38.027%| ms/batch 278.74 | loss 0.5264040 
| epoch   9 |    19/   47 batches | lr_step  452 | lr  0.000112 |acc  41.016%| ms/batch 218.61 | loss 0.4953297 
| epoch   9 |    29/   47 batches | lr_step  462 | lr  0.000114 |acc  39.746%| ms/batch 126.89 | loss 0.4937187 
| epoch   9 |    39/   47 batches | lr_step  472 | lr  0.000117 |acc  41.504%| ms/batch 264.40 | loss 0.5037658 
Pred: tensor([12, 13, 11, 14, 15, 17, 16], device='cuda:0') and tensor([ 8,  6,  7,  9, 10,  0,  0], device='cuda:0'), tensor([12, 13, 14, 15, 16, 17, 11], device='cuda:0')
Tar: tensor([[11, 12, 13, 14, 15, 16, 17],
        [ 6,  7,  8,  9, 10,  0,  0],
        [12, 13, 11, 14, 15, 16, 17]], device='cuda:0')
-----------------------------------------------------------------------------------------
| end of epoch   9 | time: 21.16s | valid acc 41.615%| Best Model from Epoch 6 with 53.881%
-----------------------------------------------------------------------------------------
| epoch  10 |     9/   47 batches | lr_step  490 | lr  0.000121 |acc  43.574%| ms/batch 274.55 | loss 0.4809280 
| epoch  10 |    19/   47 batches | lr_step  500 | lr  0.000124 |acc  44.531%| ms/batch 288.17 | loss 0.4783297 
| epoch  10 |    29/   47 batches | lr_step  510 | lr  0.000126 |acc  45.684%| ms/batch 201.85 | loss 0.4658515 
| epoch  10 |    39/   47 batches | lr_step  520 | lr  0.000128 |acc  46.953%| ms/batch 278.08 | loss 0.4716690 
Pred: tensor([12, 13, 11, 14, 15, 16, 17], device='cuda:0') and tensor([12, 11, 13, 14, 15, 17, 16], device='cuda:0'), tensor([ 6,  8,  9, 10,  7,  0,  0], device='cuda:0')
Tar: tensor([[12, 11, 13, 14, 15, 16, 17],
        [12, 11, 13, 14, 15, 16, 17],
        [ 6,  8,  7,  9, 10,  0,  0]], device='cuda:0')
-----------------------------------------------------------------------------------------
| end of epoch  10 | time: 23.48s | valid acc 41.615%| Best Model from Epoch 6 with 53.881%
-----------------------------------------------------------------------------------------
| epoch  11 |     9/   47 batches | lr_step  538 | lr  0.000133 |acc  48.672%| ms/batch 184.35 | loss 0.4528470 
| epoch  11 |    19/   47 batches | lr_step  548 | lr  0.000135 |acc  50.059%| ms/batch 194.59 | loss 0.4432709 
| epoch  11 |    29/   47 batches | lr_step  558 | lr  0.000138 |acc  52.012%| ms/batch 179.47 | loss 0.4321140 
| epoch  11 |    39/   47 batches | lr_step  568 | lr  0.000140 |acc  51.016%| ms/batch 163.92 | loss 0.4421902 
Pred: tensor([11, 12, 13, 14, 15, 16, 17], device='cuda:0') and tensor([12, 13, 14, 11, 15, 16, 17], device='cuda:0'), tensor([12, 11, 13, 14, 15, 16, 17], device='cuda:0')
Tar: tensor([[11, 12, 13, 14, 15, 16, 17],
        [12, 13, 11, 14, 15, 16, 17],
        [12, 11, 13, 14, 15, 16, 17]], device='cuda:0')
-----------------------------------------------------------------------------------------
| end of epoch  11 | time: 20.91s | valid acc 42.771%| Best Model from Epoch 6 with 53.881%
-----------------------------------------------------------------------------------------
| epoch  12 |     9/   47 batches | lr_step  586 | lr  0.000145 |acc  54.141%| ms/batch 278.56 | loss 0.4239664 
| epoch  12 |    19/   47 batches | lr_step  596 | lr  0.000147 |acc  55.137%| ms/batch 254.38 | loss 0.4127568 
| epoch  12 |    29/   47 batches | lr_step  606 | lr  0.000150 |acc  56.309%| ms/batch 176.37 | loss 0.4086900 
| epoch  12 |    39/   47 batches | lr_step  616 | lr  0.000152 |acc  55.762%| ms/batch 100.15 | loss 0.4108985 
Pred: tensor([ 6,  7,  9, 10,  8,  0,  0], device='cuda:0') and tensor([11, 12, 13, 14, 15, 17, 16], device='cuda:0'), tensor([12, 11, 13, 14, 15, 16, 17], device='cuda:0')
Tar: tensor([[ 6,  8,  7,  9, 10,  0,  0],
        [11, 12, 13, 14, 15, 16, 17],
        [12, 11, 13, 14, 15, 16, 17]], device='cuda:0')
-----------------------------------------------------------------------------------------
| end of epoch  12 | time: 20.84s | valid acc 41.806%| Best Model from Epoch 6 with 53.881%
-----------------------------------------------------------------------------------------
| epoch  13 |     9/   47 batches | lr_step  634 | lr  0.000157 |acc  56.035%| ms/batch 274.61 | loss 0.4100402 
| epoch  13 |    19/   47 batches | lr_step  644 | lr  0.000159 |acc  58.555%| ms/batch 236.15 | loss 0.4027615 
| epoch  13 |    29/   47 batches | lr_step  654 | lr  0.000162 |acc  60.059%| ms/batch 278.13 | loss 0.3841254 
| epoch  13 |    39/   47 batches | lr_step  664 | lr  0.000164 |acc  60.273%| ms/batch 270.77 | loss 0.3776059 
Pred: tensor([ 8,  6,  7,  9, 10,  0,  0], device='cuda:0') and tensor([ 8,  6,  7,  9, 10,  0,  0], device='cuda:0'), tensor([ 8,  6,  7,  9, 10,  0,  0], device='cuda:0')
Tar: tensor([[ 8,  6,  7,  9, 10,  0,  0],
        [ 8,  6,  7,  9, 10,  0,  0],
        [ 8,  6,  7,  9, 10,  0,  0]], device='cuda:0')
-----------------------------------------------------------------------------------------
| end of epoch  13 | time: 22.89s | valid acc 48.522%| Best Model from Epoch 6 with 53.881%
-----------------------------------------------------------------------------------------
| epoch  14 |     9/   47 batches | lr_step  682 | lr  0.000168 |acc  60.742%| ms/batch 197.82 | loss 0.3694427 
| epoch  14 |    19/   47 batches | lr_step  692 | lr  0.000171 |acc  59.902%| ms/batch 135.27 | loss 0.3842212 
| epoch  14 |    29/   47 batches | lr_step  702 | lr  0.000173 |acc  61.543%| ms/batch 250.11 | loss 0.3700906 
| epoch  14 |    39/   47 batches | lr_step  712 | lr  0.000176 |acc  62.461%| ms/batch 147.88 | loss 0.3730497 
Pred: tensor([ 8,  6,  7,  9, 10,  0,  0], device='cuda:0') and tensor([ 8,  6,  7,  9, 10,  0,  0], device='cuda:0'), tensor([ 8,  6,  7,  9, 10,  0,  0], device='cuda:0')
Tar: tensor([[ 6,  8,  7,  9, 10,  0,  0],
        [ 6,  8,  7,  9, 10,  0,  0],
        [ 8,  6,  7,  9, 10,  0,  0]], device='cuda:0')
-----------------------------------------------------------------------------------------
| end of epoch  14 | time: 20.69s | valid acc 49.548%| Best Model from Epoch 6 with 53.881%
-----------------------------------------------------------------------------------------
| epoch  15 |     9/   47 batches | lr_step  730 | lr  0.000180 |acc  64.375%| ms/batch 199.52 | loss 0.3647816 
| epoch  15 |    19/   47 batches | lr_step  740 | lr  0.000183 |acc  64.629%| ms/batch 181.58 | loss 0.3488931 
| epoch  15 |    29/   47 batches | lr_step  750 | lr  0.000185 |acc  63.086%| ms/batch 218.53 | loss 0.3535145 
| epoch  15 |    39/   47 batches | lr_step  760 | lr  0.000188 |acc  64.004%| ms/batch 194.86 | loss 0.3574194 
Pred: tensor([12, 13, 11, 14, 15, 16, 17], device='cuda:0') and tensor([ 6,  7,  8,  9, 10,  0,  0], device='cuda:0'), tensor([ 8,  6,  7,  9, 10,  0,  0], device='cuda:0')
Tar: tensor([[12, 13, 11, 14, 15, 16, 17],
        [ 6,  7,  8,  9, 10,  0,  0],
        [ 8,  6,  7,  9, 10,  0,  0]], device='cuda:0')
-----------------------------------------------------------------------------------------
| end of epoch  15 | time: 23.92s | valid acc 51.518%| Best Model from Epoch 6 with 53.881%
-----------------------------------------------------------------------------------------
| epoch  16 |     9/   47 batches | lr_step  778 | lr  0.000192 |acc  65.000%| ms/batch 187.58 | loss 0.3467578 
| epoch  16 |    19/   47 batches | lr_step  788 | lr  0.000195 |acc  66.230%| ms/batch 147.92 | loss 0.3449404 
| epoch  16 |    29/   47 batches | lr_step  798 | lr  0.000197 |acc  66.484%| ms/batch 114.45 | loss 0.3377722 
| epoch  16 |    39/   47 batches | lr_step  808 | lr  0.000200 |acc  67.031%| ms/batch 111.11 | loss 0.3386189 
Pred: tensor([12, 11, 13, 14, 15, 16, 17], device='cuda:0') and tensor([11, 12, 13, 14, 15, 16, 17], device='cuda:0'), tensor([ 8,  6,  7,  9, 10,  0,  0], device='cuda:0')
Tar: tensor([[11, 12, 13, 14, 15, 16, 17],
        [11, 12, 13, 14, 15, 16, 17],
        [ 8,  6,  7,  9, 10,  0,  0]], device='cuda:0')
-----------------------------------------------------------------------------------------
| end of epoch  16 | time: 22.58s | valid acc 52.906%| Best Model from Epoch 6 with 53.881%
-----------------------------------------------------------------------------------------
| epoch  17 |     9/   47 batches | lr_step  826 | lr  0.000204 |acc  68.418%| ms/batch 89.18 | loss 0.3238469 
| epoch  17 |    19/   47 batches | lr_step  836 | lr  0.000207 |acc  68.496%| ms/batch 117.85 | loss 0.3283012 
| epoch  17 |    29/   47 batches | lr_step  846 | lr  0.000209 |acc  66.895%| ms/batch 108.71 | loss 0.3344134 
| epoch  17 |    39/   47 batches | lr_step  856 | lr  0.000211 |acc  67.285%| ms/batch 141.30 | loss 0.3286972 
Pred: tensor([ 8,  6,  7,  9, 10,  0,  0], device='cuda:0') and tensor([12, 13, 11, 14, 15, 16, 17], device='cuda:0'), tensor([11, 12, 13, 14, 15, 16, 17], device='cuda:0')
Tar: tensor([[ 8,  6,  7,  9, 10,  0,  0],
        [12, 11, 13, 14, 15, 16, 17],
        [11, 12, 13, 14, 15, 16, 17]], device='cuda:0')
-----------------------------------------------------------------------------------------
| end of epoch  17 | time: 20.52s | valid acc 60.497%| Best Model from Epoch 6 with 53.881%
-----------------------------------------------------------------------------------------
-----------------------------------------------------------------------------------------
-----------------------------------------------------------------------------------------
| end of epoch  17 | time: 20.52s | valid acc 60.497%| 
-----------------------------------------------------------------------------------------
-----------------------------------------------------------------------------------------
| epoch  18 |     9/   47 batches | lr_step  874 | lr  0.000216 |acc  68.652%| ms/batch 152.17 | loss 0.3217225 
| epoch  18 |    19/   47 batches | lr_step  884 | lr  0.000218 |acc  68.672%| ms/batch 91.63 | loss 0.3260334 
| epoch  18 |    29/   47 batches | lr_step  894 | lr  0.000221 |acc  70.195%| ms/batch 124.28 | loss 0.3117200 
| epoch  18 |    39/   47 batches | lr_step  904 | lr  0.000223 |acc  69.277%| ms/batch 71.04 | loss 0.3124124 
Pred: tensor([11, 12, 13, 14, 15, 16, 17], device='cuda:0') and tensor([ 8,  6,  7,  9, 10,  0,  0], device='cuda:0'), tensor([ 8,  6,  7,  9, 10,  0,  0], device='cuda:0')
Tar: tensor([[11, 12, 13, 14, 15, 16, 17],
        [ 8,  6,  7,  9, 10,  0,  0],
        [ 8,  6,  7,  9, 10,  0,  0]], device='cuda:0')
-----------------------------------------------------------------------------------------
| end of epoch  18 | time: 16.71s | valid acc 60.145%| Best Model from Epoch 17 with 60.497%
-----------------------------------------------------------------------------------------
| epoch  19 |     9/   47 batches | lr_step  922 | lr  0.000228 |acc  71.426%| ms/batch 190.52 | loss 0.3035676 
| epoch  19 |    19/   47 batches | lr_step  932 | lr  0.000230 |acc  70.176%| ms/batch 217.42 | loss 0.3091138 
| epoch  19 |    29/   47 batches | lr_step  942 | lr  0.000233 |acc  70.781%| ms/batch 210.92 | loss 0.3024406 
| epoch  19 |    39/   47 batches | lr_step  952 | lr  0.000235 |acc  70.371%| ms/batch 267.14 | loss 0.3063880 
Pred: tensor([11, 12, 13, 14, 15, 16, 17], device='cuda:0') and tensor([ 6,  7,  9,  8, 10,  0,  0], device='cuda:0'), tensor([12, 11, 13, 14, 15, 16, 17], device='cuda:0')
Tar: tensor([[11, 12, 13, 14, 15, 16, 17],
        [ 6,  7,  8,  9, 10,  0,  0],
        [12, 11, 13, 14, 15, 16, 17]], device='cuda:0')
-----------------------------------------------------------------------------------------
| end of epoch  19 | time: 23.16s | valid acc 54.826%| Best Model from Epoch 17 with 60.497%
-----------------------------------------------------------------------------------------
| epoch  20 |     9/   47 batches | lr_step  970 | lr  0.000240 |acc  70.938%| ms/batch 193.57 | loss 0.3029642 
| epoch  20 |    19/   47 batches | lr_step  980 | lr  0.000242 |acc  71.328%| ms/batch 192.18 | loss 0.2976751 
| epoch  20 |    29/   47 batches | lr_step  990 | lr  0.000245 |acc  71.953%| ms/batch 214.82 | loss 0.2942821 
| epoch  20 |    39/   47 batches | lr_step  1000 | lr  0.000247 |acc  71.191%| ms/batch 173.75 | loss 0.2965432 
Pred: tensor([ 8,  6,  7,  9, 10,  0,  0], device='cuda:0') and tensor([ 8,  6,  7,  9, 10,  0,  0], device='cuda:0'), tensor([11, 12, 13, 14, 15, 16, 17], device='cuda:0')
Tar: tensor([[ 8,  6,  7,  9, 10,  0,  0],
        [ 6,  7,  8,  9, 10,  0,  0],
        [11, 12, 13, 14, 15, 16, 17]], device='cuda:0')
-----------------------------------------------------------------------------------------
| end of epoch  20 | time: 22.10s | valid acc 63.855%| Best Model from Epoch 17 with 60.497%
-----------------------------------------------------------------------------------------
-----------------------------------------------------------------------------------------
-----------------------------------------------------------------------------------------
| end of epoch  20 | time: 22.10s | valid acc 63.855%| 
-----------------------------------------------------------------------------------------
-----------------------------------------------------------------------------------------
| epoch  21 |     9/   47 batches | lr_step  1018 | lr  0.000251 |acc  71.758%| ms/batch 124.08 | loss 0.3022906 
| epoch  21 |    19/   47 batches | lr_step  1028 | lr  0.000254 |acc  71.621%| ms/batch 62.02 | loss 0.2952250 
| epoch  21 |    29/   47 batches | lr_step  1038 | lr  0.000256 |acc  72.832%| ms/batch 175.82 | loss 0.2887838 
| epoch  21 |    39/   47 batches | lr_step  1048 | lr  0.000259 |acc  73.672%| ms/batch 186.65 | loss 0.2890898 
Pred: tensor([ 8,  6,  7,  9, 10,  0,  0], device='cuda:0') and tensor([ 8,  6,  7,  9, 10,  0,  0], device='cuda:0'), tensor([ 6,  8,  9, 10,  7,  0,  0], device='cuda:0')
Tar: tensor([[ 8,  6,  7,  9, 10,  0,  0],
        [ 8,  6,  7,  9, 10,  0,  0],
        [ 6,  8,  7,  9, 10,  0,  0]], device='cuda:0')
-----------------------------------------------------------------------------------------
| end of epoch  21 | time: 17.92s | valid acc 57.480%| Best Model from Epoch 20 with 63.855%
-----------------------------------------------------------------------------------------
| epoch  22 |     9/   47 batches | lr_step  1066 | lr  0.000263 |acc  72.852%| ms/batch 69.88 | loss 0.2923449 
| epoch  22 |    19/   47 batches | lr_step  1076 | lr  0.000266 |acc  73.164%| ms/batch 67.46 | loss 0.2877159 
| epoch  22 |    29/   47 batches | lr_step  1086 | lr  0.000268 |acc  73.320%| ms/batch 64.73 | loss 0.2881164 
| epoch  22 |    39/   47 batches | lr_step  1096 | lr  0.000271 |acc  73.887%| ms/batch 67.21 | loss 0.2812314 
Pred: tensor([11, 12, 13, 14, 15, 16, 17], device='cuda:0') and tensor([ 8,  6,  7,  9, 10,  0,  0], device='cuda:0'), tensor([ 6,  7,  8,  9, 10,  0,  0], device='cuda:0')
Tar: tensor([[12, 13, 11, 14, 15, 16, 17],
        [ 8,  6,  7,  9, 10,  0,  0],
        [ 6,  7,  8,  9, 10,  0,  0]], device='cuda:0')
-----------------------------------------------------------------------------------------
| end of epoch  22 | time: 14.87s | valid acc 62.598%| Best Model from Epoch 20 with 63.855%
-----------------------------------------------------------------------------------------
| epoch  23 |     9/   47 batches | lr_step  1114 | lr  0.000275 |acc  73.750%| ms/batch 241.31 | loss 0.2847177 
| epoch  23 |    19/   47 batches | lr_step  1124 | lr  0.000278 |acc  72.852%| ms/batch 223.40 | loss 0.2820433 
| epoch  23 |    29/   47 batches | lr_step  1134 | lr  0.000280 |acc  75.273%| ms/batch 240.22 | loss 0.2744344 
| epoch  23 |    39/   47 batches | lr_step  1144 | lr  0.000283 |acc  74.258%| ms/batch 244.02 | loss 0.2816773 
Pred: tensor([ 8,  6,  7,  9, 10,  0,  0], device='cuda:0') and tensor([11, 12, 13, 14, 15, 16, 17], device='cuda:0'), tensor([ 8,  6,  7,  9, 10,  0,  0], device='cuda:0')
Tar: tensor([[ 6,  8,  7,  9, 10,  0,  0],
        [12, 11, 13, 14, 15, 16, 17],
        [ 8,  6,  7,  9, 10,  0,  0]], device='cuda:0')
-----------------------------------------------------------------------------------------
| end of epoch  23 | time: 21.65s | valid acc 62.598%| Best Model from Epoch 20 with 63.855%
-----------------------------------------------------------------------------------------
| epoch  24 |     9/   47 batches | lr_step  1162 | lr  0.000287 |acc  75.762%| ms/batch 260.44 | loss 0.2728215 
| epoch  24 |    19/   47 batches | lr_step  1172 | lr  0.000290 |acc  75.605%| ms/batch 294.91 | loss 0.2723384 
| epoch  24 |    29/   47 batches | lr_step  1182 | lr  0.000292 |acc  74.297%| ms/batch 251.43 | loss 0.2765007 
| epoch  24 |    39/   47 batches | lr_step  1192 | lr  0.000294 |acc  75.176%| ms/batch 250.70 | loss 0.2698515 
Pred: tensor([ 8,  6,  7,  9, 10,  0,  0], device='cuda:0') and tensor([ 8,  6,  7,  9, 10,  0,  0], device='cuda:0'), tensor([ 8,  6,  7,  9, 10,  0,  0], device='cuda:0')
Tar: tensor([[ 8,  6,  7,  9, 10,  0,  0],
        [ 8,  6,  7,  9, 10,  0,  0],
        [ 8,  6,  7,  9, 10,  0,  0]], device='cuda:0')
-----------------------------------------------------------------------------------------
| end of epoch  24 | time: 23.87s | valid acc 63.171%| Best Model from Epoch 20 with 63.855%
-----------------------------------------------------------------------------------------
| epoch  25 |     9/   47 batches | lr_step  1210 | lr  0.000299 |acc  75.078%| ms/batch 176.99 | loss 0.2789040 
| epoch  25 |    19/   47 batches | lr_step  1220 | lr  0.000301 |acc  74.160%| ms/batch 221.80 | loss 0.2806487 
| epoch  25 |    29/   47 batches | lr_step  1230 | lr  0.000304 |acc  75.859%| ms/batch 256.34 | loss 0.2751704 
| epoch  25 |    39/   47 batches | lr_step  1240 | lr  0.000306 |acc  77.441%| ms/batch 231.15 | loss 0.2633011 
Pred: tensor([ 8,  6,  7,  9, 10,  0,  0], device='cuda:0') and tensor([ 8,  6,  7,  9, 10,  0,  0], device='cuda:0'), tensor([11, 12, 13, 14, 15, 16, 17], device='cuda:0')
Tar: tensor([[ 8,  6,  7,  9, 10,  0,  0],
        [ 8,  6,  7,  9, 10,  0,  0],
        [11, 12, 13, 14, 15, 16, 17]], device='cuda:0')
-----------------------------------------------------------------------------------------
| end of epoch  25 | time: 22.77s | valid acc 63.573%| Best Model from Epoch 20 with 63.855%
-----------------------------------------------------------------------------------------
| epoch  26 |     9/   47 batches | lr_step  1258 | lr  0.000311 |acc  73.789%| ms/batch 204.70 | loss 0.2726023 
| epoch  26 |    19/   47 batches | lr_step  1268 | lr  0.000313 |acc  75.234%| ms/batch 169.92 | loss 0.2678847 
| epoch  26 |    29/   47 batches | lr_step  1278 | lr  0.000316 |acc  76.133%| ms/batch 74.34 | loss 0.2753790 
| epoch  26 |    39/   47 batches | lr_step  1288 | lr  0.000318 |acc  76.270%| ms/batch 173.15 | loss 0.2639762 
Pred: tensor([11, 12, 13, 14, 15, 16, 17], device='cuda:0') and tensor([12, 13, 11, 14, 15, 16, 17], device='cuda:0'), tensor([ 8,  6,  7,  9, 10,  0,  0], device='cuda:0')
Tar: tensor([[11, 12, 13, 14, 15, 16, 17],
        [12, 13, 11, 14, 15, 16, 17],
        [ 8,  6,  7,  9, 10,  0,  0]], device='cuda:0')
-----------------------------------------------------------------------------------------
| end of epoch  26 | time: 20.66s | valid acc 62.528%| Best Model from Epoch 20 with 63.855%
-----------------------------------------------------------------------------------------
| epoch  27 |     9/   47 batches | lr_step  1306 | lr  0.000323 |acc  75.820%| ms/batch 75.91 | loss 0.2694175 
| epoch  27 |    19/   47 batches | lr_step  1316 | lr  0.000325 |acc  76.660%| ms/batch 69.09 | loss 0.2663833 
| epoch  27 |    29/   47 batches | lr_step  1326 | lr  0.000328 |acc  77.031%| ms/batch 183.25 | loss 0.2661759 
| epoch  27 |    39/   47 batches | lr_step  1336 | lr  0.000330 |acc  76.172%| ms/batch 183.85 | loss 0.2648009 
Pred: tensor([ 8,  6,  7,  9, 10,  0,  0], device='cuda:0') and tensor([ 8,  6,  7,  9, 10,  0,  0], device='cuda:0'), tensor([ 8,  6,  7,  9, 10,  0,  0], device='cuda:0')
Tar: tensor([[ 6,  8,  7,  9, 10,  0,  0],
        [ 8,  6,  7,  9, 10,  0,  0],
        [ 6,  7,  8,  9, 10,  0,  0]], device='cuda:0')
-----------------------------------------------------------------------------------------
| end of epoch  27 | time: 19.31s | valid acc 64.911%| Best Model from Epoch 20 with 63.855%
-----------------------------------------------------------------------------------------
-----------------------------------------------------------------------------------------
-----------------------------------------------------------------------------------------
| end of epoch  27 | time: 19.31s | valid acc 64.911%| 
-----------------------------------------------------------------------------------------
-----------------------------------------------------------------------------------------
| epoch  28 |     9/   47 batches | lr_step  1354 | lr  0.000335 |acc  77.148%| ms/batch 168.71 | loss 0.2584707 
| epoch  28 |    19/   47 batches | lr_step  1364 | lr  0.000337 |acc  76.484%| ms/batch 194.01 | loss 0.2640808 
| epoch  28 |    29/   47 batches | lr_step  1374 | lr  0.000339 |acc  78.145%| ms/batch 177.08 | loss 0.2541852 
| epoch  28 |    39/   47 batches | lr_step  1384 | lr  0.000342 |acc  76.602%| ms/batch 230.93 | loss 0.2608666 
Pred: tensor([ 8,  6,  7,  9, 10,  0,  0], device='cuda:0') and tensor([ 8,  6,  7,  9, 10,  0,  0], device='cuda:0'), tensor([ 8,  6,  7,  9, 10,  0,  0], device='cuda:0')
Tar: tensor([[ 8,  6,  7,  9, 10,  0,  0],
        [ 6,  7,  8,  9, 10,  0,  0],
        [ 6,  8,  7,  9, 10,  0,  0]], device='cuda:0')
-----------------------------------------------------------------------------------------
| end of epoch  28 | time: 21.91s | valid acc 58.395%| Best Model from Epoch 27 with 64.911%
-----------------------------------------------------------------------------------------
| epoch  29 |     9/   47 batches | lr_step  1402 | lr  0.000346 |acc  75.430%| ms/batch 252.36 | loss 0.2746769 
| epoch  29 |    19/   47 batches | lr_step  1412 | lr  0.000349 |acc  76.816%| ms/batch 125.38 | loss 0.2617193 
| epoch  29 |    29/   47 batches | lr_step  1422 | lr  0.000351 |acc  77.598%| ms/batch 171.87 | loss 0.2560464 
| epoch  29 |    39/   47 batches | lr_step  1432 | lr  0.000354 |acc  77.793%| ms/batch 188.09 | loss 0.2556042 
Pred: tensor([ 8,  6,  7,  9, 10,  0,  0], device='cuda:0') and tensor([11, 12, 13, 14, 15, 16, 17], device='cuda:0'), tensor([11, 12, 13, 14, 15, 16, 17], device='cuda:0')
Tar: tensor([[ 8,  6,  7,  9, 10,  0,  0],
        [11, 12, 13, 14, 15, 16, 17],
        [11, 12, 13, 14, 15, 16, 17]], device='cuda:0')
-----------------------------------------------------------------------------------------
| end of epoch  29 | time: 21.02s | valid acc 65.614%| Best Model from Epoch 27 with 64.911%
-----------------------------------------------------------------------------------------
-----------------------------------------------------------------------------------------
-----------------------------------------------------------------------------------------
| end of epoch  29 | time: 21.02s | valid acc 65.614%| 
-----------------------------------------------------------------------------------------
-----------------------------------------------------------------------------------------
| epoch  30 |     9/   47 batches | lr_step  1450 | lr  0.000358 |acc  75.488%| ms/batch 280.70 | loss 0.2614222 
| epoch  30 |    19/   47 batches | lr_step  1460 | lr  0.000361 |acc  78.438%| ms/batch 231.35 | loss 0.2557902 
| epoch  30 |    29/   47 batches | lr_step  1470 | lr  0.000363 |acc  76.992%| ms/batch 202.08 | loss 0.2584132 
| epoch  30 |    39/   47 batches | lr_step  1480 | lr  0.000366 |acc  78.086%| ms/batch 174.14 | loss 0.2550921 
Pred: tensor([ 6,  7,  8,  9, 10,  0,  0], device='cuda:0') and tensor([11, 12, 13, 14, 15, 16, 17], device='cuda:0'), tensor([11, 12, 13, 14, 15, 16, 17], device='cuda:0')
Tar: tensor([[ 6,  8,  7,  9, 10,  0,  0],
        [11, 12, 13, 14, 15, 16, 17],
        [11, 12, 13, 14, 15, 16, 17]], device='cuda:0')
-----------------------------------------------------------------------------------------
| end of epoch  30 | time: 21.40s | valid acc 66.047%| Best Model from Epoch 29 with 65.614%
-----------------------------------------------------------------------------------------
-----------------------------------------------------------------------------------------
-----------------------------------------------------------------------------------------
| end of epoch  30 | time: 21.40s | valid acc 66.047%| 
-----------------------------------------------------------------------------------------
-----------------------------------------------------------------------------------------
| epoch  31 |     9/   47 batches | lr_step  1498 | lr  0.000370 |acc  78.594%| ms/batch 276.76 | loss 0.2492065 
| epoch  31 |    19/   47 batches | lr_step  1508 | lr  0.000373 |acc  77.012%| ms/batch 232.85 | loss 0.2640872 
| epoch  31 |    29/   47 batches | lr_step  1518 | lr  0.000375 |acc  78.008%| ms/batch 271.22 | loss 0.2496876 
| epoch  31 |    39/   47 batches | lr_step  1528 | lr  0.000377 |acc  78.359%| ms/batch 230.28 | loss 0.2522236 
Pred: tensor([11, 12, 15, 16, 13, 14, 17], device='cuda:0') and tensor([ 8,  6,  7,  9, 10,  0,  0], device='cuda:0'), tensor([11, 12, 13, 14, 15, 16, 17], device='cuda:0')
Tar: tensor([[12, 11, 13, 14, 15, 16, 17],
        [ 8,  6,  7,  9, 10,  0,  0],
        [11, 12, 13, 14, 15, 16, 17]], device='cuda:0')
-----------------------------------------------------------------------------------------
| end of epoch  31 | time: 22.97s | valid acc 59.702%| Best Model from Epoch 30 with 66.047%
-----------------------------------------------------------------------------------------
| epoch  32 |     9/   47 batches | lr_step  1546 | lr  0.000382 |acc  79.316%| ms/batch 280.50 | loss 0.2503775 
| epoch  32 |    19/   47 batches | lr_step  1556 | lr  0.000384 |acc  76.504%| ms/batch 243.70 | loss 0.2592437 
| epoch  32 |    29/   47 batches | lr_step  1566 | lr  0.000387 |acc  78.496%| ms/batch 244.70 | loss 0.2540279 
| epoch  32 |    39/   47 batches | lr_step  1576 | lr  0.000389 |acc  79.492%| ms/batch 147.44 | loss 0.2461985 
Pred: tensor([11, 12, 17, 13, 14, 15, 16], device='cuda:0') and tensor([ 8,  6,  7,  9, 10,  0,  0], device='cuda:0'), tensor([ 8,  6,  7,  9, 10,  0,  0], device='cuda:0')
Tar: tensor([[11, 12, 13, 14, 15, 16, 17],
        [ 6,  7,  8,  9, 10,  0,  0],
        [ 6,  7,  8,  9, 10,  0,  0]], device='cuda:0')
-----------------------------------------------------------------------------------------
| end of epoch  32 | time: 22.87s | valid acc 55.309%| Best Model from Epoch 30 with 66.047%
-----------------------------------------------------------------------------------------
| epoch  33 |     9/   47 batches | lr_step  1594 | lr  0.000394 |acc  78.242%| ms/batch 113.18 | loss 0.2439918 
| epoch  33 |    19/   47 batches | lr_step  1604 | lr  0.000396 |acc  76.113%| ms/batch 200.43 | loss 0.2580391 
| epoch  33 |    29/   47 batches | lr_step  1614 | lr  0.000399 |acc  78.613%| ms/batch 239.62 | loss 0.2507274 
| epoch  33 |    39/   47 batches | lr_step  1624 | lr  0.000401 |acc  78.672%| ms/batch 256.23 | loss 0.2465437 
Pred: tensor([11, 12, 13, 14, 15, 16, 17], device='cuda:0') and tensor([11, 12, 13, 14, 15, 16, 17], device='cuda:0'), tensor([ 8,  6,  7,  9, 10,  0,  0], device='cuda:0')
Tar: tensor([[12, 13, 11, 14, 15, 16, 17],
        [11, 12, 13, 14, 15, 16, 17],
        [ 8,  6,  7,  9, 10,  0,  0]], device='cuda:0')
-----------------------------------------------------------------------------------------
| end of epoch  33 | time: 22.35s | valid acc 65.735%| Best Model from Epoch 30 with 66.047%
-----------------------------------------------------------------------------------------
| epoch  34 |     9/   47 batches | lr_step  1642 | lr  0.000406 |acc  78.516%| ms/batch 241.82 | loss 0.2481516 
| epoch  34 |    19/   47 batches | lr_step  1652 | lr  0.000408 |acc  79.629%| ms/batch 189.32 | loss 0.2419466 
| epoch  34 |    29/   47 batches | lr_step  1662 | lr  0.000411 |acc  76.719%| ms/batch 179.61 | loss 0.2558156 
| epoch  34 |    39/   47 batches | lr_step  1672 | lr  0.000413 |acc  79.492%| ms/batch 185.35 | loss 0.2439550 
Pred: tensor([ 8,  6,  7,  9, 10,  0,  0], device='cuda:0') and tensor([ 8,  6,  7,  9, 10,  0,  0], device='cuda:0'), tensor([ 8,  6,  7,  9, 10,  0,  0], device='cuda:0')
Tar: tensor([[ 8,  6,  7,  9, 10,  0,  0],
        [ 6,  7,  8,  9, 10,  0,  0],
        [ 6,  8,  7,  9, 10,  0,  0]], device='cuda:0')
-----------------------------------------------------------------------------------------
| end of epoch  34 | time: 22.60s | valid acc 57.671%| Best Model from Epoch 30 with 66.047%
-----------------------------------------------------------------------------------------
| epoch  35 |     9/   47 batches | lr_step  1690 | lr  0.000418 |acc  80.020%| ms/batch 161.11 | loss 0.2463562 
| epoch  35 |    19/   47 batches | lr_step  1700 | lr  0.000420 |acc  77.812%| ms/batch 176.78 | loss 0.2490722 
| epoch  35 |    29/   47 batches | lr_step  1710 | lr  0.000422 |acc  76.816%| ms/batch 233.74 | loss 0.2601829 
| epoch  35 |    39/   47 batches | lr_step  1720 | lr  0.000425 |acc  80.488%| ms/batch 185.92 | loss 0.2410281 
Pred: tensor([ 8,  6,  7,  9, 10,  0,  0], device='cuda:0') and tensor([12, 13, 11, 14, 15, 16, 17], device='cuda:0'), tensor([12, 13, 11, 14, 15, 16, 17], device='cuda:0')
Tar: tensor([[ 6,  7,  8,  9, 10,  0,  0],
        [12, 13, 11, 14, 15, 16, 17],
        [12, 11, 13, 14, 15, 16, 17]], device='cuda:0')
-----------------------------------------------------------------------------------------
| end of epoch  35 | time: 22.10s | valid acc 55.651%| Best Model from Epoch 30 with 66.047%
-----------------------------------------------------------------------------------------
| epoch  36 |     9/   47 batches | lr_step  1738 | lr  0.000429 |acc  78.789%| ms/batch 63.81 | loss 0.2455561 
| epoch  36 |    19/   47 batches | lr_step  1748 | lr  0.000432 |acc  79.629%| ms/batch 202.74 | loss 0.2501641 
| epoch  36 |    29/   47 batches | lr_step  1758 | lr  0.000434 |acc  79.785%| ms/batch 209.90 | loss 0.2355912 
| epoch  36 |    39/   47 batches | lr_step  1768 | lr  0.000437 |acc  77.715%| ms/batch 209.40 | loss 0.2555910 
Pred: tensor([ 8,  6,  7,  9, 10,  0,  0], device='cuda:0') and tensor([ 8,  6,  7,  9, 10,  0,  0], device='cuda:0'), tensor([12, 13, 11, 14, 15, 16, 17], device='cuda:0')
Tar: tensor([[ 6,  8,  7,  9, 10,  0,  0],
        [ 8,  6,  7,  9, 10,  0,  0],
        [12, 13, 11, 14, 15, 16, 17]], device='cuda:0')
-----------------------------------------------------------------------------------------
| end of epoch  36 | time: 20.90s | valid acc 62.407%| Best Model from Epoch 30 with 66.047%
-----------------------------------------------------------------------------------------
| epoch  37 |     9/   47 batches | lr_step  1786 | lr  0.000441 |acc  78.203%| ms/batch 214.09 | loss 0.2398514 
| epoch  37 |    19/   47 batches | lr_step  1796 | lr  0.000444 |acc  76.562%| ms/batch 184.75 | loss 0.2625361 
| epoch  37 |    29/   47 batches | lr_step  1806 | lr  0.000446 |acc  80.137%| ms/batch 203.79 | loss 0.2452239 
| epoch  37 |    39/   47 batches | lr_step  1816 | lr  0.000449 |acc  79.688%| ms/batch 172.78 | loss 0.2402253 
Pred: tensor([11, 12, 13, 14, 15, 16, 17], device='cuda:0') and tensor([12, 13, 11, 14, 15, 16, 17], device='cuda:0'), tensor([11, 12, 13, 14, 15, 16, 17], device='cuda:0')
Tar: tensor([[11, 12, 13, 14, 15, 16, 17],
        [11, 12, 13, 14, 15, 16, 17],
        [11, 12, 13, 14, 15, 16, 17]], device='cuda:0')
-----------------------------------------------------------------------------------------
| end of epoch  37 | time: 20.54s | valid acc 59.009%| Best Model from Epoch 30 with 66.047%
-----------------------------------------------------------------------------------------
| epoch  38 |     9/   47 batches | lr_step  1834 | lr  0.000453 |acc  78.203%| ms/batch 191.39 | loss 0.2531579 
| epoch  38 |    19/   47 batches | lr_step  1844 | lr  0.000456 |acc  79.512%| ms/batch 249.47 | loss 0.2393362 
| epoch  38 |    29/   47 batches | lr_step  1854 | lr  0.000458 |acc  80.156%| ms/batch 94.99 | loss 0.2456232 
| epoch  38 |    39/   47 batches | lr_step  1864 | lr  0.000461 |acc  80.332%| ms/batch 206.88 | loss 0.2354135 
Pred: tensor([11, 12, 13, 14, 15, 16, 17], device='cuda:0') and tensor([11, 12, 13, 14, 15, 16, 17], device='cuda:0'), tensor([11, 12, 13, 14, 15, 16, 17], device='cuda:0')
Tar: tensor([[11, 12, 13, 14, 15, 16, 17],
        [11, 12, 13, 14, 15, 16, 17],
        [12, 11, 13, 14, 15, 16, 17]], device='cuda:0')
-----------------------------------------------------------------------------------------
| end of epoch  38 | time: 21.63s | valid acc 63.282%| Best Model from Epoch 30 with 66.047%
-----------------------------------------------------------------------------------------
| epoch  39 |     9/   47 batches | lr_step  1882 | lr  0.000465 |acc  79.844%| ms/batch 269.91 | loss 0.2376196 
| epoch  39 |    19/   47 batches | lr_step  1892 | lr  0.000467 |acc  79.922%| ms/batch 168.56 | loss 0.2400282 
| epoch  39 |    29/   47 batches | lr_step  1902 | lr  0.000470 |acc  76.992%| ms/batch 213.98 | loss 0.2547910 
| epoch  39 |    39/   47 batches | lr_step  1912 | lr  0.000472 |acc  79.785%| ms/batch 168.41 | loss 0.2390516 
Pred: tensor([11, 12, 13, 14, 15, 16, 17], device='cuda:0') and tensor([12, 13, 11, 14, 15, 16, 17], device='cuda:0'), tensor([11, 12, 13, 14, 15, 16, 17], device='cuda:0')
Tar: tensor([[11, 12, 13, 14, 15, 16, 17],
        [12, 11, 13, 14, 15, 16, 17],
        [11, 12, 13, 14, 15, 16, 17]], device='cuda:0')
-----------------------------------------------------------------------------------------
| end of epoch  39 | time: 20.50s | valid acc 56.043%| Best Model from Epoch 30 with 66.047%
-----------------------------------------------------------------------------------------
| epoch  40 |     9/   47 batches | lr_step  1930 | lr  0.000477 |acc  80.527%| ms/batch 272.69 | loss 0.2356153 
| epoch  40 |    19/   47 batches | lr_step  1940 | lr  0.000479 |acc  78.965%| ms/batch 280.91 | loss 0.2441593 
| epoch  40 |    29/   47 batches | lr_step  1950 | lr  0.000482 |acc  78.281%| ms/batch 268.96 | loss 0.2426868 
| epoch  40 |    39/   47 batches | lr_step  1960 | lr  0.000484 |acc  78.809%| ms/batch 215.39 | loss 0.2481123 
Pred: tensor([ 8,  6,  7,  9, 10,  0,  0], device='cuda:0') and tensor([12, 13, 11, 14, 15, 16, 17], device='cuda:0'), tensor([ 8,  6,  7,  9, 10,  0,  0], device='cuda:0')
Tar: tensor([[ 6,  8,  7,  9, 10,  0,  0],
        [12, 13, 11, 14, 15, 16, 17],
        [ 8,  6,  7,  9, 10,  0,  0]], device='cuda:0')
-----------------------------------------------------------------------------------------
| end of epoch  40 | time: 23.12s | valid acc 56.867%| Best Model from Epoch 30 with 66.047%
-----------------------------------------------------------------------------------------
| epoch  41 |     9/   47 batches | lr_step  1978 | lr  0.000489 |acc  79.180%| ms/batch 262.69 | loss 0.2385782 
| epoch  41 |    19/   47 batches | lr_step  1988 | lr  0.000491 |acc  79.570%| ms/batch 271.60 | loss 0.2486436 
| epoch  41 |    29/   47 batches | lr_step  1998 | lr  0.000494 |acc  80.059%| ms/batch 247.05 | loss 0.2432981 
| epoch  41 |    39/   47 batches | lr_step  2008 | lr  0.000496 |acc  79.941%| ms/batch 258.05 | loss 0.2355281 
Pred: tensor([ 8,  6,  7,  9, 10,  0,  0], device='cuda:0') and tensor([14, 13, 11, 12, 15, 16, 17], device='cuda:0'), tensor([ 8,  6,  7,  9, 10,  0,  0], device='cuda:0')
Tar: tensor([[ 8,  6,  7,  9, 10,  0,  0],
        [11, 12, 13, 14, 15, 16, 17],
        [ 8,  6,  7,  9, 10,  0,  0]], device='cuda:0')
-----------------------------------------------------------------------------------------
| end of epoch  41 | time: 24.39s | valid acc 53.680%| Best Model from Epoch 30 with 66.047%
-----------------------------------------------------------------------------------------
| epoch  42 |     9/   47 batches | lr_step  2026 | lr  0.000501 |acc  78.613%| ms/batch 213.43 | loss 0.2417792 
| epoch  42 |    19/   47 batches | lr_step  2036 | lr  0.000503 |acc  80.020%| ms/batch 201.49 | loss 0.2360790 
| epoch  42 |    29/   47 batches | lr_step  2046 | lr  0.000505 |acc  79.590%| ms/batch 283.71 | loss 0.2522034 
| epoch  42 |    39/   47 batches | lr_step  2056 | lr  0.000508 |acc  81.699%| ms/batch 231.25 | loss 0.2310684 
Pred: tensor([11, 12, 13, 14, 15, 16, 17], device='cuda:0') and tensor([ 8,  6,  7,  9, 10,  0,  0], device='cuda:0'), tensor([11, 12, 15, 16, 13, 14, 17], device='cuda:0')
Tar: tensor([[11, 12, 13, 14, 15, 16, 17],
        [ 6,  8,  7,  9, 10,  0,  0],
        [11, 12, 13, 14, 15, 16, 17]], device='cuda:0')
-----------------------------------------------------------------------------------------
| end of epoch  42 | time: 22.57s | valid acc 59.391%| Best Model from Epoch 30 with 66.047%
-----------------------------------------------------------------------------------------
| epoch  43 |     9/   47 batches | lr_step  2074 | lr  0.000512 |acc  79.102%| ms/batch 268.09 | loss 0.2413310 
| epoch  43 |    19/   47 batches | lr_step  2084 | lr  0.000515 |acc  80.293%| ms/batch 75.96 | loss 0.2373119 
| epoch  43 |    29/   47 batches | lr_step  2094 | lr  0.000517 |acc  80.273%| ms/batch 183.57 | loss 0.2395702 
| epoch  43 |    39/   47 batches | lr_step  2104 | lr  0.000520 |acc  78.262%| ms/batch 188.14 | loss 0.2448270 
Pred: tensor([11, 12, 13, 14, 15, 16, 17], device='cuda:0') and tensor([12, 13, 11, 14, 15, 16, 17], device='cuda:0'), tensor([ 8,  6,  7,  9, 10,  0,  0], device='cuda:0')
Tar: tensor([[12, 11, 13, 14, 15, 16, 17],
        [12, 13, 11, 14, 15, 16, 17],
        [ 8,  6,  7,  9, 10,  0,  0]], device='cuda:0')
-----------------------------------------------------------------------------------------
| end of epoch  43 | time: 19.27s | valid acc 67.273%| Best Model from Epoch 30 with 66.047%
-----------------------------------------------------------------------------------------
-----------------------------------------------------------------------------------------
-----------------------------------------------------------------------------------------
| end of epoch  43 | time: 19.27s | valid acc 67.273%| 
-----------------------------------------------------------------------------------------
-----------------------------------------------------------------------------------------
| epoch  44 |     9/   47 batches | lr_step  2122 | lr  0.000524 |acc  80.098%| ms/batch 162.47 | loss 0.2292691 
| epoch  44 |    19/   47 batches | lr_step  2132 | lr  0.000527 |acc  78.535%| ms/batch 263.89 | loss 0.2415845 
| epoch  44 |    29/   47 batches | lr_step  2142 | lr  0.000529 |acc  79.258%| ms/batch 274.37 | loss 0.2491679 
| epoch  44 |    39/   47 batches | lr_step  2152 | lr  0.000532 |acc  80.625%| ms/batch 219.17 | loss 0.2344056 
Pred: tensor([ 8,  6,  7,  9, 10,  0,  0], device='cuda:0') and tensor([11, 12, 13, 14, 15, 16, 17], device='cuda:0'), tensor([11, 12, 13, 14, 15, 16, 17], device='cuda:0')
Tar: tensor([[ 8,  6,  7,  9, 10,  0,  0],
        [11, 12, 13, 14, 15, 16, 17],
        [12, 11, 13, 14, 15, 16, 17]], device='cuda:0')
-----------------------------------------------------------------------------------------
| end of epoch  44 | time: 23.82s | valid acc 65.484%| Best Model from Epoch 43 with 67.273%
-----------------------------------------------------------------------------------------
| epoch  45 |     9/   47 batches | lr_step  2170 | lr  0.000536 |acc  79.551%| ms/batch 111.05 | loss 0.2392674 
| epoch  45 |    19/   47 batches | lr_step  2180 | lr  0.000539 |acc  80.215%| ms/batch 149.15 | loss 0.2390440 
| epoch  45 |    29/   47 batches | lr_step  2190 | lr  0.000541 |acc  80.547%| ms/batch 187.47 | loss 0.2263484 
| epoch  45 |    39/   47 batches | lr_step  2200 | lr  0.000544 |acc  79.922%| ms/batch 231.64 | loss 0.2417961 
Pred: tensor([11, 12, 13, 14, 15, 16, 17], device='cuda:0') and tensor([11, 12, 13, 14, 15, 16, 17], device='cuda:0'), tensor([11, 12, 13, 14, 15, 16, 17], device='cuda:0')
Tar: tensor([[11, 12, 13, 14, 15, 16, 17],
        [12, 13, 11, 14, 15, 16, 17],
        [11, 12, 13, 14, 15, 16, 17]], device='cuda:0')
-----------------------------------------------------------------------------------------
| end of epoch  45 | time: 20.81s | valid acc 57.913%| Best Model from Epoch 43 with 67.273%
-----------------------------------------------------------------------------------------
| epoch  46 |     9/   47 batches | lr_step  2218 | lr  0.000548 |acc  79.512%| ms/batch 211.65 | loss 0.2412640 
| epoch  46 |    19/   47 batches | lr_step  2228 | lr  0.000550 |acc  80.723%| ms/batch 197.44 | loss 0.2413939 
| epoch  46 |    29/   47 batches | lr_step  2238 | lr  0.000553 |acc  80.293%| ms/batch 180.92 | loss 0.2387587 
| epoch  46 |    39/   47 batches | lr_step  2248 | lr  0.000555 |acc  79.980%| ms/batch 54.42 | loss 0.2332567 
Pred: tensor([ 8,  6,  7,  9, 10,  0,  0], device='cuda:0') and tensor([11, 12, 13, 14, 15, 16, 17], device='cuda:0'), tensor([11, 12, 13, 14, 15, 16, 17], device='cuda:0')
Tar: tensor([[ 8,  6,  7,  9, 10,  0,  0],
        [11, 12, 13, 14, 15, 16, 17],
        [11, 12, 13, 14, 15, 16, 17]], device='cuda:0')
-----------------------------------------------------------------------------------------
| end of epoch  46 | time: 20.09s | valid acc 66.328%| Best Model from Epoch 43 with 67.273%
-----------------------------------------------------------------------------------------
| epoch  47 |     9/   47 batches | lr_step  2266 | lr  0.000560 |acc  80.410%| ms/batch 245.08 | loss 0.2391568 
| epoch  47 |    19/   47 batches | lr_step  2276 | lr  0.000562 |acc  79.316%| ms/batch 101.78 | loss 0.2394103 
| epoch  47 |    29/   47 batches | lr_step  2286 | lr  0.000565 |acc  80.703%| ms/batch 179.55 | loss 0.2321043 
| epoch  47 |    39/   47 batches | lr_step  2296 | lr  0.000567 |acc  79.160%| ms/batch 182.47 | loss 0.2398723 
Pred: tensor([12, 11, 13, 14, 15, 16, 17], device='cuda:0') and tensor([ 8,  6,  7,  9, 10,  0,  0], device='cuda:0'), tensor([ 8,  6,  7,  9, 10,  0,  0], device='cuda:0')
Tar: tensor([[12, 11, 13, 14, 15, 16, 17],
        [ 8,  6,  7,  9, 10,  0,  0],
        [ 8,  6,  7,  9, 10,  0,  0]], device='cuda:0')
-----------------------------------------------------------------------------------------
| end of epoch  47 | time: 21.42s | valid acc 50.885%| Best Model from Epoch 43 with 67.273%
-----------------------------------------------------------------------------------------
| epoch  48 |     9/   47 batches | lr_step  2314 | lr  0.000572 |acc  79.180%| ms/batch 246.80 | loss 0.2367920 
| epoch  48 |    19/   47 batches | lr_step  2324 | lr  0.000574 |acc  79.707%| ms/batch 173.41 | loss 0.2380557 
| epoch  48 |    29/   47 batches | lr_step  2334 | lr  0.000577 |acc  80.527%| ms/batch 185.70 | loss 0.2313216 
| epoch  48 |    39/   47 batches | lr_step  2344 | lr  0.000579 |acc  80.293%| ms/batch 149.78 | loss 0.2355116 
Pred: tensor([ 6,  7,  8,  9, 10,  0,  0], device='cuda:0') and tensor([ 8,  6,  7,  9, 10,  0,  0], device='cuda:0'), tensor([11, 12, 13, 14, 15, 16, 17], device='cuda:0')
Tar: tensor([[ 6,  8,  7,  9, 10,  0,  0],
        [ 8,  6,  7,  9, 10,  0,  0],
        [11, 12, 13, 14, 15, 16, 17]], device='cuda:0')
-----------------------------------------------------------------------------------------
| end of epoch  48 | time: 20.79s | valid acc 58.064%| Best Model from Epoch 43 with 67.273%
-----------------------------------------------------------------------------------------
| epoch  49 |     9/   47 batches | lr_step  2362 | lr  0.000584 |acc  80.078%| ms/batch 252.31 | loss 0.2391453 
| epoch  49 |    19/   47 batches | lr_step  2372 | lr  0.000586 |acc  80.137%| ms/batch 239.38 | loss 0.2375124 
| epoch  49 |    29/   47 batches | lr_step  2382 | lr  0.000588 |acc  80.273%| ms/batch 236.12 | loss 0.2333754 
| epoch  49 |    39/   47 batches | lr_step  2392 | lr  0.000591 |acc  79.648%| ms/batch 67.20 | loss 0.2339986 
Pred: tensor([ 8,  6,  7,  9, 10,  0,  0], device='cuda:0') and tensor([ 6,  7,  8,  9, 10,  0,  0], device='cuda:0'), tensor([ 6,  7,  8,  9, 10,  0,  0], device='cuda:0')
Tar: tensor([[ 8,  6,  7,  9, 10,  0,  0],
        [ 6,  7,  8,  9, 10,  0,  0],
        [ 6,  7,  8,  9, 10,  0,  0]], device='cuda:0')
-----------------------------------------------------------------------------------------
| end of epoch  49 | time: 20.96s | valid acc 52.946%| Best Model from Epoch 43 with 67.273%
-----------------------------------------------------------------------------------------
| epoch  50 |     9/   47 batches | lr_step  2410 | lr  0.000595 |acc  80.840%| ms/batch 304.55 | loss 0.2352497 
| epoch  50 |    19/   47 batches | lr_step  2420 | lr  0.000598 |acc  81.016%| ms/batch 203.69 | loss 0.2324673 
| epoch  50 |    29/   47 batches | lr_step  2430 | lr  0.000600 |acc  80.039%| ms/batch 268.70 | loss 0.2333796 
| epoch  50 |    39/   47 batches | lr_step  2440 | lr  0.000603 |acc  80.371%| ms/batch 230.56 | loss 0.2354841 
Pred: tensor([12, 11, 13, 14, 15, 17, 16], device='cuda:0') and tensor([ 8,  6,  7,  9, 10,  0,  0], device='cuda:0'), tensor([ 6,  7,  8,  9, 10,  0,  0], device='cuda:0')
Tar: tensor([[12, 11, 13, 14, 15, 16, 17],
        [ 6,  7,  8,  9, 10,  0,  0],
        [ 6,  7,  8,  9, 10,  0,  0]], device='cuda:0')
-----------------------------------------------------------------------------------------
| end of epoch  50 | time: 23.08s | valid acc 52.674%| Best Model from Epoch 43 with 67.273%
-----------------------------------------------------------------------------------------
| epoch  51 |     9/   47 batches | lr_step  2458 | lr  0.000607 |acc  81.133%| ms/batch 134.85 | loss 0.2282669 
| epoch  51 |    19/   47 batches | lr_step  2468 | lr  0.000610 |acc  80.195%| ms/batch 264.48 | loss 0.2375694 
| epoch  51 |    29/   47 batches | lr_step  2478 | lr  0.000612 |acc  80.781%| ms/batch 241.71 | loss 0.2354774 
| epoch  51 |    39/   47 batches | lr_step  2488 | lr  0.000615 |acc  79.961%| ms/batch 269.28 | loss 0.2297369 
Pred: tensor([ 6,  7,  8,  9, 10,  0,  0], device='cuda:0') and tensor([ 6,  8,  7,  9, 10,  0,  0], device='cuda:0'), tensor([16, 13, 11, 14, 15, 12, 17], device='cuda:0')
Tar: tensor([[ 8,  6,  7,  9, 10,  0,  0],
        [ 8,  6,  7,  9, 10,  0,  0],
        [11, 12, 13, 14, 15, 16, 17]], device='cuda:0')
-----------------------------------------------------------------------------------------
| end of epoch  51 | time: 22.90s | valid acc 47.426%| Best Model from Epoch 43 with 67.273%
-----------------------------------------------------------------------------------------
| epoch  52 |     9/   47 batches | lr_step  2506 | lr  0.000619 |acc  79.883%| ms/batch 188.09 | loss 0.2283340 
| epoch  52 |    19/   47 batches | lr_step  2516 | lr  0.000622 |acc  79.180%| ms/batch 182.18 | loss 0.2389829 
| epoch  52 |    29/   47 batches | lr_step  2526 | lr  0.000624 |acc  80.273%| ms/batch 268.14 | loss 0.2430342 
| epoch  52 |    39/   47 batches | lr_step  2536 | lr  0.000627 |acc  81.387%| ms/batch 275.34 | loss 0.2303894 
Pred: tensor([ 6,  8,  7,  9, 10,  0,  0], device='cuda:0') and tensor([ 8,  6,  7,  9, 10,  0,  0], device='cuda:0'), tensor([ 8,  6,  7,  9, 10,  0,  0], device='cuda:0')
Tar: tensor([[ 6,  7,  8,  9, 10,  0,  0],
        [ 6,  8,  7,  9, 10,  0,  0],
        [ 8,  6,  7,  9, 10,  0,  0]], device='cuda:0')
-----------------------------------------------------------------------------------------
| end of epoch  52 | time: 23.54s | valid acc 58.828%| Best Model from Epoch 43 with 67.273%
-----------------------------------------------------------------------------------------
| epoch  53 |     9/   47 batches | lr_step  2554 | lr  0.000631 |acc  80.234%| ms/batch 133.27 | loss 0.2342550 
| epoch  53 |    19/   47 batches | lr_step  2564 | lr  0.000633 |acc  80.605%| ms/batch 115.85 | loss 0.2403617 
| epoch  53 |    29/   47 batches | lr_step  2574 | lr  0.000636 |acc  81.660%| ms/batch 211.83 | loss 0.2246881 
| epoch  53 |    39/   47 batches | lr_step  2584 | lr  0.000638 |acc  78.945%| ms/batch 217.70 | loss 0.2372475 
Pred: tensor([ 8,  6,  7,  9, 10,  0,  0], device='cuda:0') and tensor([13, 12, 14, 11, 15, 16, 17], device='cuda:0'), tensor([11, 12, 13, 14, 15, 16, 17], device='cuda:0')
Tar: tensor([[ 6,  7,  8,  9, 10,  0,  0],
        [12, 13, 11, 14, 15, 16, 17],
        [11, 12, 13, 14, 15, 16, 17]], device='cuda:0')
-----------------------------------------------------------------------------------------
| end of epoch  53 | time: 20.76s | valid acc 57.521%| Best Model from Epoch 43 with 67.273%
-----------------------------------------------------------------------------------------
| epoch  54 |     9/   47 batches | lr_step  2602 | lr  0.000643 |acc  80.586%| ms/batch 185.50 | loss 0.2329985 
| epoch  54 |    19/   47 batches | lr_step  2612 | lr  0.000645 |acc  80.137%| ms/batch 189.76 | loss 0.2355494 
| epoch  54 |    29/   47 batches | lr_step  2622 | lr  0.000648 |acc  81.699%| ms/batch 207.04 | loss 0.2319416 
| epoch  54 |    39/   47 batches | lr_step  2632 | lr  0.000650 |acc  80.684%| ms/batch 228.04 | loss 0.2297472 
Pred: tensor([12, 13, 11, 14, 15, 16, 17], device='cuda:0') and tensor([12, 13, 11, 14, 15, 16, 17], device='cuda:0'), tensor([12, 13, 11, 14, 15, 16, 17], device='cuda:0')
Tar: tensor([[11, 12, 13, 14, 15, 16, 17],
        [12, 13, 11, 14, 15, 16, 17],
        [12, 11, 13, 14, 15, 16, 17]], device='cuda:0')
-----------------------------------------------------------------------------------------
| end of epoch  54 | time: 21.84s | valid acc 47.446%| Best Model from Epoch 43 with 67.273%
-----------------------------------------------------------------------------------------
| epoch  55 |     9/   47 batches | lr_step  2650 | lr  0.000655 |acc  80.996%| ms/batch 216.89 | loss 0.2325627 
| epoch  55 |    19/   47 batches | lr_step  2660 | lr  0.000657 |acc  79.805%| ms/batch 264.73 | loss 0.2421891 
| epoch  55 |    29/   47 batches | lr_step  2670 | lr  0.000660 |acc  80.117%| ms/batch 185.11 | loss 0.2331261 
| epoch  55 |    39/   47 batches | lr_step  2680 | lr  0.000662 |acc  82.500%| ms/batch 180.51 | loss 0.2250333 
Pred: tensor([ 8,  6,  7,  9, 10,  0,  0], device='cuda:0') and tensor([ 8,  6,  7,  9, 10,  0,  0], device='cuda:0'), tensor([ 8,  6,  7,  9, 10,  0,  0], device='cuda:0')
Tar: tensor([[ 6,  8,  7,  9, 10,  0,  0],
        [ 6,  7,  8,  9, 10,  0,  0],
        [ 6,  7,  8,  9, 10,  0,  0]], device='cuda:0')
-----------------------------------------------------------------------------------------
| end of epoch  55 | time: 21.92s | valid acc 51.810%| Best Model from Epoch 43 with 67.273%
-----------------------------------------------------------------------------------------
| epoch  56 |     9/   47 batches | lr_step  2698 | lr  0.000667 |acc  79.922%| ms/batch 121.74 | loss 0.2305091 
| epoch  56 |    19/   47 batches | lr_step  2708 | lr  0.000669 |acc  80.156%| ms/batch 262.53 | loss 0.2390899 
| epoch  56 |    29/   47 batches | lr_step  2718 | lr  0.000671 |acc  81.270%| ms/batch 214.92 | loss 0.2341395 
| epoch  56 |    39/   47 batches | lr_step  2728 | lr  0.000674 |acc  79.688%| ms/batch 162.29 | loss 0.2333596 
Pred: tensor([ 8,  6,  7,  9, 10,  0,  0], device='cuda:0') and tensor([11, 12, 13, 14, 15, 16, 17], device='cuda:0'), tensor([ 8,  6,  7,  9, 10,  0,  0], device='cuda:0')
Tar: tensor([[ 8,  6,  7,  9, 10,  0,  0],
        [11, 12, 13, 14, 15, 16, 17],
        [ 8,  6,  7,  9, 10,  0,  0]], device='cuda:0')
-----------------------------------------------------------------------------------------
| end of epoch  56 | time: 21.22s | valid acc 58.234%| Best Model from Epoch 43 with 67.273%
-----------------------------------------------------------------------------------------
| epoch  57 |     9/   47 batches | lr_step  2746 | lr  0.000678 |acc  78.848%| ms/batch 284.55 | loss 0.2425600 
| epoch  57 |    19/   47 batches | lr_step  2756 | lr  0.000681 |acc  80.469%| ms/batch 254.03 | loss 0.2356979 
| epoch  57 |    29/   47 batches | lr_step  2766 | lr  0.000683 |acc  81.738%| ms/batch 80.77 | loss 0.2303062 
| epoch  57 |    39/   47 batches | lr_step  2776 | lr  0.000686 |acc  81.562%| ms/batch 130.09 | loss 0.2227848 
Pred: tensor([12, 13, 11, 14, 15, 16, 17], device='cuda:0') and tensor([12, 13, 11, 14, 15, 16, 17], device='cuda:0'), tensor([ 8,  6,  7,  9, 10,  0,  0], device='cuda:0')
Tar: tensor([[12, 13, 11, 14, 15, 16, 17],
        [12, 13, 11, 14, 15, 16, 17],
        [ 8,  6,  7,  9, 10,  0,  0]], device='cuda:0')
-----------------------------------------------------------------------------------------
| end of epoch  57 | time: 21.37s | valid acc 58.234%| Best Model from Epoch 43 with 67.273%
-----------------------------------------------------------------------------------------
| epoch  58 |     9/   47 batches | lr_step  2794 | lr  0.000690 |acc  81.484%| ms/batch 210.84 | loss 0.2350646 
| epoch  58 |    19/   47 batches | lr_step  2804 | lr  0.000693 |acc  80.293%| ms/batch 247.13 | loss 0.2377428 
| epoch  58 |    29/   47 batches | lr_step  2814 | lr  0.000695 |acc  80.273%| ms/batch 266.69 | loss 0.2303328 
| epoch  58 |    39/   47 batches | lr_step  2824 | lr  0.000698 |acc  81.562%| ms/batch 271.10 | loss 0.2245585 
Pred: tensor([ 6,  7,  8,  9, 10,  0,  0], device='cuda:0') and tensor([ 6,  7,  8,  9, 10,  0,  0], device='cuda:0'), tensor([12, 13, 14, 15, 11, 17, 16], device='cuda:0')
Tar: tensor([[ 6,  8,  7,  9, 10,  0,  0],
        [ 8,  6,  7,  9, 10,  0,  0],
        [12, 13, 11, 14, 15, 16, 17]], device='cuda:0')
-----------------------------------------------------------------------------------------
| end of epoch  58 | time: 23.39s | valid acc 46.189%| Best Model from Epoch 43 with 67.273%
-----------------------------------------------------------------------------------------
Pred: tensor([ 8,  6,  7,  9, 10,  0,  0], device='cuda:0') and tensor([11, 12, 13, 14, 15, 16, 17], device='cuda:0'), tensor([11, 12, 13, 14, 15, 16, 17], device='cuda:0')
Tar: tensor([[ 6,  7,  8,  9, 10,  0,  0],
        [11, 12, 13, 14, 15, 16, 17],
        [11, 12, 13, 14, 15, 16, 17]], device='cuda:0')
=========================================================================================
| End of training | test loss 69.00 | test acc 66.29% | Best Model from Epoch 43
=========================================================================================
