
198
19802
19802
0 ['a2', 'e3', 'c5', 'f6', 'g7'] (['c5', 'e3', 'a2', 'g7', 'f6'], 0) ['a2', 'e3', 'c5', 'f6', 'g7']
1000 ['e3', 'c5', 'b4', 'a2', 'f6', 'g7'] (['e3', 'c5', 'b4', 'g7', 'f6', 'a2'], 0) ['e3', 'c5', 'b4', 'a2', 'f6', 'g7']
2000 ['c5', 'e3', 'b4', 'a2'] (['c5', 'e3', 'b4', 'a2'], 0) ['c5', 'e3', 'b4', 'a2']
3000 ['d8', 'b9', 'c10', 'f11', 'g12', 'b9'] (['b9', 'd8', 'f11', 'c10', 'g12', 'b9'], 0) ['d8', 'b9', 'c10', 'f11', 'g12', 'b9']
4000 ['g12', 'b9', 'c10', 'f11', 'd8'] (['g12', 'b9', 'c10', 'f11', 'd8'], 0.010101010101010102) ['g12', 'b9', 'c10', 'f11', 'd8']
5000 ['d8', 'b9', 'c10', 'f11', 'g12'] (['d8', 'b9', 'c10', 'f11', 'g12'], 0.13636363636363635) ['d8', 'b9', 'c10', 'f11', 'g12']
6000 ['a2', 'e3', 'b4', 'c5', 'f6', 'g7'] (['a2', 'e3', 'b4', 'c5', 'f6', 'g7'], 0.10101010101010101) ['a2', 'e3', 'b4', 'c5', 'f6', 'g7']
7000 ['e3', 'a2', 'b4', 'c5', 'f6', 'g7'] (['a2', 'e3', 'b4', 'c5', 'f6', 'g7'], 0.10101010101010101) ['e3', 'a2', 'b4', 'c5', 'f6', 'g7']
8000 ['d8', 'b9', 'c10', 'f11', 'g12'] (['d8', 'b9', 'c10', 'f11', 'g12'], 0.13636363636363635) ['d8', 'b9', 'c10', 'f11', 'g12']
9000 ['d8', 'b9', 'b9', 'f11', 'g12', 'c10'] (['d8', 'c10', 'f11', 'g12', 'b9', 'b9'], 0) ['d8', 'b9', 'b9', 'f11', 'g12', 'c10']
10000 ['a2', 'e3', 'b4', 'c5', 'g7'] (['a2', 'b4', 'e3', 'c5', 'g7'], 0.005050505050505051) ['a2', 'e3', 'b4', 'c5', 'g7']
11000 ['d8', 'b9', 'c10', 'f11', 'g12', 'b9'] (['f11', 'd8', 'g12', 'c10', 'b9', 'b9'], 0) ['d8', 'b9', 'c10', 'f11', 'g12', 'b9']
12000 ['d8', 'g12', 'c10', 'f11', 'b9'] (['d8', 'g12', 'c10', 'f11', 'b9'], 0.005050505050505051) ['d8', 'g12', 'c10', 'f11', 'b9']
13000 ['e3', 'a2', 'c5', 'f6', 'g7'] (['f6', 'g7', 'e3', 'a2', 'c5'], 0) ['e3', 'a2', 'c5', 'f6', 'g7']
14000 ['d8', 'b9', 'g12', 'f11', 'c10', 'd8'] (['d8', 'b9', 'c10', 'f11', 'g12', 'd8'], 0.010101010101010102) ['d8', 'b9', 'g12', 'f11', 'c10', 'd8']
15000 ['a2', 'e3', 'b4', 'c5', 'f6', 'g7'] (['a2', 'e3', 'b4', 'c5', 'f6', 'g7'], 0.10101010101010101) ['a2', 'e3', 'b4', 'c5', 'f6', 'g7']
16000 ['a2', 'e3', 'b4', 'c5', 'f6', 'g7'] (['a2', 'e3', 'b4', 'c5', 'f6', 'g7'], 0.10101010101010101) ['a2', 'e3', 'b4', 'c5', 'f6', 'g7']
17000 ['e3', 'a2', 'b4', 'c5', 'f6', 'g7'] (['a2', 'e3', 'b4', 'c5', 'f6', 'g7'], 0.10101010101010101) ['e3', 'a2', 'b4', 'c5', 'f6', 'g7']
18000 ['d8', 'b9', 'c10', 'f11', 'g12'] (['d8', 'b9', 'c10', 'f11', 'g12'], 0.13636363636363635) ['d8', 'b9', 'c10', 'f11', 'g12']
19000 ['e3', 'a2', 'b4', 'c5', 'f6', 'g7'] (['e3', 'a2', 'b4', 'c5', 'f6', 'g7'], 0.07575757575757576) ['e3', 'a2', 'b4', 'c5', 'f6', 'g7']

Accuracy: 0.5991314008685992
Running experiment on N = 2

Accuracy: 0.6492273507726493



0
1000
2000
3000
4000
5000
6000
7000
8000
9000
10000
11000
12000
13000
14000
15000
16000
17000
18000
19000

Accuracy: 0.6162508837491163
