-----------------------------------------------------------------------------------------
Parameter Settings:
EIUES:                            0.3
Ratio uncertain traces:           0.995

Type:                             encoder_GREEDY
No. warmup steps:                 8674.197443307068
LR factor                         0.10913074064862899 
Embedding dimension:              64
Dimension of feedforward network: 1024
Number of transformer layers:     2
Number of attentions heads:       8
Dropout:                          0.552360223785773
Total number of epochs:           150
-----------------------------------------------------------------------------------------
| epoch   0 |    49/  350 batches | lr_step  50 | lr  0.000001 |acc  0.000%| ms/batch 16.70 | loss 2.2368917 
| epoch   0 |    99/  350 batches | lr_step  100 | lr  0.000002 |acc  0.000%| ms/batch 17.50 | loss 2.1948204 
| epoch   0 |   149/  350 batches | lr_step  150 | lr  0.000003 |acc  0.000%| ms/batch 16.73 | loss 2.2019405 
| epoch   0 |   199/  350 batches | lr_step  200 | lr  0.000003 |acc  0.000%| ms/batch 15.61 | loss 2.1058468 
| epoch   0 |   249/  350 batches | lr_step  250 | lr  0.000004 |acc  0.000%| ms/batch 11.15 | loss 2.0422631 
| epoch   0 |   299/  350 batches | lr_step  300 | lr  0.000005 |acc  0.000%| ms/batch 14.63 | loss 1.9727107 
| epoch   0 |   349/  350 batches | lr_step  350 | lr  0.000006 |acc  0.000%| ms/batch 15.86 | loss 1.8459744 
Pred: tensor([ 8,  7,  9,  6, 12, 11,  0,  0,  0,  0], device='cuda:0') and tensor([13, 14, 15, 16, 19, 14, 20,  0,  0,  0], device='cuda:0'), tensor([ 8,  7,  9, 10, 11, 12,  0,  0,  0,  0], device='cuda:0')
Tar: tensor([[ 8,  7,  9,  6, 12, 11,  0,  0,  0,  0],
        [13, 14, 15, 16, 19, 14, 20,  0,  0,  0],
        [ 8,  7,  9, 10, 11, 12,  0,  0,  0,  0]], device='cuda:0')
-----------------------------------------------------------------------------------------
| end of epoch   0 | time: 11.68s | valid acc 27.999%| Best Model from Epoch 0 with  -inf%
-----------------------------------------------------------------------------------------
-----------------------------------------------------------------------------------------
-----------------------------------------------------------------------------------------
| end of epoch   0 | time: 11.68s | valid loss 69.0000000 | valid acc 27.999%| 
-----------------------------------------------------------------------------------------
-----------------------------------------------------------------------------------------
| epoch   1 |    49/  350 batches | lr_step  401 | lr  0.000007 |acc  0.031%| ms/batch 16.84 | loss 1.7894868 
| epoch   1 |    99/  350 batches | lr_step  451 | lr  0.000008 |acc  0.000%| ms/batch 16.70 | loss 1.6908112 
| epoch   1 |   149/  350 batches | lr_step  501 | lr  0.000008 |acc  0.031%| ms/batch 18.02 | loss 1.6831455 
| epoch   1 |   199/  350 batches | lr_step  551 | lr  0.000009 |acc  0.000%| ms/batch 17.68 | loss 1.6462413 
| epoch   1 |   249/  350 batches | lr_step  601 | lr  0.000010 |acc  0.000%| ms/batch 12.78 | loss 1.6167121 
| epoch   1 |   299/  350 batches | lr_step  651 | lr  0.000011 |acc  0.094%| ms/batch 16.45 | loss 1.6194706 
| epoch   1 |   349/  350 batches | lr_step  701 | lr  0.000012 |acc  0.125%| ms/batch 16.63 | loss 1.5722858 
Pred: tensor([ 6,  7,  8,  9, 10, 12, 21,  0,  0,  0], device='cuda:0') and tensor([13, 14, 15, 16, 17, 19, 18,  0,  0,  0], device='cuda:0'), tensor([18, 14, 17, 15, 16, 19, 13,  0,  0,  0], device='cuda:0')
Tar: tensor([[ 6,  7,  9,  8, 10, 12, 21,  0,  0,  0],
        [13, 14, 15, 16, 17, 19, 18,  0,  0,  0],
        [18, 17, 14, 15, 16, 19, 13,  0,  0,  0]], device='cuda:0')
-----------------------------------------------------------------------------------------
| end of epoch   1 | time: 11.59s | valid acc 33.504%| Best Model from Epoch 0 with 27.999%
-----------------------------------------------------------------------------------------
-----------------------------------------------------------------------------------------
-----------------------------------------------------------------------------------------
| end of epoch   1 | time: 11.59s | valid loss 69.0000000 | valid acc 33.504%| 
-----------------------------------------------------------------------------------------
-----------------------------------------------------------------------------------------
| epoch   2 |    49/  350 batches | lr_step  752 | lr  0.000013 |acc  0.062%| ms/batch 13.79 | loss 1.5637194 
| epoch   2 |    99/  350 batches | lr_step  802 | lr  0.000014 |acc  0.094%| ms/batch 13.47 | loss 1.5500523 
| epoch   2 |   149/  350 batches | lr_step  852 | lr  0.000014 |acc  0.062%| ms/batch  8.86 | loss 1.5404264 
| epoch   2 |   199/  350 batches | lr_step  902 | lr  0.000015 |acc  0.156%| ms/batch 13.27 | loss 1.4989260 
| epoch   2 |   249/  350 batches | lr_step  952 | lr  0.000016 |acc  0.031%| ms/batch  9.19 | loss 1.4895879 
| epoch   2 |   299/  350 batches | lr_step  1002 | lr  0.000017 |acc  0.094%| ms/batch 13.32 | loss 1.4685682 
| epoch   2 |   349/  350 batches | lr_step  1052 | lr  0.000018 |acc  0.031%| ms/batch 13.31 | loss 1.4839117 
Pred: tensor([ 6,  8,  7, 11, 10,  9,  0,  0,  0,  0], device='cuda:0') and tensor([ 6,  7,  8,  9, 10,  9, 12, 11,  0,  0], device='cuda:0'), tensor([ 6, 10,  8,  7, 12,  9, 11,  9,  0,  0], device='cuda:0')
Tar: tensor([[ 6,  8,  7, 10,  9, 11,  0,  0,  0,  0],
        [ 6,  7,  8,  9, 10,  9, 12, 11,  0,  0],
        [ 6, 10,  8,  7, 12,  9, 11,  9,  0,  0]], device='cuda:0')
-----------------------------------------------------------------------------------------
| end of epoch   2 | time:  9.18s | valid acc 35.322%| Best Model from Epoch 1 with 33.504%
-----------------------------------------------------------------------------------------
-----------------------------------------------------------------------------------------
-----------------------------------------------------------------------------------------
| end of epoch   2 | time:  9.18s | valid loss 69.0000000 | valid acc 35.322%| 
-----------------------------------------------------------------------------------------
-----------------------------------------------------------------------------------------
| epoch   3 |    49/  350 batches | lr_step  1103 | lr  0.000019 |acc  0.000%| ms/batch 13.75 | loss 1.4395082 
| epoch   3 |    99/  350 batches | lr_step  1153 | lr  0.000019 |acc  0.094%| ms/batch 13.68 | loss 1.4354095 
| epoch   3 |   149/  350 batches | lr_step  1203 | lr  0.000020 |acc  0.188%| ms/batch  9.48 | loss 1.4148652 
| epoch   3 |   199/  350 batches | lr_step  1253 | lr  0.000021 |acc  0.031%| ms/batch 13.70 | loss 1.4291267 
| epoch   3 |   249/  350 batches | lr_step  1303 | lr  0.000022 |acc  0.125%| ms/batch 13.96 | loss 1.4407836 
| epoch   3 |   299/  350 batches | lr_step  1353 | lr  0.000023 |acc  0.062%| ms/batch  8.77 | loss 1.3912856 
| epoch   3 |   349/  350 batches | lr_step  1403 | lr  0.000024 |acc  0.125%| ms/batch 13.42 | loss 1.3840909 
Pred: tensor([ 6,  8,  7, 10, 12,  7,  9, 11,  6], device='cuda:0') and tensor([ 9,  8,  7, 10,  6, 12,  0,  0,  0], device='cuda:0'), tensor([ 6, 11,  7,  8, 10,  9, 12,  0,  0], device='cuda:0')
Tar: tensor([[ 6,  8, 10,  7,  9, 12,  7, 11,  6],
        [ 9,  7,  8, 10,  6, 12,  0,  0,  0],
        [ 6, 11,  7,  9,  8, 10, 12,  0,  0]], device='cuda:0')
-----------------------------------------------------------------------------------------
| end of epoch   3 | time:  9.31s | valid acc 37.523%| Best Model from Epoch 2 with 35.322%
-----------------------------------------------------------------------------------------
-----------------------------------------------------------------------------------------
-----------------------------------------------------------------------------------------
| end of epoch   3 | time:  9.31s | valid loss 69.0000000 | valid acc 37.523%| 
-----------------------------------------------------------------------------------------
-----------------------------------------------------------------------------------------
| epoch   4 |    49/  350 batches | lr_step  1454 | lr  0.000025 |acc  0.031%| ms/batch 14.02 | loss 1.3866329 
| epoch   4 |    99/  350 batches | lr_step  1504 | lr  0.000025 |acc  0.156%| ms/batch  9.35 | loss 1.3739664 
| epoch   4 |   149/  350 batches | lr_step  1554 | lr  0.000026 |acc  0.094%| ms/batch 13.08 | loss 1.3928937 
| epoch   4 |   199/  350 batches | lr_step  1604 | lr  0.000027 |acc  0.031%| ms/batch  8.76 | loss 1.3245127 
| epoch   4 |   249/  350 batches | lr_step  1654 | lr  0.000028 |acc  0.094%| ms/batch 14.31 | loss 1.3279526 
| epoch   4 |   299/  350 batches | lr_step  1704 | lr  0.000029 |acc  0.000%| ms/batch 14.00 | loss 1.3198212 
| epoch   4 |   349/  350 batches | lr_step  1754 | lr  0.000030 |acc  0.031%| ms/batch  9.48 | loss 1.3330411 
Pred: tensor([ 7,  8, 10,  9, 12,  6, 11,  0,  0,  0], device='cuda:0') and tensor([ 6,  7,  8, 11, 10,  9, 12,  8,  0,  0], device='cuda:0'), tensor([ 6,  7,  9,  8, 12, 21,  0,  0,  0,  0], device='cuda:0')
Tar: tensor([[ 7,  8, 10,  9, 12, 11,  6,  0,  0,  0],
        [ 6,  7, 11,  8, 10,  9, 12,  8,  0,  0],
        [ 6,  7,  9,  8, 12, 21,  0,  0,  0,  0]], device='cuda:0')
-----------------------------------------------------------------------------------------
| end of epoch   4 | time:  9.16s | valid acc 38.437%| Best Model from Epoch 3 with 37.523%
-----------------------------------------------------------------------------------------
-----------------------------------------------------------------------------------------
-----------------------------------------------------------------------------------------
| end of epoch   4 | time:  9.16s | valid loss 69.0000000 | valid acc 38.437%| 
-----------------------------------------------------------------------------------------
-----------------------------------------------------------------------------------------
| epoch   5 |    49/  350 batches | lr_step  1805 | lr  0.000030 |acc  0.031%| ms/batch 13.60 | loss 1.2823814 
| epoch   5 |    99/  350 batches | lr_step  1855 | lr  0.000031 |acc  0.031%| ms/batch 13.97 | loss 1.3257748 
| epoch   5 |   149/  350 batches | lr_step  1905 | lr  0.000032 |acc  0.094%| ms/batch  9.41 | loss 1.2975199 
| epoch   5 |   199/  350 batches | lr_step  1955 | lr  0.000033 |acc  0.062%| ms/batch 14.31 | loss 1.2670226 
| epoch   5 |   249/  350 batches | lr_step  2005 | lr  0.000034 |acc  0.281%| ms/batch 14.21 | loss 1.2810893 
| epoch   5 |   299/  350 batches | lr_step  2055 | lr  0.000035 |acc  0.094%| ms/batch  9.27 | loss 1.2255214 
| epoch   5 |   349/  350 batches | lr_step  2105 | lr  0.000036 |acc  0.094%| ms/batch 13.41 | loss 1.2376374 
Pred: tensor([ 6,  8,  7,  9, 12, 11,  0,  0,  0,  0], device='cuda:0') and tensor([ 9, 10,  8,  7,  6, 12, 11,  0,  0,  0], device='cuda:0'), tensor([13, 16, 14, 17, 19, 15, 20, 14, 13,  0], device='cuda:0')
Tar: tensor([[ 6,  8,  7,  9, 11, 12,  0,  0,  0,  0],
        [ 9,  8, 10,  7,  6, 11, 12,  0,  0,  0],
        [13, 16, 17, 14, 15, 19, 20, 14, 13,  0]], device='cuda:0')
-----------------------------------------------------------------------------------------
| end of epoch   5 | time:  9.28s | valid acc 39.009%| Best Model from Epoch 4 with 38.437%
-----------------------------------------------------------------------------------------
-----------------------------------------------------------------------------------------
-----------------------------------------------------------------------------------------
| end of epoch   5 | time:  9.28s | valid loss 69.0000000 | valid acc 39.009%| 
-----------------------------------------------------------------------------------------
-----------------------------------------------------------------------------------------
| epoch   6 |    49/  350 batches | lr_step  2156 | lr  0.000036 |acc  0.094%| ms/batch  9.38 | loss 1.2520132 
| epoch   6 |    99/  350 batches | lr_step  2206 | lr  0.000037 |acc  0.125%| ms/batch 15.23 | loss 1.2131685 
| epoch   6 |   149/  350 batches | lr_step  2256 | lr  0.000038 |acc  0.000%| ms/batch 16.44 | loss 1.2268608 
| epoch   6 |   199/  350 batches | lr_step  2306 | lr  0.000039 |acc  0.062%| ms/batch 16.34 | loss 1.1995457 
| epoch   6 |   249/  350 batches | lr_step  2356 | lr  0.000040 |acc  0.094%| ms/batch 12.37 | loss 1.1902698 
| epoch   6 |   299/  350 batches | lr_step  2406 | lr  0.000041 |acc  0.094%| ms/batch 12.13 | loss 1.1768908 
| epoch   6 |   349/  350 batches | lr_step  2456 | lr  0.000041 |acc  0.031%| ms/batch 13.68 | loss 1.1812341 
Pred: tensor([ 6,  8, 10, 12,  9,  7, 21,  8,  0,  0], device='cuda:0') and tensor([ 7,  9, 12,  8, 11,  0,  0,  0,  0,  0], device='cuda:0'), tensor([13, 14, 15, 17, 16, 19, 20,  0,  0,  0], device='cuda:0')
Tar: tensor([[ 6,  8, 10, 12,  9,  7, 21,  8,  0,  0],
        [ 7,  9,  8, 11, 12,  0,  0,  0,  0,  0],
        [17, 14, 15, 16, 13, 19, 20,  0,  0,  0]], device='cuda:0')
-----------------------------------------------------------------------------------------
| end of epoch   6 | time: 10.35s | valid acc 40.265%| Best Model from Epoch 5 with 39.009%
-----------------------------------------------------------------------------------------
-----------------------------------------------------------------------------------------
-----------------------------------------------------------------------------------------
| end of epoch   6 | time: 10.35s | valid loss 69.0000000 | valid acc 40.265%| 
-----------------------------------------------------------------------------------------
-----------------------------------------------------------------------------------------
| epoch   7 |    49/  350 batches | lr_step  2507 | lr  0.000042 |acc  0.156%| ms/batch 14.14 | loss 1.1341879 
| epoch   7 |    99/  350 batches | lr_step  2557 | lr  0.000043 |acc  0.125%| ms/batch 14.58 | loss 1.1528320 
| epoch   7 |   149/  350 batches | lr_step  2607 | lr  0.000044 |acc  0.188%| ms/batch 11.28 | loss 1.1555336 
| epoch   7 |   199/  350 batches | lr_step  2657 | lr  0.000045 |acc  0.062%| ms/batch 15.41 | loss 1.1399567 
| epoch   7 |   249/  350 batches | lr_step  2707 | lr  0.000046 |acc  0.094%| ms/batch 16.11 | loss 1.1429580 
| epoch   7 |   299/  350 batches | lr_step  2757 | lr  0.000047 |acc  0.062%| ms/batch 13.54 | loss 1.1275148 
| epoch   7 |   349/  350 batches | lr_step  2807 | lr  0.000047 |acc  0.156%| ms/batch 12.34 | loss 1.1333468 
Pred: tensor([13, 16, 15, 17, 19, 18,  0,  0,  0], device='cuda:0') and tensor([13, 16, 17, 14, 15, 19, 18, 16,  0], device='cuda:0'), tensor([ 6,  8,  7, 10,  9, 11, 12,  8,  0], device='cuda:0')
Tar: tensor([[13, 15, 16, 17, 18, 19,  0,  0,  0],
        [13, 16, 17, 14, 15, 19, 18, 16,  0],
        [ 6,  8, 10,  7,  9, 11, 12,  8,  0]], device='cuda:0')
-----------------------------------------------------------------------------------------
| end of epoch   7 | time: 10.47s | valid acc 40.577%| Best Model from Epoch 6 with 40.265%
-----------------------------------------------------------------------------------------
-----------------------------------------------------------------------------------------
-----------------------------------------------------------------------------------------
| end of epoch   7 | time: 10.47s | valid loss 69.0000000 | valid acc 40.577%| 
-----------------------------------------------------------------------------------------
-----------------------------------------------------------------------------------------
| epoch   8 |    49/  350 batches | lr_step  2858 | lr  0.000048 |acc  0.094%| ms/batch 13.71 | loss 1.0985396 
| epoch   8 |    99/  350 batches | lr_step  2908 | lr  0.000049 |acc  0.125%| ms/batch 13.50 | loss 1.1131491 
| epoch   8 |   149/  350 batches | lr_step  2958 | lr  0.000050 |acc  0.062%| ms/batch 15.92 | loss 1.1069497 
| epoch   8 |   199/  350 batches | lr_step  3008 | lr  0.000051 |acc  0.094%| ms/batch 15.29 | loss 1.1126772 
| epoch   8 |   249/  350 batches | lr_step  3058 | lr  0.000052 |acc  0.250%| ms/batch 10.61 | loss 1.1194163 
| epoch   8 |   299/  350 batches | lr_step  3108 | lr  0.000052 |acc  0.219%| ms/batch 13.68 | loss 1.1003839 
| epoch   8 |   349/  350 batches | lr_step  3158 | lr  0.000053 |acc  0.312%| ms/batch 13.99 | loss 1.0764786 
Pred: tensor([ 6,  8, 10,  9, 11, 12,  0,  0,  0,  0], device='cuda:0') and tensor([19, 17, 14, 15, 16, 18, 13,  0,  0,  0], device='cuda:0'), tensor([19, 17, 14, 15, 13, 18, 16,  0,  0,  0], device='cuda:0')
Tar: tensor([[ 6,  8, 10,  9, 11, 12,  0,  0,  0,  0],
        [19, 17, 14, 15, 16, 18, 13,  0,  0,  0],
        [19, 17, 14, 15, 13, 18, 16,  0,  0,  0]], device='cuda:0')
-----------------------------------------------------------------------------------------
| end of epoch   8 | time:  9.81s | valid acc 41.189%| Best Model from Epoch 7 with 40.577%
-----------------------------------------------------------------------------------------
-----------------------------------------------------------------------------------------
-----------------------------------------------------------------------------------------
| end of epoch   8 | time:  9.81s | valid loss 69.0000000 | valid acc 41.189%| 
-----------------------------------------------------------------------------------------
-----------------------------------------------------------------------------------------
| epoch   9 |    49/  350 batches | lr_step  3209 | lr  0.000054 |acc  0.156%| ms/batch 10.57 | loss 1.1019332 
| epoch   9 |    99/  350 batches | lr_step  3259 | lr  0.000055 |acc  0.250%| ms/batch 12.28 | loss 1.0899593 
| epoch   9 |   149/  350 batches | lr_step  3309 | lr  0.000056 |acc  0.406%| ms/batch 14.88 | loss 1.0673398 
| epoch   9 |   199/  350 batches | lr_step  3359 | lr  0.000057 |acc  0.219%| ms/batch 15.01 | loss 1.0504319 
| epoch   9 |   249/  350 batches | lr_step  3409 | lr  0.000058 |acc  0.219%| ms/batch 14.73 | loss 1.0793314 
| epoch   9 |   299/  350 batches | lr_step  3459 | lr  0.000058 |acc  0.188%| ms/batch  9.05 | loss 1.0676624 
| epoch   9 |   349/  350 batches | lr_step  3509 | lr  0.000059 |acc  0.250%| ms/batch 14.03 | loss 1.0875415 
Pred: tensor([ 6,  7,  9, 11, 10,  8, 12,  0,  0], device='cuda:0') and tensor([13, 17, 16, 15, 14, 18, 19,  0,  0], device='cuda:0'), tensor([ 6,  7, 11,  8, 10,  9, 12,  0,  0], device='cuda:0')
Tar: tensor([[ 6, 11,  7,  9, 10,  8, 12,  0,  0],
        [13, 17, 16, 15, 14, 18, 19,  0,  0],
        [ 6, 11,  7,  8, 10,  9, 12,  0,  0]], device='cuda:0')
-----------------------------------------------------------------------------------------
| end of epoch   9 | time:  9.52s | valid acc 42.485%| Best Model from Epoch 8 with 41.189%
-----------------------------------------------------------------------------------------
-----------------------------------------------------------------------------------------
-----------------------------------------------------------------------------------------
| end of epoch   9 | time:  9.52s | valid loss 69.0000000 | valid acc 42.485%| 
-----------------------------------------------------------------------------------------
-----------------------------------------------------------------------------------------
| epoch  10 |    49/  350 batches | lr_step  3560 | lr  0.000060 |acc  0.281%| ms/batch 13.64 | loss 1.0555985 
| epoch  10 |    99/  350 batches | lr_step  3610 | lr  0.000061 |acc  0.219%| ms/batch 12.72 | loss 1.0762586 
| epoch  10 |   149/  350 batches | lr_step  3660 | lr  0.000062 |acc  0.281%| ms/batch 10.78 | loss 1.0556471 
| epoch  10 |   199/  350 batches | lr_step  3710 | lr  0.000063 |acc  0.125%| ms/batch 13.08 | loss 1.0274698 
| epoch  10 |   249/  350 batches | lr_step  3760 | lr  0.000063 |acc  0.469%| ms/batch 10.51 | loss 1.0413720 
| epoch  10 |   299/  350 batches | lr_step  3810 | lr  0.000064 |acc  0.281%| ms/batch 13.78 | loss 1.0444202 
| epoch  10 |   349/  350 batches | lr_step  3860 | lr  0.000065 |acc  0.250%| ms/batch 14.32 | loss 1.0251332 
Pred: tensor([ 6,  8, 10,  9, 12,  0,  0,  0,  0,  0], device='cuda:0') and tensor([ 6,  8,  9, 12, 11,  0,  0,  0,  0,  0], device='cuda:0'), tensor([11,  7,  9, 10,  9,  8,  6, 12,  6,  6], device='cuda:0')
Tar: tensor([[ 6,  8,  9, 10, 12,  0,  0,  0,  0,  0],
        [ 6,  8,  9, 12, 11,  0,  0,  0,  0,  0],
        [11,  7,  9, 10,  9,  8,  6,  6,  6, 12]], device='cuda:0')
-----------------------------------------------------------------------------------------
| end of epoch  10 | time: 10.20s | valid acc 41.792%| Best Model from Epoch 9 with 42.485%
-----------------------------------------------------------------------------------------
| epoch  11 |    49/  350 batches | lr_step  3911 | lr  0.000066 |acc  0.469%| ms/batch 14.70 | loss 1.0300734 
| epoch  11 |    99/  350 batches | lr_step  3961 | lr  0.000067 |acc  0.156%| ms/batch 13.67 | loss 1.0407287 
| epoch  11 |   149/  350 batches | lr_step  4011 | lr  0.000068 |acc  0.375%| ms/batch 11.33 | loss 1.0185571 
| epoch  11 |   199/  350 batches | lr_step  4061 | lr  0.000069 |acc  0.469%| ms/batch 14.11 | loss 1.0199176 
| epoch  11 |   249/  350 batches | lr_step  4111 | lr  0.000069 |acc  0.562%| ms/batch 13.67 | loss 1.0099182 
| epoch  11 |   299/  350 batches | lr_step  4161 | lr  0.000070 |acc  0.531%| ms/batch 10.27 | loss 1.0135257 
| epoch  11 |   349/  350 batches | lr_step  4211 | lr  0.000071 |acc  0.281%| ms/batch 13.64 | loss 1.0090688 
Pred: tensor([ 7,  9, 10,  8, 12, 21,  8,  0,  0], device='cuda:0') and tensor([13, 16, 17, 14, 19, 18,  0,  0,  0], device='cuda:0'), tensor([13, 14, 15, 17, 19, 18,  0,  0,  0], device='cuda:0')
Tar: tensor([[ 7,  9, 10,  8, 12,  8, 21,  0,  0],
        [13, 16, 17, 14, 19, 18,  0,  0,  0],
        [13, 14, 15, 17, 18, 19,  0,  0,  0]], device='cuda:0')
-----------------------------------------------------------------------------------------
| end of epoch  11 | time:  9.53s | valid acc 42.164%| Best Model from Epoch 9 with 42.485%
-----------------------------------------------------------------------------------------
| epoch  12 |    49/  350 batches | lr_step  4262 | lr  0.000072 |acc  0.344%| ms/batch 13.88 | loss 0.9885130 
| epoch  12 |    99/  350 batches | lr_step  4312 | lr  0.000073 |acc  0.562%| ms/batch  9.33 | loss 1.0022550 
| epoch  12 |   149/  350 batches | lr_step  4362 | lr  0.000074 |acc  0.625%| ms/batch 14.88 | loss 0.9962459 
| epoch  12 |   199/  350 batches | lr_step  4412 | lr  0.000074 |acc  0.375%| ms/batch 14.08 | loss 1.0112151 
| epoch  12 |   249/  350 batches | lr_step  4462 | lr  0.000075 |acc  0.594%| ms/batch 13.70 | loss 1.0071889 
| epoch  12 |   299/  350 batches | lr_step  4512 | lr  0.000076 |acc  0.875%| ms/batch  9.87 | loss 0.9913898 
| epoch  12 |   349/  350 batches | lr_step  4562 | lr  0.000077 |acc  0.625%| ms/batch 13.87 | loss 0.9904557 
Pred: tensor([13, 16, 14, 17, 15, 20,  0,  0,  0,  0,  0], device='cuda:0') and tensor([13, 14, 15, 16, 17, 19, 18, 16,  0,  0,  0], device='cuda:0'), tensor([ 6,  7, 10,  9, 12, 21,  0,  0,  0,  0,  0], device='cuda:0')
Tar: tensor([[13, 16, 14, 17, 15, 20,  0,  0,  0,  0,  0],
        [13, 14, 16, 15, 17, 18, 16, 19,  0,  0,  0],
        [ 6,  7, 10,  9, 12, 21,  0,  0,  0,  0,  0]], device='cuda:0')
-----------------------------------------------------------------------------------------
| end of epoch  12 | time:  9.60s | valid acc 42.777%| Best Model from Epoch 9 with 42.485%
-----------------------------------------------------------------------------------------
-----------------------------------------------------------------------------------------
-----------------------------------------------------------------------------------------
| end of epoch  12 | time:  9.60s | valid loss 69.0000000 | valid acc 42.777%| 
-----------------------------------------------------------------------------------------
-----------------------------------------------------------------------------------------
| epoch  13 |    49/  350 batches | lr_step  4613 | lr  0.000078 |acc  0.688%| ms/batch 10.47 | loss 1.0109632 
| epoch  13 |    99/  350 batches | lr_step  4663 | lr  0.000079 |acc  0.531%| ms/batch 14.43 | loss 0.9764109 
| epoch  13 |   149/  350 batches | lr_step  4713 | lr  0.000080 |acc  0.750%| ms/batch 14.18 | loss 0.9711079 
| epoch  13 |   199/  350 batches | lr_step  4763 | lr  0.000080 |acc  0.656%| ms/batch  9.48 | loss 0.9803864 
| epoch  13 |   249/  350 batches | lr_step  4813 | lr  0.000081 |acc  0.750%| ms/batch 13.69 | loss 0.9711906 
| epoch  13 |   299/  350 batches | lr_step  4863 | lr  0.000082 |acc  0.500%| ms/batch  9.10 | loss 0.9940826 
| epoch  13 |   349/  350 batches | lr_step  4913 | lr  0.000083 |acc  0.625%| ms/batch 13.33 | loss 0.9665586 
Pred: tensor([13, 14, 15, 17, 16, 19, 18, 13,  0,  0], device='cuda:0') and tensor([13, 14, 17, 19, 15, 16,  0,  0,  0,  0], device='cuda:0'), tensor([ 6,  7, 10,  9, 12,  8, 11,  7,  0,  0], device='cuda:0')
Tar: tensor([[13, 14, 15, 16, 17, 18, 19, 13,  0,  0],
        [13, 14, 19, 17, 15, 16,  0,  0,  0,  0],
        [ 6,  7, 10,  9,  8, 12, 11,  7,  0,  0]], device='cuda:0')
-----------------------------------------------------------------------------------------
| end of epoch  13 | time:  9.23s | valid acc 42.727%| Best Model from Epoch 12 with 42.777%
-----------------------------------------------------------------------------------------
| epoch  14 |    49/  350 batches | lr_step  4964 | lr  0.000084 |acc  0.469%| ms/batch 14.77 | loss 0.9488930 
| epoch  14 |    99/  350 batches | lr_step  5014 | lr  0.000085 |acc  0.719%| ms/batch 11.68 | loss 0.9673993 
| epoch  14 |   149/  350 batches | lr_step  5064 | lr  0.000086 |acc  0.875%| ms/batch 14.55 | loss 0.9626573 
| epoch  14 |   199/  350 batches | lr_step  5114 | lr  0.000086 |acc  1.031%| ms/batch 15.45 | loss 0.9482041 
| epoch  14 |   249/  350 batches | lr_step  5164 | lr  0.000087 |acc  0.656%| ms/batch 16.10 | loss 0.9732578 
| epoch  14 |   299/  350 batches | lr_step  5214 | lr  0.000088 |acc  0.781%| ms/batch 10.64 | loss 0.9458400 
| epoch  14 |   349/  350 batches | lr_step  5264 | lr  0.000089 |acc  0.937%| ms/batch 14.43 | loss 0.9384729 
Pred: tensor([ 6,  7,  9, 10,  8, 11,  0,  0,  0], device='cuda:0') and tensor([13, 14, 16, 17, 19, 20,  0,  0,  0], device='cuda:0'), tensor([ 6,  7,  9,  8, 10, 11, 12,  9,  0], device='cuda:0')
Tar: tensor([[ 6,  7,  9,  8, 10, 11,  0,  0,  0],
        [13, 14, 16, 17, 19, 20,  0,  0,  0],
        [ 6,  7,  9,  8, 10, 11, 12,  9,  0]], device='cuda:0')
-----------------------------------------------------------------------------------------
| end of epoch  14 | time: 10.02s | valid acc 42.797%| Best Model from Epoch 12 with 42.777%
-----------------------------------------------------------------------------------------
-----------------------------------------------------------------------------------------
-----------------------------------------------------------------------------------------
| end of epoch  14 | time: 10.02s | valid loss 69.0000000 | valid acc 42.797%| 
-----------------------------------------------------------------------------------------
-----------------------------------------------------------------------------------------
| epoch  15 |    49/  350 batches | lr_step  5315 | lr  0.000090 |acc  1.031%| ms/batch 15.08 | loss 0.9229067 
| epoch  15 |    99/  350 batches | lr_step  5365 | lr  0.000091 |acc  0.906%| ms/batch 13.96 | loss 0.9374386 
| epoch  15 |   149/  350 batches | lr_step  5415 | lr  0.000091 |acc  1.312%| ms/batch 14.02 | loss 0.9244046 
| epoch  15 |   199/  350 batches | lr_step  5465 | lr  0.000092 |acc  0.812%| ms/batch  9.65 | loss 0.9267229 
| epoch  15 |   249/  350 batches | lr_step  5515 | lr  0.000093 |acc  0.937%| ms/batch 15.05 | loss 0.9293122 
| epoch  15 |   299/  350 batches | lr_step  5565 | lr  0.000094 |acc  1.000%| ms/batch 14.43 | loss 0.9427237 
| epoch  15 |   349/  350 batches | lr_step  5615 | lr  0.000095 |acc  1.188%| ms/batch  8.88 | loss 0.9239839 
Pred: tensor([ 6,  8, 10,  9, 12, 11,  7,  0,  0,  0], device='cuda:0') and tensor([ 6,  7,  9, 10, 11, 12,  0,  0,  0,  0], device='cuda:0'), tensor([ 6, 12,  8,  7, 11,  7, 10,  8,  0,  0], device='cuda:0')
Tar: tensor([[ 6, 11,  7,  8,  9, 10, 12,  0,  0,  0],
        [ 6,  7,  9, 10, 11, 12,  0,  0,  0,  0],
        [ 6, 12,  8,  7,  7, 11, 10,  8,  0,  0]], device='cuda:0')
-----------------------------------------------------------------------------------------
| end of epoch  15 | time:  9.76s | valid acc 42.968%| Best Model from Epoch 14 with 42.797%
-----------------------------------------------------------------------------------------
-----------------------------------------------------------------------------------------
-----------------------------------------------------------------------------------------
| end of epoch  15 | time:  9.76s | valid loss 69.0000000 | valid acc 42.968%| 
-----------------------------------------------------------------------------------------
-----------------------------------------------------------------------------------------
| epoch  16 |    49/  350 batches | lr_step  5666 | lr  0.000096 |acc  1.250%| ms/batch 10.31 | loss 0.9253621 
| epoch  16 |    99/  350 batches | lr_step  5716 | lr  0.000097 |acc  1.094%| ms/batch 14.03 | loss 0.9038324 
| epoch  16 |   149/  350 batches | lr_step  5766 | lr  0.000097 |acc  1.188%| ms/batch 14.47 | loss 0.8884794 
| epoch  16 |   199/  350 batches | lr_step  5816 | lr  0.000098 |acc  1.687%| ms/batch  8.91 | loss 0.9160794 
| epoch  16 |   249/  350 batches | lr_step  5866 | lr  0.000099 |acc  1.500%| ms/batch 13.21 | loss 0.9035457 
| epoch  16 |   299/  350 batches | lr_step  5916 | lr  0.000100 |acc  1.594%| ms/batch  9.41 | loss 0.9105633 
| epoch  16 |   349/  350 batches | lr_step  5966 | lr  0.000101 |acc  1.437%| ms/batch 13.41 | loss 0.8907769 
Pred: tensor([ 6,  8,  7,  9, 10, 12, 21,  0,  0], device='cuda:0') and tensor([13, 14, 15, 17, 16, 19, 18,  0,  0], device='cuda:0'), tensor([13, 14, 15, 16, 17, 19, 18,  0,  0], device='cuda:0')
Tar: tensor([[ 6,  7,  8,  9, 10, 12, 21,  0,  0],
        [13, 14, 15, 17, 16, 19, 18,  0,  0],
        [13, 16, 14, 15, 17, 18, 19,  0,  0]], device='cuda:0')
-----------------------------------------------------------------------------------------
| end of epoch  16 | time:  9.31s | valid acc 43.490%| Best Model from Epoch 15 with 42.968%
-----------------------------------------------------------------------------------------
-----------------------------------------------------------------------------------------
-----------------------------------------------------------------------------------------
| end of epoch  16 | time:  9.31s | valid loss 69.0000000 | valid acc 43.490%| 
-----------------------------------------------------------------------------------------
-----------------------------------------------------------------------------------------
| epoch  17 |    49/  350 batches | lr_step  6017 | lr  0.000102 |acc  1.625%| ms/batch  9.36 | loss 0.8923362 
| epoch  17 |    99/  350 batches | lr_step  6067 | lr  0.000102 |acc  1.781%| ms/batch 13.71 | loss 0.8907102 
| epoch  17 |   149/  350 batches | lr_step  6117 | lr  0.000103 |acc  1.750%| ms/batch 14.22 | loss 0.8987411 
| epoch  17 |   199/  350 batches | lr_step  6167 | lr  0.000104 |acc  1.938%| ms/batch 15.67 | loss 0.8806685 
| epoch  17 |   249/  350 batches | lr_step  6217 | lr  0.000105 |acc  1.844%| ms/batch  9.20 | loss 0.8705468 
| epoch  17 |   299/  350 batches | lr_step  6267 | lr  0.000106 |acc  1.469%| ms/batch 14.46 | loss 0.8632047 
| epoch  17 |   349/  350 batches | lr_step  6317 | lr  0.000107 |acc  1.750%| ms/batch 14.62 | loss 0.8746607 
Pred: tensor([ 7,  9,  8, 10,  6, 11, 12,  0,  0,  0], device='cuda:0') and tensor([13, 16, 17, 15, 19, 18,  0,  0,  0,  0], device='cuda:0'), tensor([ 6,  8, 10,  7,  9, 12,  0,  0,  0,  0], device='cuda:0')
Tar: tensor([[ 7,  9,  8, 10,  6, 11, 12,  0,  0,  0],
        [13, 16, 17, 15, 19, 18,  0,  0,  0,  0],
        [ 6,  8, 10,  7,  9, 12,  0,  0,  0,  0]], device='cuda:0')
-----------------------------------------------------------------------------------------
| end of epoch  17 | time:  9.81s | valid acc 44.093%| Best Model from Epoch 16 with 43.490%
-----------------------------------------------------------------------------------------
-----------------------------------------------------------------------------------------
-----------------------------------------------------------------------------------------
| end of epoch  17 | time:  9.81s | valid loss 69.0000000 | valid acc 44.093%| 
-----------------------------------------------------------------------------------------
-----------------------------------------------------------------------------------------
| epoch  18 |    49/  350 batches | lr_step  6368 | lr  0.000108 |acc  2.188%| ms/batch 14.24 | loss 0.8632949 
| epoch  18 |    99/  350 batches | lr_step  6418 | lr  0.000108 |acc  1.656%| ms/batch 11.96 | loss 0.8494992 
| epoch  18 |   149/  350 batches | lr_step  6468 | lr  0.000109 |acc  2.312%| ms/batch 10.66 | loss 0.8582704 
| epoch  18 |   199/  350 batches | lr_step  6518 | lr  0.000110 |acc  2.375%| ms/batch 13.26 | loss 0.8640819 
| epoch  18 |   249/  350 batches | lr_step  6568 | lr  0.000111 |acc  2.125%| ms/batch  9.06 | loss 0.8519943 
| epoch  18 |   299/  350 batches | lr_step  6618 | lr  0.000112 |acc  2.125%| ms/batch 13.60 | loss 0.8490419 
| epoch  18 |   349/  350 batches | lr_step  6668 | lr  0.000113 |acc  2.062%| ms/batch 13.46 | loss 0.8509696 
Pred: tensor([ 6,  7, 10,  9, 12, 11,  7,  0,  0], device='cuda:0') and tensor([16, 14, 15, 17, 18, 13, 19,  0,  0], device='cuda:0'), tensor([ 6,  8,  7,  9, 10, 11, 12,  6,  0], device='cuda:0')
Tar: tensor([[ 6, 10,  7,  9, 12, 11,  7,  0,  0],
        [16, 14, 15, 17, 13, 18, 19,  0,  0],
        [ 6,  8,  7,  9, 10, 11, 12,  6,  0]], device='cuda:0')
-----------------------------------------------------------------------------------------
| end of epoch  18 | time:  9.35s | valid acc 44.655%| Best Model from Epoch 17 with 44.093%
-----------------------------------------------------------------------------------------
-----------------------------------------------------------------------------------------
-----------------------------------------------------------------------------------------
| end of epoch  18 | time:  9.35s | valid loss 69.0000000 | valid acc 44.655%| 
-----------------------------------------------------------------------------------------
-----------------------------------------------------------------------------------------
| epoch  19 |    49/  350 batches | lr_step  6719 | lr  0.000113 |acc  2.531%| ms/batch 12.83 | loss 0.8489006 
| epoch  19 |    99/  350 batches | lr_step  6769 | lr  0.000114 |acc  2.375%| ms/batch 13.37 | loss 0.8420721 
| epoch  19 |   149/  350 batches | lr_step  6819 | lr  0.000115 |acc  2.250%| ms/batch  8.90 | loss 0.8305064 
| epoch  19 |   199/  350 batches | lr_step  6869 | lr  0.000116 |acc  2.625%| ms/batch 13.76 | loss 0.8232476 
| epoch  19 |   249/  350 batches | lr_step  6919 | lr  0.000117 |acc  2.938%| ms/batch  8.96 | loss 0.8153548 
| epoch  19 |   299/  350 batches | lr_step  6969 | lr  0.000118 |acc  2.062%| ms/batch 13.55 | loss 0.8263862 
| epoch  19 |   349/  350 batches | lr_step  7019 | lr  0.000119 |acc  2.531%| ms/batch 13.28 | loss 0.8164872 
Pred: tensor([ 6,  7,  9,  8, 10,  9, 12, 11,  0,  0,  0], device='cuda:0') and tensor([14, 17, 19, 18,  0,  0,  0,  0,  0,  0,  0], device='cuda:0'), tensor([13, 14, 19, 14, 17, 15, 18, 16,  0,  0,  0], device='cuda:0')
Tar: tensor([[ 6,  7,  9,  8, 10,  9, 12, 11,  0,  0,  0],
        [14, 17, 19, 18,  0,  0,  0,  0,  0,  0,  0],
        [13, 19, 14, 14, 17, 15, 18, 16,  0,  0,  0]], device='cuda:0')
-----------------------------------------------------------------------------------------
| end of epoch  19 | time:  9.15s | valid acc 44.856%| Best Model from Epoch 18 with 44.655%
-----------------------------------------------------------------------------------------
-----------------------------------------------------------------------------------------
-----------------------------------------------------------------------------------------
| end of epoch  19 | time:  9.15s | valid loss 69.0000000 | valid acc 44.856%| 
-----------------------------------------------------------------------------------------
-----------------------------------------------------------------------------------------
| epoch  20 |    49/  350 batches | lr_step  7070 | lr  0.000119 |acc  3.125%| ms/batch  9.07 | loss 0.8106237 
| epoch  20 |    99/  350 batches | lr_step  7120 | lr  0.000120 |acc  2.969%| ms/batch 12.85 | loss 0.7918798 
| epoch  20 |   149/  350 batches | lr_step  7170 | lr  0.000121 |acc  3.062%| ms/batch 14.03 | loss 0.7978242 
| epoch  20 |   199/  350 batches | lr_step  7220 | lr  0.000122 |acc  3.156%| ms/batch  9.23 | loss 0.8099329 
| epoch  20 |   249/  350 batches | lr_step  7270 | lr  0.000123 |acc  3.594%| ms/batch 13.01 | loss 0.7964838 
| epoch  20 |   299/  350 batches | lr_step  7320 | lr  0.000124 |acc  3.469%| ms/batch  8.95 | loss 0.7939954 
| epoch  20 |   349/  350 batches | lr_step  7370 | lr  0.000124 |acc  3.344%| ms/batch 14.05 | loss 0.7926272 
Pred: tensor([ 6,  7,  8, 10, 12, 11,  0,  0,  0], device='cuda:0') and tensor([ 6,  8, 10,  9,  9,  7, 12, 11,  0], device='cuda:0'), tensor([ 8,  7,  9, 10, 11, 12,  0,  0,  0], device='cuda:0')
Tar: tensor([[ 6,  7,  8, 10, 12, 11,  0,  0,  0],
        [ 6,  7,  8,  9, 10,  9, 12, 11,  0],
        [ 7,  9,  8, 10, 11, 12,  0,  0,  0]], device='cuda:0')
-----------------------------------------------------------------------------------------
| end of epoch  20 | time:  9.79s | valid acc 45.479%| Best Model from Epoch 19 with 44.856%
-----------------------------------------------------------------------------------------
-----------------------------------------------------------------------------------------
-----------------------------------------------------------------------------------------
| end of epoch  20 | time:  9.79s | valid loss 69.0000000 | valid acc 45.479%| 
-----------------------------------------------------------------------------------------
-----------------------------------------------------------------------------------------
| epoch  21 |    49/  350 batches | lr_step  7421 | lr  0.000125 |acc  3.344%| ms/batch 15.00 | loss 0.8020339 
| epoch  21 |    99/  350 batches | lr_step  7471 | lr  0.000126 |acc  3.719%| ms/batch  9.81 | loss 0.7871857 
| epoch  21 |   149/  350 batches | lr_step  7521 | lr  0.000127 |acc  4.000%| ms/batch 13.46 | loss 0.7746541 
| epoch  21 |   199/  350 batches | lr_step  7571 | lr  0.000128 |acc  4.187%| ms/batch 13.25 | loss 0.7613891 
| epoch  21 |   249/  350 batches | lr_step  7621 | lr  0.000129 |acc  4.312%| ms/batch  9.10 | loss 0.7647538 
| epoch  21 |   299/  350 batches | lr_step  7671 | lr  0.000130 |acc  4.219%| ms/batch 13.41 | loss 0.7442272 
| epoch  21 |   349/  350 batches | lr_step  7721 | lr  0.000130 |acc  4.625%| ms/batch  9.14 | loss 0.7581148 
Pred: tensor([13, 16, 14, 17, 15, 19, 20,  0,  0,  0], device='cuda:0') and tensor([ 6, 11,  7,  9, 10, 12,  8,  6,  0,  0], device='cuda:0'), tensor([ 8, 10,  7,  9, 12,  6,  0,  0,  0,  0], device='cuda:0')
Tar: tensor([[13, 16, 14, 17, 15, 19, 20,  0,  0,  0],
        [11,  6,  7,  9,  8, 10, 12,  6,  0,  0],
        [ 7,  8, 10,  9,  6, 12,  0,  0,  0,  0]], device='cuda:0')
-----------------------------------------------------------------------------------------
| end of epoch  21 | time:  9.56s | valid acc 46.072%| Best Model from Epoch 20 with 45.479%
-----------------------------------------------------------------------------------------
-----------------------------------------------------------------------------------------
-----------------------------------------------------------------------------------------
| end of epoch  21 | time:  9.56s | valid loss 69.0000000 | valid acc 46.072%| 
-----------------------------------------------------------------------------------------
-----------------------------------------------------------------------------------------
| epoch  22 |    49/  350 batches | lr_step  7772 | lr  0.000131 |acc  5.031%| ms/batch 14.58 | loss 0.7517686 
| epoch  22 |    99/  350 batches | lr_step  7822 | lr  0.000132 |acc  4.781%| ms/batch 14.63 | loss 0.7607218 
| epoch  22 |   149/  350 batches | lr_step  7872 | lr  0.000133 |acc  5.031%| ms/batch 13.89 | loss 0.7557503 
| epoch  22 |   199/  350 batches | lr_step  7922 | lr  0.000134 |acc  5.031%| ms/batch  9.05 | loss 0.7345618 
| epoch  22 |   249/  350 batches | lr_step  7972 | lr  0.000135 |acc  5.844%| ms/batch 12.96 | loss 0.7341364 
| epoch  22 |   299/  350 batches | lr_step  8022 | lr  0.000135 |acc  5.188%| ms/batch 14.42 | loss 0.7317673 
| epoch  22 |   349/  350 batches | lr_step  8072 | lr  0.000136 |acc  5.625%| ms/batch  9.51 | loss 0.7305563 
Pred: tensor([18, 14, 16, 15, 19, 13, 18,  0,  0,  0], device='cuda:0') and tensor([14, 19, 16, 17, 15, 18, 13,  0,  0,  0], device='cuda:0'), tensor([18, 16, 17, 15, 14, 13, 19, 16,  0,  0], device='cuda:0')
Tar: tensor([[18, 14, 15, 16, 19, 13, 18,  0,  0,  0],
        [19, 14, 16, 17, 15, 18, 13,  0,  0,  0],
        [18, 16, 14, 15, 17, 13, 19, 16,  0,  0]], device='cuda:0')
-----------------------------------------------------------------------------------------
| end of epoch  22 | time:  9.42s | valid acc 46.624%| Best Model from Epoch 21 with 46.072%
-----------------------------------------------------------------------------------------
-----------------------------------------------------------------------------------------
-----------------------------------------------------------------------------------------
| end of epoch  22 | time:  9.42s | valid loss 69.0000000 | valid acc 46.624%| 
-----------------------------------------------------------------------------------------
-----------------------------------------------------------------------------------------
| epoch  23 |    49/  350 batches | lr_step  8123 | lr  0.000137 |acc  5.812%| ms/batch 15.58 | loss 0.7542863 
| epoch  23 |    99/  350 batches | lr_step  8173 | lr  0.000138 |acc  5.812%| ms/batch  9.53 | loss 0.7108616 
| epoch  23 |   149/  350 batches | lr_step  8223 | lr  0.000139 |acc  7.031%| ms/batch 14.12 | loss 0.7060634 
| epoch  23 |   199/  350 batches | lr_step  8273 | lr  0.000140 |acc  5.656%| ms/batch 13.79 | loss 0.7215709 
| epoch  23 |   249/  350 batches | lr_step  8323 | lr  0.000141 |acc  6.938%| ms/batch  9.67 | loss 0.7082542 
| epoch  23 |   299/  350 batches | lr_step  8373 | lr  0.000141 |acc  7.062%| ms/batch 13.75 | loss 0.6900776 
| epoch  23 |   349/  350 batches | lr_step  8423 | lr  0.000142 |acc  6.844%| ms/batch 10.27 | loss 0.7135689 
Pred: tensor([13, 14, 16, 17, 15, 18,  0,  0,  0,  0,  0], device='cuda:0') and tensor([14, 20, 16, 15, 17, 19, 13,  0,  0,  0,  0], device='cuda:0'), tensor([ 6,  7,  9,  8, 10, 12,  8, 11,  0,  0,  0], device='cuda:0')
Tar: tensor([[13, 14, 15, 16, 17, 18,  0,  0,  0,  0,  0],
        [20, 14, 15, 16, 17, 19, 13,  0,  0,  0,  0],
        [ 6,  7,  9,  8, 10,  8, 12, 11,  0,  0,  0]], device='cuda:0')
-----------------------------------------------------------------------------------------
| end of epoch  23 | time:  9.44s | valid acc 46.434%| Best Model from Epoch 22 with 46.624%
-----------------------------------------------------------------------------------------
| epoch  24 |    49/  350 batches | lr_step  8474 | lr  0.000143 |acc  7.594%| ms/batch 11.90 | loss 0.6890418 
| epoch  24 |    99/  350 batches | lr_step  8524 | lr  0.000144 |acc  7.906%| ms/batch 13.56 | loss 0.7045757 
| epoch  24 |   149/  350 batches | lr_step  8574 | lr  0.000145 |acc  7.062%| ms/batch 13.42 | loss 0.7001025 
| epoch  24 |   199/  350 batches | lr_step  8624 | lr  0.000146 |acc  8.000%| ms/batch  9.07 | loss 0.6852169 
| epoch  24 |   249/  350 batches | lr_step  8674 | lr  0.000146 |acc  8.219%| ms/batch 13.00 | loss 0.6716233 
| epoch  24 |   299/  350 batches | lr_step  8724 | lr  0.000146 |acc  8.625%| ms/batch 14.83 | loss 0.6818467 
| epoch  24 |   349/  350 batches | lr_step  8774 | lr  0.000146 |acc  7.625%| ms/batch 11.86 | loss 0.6543247 
Pred: tensor([13, 16, 14, 17, 15, 18, 19, 13,  0,  0], device='cuda:0') and tensor([11,  8,  7,  9, 10,  6, 12,  0,  0,  0], device='cuda:0'), tensor([ 6,  7,  8,  9, 10, 12, 21,  6,  0,  0], device='cuda:0')
Tar: tensor([[13, 16, 14, 17, 15, 18, 19, 13,  0,  0],
        [11,  8,  7,  9, 10,  6, 12,  0,  0,  0],
        [ 6,  7,  8,  9, 10, 12, 21,  6,  0,  0]], device='cuda:0')
-----------------------------------------------------------------------------------------
| end of epoch  24 | time: 10.01s | valid acc 46.755%| Best Model from Epoch 22 with 46.624%
-----------------------------------------------------------------------------------------
-----------------------------------------------------------------------------------------
-----------------------------------------------------------------------------------------
| end of epoch  24 | time: 10.01s | valid loss 69.0000000 | valid acc 46.755%| 
-----------------------------------------------------------------------------------------
-----------------------------------------------------------------------------------------
| epoch  25 |    49/  350 batches | lr_step  8825 | lr  0.000145 |acc  8.688%| ms/batch 16.99 | loss 0.6725838 
| epoch  25 |    99/  350 batches | lr_step  8875 | lr  0.000145 |acc  9.281%| ms/batch 16.66 | loss 0.6555400 
| epoch  25 |   149/  350 batches | lr_step  8925 | lr  0.000144 |acc  8.719%| ms/batch 17.28 | loss 0.6585136 
| epoch  25 |   199/  350 batches | lr_step  8975 | lr  0.000144 |acc  9.156%| ms/batch 18.78 | loss 0.6630308 
| epoch  25 |   249/  350 batches | lr_step  9025 | lr  0.000144 |acc  9.031%| ms/batch 17.45 | loss 0.6503435 
| epoch  25 |   299/  350 batches | lr_step  9075 | lr  0.000143 |acc  10.812%| ms/batch 10.52 | loss 0.6368267 
| epoch  25 |   349/  350 batches | lr_step  9125 | lr  0.000143 |acc  9.562%| ms/batch 17.29 | loss 0.6510424 
Pred: tensor([ 6,  8,  7,  9, 12, 21,  0,  0,  0], device='cuda:0') and tensor([ 6,  7,  9, 10,  8,  9, 12,  0,  0], device='cuda:0'), tensor([ 6,  8,  7, 10,  9, 12, 21,  0,  0], device='cuda:0')
Tar: tensor([[ 6,  7,  9,  8, 12, 21,  0,  0,  0],
        [ 6,  7,  9,  8, 10, 12,  9,  0,  0],
        [ 6,  7,  8, 10,  9, 12, 21,  0,  0]], device='cuda:0')
-----------------------------------------------------------------------------------------
| end of epoch  25 | time: 12.06s | valid acc 47.956%| Best Model from Epoch 24 with 46.755%
-----------------------------------------------------------------------------------------
-----------------------------------------------------------------------------------------
-----------------------------------------------------------------------------------------
| end of epoch  25 | time: 12.06s | valid loss 69.0000000 | valid acc 46.956%| 
-----------------------------------------------------------------------------------------
-----------------------------------------------------------------------------------------
| epoch  26 |    49/  350 batches | lr_step  9176 | lr  0.000142 |acc  10.000%| ms/batch 12.63 | loss 0.6438099 
| epoch  26 |    99/  350 batches | lr_step  9226 | lr  0.000142 |acc  10.281%| ms/batch 13.67 | loss 0.6232816 
| epoch  26 |   149/  350 batches | lr_step  9276 | lr  0.000142 |acc  10.188%| ms/batch 10.23 | loss 0.6500792 
| epoch  26 |   199/  350 batches | lr_step  9326 | lr  0.000141 |acc  12.250%| ms/batch 16.53 | loss 0.5985809 
| epoch  26 |   249/  350 batches | lr_step  9376 | lr  0.000141 |acc  11.375%| ms/batch 17.03 | loss 0.6346718 
| epoch  26 |   299/  350 batches | lr_step  9426 | lr  0.000141 |acc  13.062%| ms/batch 17.67 | loss 0.6157621 
| epoch  26 |   349/  350 batches | lr_step  9476 | lr  0.000140 |acc  12.125%| ms/batch 16.69 | loss 0.6149142 
Pred: tensor([ 6,  7,  8, 10, 11, 12,  0,  0,  0], device='cuda:0') and tensor([13, 16, 17, 18, 16, 19,  0,  0,  0], device='cuda:0'), tensor([13, 14, 16, 15, 17, 15, 19, 20,  0], device='cuda:0')
Tar: tensor([[ 6,  7,  8, 10, 11, 12,  0,  0,  0],
        [13, 16, 17, 18, 16, 19,  0,  0,  0],
        [13, 14, 16, 15, 17, 15, 19, 20,  0]], device='cuda:0')
-----------------------------------------------------------------------------------------
| end of epoch  26 | time: 11.42s | valid acc 46.916%| Best Model from Epoch 25 with 47.956%
-----------------------------------------------------------------------------------------
| epoch  27 |    49/  350 batches | lr_step  9527 | lr  0.000140 |acc  12.281%| ms/batch 19.34 | loss 0.6308771 
| epoch  27 |    99/  350 batches | lr_step  9577 | lr  0.000139 |acc  12.406%| ms/batch 19.76 | loss 0.6076877 
| epoch  27 |   149/  350 batches | lr_step  9627 | lr  0.000139 |acc  12.812%| ms/batch 17.65 | loss 0.5952922 
| epoch  27 |   199/  350 batches | lr_step  9677 | lr  0.000139 |acc  13.000%| ms/batch 12.96 | loss 0.6032125 
| epoch  27 |   249/  350 batches | lr_step  9727 | lr  0.000138 |acc  13.562%| ms/batch 16.69 | loss 0.5979344 
| epoch  27 |   299/  350 batches | lr_step  9777 | lr  0.000138 |acc  13.062%| ms/batch 18.40 | loss 0.6107186 
| epoch  27 |   349/  350 batches | lr_step  9827 | lr  0.000138 |acc  14.594%| ms/batch 17.60 | loss 0.5698571 
Pred: tensor([14, 16, 17, 15, 19, 20,  0,  0,  0,  0], device='cuda:0') and tensor([ 6,  7,  8, 10,  9, 12, 11,  0,  0,  0], device='cuda:0'), tensor([ 6,  8, 10,  7,  9, 11, 12,  0,  0,  0], device='cuda:0')
Tar: tensor([[14, 16, 17, 15, 19, 20,  0,  0,  0,  0],
        [ 6,  7,  8,  9, 10, 12, 11,  0,  0,  0],
        [ 6,  8, 10,  7,  9, 11, 12,  0,  0,  0]], device='cuda:0')
-----------------------------------------------------------------------------------------
| end of epoch  27 | time: 12.32s | valid acc 46.574%| Best Model from Epoch 25 with 47.956%
-----------------------------------------------------------------------------------------
| epoch  28 |    49/  350 batches | lr_step  9878 | lr  0.000137 |acc  14.562%| ms/batch 18.80 | loss 0.5877222 
| epoch  28 |    99/  350 batches | lr_step  9928 | lr  0.000137 |acc  14.750%| ms/batch 20.67 | loss 0.6034557 
| epoch  28 |   149/  350 batches | lr_step  9978 | lr  0.000137 |acc  13.781%| ms/batch 15.77 | loss 0.5895330 
| epoch  28 |   199/  350 batches | lr_step  10028 | lr  0.000136 |acc  14.750%| ms/batch  9.87 | loss 0.5801990 
| epoch  28 |   249/  350 batches | lr_step  10078 | lr  0.000136 |acc  14.188%| ms/batch 15.09 | loss 0.5637285 
| epoch  28 |   299/  350 batches | lr_step  10128 | lr  0.000136 |acc  15.594%| ms/batch 17.37 | loss 0.5667918 
| epoch  28 |   349/  350 batches | lr_step  10178 | lr  0.000135 |acc  15.062%| ms/batch 17.67 | loss 0.5793178 
Pred: tensor([ 6, 10,  7,  9,  8, 12, 21,  0,  0,  0,  0], device='cuda:0') and tensor([13, 14, 15, 17, 16, 19, 20,  0,  0,  0,  0], device='cuda:0'), tensor([ 6,  7, 11, 12, 10,  9,  8,  0,  0,  0,  0], device='cuda:0')
Tar: tensor([[ 6, 10,  7,  9,  8, 12, 21,  0,  0,  0,  0],
        [14, 13, 15, 17, 16, 19, 20,  0,  0,  0,  0],
        [ 6,  7, 11, 12, 10,  9,  8,  0,  0,  0,  0]], device='cuda:0')
-----------------------------------------------------------------------------------------
| end of epoch  28 | time: 13.43s | valid acc 45.841%| Best Model from Epoch 25 with 47.956%
-----------------------------------------------------------------------------------------
| epoch  29 |    49/  350 batches | lr_step  10229 | lr  0.000135 |acc  15.125%| ms/batch 16.76 | loss 0.5751249 
| epoch  29 |    99/  350 batches | lr_step  10279 | lr  0.000135 |acc  15.781%| ms/batch 16.39 | loss 0.5693869 
| epoch  29 |   149/  350 batches | lr_step  10329 | lr  0.000134 |acc  17.750%| ms/batch 18.03 | loss 0.5596550 
| epoch  29 |   199/  350 batches | lr_step  10379 | lr  0.000134 |acc  16.406%| ms/batch 18.79 | loss 0.5628769 
| epoch  29 |   249/  350 batches | lr_step  10429 | lr  0.000134 |acc  16.312%| ms/batch 18.79 | loss 0.5669282 
| epoch  29 |   299/  350 batches | lr_step  10479 | lr  0.000133 |acc  17.250%| ms/batch 21.90 | loss 0.5503655 
| epoch  29 |   349/  350 batches | lr_step  10529 | lr  0.000133 |acc  17.656%| ms/batch 19.20 | loss 0.5356162 
Pred: tensor([ 6,  8,  7,  9, 10, 12,  0,  0,  0,  0], device='cuda:0') and tensor([16, 14, 15, 17, 19, 18,  0,  0,  0,  0], device='cuda:0'), tensor([13, 14, 16, 17, 15, 19, 18, 13,  0,  0], device='cuda:0')
Tar: tensor([[ 6,  8, 10,  7,  9, 12,  0,  0,  0,  0],
        [14, 15, 16, 17, 19, 18,  0,  0,  0,  0],
        [13, 16, 17, 14, 15, 19, 18, 13,  0,  0]], device='cuda:0')
-----------------------------------------------------------------------------------------
| end of epoch  29 | time: 13.04s | valid acc 46.745%| Best Model from Epoch 25 with 47.956%
-----------------------------------------------------------------------------------------
| epoch  30 |    49/  350 batches | lr_step  10580 | lr  0.000133 |acc  16.438%| ms/batch 14.98 | loss 0.5583114 
| epoch  30 |    99/  350 batches | lr_step  10630 | lr  0.000132 |acc  18.688%| ms/batch 16.96 | loss 0.5389140 
| epoch  30 |   149/  350 batches | lr_step  10680 | lr  0.000132 |acc  18.469%| ms/batch 15.34 | loss 0.5495781 
| epoch  30 |   199/  350 batches | lr_step  10730 | lr  0.000132 |acc  19.750%| ms/batch 18.48 | loss 0.5376019 
| epoch  30 |   249/  350 batches | lr_step  10780 | lr  0.000131 |acc  18.406%| ms/batch 18.53 | loss 0.5260935 
| epoch  30 |   299/  350 batches | lr_step  10830 | lr  0.000131 |acc  19.094%| ms/batch 12.06 | loss 0.5423545 
| epoch  30 |   349/  350 batches | lr_step  10880 | lr  0.000131 |acc  19.000%| ms/batch 17.11 | loss 0.5330022 
Pred: tensor([ 6,  7,  8,  9, 10, 12, 11,  0,  0,  0,  0], device='cuda:0') and tensor([13, 14, 16, 17, 15, 19, 20,  0,  0,  0,  0], device='cuda:0'), tensor([13, 14, 15, 17, 15, 16, 18, 19,  0,  0,  0], device='cuda:0')
Tar: tensor([[ 6,  7,  8,  9, 10, 12, 11,  0,  0,  0,  0],
        [13, 14, 16, 17, 15, 19, 20,  0,  0,  0,  0],
        [13, 14, 15, 16, 17, 19, 15, 18,  0,  0,  0]], device='cuda:0')
-----------------------------------------------------------------------------------------
| end of epoch  30 | time: 12.15s | valid acc 46.484%| Best Model from Epoch 25 with 47.956%
-----------------------------------------------------------------------------------------
| epoch  31 |    49/  350 batches | lr_step  10931 | lr  0.000130 |acc  20.125%| ms/batch 17.58 | loss 0.5336064 
| epoch  31 |    99/  350 batches | lr_step  10981 | lr  0.000130 |acc  19.094%| ms/batch 16.46 | loss 0.5230733 
| epoch  31 |   149/  350 batches | lr_step  11031 | lr  0.000130 |acc  20.094%| ms/batch 16.90 | loss 0.5430874 
| epoch  31 |   199/  350 batches | lr_step  11081 | lr  0.000130 |acc  19.031%| ms/batch 18.28 | loss 0.5352653 
| epoch  31 |   249/  350 batches | lr_step  11131 | lr  0.000129 |acc  20.312%| ms/batch 18.76 | loss 0.5238550 
| epoch  31 |   299/  350 batches | lr_step  11181 | lr  0.000129 |acc  21.500%| ms/batch 18.68 | loss 0.5221881 
| epoch  31 |   349/  350 batches | lr_step  11231 | lr  0.000129 |acc  20.875%| ms/batch 16.20 | loss 0.5082909 
Pred: tensor([13, 14, 19, 15, 17, 18, 16,  0,  0], device='cuda:0') and tensor([ 6,  7,  9, 10, 12,  8, 21,  0,  0], device='cuda:0'), tensor([ 6,  8,  7, 10, 12, 11,  9,  0,  0], device='cuda:0')
Tar: tensor([[13, 19, 14, 15, 17, 18, 16,  0,  0],
        [ 6,  7,  9,  8, 10, 12, 21,  0,  0],
        [ 6,  7,  8, 12, 10, 11,  9,  0,  0]], device='cuda:0')
-----------------------------------------------------------------------------------------
| end of epoch  31 | time: 12.38s | valid acc 45.861%| Best Model from Epoch 25 with 47.956%
-----------------------------------------------------------------------------------------
| epoch  32 |    49/  350 batches | lr_step  11282 | lr  0.000128 |acc  21.969%| ms/batch 18.17 | loss 0.5170737 
| epoch  32 |    99/  350 batches | lr_step  11332 | lr  0.000128 |acc  21.344%| ms/batch 17.89 | loss 0.5175372 
| epoch  32 |   149/  350 batches | lr_step  11382 | lr  0.000128 |acc  21.781%| ms/batch 17.46 | loss 0.5083692 
| epoch  32 |   199/  350 batches | lr_step  11432 | lr  0.000128 |acc  22.937%| ms/batch 19.79 | loss 0.5110761 
| epoch  32 |   249/  350 batches | lr_step  11482 | lr  0.000127 |acc  21.281%| ms/batch 10.11 | loss 0.5149187 
| epoch  32 |   299/  350 batches | lr_step  11532 | lr  0.000127 |acc  22.125%| ms/batch 16.59 | loss 0.5025127 
| epoch  32 |   349/  350 batches | lr_step  11582 | lr  0.000127 |acc  21.875%| ms/batch 18.51 | loss 0.5096845 
Pred: tensor([13, 16, 15, 17, 14, 18, 19, 15, 16], device='cuda:0') and tensor([ 6,  8, 10,  7,  9, 12, 21,  6,  0], device='cuda:0'), tensor([ 6, 11,  7,  8, 10, 12,  0,  0,  0], device='cuda:0')
Tar: tensor([[13, 16, 15, 17, 14, 18, 19, 15, 16],
        [ 6,  8, 10,  7,  9, 12, 21,  6,  0],
        [ 6, 11,  8,  7, 10, 12,  0,  0,  0]], device='cuda:0')
-----------------------------------------------------------------------------------------
| end of epoch  32 | time: 12.04s | valid acc 46.182%| Best Model from Epoch 25 with 47.956%
-----------------------------------------------------------------------------------------
| epoch  33 |    49/  350 batches | lr_step  11633 | lr  0.000126 |acc  22.656%| ms/batch 15.32 | loss 0.5065096 
| epoch  33 |    99/  350 batches | lr_step  11683 | lr  0.000126 |acc  22.469%| ms/batch 16.57 | loss 0.5022685 
| epoch  33 |   149/  350 batches | lr_step  11733 | lr  0.000126 |acc  22.625%| ms/batch 15.55 | loss 0.5119712 
| epoch  33 |   199/  350 batches | lr_step  11783 | lr  0.000126 |acc  22.750%| ms/batch 11.40 | loss 0.5002310 
| epoch  33 |   249/  350 batches | lr_step  11833 | lr  0.000125 |acc  24.094%| ms/batch 17.62 | loss 0.4990515 
| epoch  33 |   299/  350 batches | lr_step  11883 | lr  0.000125 |acc  22.344%| ms/batch 18.25 | loss 0.4887936 
| epoch  33 |   349/  350 batches | lr_step  11933 | lr  0.000125 |acc  23.531%| ms/batch 16.92 | loss 0.4817044 
Pred: tensor([13, 16, 17, 14, 15, 18,  0,  0,  0,  0], device='cuda:0') and tensor([16, 14, 15, 17, 13, 19, 20,  0,  0,  0], device='cuda:0'), tensor([ 6,  7,  8, 10, 11, 12,  0,  0,  0,  0], device='cuda:0')
Tar: tensor([[13, 16, 17, 14, 15, 18,  0,  0,  0,  0],
        [16, 14, 15, 17, 13, 19, 20,  0,  0,  0],
        [ 6,  7,  8, 10, 12, 11,  0,  0,  0,  0]], device='cuda:0')
-----------------------------------------------------------------------------------------
| end of epoch  33 | time: 12.07s | valid acc 45.489%| Best Model from Epoch 25 with 47.956%
-----------------------------------------------------------------------------------------
| epoch  34 |    49/  350 batches | lr_step  11984 | lr  0.000125 |acc  23.688%| ms/batch 12.26 | loss 0.4817856 
| epoch  34 |    99/  350 batches | lr_step  12034 | lr  0.000124 |acc  24.406%| ms/batch 16.58 | loss 0.4970509 
| epoch  34 |   149/  350 batches | lr_step  12084 | lr  0.000124 |acc  23.656%| ms/batch 14.58 | loss 0.4819992 
| epoch  34 |   199/  350 batches | lr_step  12134 | lr  0.000124 |acc  25.906%| ms/batch 15.92 | loss 0.4844703 
| epoch  34 |   249/  350 batches | lr_step  12184 | lr  0.000124 |acc  24.719%| ms/batch 15.64 | loss 0.4825761 
| epoch  34 |   299/  350 batches | lr_step  12234 | lr  0.000123 |acc  25.031%| ms/batch 16.96 | loss 0.4704476 
| epoch  34 |   349/  350 batches | lr_step  12284 | lr  0.000123 |acc  25.031%| ms/batch 15.45 | loss 0.4888358 
Pred: tensor([ 6,  8, 10,  9, 12, 11,  0,  0,  0,  0], device='cuda:0') and tensor([ 6,  8,  7,  9, 10, 11,  0,  0,  0,  0], device='cuda:0'), tensor([13, 14, 16, 15, 17, 18, 14, 19,  0,  0], device='cuda:0')
Tar: tensor([[ 6,  8, 10,  9, 12, 11,  0,  0,  0,  0],
        [ 6,  8,  7, 10,  9, 11,  0,  0,  0,  0],
        [13, 14, 15, 16, 17, 18, 14, 19,  0,  0]], device='cuda:0')
-----------------------------------------------------------------------------------------
| end of epoch  34 | time: 12.31s | valid acc 44.897%| Best Model from Epoch 25 with 47.956%
-----------------------------------------------------------------------------------------
| epoch  35 |    49/  350 batches | lr_step  12335 | lr  0.000123 |acc  24.687%| ms/batch 17.64 | loss 0.4854224 
| epoch  35 |    99/  350 batches | lr_step  12385 | lr  0.000123 |acc  25.656%| ms/batch 16.66 | loss 0.4816650 
| epoch  35 |   149/  350 batches | lr_step  12435 | lr  0.000122 |acc  26.500%| ms/batch 12.48 | loss 0.4723953 
| epoch  35 |   199/  350 batches | lr_step  12485 | lr  0.000122 |acc  25.156%| ms/batch 18.69 | loss 0.4818527 
| epoch  35 |   249/  350 batches | lr_step  12535 | lr  0.000122 |acc  27.156%| ms/batch 21.95 | loss 0.4715927 
| epoch  35 |   299/  350 batches | lr_step  12585 | lr  0.000122 |acc  25.781%| ms/batch 13.60 | loss 0.4848216 
| epoch  35 |   349/  350 batches | lr_step  12635 | lr  0.000121 |acc  26.906%| ms/batch 16.89 | loss 0.4578048 
Pred: tensor([ 6,  8, 21, 10,  9, 12,  7,  0,  0], device='cuda:0') and tensor([ 6,  7, 11,  9, 10, 12,  0,  0,  0], device='cuda:0'), tensor([ 6, 11, 10,  9, 12,  9,  8,  0,  0], device='cuda:0')
Tar: tensor([[ 6, 21,  8, 10, 12,  9,  7,  0,  0],
        [ 6,  7, 11,  9, 10, 12,  0,  0,  0],
        [ 6, 11, 10, 12,  9,  9,  8,  0,  0]], device='cuda:0')
-----------------------------------------------------------------------------------------
| end of epoch  35 | time: 12.13s | valid acc 45.339%| Best Model from Epoch 25 with 47.956%
-----------------------------------------------------------------------------------------
| epoch  36 |    49/  350 batches | lr_step  12686 | lr  0.000121 |acc  26.531%| ms/batch 18.76 | loss 0.4665294 
| epoch  36 |    99/  350 batches | lr_step  12736 | lr  0.000121 |acc  26.344%| ms/batch 17.93 | loss 0.4736308 
| epoch  36 |   149/  350 batches | lr_step  12786 | lr  0.000121 |acc  28.281%| ms/batch 19.50 | loss 0.4654060 
| epoch  36 |   199/  350 batches | lr_step  12836 | lr  0.000120 |acc  27.344%| ms/batch 18.89 | loss 0.4559351 
| epoch  36 |   249/  350 batches | lr_step  12886 | lr  0.000120 |acc  27.375%| ms/batch 16.93 | loss 0.4754440 
| epoch  36 |   299/  350 batches | lr_step  12936 | lr  0.000120 |acc  27.406%| ms/batch 17.22 | loss 0.4615167 
| epoch  36 |   349/  350 batches | lr_step  12986 | lr  0.000120 |acc  27.937%| ms/batch 20.65 | loss 0.4604928 
Pred: tensor([ 6,  7,  9, 10, 12, 21,  0,  0,  0,  0], device='cuda:0') and tensor([ 8, 10,  9,  8,  6,  7, 12,  0,  0,  0], device='cuda:0'), tensor([16, 14, 15, 17, 18, 19,  0,  0,  0,  0], device='cuda:0')
Tar: tensor([[ 6,  7,  9, 10, 12, 21,  0,  0,  0,  0],
        [ 8,  8,  9, 10,  6,  7, 12,  0,  0,  0],
        [14, 15, 16, 17, 19, 18,  0,  0,  0,  0]], device='cuda:0')
-----------------------------------------------------------------------------------------
| end of epoch  36 | time: 12.70s | valid acc 45.208%| Best Model from Epoch 25 with 47.956%
-----------------------------------------------------------------------------------------
| epoch  37 |    49/  350 batches | lr_step  13037 | lr  0.000119 |acc  28.500%| ms/batch 19.64 | loss 0.4638989 
| epoch  37 |    99/  350 batches | lr_step  13087 | lr  0.000119 |acc  27.812%| ms/batch 19.47 | loss 0.4717457 
| epoch  37 |   149/  350 batches | lr_step  13137 | lr  0.000119 |acc  28.687%| ms/batch 14.74 | loss 0.4508443 
| epoch  37 |   199/  350 batches | lr_step  13187 | lr  0.000119 |acc  28.531%| ms/batch 11.81 | loss 0.4581994 
| epoch  37 |   249/  350 batches | lr_step  13237 | lr  0.000119 |acc  28.687%| ms/batch 13.84 | loss 0.4595038 
| epoch  37 |   299/  350 batches | lr_step  13287 | lr  0.000118 |acc  30.188%| ms/batch 12.50 | loss 0.4469120 
| epoch  37 |   349/  350 batches | lr_step  13337 | lr  0.000118 |acc  29.750%| ms/batch 12.11 | loss 0.4403734 
Pred: tensor([ 6,  7,  9, 10,  8, 21, 12,  8,  0,  0], device='cuda:0') and tensor([ 6,  7, 10,  8,  9, 12,  8, 21,  0,  0], device='cuda:0'), tensor([ 9,  8,  7, 10, 12,  6, 11,  0,  0,  0], device='cuda:0')
Tar: tensor([[ 6,  7,  9, 10,  8, 21, 12,  8,  0,  0],
        [ 6,  7,  8, 10,  9,  8, 12, 21,  0,  0],
        [ 9,  7,  8, 10,  6, 12, 11,  0,  0,  0]], device='cuda:0')
-----------------------------------------------------------------------------------------
| end of epoch  37 | time: 11.26s | valid acc 44.565%| Best Model from Epoch 25 with 47.956%
-----------------------------------------------------------------------------------------
| epoch  38 |    49/  350 batches | lr_step  13388 | lr  0.000118 |acc  29.375%| ms/batch 18.28 | loss 0.4520068 
| epoch  38 |    99/  350 batches | lr_step  13438 | lr  0.000118 |acc  30.812%| ms/batch 16.19 | loss 0.4404464 
| epoch  38 |   149/  350 batches | lr_step  13488 | lr  0.000117 |acc  29.844%| ms/batch 16.21 | loss 0.4454034 
| epoch  38 |   199/  350 batches | lr_step  13538 | lr  0.000117 |acc  30.625%| ms/batch 11.08 | loss 0.4305054 
| epoch  38 |   249/  350 batches | lr_step  13588 | lr  0.000117 |acc  29.750%| ms/batch 11.41 | loss 0.4423339 
| epoch  38 |   299/  350 batches | lr_step  13638 | lr  0.000117 |acc  30.406%| ms/batch 20.00 | loss 0.4557058 
| epoch  38 |   349/  350 batches | lr_step  13688 | lr  0.000117 |acc  31.125%| ms/batch 20.00 | loss 0.4471365 
Pred: tensor([ 6,  7,  8, 10,  8,  9, 12, 11,  0,  0,  0], device='cuda:0') and tensor([ 7,  9, 10,  9,  8, 11, 12,  0,  0,  0,  0], device='cuda:0'), tensor([13, 15, 16, 17, 18,  0,  0,  0,  0,  0,  0], device='cuda:0')
Tar: tensor([[ 6,  8,  8, 10,  7,  9, 11, 12,  0,  0,  0],
        [ 7,  9, 10,  9,  8, 11, 12,  0,  0,  0,  0],
        [13, 15, 16, 17, 18,  0,  0,  0,  0,  0,  0]], device='cuda:0')
-----------------------------------------------------------------------------------------
| end of epoch  38 | time: 11.63s | valid acc 44.977%| Best Model from Epoch 25 with 47.956%
-----------------------------------------------------------------------------------------
| epoch  39 |    49/  350 batches | lr_step  13739 | lr  0.000116 |acc  32.469%| ms/batch 18.86 | loss 0.4437697 
| epoch  39 |    99/  350 batches | lr_step  13789 | lr  0.000116 |acc  32.094%| ms/batch 19.86 | loss 0.4362047 
| epoch  39 |   149/  350 batches | lr_step  13839 | lr  0.000116 |acc  31.031%| ms/batch 13.60 | loss 0.4450880 
| epoch  39 |   199/  350 batches | lr_step  13889 | lr  0.000116 |acc  32.594%| ms/batch 19.12 | loss 0.4256906 
| epoch  39 |   249/  350 batches | lr_step  13939 | lr  0.000116 |acc  31.875%| ms/batch 15.05 | loss 0.4350539 
| epoch  39 |   299/  350 batches | lr_step  13989 | lr  0.000115 |acc  32.250%| ms/batch 13.04 | loss 0.4364179 
| epoch  39 |   349/  350 batches | lr_step  14039 | lr  0.000115 |acc  31.500%| ms/batch 16.49 | loss 0.4376400 
Pred: tensor([13, 16, 20, 17, 14, 15, 19, 14,  0,  0,  0], device='cuda:0') and tensor([13, 14, 15, 17, 16, 14, 19, 18,  0,  0,  0], device='cuda:0'), tensor([13, 16, 17, 14, 15, 17, 19, 18,  0,  0,  0], device='cuda:0')
Tar: tensor([[13, 20, 16, 14, 17, 15, 19, 14,  0,  0,  0],
        [13, 14, 15, 16, 17, 14, 19, 18,  0,  0,  0],
        [13, 16, 17, 14, 15, 19, 18, 17,  0,  0,  0]], device='cuda:0')
-----------------------------------------------------------------------------------------
| end of epoch  39 | time: 11.59s | valid acc 44.394%| Best Model from Epoch 25 with 47.956%
-----------------------------------------------------------------------------------------
| epoch  40 |    49/  350 batches | lr_step  14090 | lr  0.000115 |acc  31.562%| ms/batch 16.37 | loss 0.4228806 
| epoch  40 |    99/  350 batches | lr_step  14140 | lr  0.000115 |acc  32.750%| ms/batch 16.59 | loss 0.4374968 
| epoch  40 |   149/  350 batches | lr_step  14190 | lr  0.000115 |acc  32.250%| ms/batch 12.00 | loss 0.4363440 
| epoch  40 |   199/  350 batches | lr_step  14240 | lr  0.000114 |acc  32.375%| ms/batch 17.61 | loss 0.4371666 
| epoch  40 |   249/  350 batches | lr_step  14290 | lr  0.000114 |acc  34.188%| ms/batch 21.76 | loss 0.4194048 
| epoch  40 |   299/  350 batches | lr_step  14340 | lr  0.000114 |acc  33.000%| ms/batch 15.09 | loss 0.4235657 
| epoch  40 |   349/  350 batches | lr_step  14390 | lr  0.000114 |acc  32.875%| ms/batch 17.88 | loss 0.4227542 
Pred: tensor([13, 14, 17, 20, 19, 15,  0,  0,  0,  0], device='cuda:0') and tensor([ 6,  7,  9, 10,  7, 11,  8, 12,  0,  0], device='cuda:0'), tensor([ 6, 21,  8, 10,  9, 12,  7,  0,  0,  0], device='cuda:0')
Tar: tensor([[13, 14, 20, 17, 19, 15,  0,  0,  0,  0],
        [ 6,  7,  9,  8, 10,  7, 11, 12,  0,  0],
        [ 6, 21,  8,  9, 10, 12,  7,  0,  0,  0]], device='cuda:0')
-----------------------------------------------------------------------------------------
| end of epoch  40 | time: 12.70s | valid acc 45.640%| Best Model from Epoch 25 with 47.956%
-----------------------------------------------------------------------------------------
Pred: tensor([ 6,  8,  7,  9, 10, 11, 12,  0,  0], device='cuda:0') and tensor([13, 19, 14, 15, 17, 16, 20,  0,  0], device='cuda:0'), tensor([13, 14, 15, 17, 19, 18,  0,  0,  0], device='cuda:0')
Tar: tensor([[ 6,  8,  7,  9, 10, 11, 12,  0,  0],
        [13, 19, 14, 15, 17, 16, 20,  0,  0],
        [13, 14, 15, 17, 19, 18,  0,  0,  0]], device='cuda:0')
=========================================================================================
| End of training | test loss 69.00 | test acc 48.37% | Best Model from Epoch 25
=========================================================================================
