
105
19895
19895
0 ['c3', 'h4', 'a2', 'b5', 'd6'] (['c3', 'h4', 'a2', 'b5', 'd6'], 0.12380952380952381) ['c3', 'h4', 'a2', 'b5', 'd6']
1000 ['a2', 'c3', 'h4', 'b5', 'd6'] (['a2', 'c3', 'h4', 'b5', 'd6'], 0.26666666666666666) ['a2', 'c3', 'h4', 'b5', 'd6']
2000 ['c3', 'h4', 'a2', 'b5', 'd6'] (['c3', 'h4', 'a2', 'b5', 'd6'], 0.12380952380952381) ['c3', 'h4', 'a2', 'b5', 'd6']
3000 ['c10', 'h11', 'a9', 'b12', 'e13', 'f14', 'g15'] (['c10', 'a9', 'h11', 'b12', 'e13', 'f14', 'g15'], 0.12380952380952381) ['c10', 'h11', 'a9', 'b12', 'e13', 'f14', 'g15']
4000 ['c3', 'h4', 'a2', 'b5', 'd6'] (['c3', 'h4', 'a2', 'b5', 'd6'], 0.12380952380952381) ['c3', 'h4', 'a2', 'b5', 'd6']
5000 ['c10', 'a9', 'h11', 'b12', 'e13', 'f14', 'g15'] (['c10', 'a9', 'h11', 'b12', 'e13', 'f14', 'g15'], 0.12380952380952381) ['c10', 'a9', 'h11', 'b12', 'e13', 'f14', 'g15']
6000 ['c10', 'h11', 'a9', 'b12', 'e13', 'f14', 'g15'] (['a9', 'c10', 'h11', 'b12', 'e13', 'f14', 'g15'], 0.2571428571428571) ['c10', 'h11', 'a9', 'b12', 'e13', 'f14', 'g15']
7000 ['c3', 'h4', 'a2', 'b5', 'd6'] (['a2', 'c3', 'h4', 'b5', 'd6'], 0.26666666666666666) ['c3', 'h4', 'a2', 'b5', 'd6']
8000 ['c3', 'a2', 'h4', 'b5', 'd6'] (['c3', 'a2', 'h4', 'b5', 'd6'], 0.11428571428571428) ['c3', 'a2', 'h4', 'b5', 'd6']
9000 ['a2', 'c3', 'h4', 'b5', 'd6'] (['a2', 'c3', 'h4', 'b5', 'd6'], 0.26666666666666666) ['a2', 'c3', 'h4', 'b5', 'd6']
10000 ['c10', 'h11', 'a9', 'b12', 'e13', 'f14', 'g15'] (['c10', 'h11', 'a9', 'b12', 'e13', 'f14', 'g15'], 0.11428571428571428) ['c10', 'h11', 'a9', 'b12', 'e13', 'f14', 'g15']
11000 ['a2', 'c3', 'h4', 'b5', 'd6'] (['a2', 'c3', 'h4', 'b5', 'd6'], 0.26666666666666666) ['a2', 'c3', 'h4', 'b5', 'd6']
12000 ['a2', 'c3', 'h4', 'b5', 'd6'] (['a2', 'c3', 'h4', 'b5', 'd6'], 0.26666666666666666) ['a2', 'c3', 'h4', 'b5', 'd6']
13000 ['a2', 'c3', 'h4', 'b5', 'd6'] (['a2', 'c3', 'h4', 'b5', 'd6'], 0.26666666666666666) ['a2', 'c3', 'h4', 'b5', 'd6']
14000 ['c10', 'h11', 'a9', 'b12', 'e13', 'f14', 'g15'] (['c10', 'h11', 'a9', 'b12', 'e13', 'f14', 'g15'], 0.11428571428571428) ['c10', 'h11', 'a9', 'b12', 'e13', 'f14', 'g15']
15000 ['a9', 'c10', 'h11', 'b12', 'e13', 'f14', 'g15'] (['a9', 'c10', 'h11', 'b12', 'e13', 'f14', 'g15'], 0.2571428571428571) ['a9', 'c10', 'h11', 'b12', 'e13', 'f14', 'g15']
16000 ['a9', 'c10', 'h11', 'b12', 'e13', 'f14', 'g15'] (['a9', 'c10', 'h11', 'b12', 'e13', 'f14', 'g15'], 0.2571428571428571) ['a9', 'c10', 'h11', 'b12', 'e13', 'f14', 'g15']
17000 ['a2', 'c3', 'h4', 'b5', 'd6'] (['a2', 'c3', 'h4', 'b5', 'd6'], 0.26666666666666666) ['a2', 'c3', 'h4', 'b5', 'd6']
18000 ['a9', 'c10', 'h11', 'b12', 'e13', 'f14', 'g15'] (['a9', 'c10', 'h11', 'b12', 'e13', 'f14', 'g15'], 0.2571428571428571) ['a9', 'c10', 'h11', 'b12', 'e13', 'f14', 'g15']
19000 ['a2', 'c3', 'h4', 'b5', 'd6'] (['a2', 'c3', 'h4', 'b5', 'd6'], 0.26666666666666666) ['a2', 'c3', 'h4', 'b5', 'd6']

Accuracy: 0.6719276200050264
Running experiment on N = 2

Accuracy: 0.6692636340789143



0
1000
2000
3000
4000
5000
6000
7000
8000
9000
10000
11000
12000
13000
14000
15000
16000
17000
18000
19000

Accuracy: 0.5018346318170395
