
192
24808
24808
0 ['f26', 'a18', 'd19', 'g20', 'b31', 'e30'] (['f26', 'a18', 'g20', 'd19', 'b31', 'e30'], 0) ['f26', 'a18', 'd19', 'g20', 'b31', 'e30']
1000 ['b15', 'a2', 'd3', 'g4', 'e14'] (['b15', 'a2', 'd3', 'g4', 'e14'], 0.020833333333333332) ['b15', 'a2', 'd3', 'g4', 'e14']
2000 ['a18', 'd19', 'b31', 'g20', 'e30'] (['a18', 'd19', 'b31', 'g20', 'e30'], 0.010416666666666666) ['a18', 'd19', 'b31', 'g20', 'e30']
3000 ['a2', 'b15', 'd3', 'g4', 'c10'] (['a2', 'b15', 'd3', 'g4', 'c10'], 0.005208333333333333) ['a2', 'b15', 'd3', 'g4', 'c10']
4000 ['a2', 'b15', 'd3', 'g4', 'e14'] (['a2', 'b15', 'd3', 'e14', 'g4'], 0.005208333333333333) ['a2', 'b15', 'd3', 'g4', 'e14']
5000 ['a2', 'd3', 'g4', 'b15', 'c10', 'e14'] (['a2', 'd3', 'g4', 'e14', 'b15', 'c10'], 0.005208333333333333) ['a2', 'd3', 'g4', 'b15', 'c10', 'e14']
6000 ['a2', 'b15', 'b15', 'd3', 'g4', 'e14', 'a2', 'd3'] (['d3', 'b15', 'a2', 'b15', 'g4', 'e14', 'a2', 'd3'], 0) ['a2', 'b15', 'b15', 'd3', 'g4', 'e14', 'a2', 'd3']
7000 ['a18', 'd19', 'b31', 'g20', 'e30', 'f26'] (['a18', 'd19', 'b31', 'g20', 'f26', 'e30'], 0.005208333333333333) ['a18', 'd19', 'b31', 'g20', 'e30', 'f26']
8000 ['b15', 'a2', 'd3', 'g4', 'c10'] (['b15', 'a2', 'd3', 'g4', 'c10'], 0.036458333333333336) ['b15', 'a2', 'd3', 'g4', 'c10']
9000 ['b31', 'a18', 'd19', 'g20', 'f26', 'e30'] (['b31', 'a18', 'd19', 'g20', 'f26', 'e30'], 0.015625) ['b31', 'a18', 'd19', 'g20', 'f26', 'e30']
10000 ['b31', 'a18', 'd19', 'g20', 'e30'] (['b31', 'a18', 'd19', 'g20', 'e30'], 0.041666666666666664) ['b31', 'a18', 'd19', 'g20', 'e30']
11000 ['b15', 'a2', 'd3', 'g4', 'e14'] (['b15', 'a2', 'd3', 'g4', 'e14'], 0.020833333333333332) ['b15', 'a2', 'd3', 'g4', 'e14']
12000 ['a18', 'd19', 'b31', 'g20', 'f26'] (['a18', 'b31', 'd19', 'g20', 'f26'], 0.010416666666666666) ['a18', 'd19', 'b31', 'g20', 'f26']
13000 ['b31', 'd19', 'g20', 'f26', 'a18'] (['b31', 'd19', 'g20', 'f26', 'a18'], 0) ['b31', 'd19', 'g20', 'f26', 'a18']
14000 ['a2', 'd3', 'g4', 'b15', 'e14', 'c10'] (['a2', 'd3', 'g4', 'e14', 'b15', 'c10'], 0.005208333333333333) ['a2', 'd3', 'g4', 'b15', 'e14', 'c10']
15000 ['a18', 'd19', 'g20', 'f26', 'e30'] (['a18', 'd19', 'f26', 'g20', 'e30'], 0) ['a18', 'd19', 'g20', 'f26', 'e30']
16000 ['b31', 'e30', 'g20', 'd19'] (['b31', 'e30', 'd19', 'g20'], 0) ['b31', 'e30', 'g20', 'd19']
17000 ['a18', 'b31', 'd19', 'g20', 'f26'] (['b31', 'a18', 'd19', 'g20', 'f26'], 0.015625) ['a18', 'b31', 'd19', 'g20', 'f26']
18000 ['a2', 'b15', 'c10', 'd3', 'g4'] (['a2', 'c10', 'b15', 'd3', 'g4'], 0) ['a2', 'b15', 'c10', 'd3', 'g4']
19000 ['a2', 'b15', 'd3', 'g4', 'e14', 'c10'] (['a2', 'b15', 'd3', 'g4', 'e14', 'c10'], 0.015625) ['a2', 'b15', 'd3', 'g4', 'e14', 'c10']
20000 ['b15', 'a2', 'd3', 'g4', 'c10', 'e14'] (['b15', 'a2', 'd3', 'g4', 'c10', 'e14'], 0.015625) ['b15', 'a2', 'd3', 'g4', 'c10', 'e14']
21000 ['a2', 'd3', 'b15', 'g4'] (['a2', 'd3', 'g4', 'b15'], 0.010416666666666666) ['a2', 'd3', 'b15', 'g4']
22000 ['a18', 'b31', 'd19', 'g20', 'e30', 'f26'] (['b31', 'a18', 'd19', 'g20', 'e30', 'f26'], 0.026041666666666668) ['a18', 'b31', 'd19', 'g20', 'e30', 'f26']
23000 ['b15', 'a2', 'd3', 'g4'] (['a2', 'b15', 'd3', 'g4'], 0.015625) ['b15', 'a2', 'd3', 'g4']
24000 ['b31', 'a18', 'd19', 'g20'] (['a18', 'b31', 'd19', 'g20'], 0.010416666666666666) ['b31', 'a18', 'd19', 'g20']

Accuracy: 0.5236617220251532
Running experiment on N = 2

Accuracy: 0.6374556594646889




0
1000
2000
3000
4000
5000
6000
7000
8000
9000
10000
11000
12000
13000
14000
15000
16000
17000
18000
19000
20000
21000
22000
23000
24000

Accuracy: 0.5691309255079007
