-----------------------------------------------------------------------------------------
Parameter Settings:
EIUES:                            0.25
Ratio uncertain traces:           0.2

Type:                             encoder_GREEDY
No. warmup steps:                 4293.604323932182
LR factor                         0.7988187431727009 
Embedding dimension:              256
Dimension of feedforward network: 1024
Number of transformer layers:     2
Number of attentions heads:       8
Dropout:                          0.404889
Total number of epochs:           150
-----------------------------------------------------------------------------------------
| epoch   0 |    24/  287 batches | lr_step  25 | lr  0.000004 |acc  0.000%| ms/batch 583.88 | loss 2.0801111 
| epoch   0 |    49/  287 batches | lr_step  50 | lr  0.000009 |acc  0.000%| ms/batch 592.86 | loss 1.9644196 
| epoch   0 |    74/  287 batches | lr_step  75 | lr  0.000013 |acc  0.000%| ms/batch 572.71 | loss 1.8144271 
| epoch   0 |    99/  287 batches | lr_step  100 | lr  0.000018 |acc  0.000%| ms/batch 560.74 | loss 1.6778892 
| epoch   0 |   124/  287 batches | lr_step  125 | lr  0.000022 |acc  0.000%| ms/batch 562.86 | loss 1.5392025 
| epoch   0 |   149/  287 batches | lr_step  150 | lr  0.000027 |acc  0.000%| ms/batch 596.21 | loss 1.4170716 
| epoch   0 |   174/  287 batches | lr_step  175 | lr  0.000031 |acc  0.000%| ms/batch 580.85 | loss 1.3055156 
| epoch   0 |   199/  287 batches | lr_step  200 | lr  0.000035 |acc  0.000%| ms/batch 592.82 | loss 1.2336999 
| epoch   0 |   224/  287 batches | lr_step  225 | lr  0.000040 |acc  0.000%| ms/batch 581.37 | loss 1.1933773 
| epoch   0 |   249/  287 batches | lr_step  250 | lr  0.000044 |acc  0.000%| ms/batch 594.01 | loss 1.1648057 
| epoch   0 |   274/  287 batches | lr_step  275 | lr  0.000049 |acc  0.000%| ms/batch 561.38 | loss 1.1392991 
Pred: tensor([11,  7,  9, 10, 12,  8,  0,  0,  0,  0]) and tensor([13, 14, 15, 17, 19, 20,  0,  0,  0,  0]), tensor([13, 16, 17, 14, 15, 18, 19, 17,  0,  0])
Tar: tensor([[11,  7,  9, 10, 12,  8,  0,  0,  0,  0],
        [13, 14, 17, 15, 19, 20,  0,  0,  0,  0],
        [13, 16, 17, 14, 15, 18, 19, 17,  0,  0]])
-----------------------------------------------------------------------------------------
| end of epoch   0 | time: 171.50s | valid acc 47.688%| Best Model from Epoch 0 with  -inf%
-----------------------------------------------------------------------------------------
-----------------------------------------------------------------------------------------
-----------------------------------------------------------------------------------------
| end of epoch   0 | time: 171.50s | valid acc 47.688%| 
-----------------------------------------------------------------------------------------
-----------------------------------------------------------------------------------------
| epoch   1 |    24/  287 batches | lr_step  313 | lr  0.000056 |acc  0.000%| ms/batch 572.95 | loss 1.1074294 
| epoch   1 |    49/  287 batches | lr_step  338 | lr  0.000060 |acc  0.000%| ms/batch 579.93 | loss 1.0852583 
| epoch   1 |    74/  287 batches | lr_step  363 | lr  0.000064 |acc  0.000%| ms/batch 586.97 | loss 1.0642215 
| epoch   1 |    99/  287 batches | lr_step  388 | lr  0.000069 |acc  0.008%| ms/batch 579.04 | loss 1.0475445 
| epoch   1 |   124/  287 batches | lr_step  413 | lr  0.000073 |acc  0.023%| ms/batch 572.35 | loss 1.0319665 
| epoch   1 |   149/  287 batches | lr_step  438 | lr  0.000078 |acc  0.000%| ms/batch 594.52 | loss 1.0180823 
| epoch   1 |   174/  287 batches | lr_step  463 | lr  0.000082 |acc  0.016%| ms/batch 591.60 | loss 0.9964012 
| epoch   1 |   199/  287 batches | lr_step  488 | lr  0.000087 |acc  0.023%| ms/batch 561.49 | loss 0.9821574 
| epoch   1 |   224/  287 batches | lr_step  513 | lr  0.000091 |acc  0.031%| ms/batch 683.39 | loss 0.9685251 
| epoch   1 |   249/  287 batches | lr_step  538 | lr  0.000095 |acc  0.055%| ms/batch 563.02 | loss 0.9562898 
| epoch   1 |   274/  287 batches | lr_step  563 | lr  0.000100 |acc  0.031%| ms/batch 588.71 | loss 0.9429071 
Pred: tensor([ 6,  8,  7, 10,  9,  0,  0,  0,  0,  0]) and tensor([13, 14, 15, 17, 16, 14, 18, 19,  0,  0]), tensor([13, 14, 17, 15, 16, 18, 19,  0,  0,  0])
Tar: tensor([[ 6,  8,  7, 10,  9,  0,  0,  0,  0,  0],
        [13, 14, 15, 16, 17, 14, 18, 19,  0,  0],
        [13, 17, 14, 15, 16, 18, 19,  0,  0,  0]])
-----------------------------------------------------------------------------------------
| end of epoch   1 | time: 175.84s | valid acc 48.831%| Best Model from Epoch 0 with 47.688%
-----------------------------------------------------------------------------------------
-----------------------------------------------------------------------------------------
-----------------------------------------------------------------------------------------
| end of epoch   1 | time: 175.84s | valid acc 48.831%| 
-----------------------------------------------------------------------------------------
-----------------------------------------------------------------------------------------
| epoch   2 |    24/  287 batches | lr_step  601 | lr  0.000107 |acc  0.016%| ms/batch 570.44 | loss 0.9216466 
| epoch   2 |    49/  287 batches | lr_step  626 | lr  0.000111 |acc  0.078%| ms/batch 566.21 | loss 0.9146601 
| epoch   2 |    74/  287 batches | lr_step  651 | lr  0.000116 |acc  0.078%| ms/batch 567.40 | loss 0.9003641 
| epoch   2 |    99/  287 batches | lr_step  676 | lr  0.000120 |acc  0.109%| ms/batch 569.43 | loss 0.8828946 
| epoch   2 |   124/  287 batches | lr_step  701 | lr  0.000124 |acc  0.125%| ms/batch 582.21 | loss 0.8720413 
| epoch   2 |   149/  287 batches | lr_step  726 | lr  0.000129 |acc  0.109%| ms/batch 568.96 | loss 0.8551877 
| epoch   2 |   174/  287 batches | lr_step  751 | lr  0.000133 |acc  0.203%| ms/batch 567.05 | loss 0.8341289 
| epoch   2 |   199/  287 batches | lr_step  776 | lr  0.000138 |acc  0.344%| ms/batch 567.56 | loss 0.8091262 
| epoch   2 |   224/  287 batches | lr_step  801 | lr  0.000142 |acc  0.367%| ms/batch 569.31 | loss 0.7860401 
| epoch   2 |   249/  287 batches | lr_step  826 | lr  0.000147 |acc  0.664%| ms/batch 591.64 | loss 0.7630030 
| epoch   2 |   274/  287 batches | lr_step  851 | lr  0.000151 |acc  0.906%| ms/batch 570.45 | loss 0.7301573 
Pred: tensor([13, 16, 17, 15, 14, 19, 20,  0,  0,  0]) and tensor([ 6,  7,  9,  8, 10, 12, 21,  0,  0,  0]), tensor([ 6,  8,  7,  9, 12, 11,  0,  0,  0,  0])
Tar: tensor([[13, 16, 17, 15, 14, 19, 20,  0,  0,  0],
        [ 6,  7,  9,  8, 10, 12, 21,  0,  0,  0],
        [ 6,  8,  7,  9, 12, 11,  0,  0,  0,  0]])
-----------------------------------------------------------------------------------------
| end of epoch   2 | time: 169.44s | valid acc 48.831%| Best Model from Epoch 1 with 48.831%
-----------------------------------------------------------------------------------------
| epoch   3 |    24/  287 batches | lr_step  889 | lr  0.000158 |acc  1.461%| ms/batch 566.22 | loss 0.6978114 
| epoch   3 |    49/  287 batches | lr_step  914 | lr  0.000162 |acc  1.836%| ms/batch 562.68 | loss 0.6752412 
| epoch   3 |    74/  287 batches | lr_step  939 | lr  0.000167 |acc  2.141%| ms/batch 567.39 | loss 0.6508203 
| epoch   3 |    99/  287 batches | lr_step  964 | lr  0.000171 |acc  2.523%| ms/batch 566.25 | loss 0.6344141 
| epoch   3 |   124/  287 batches | lr_step  989 | lr  0.000176 |acc  3.227%| ms/batch 563.62 | loss 0.6091567 
| epoch   3 |   149/  287 batches | lr_step  1014 | lr  0.000180 |acc  3.781%| ms/batch 570.92 | loss 0.5937854 
| epoch   3 |   174/  287 batches | lr_step  1039 | lr  0.000184 |acc  4.359%| ms/batch 569.12 | loss 0.5821761 
| epoch   3 |   199/  287 batches | lr_step  1064 | lr  0.000189 |acc  4.812%| ms/batch 568.06 | loss 0.5579456 
| epoch   3 |   224/  287 batches | lr_step  1089 | lr  0.000193 |acc  6.039%| ms/batch 568.64 | loss 0.5366806 
| epoch   3 |   249/  287 batches | lr_step  1114 | lr  0.000198 |acc  6.672%| ms/batch 571.91 | loss 0.5259592 
| epoch   3 |   274/  287 batches | lr_step  1139 | lr  0.000202 |acc  7.289%| ms/batch 566.05 | loss 0.5081956 
Pred: tensor([13, 14, 16, 15, 19, 18,  0,  0,  0,  0]) and tensor([13, 16, 17, 14, 18, 19,  0,  0,  0,  0]), tensor([ 6,  8, 10,  9,  7, 12, 11,  7,  0,  0])
Tar: tensor([[13, 14, 16, 15, 18, 19,  0,  0,  0,  0],
        [13, 16, 17, 14, 18, 19,  0,  0,  0,  0],
        [ 6,  8, 10,  7,  9, 11, 12,  7,  0,  0]])
-----------------------------------------------------------------------------------------
| end of epoch   3 | time: 168.28s | valid acc 47.986%| Best Model from Epoch 1 with 48.831%
-----------------------------------------------------------------------------------------
| epoch   4 |    24/  287 batches | lr_step  1177 | lr  0.000209 |acc  8.453%| ms/batch 572.56 | loss 0.4926915 
| epoch   4 |    49/  287 batches | lr_step  1202 | lr  0.000213 |acc  9.195%| ms/batch 575.76 | loss 0.4819745 
| epoch   4 |    74/  287 batches | lr_step  1227 | lr  0.000218 |acc  10.078%| ms/batch 580.95 | loss 0.4655078 
| epoch   4 |    99/  287 batches | lr_step  1252 | lr  0.000222 |acc  10.562%| ms/batch 568.06 | loss 0.4605241 
| epoch   4 |   124/  287 batches | lr_step  1277 | lr  0.000227 |acc  11.227%| ms/batch 566.40 | loss 0.4461390 
| epoch   4 |   149/  287 batches | lr_step  1302 | lr  0.000231 |acc  11.766%| ms/batch 573.68 | loss 0.4434501 
| epoch   4 |   174/  287 batches | lr_step  1327 | lr  0.000235 |acc  12.867%| ms/batch 559.47 | loss 0.4284300 
| epoch   4 |   199/  287 batches | lr_step  1352 | lr  0.000240 |acc  13.219%| ms/batch 574.23 | loss 0.4218065 
| epoch   4 |   224/  287 batches | lr_step  1377 | lr  0.000244 |acc  13.117%| ms/batch 577.71 | loss 0.4180116 
| epoch   4 |   249/  287 batches | lr_step  1402 | lr  0.000249 |acc  13.742%| ms/batch 585.37 | loss 0.4123874 
| epoch   4 |   274/  287 batches | lr_step  1427 | lr  0.000253 |acc  14.453%| ms/batch 569.19 | loss 0.4004675 
Pred: tensor([ 6,  8,  7,  9, 10, 12, 11,  6,  0]) and tensor([13, 16, 17, 15, 14, 19, 20,  0,  0]), tensor([14, 18, 16, 15, 19, 13, 17,  0,  0])
Tar: tensor([[ 6,  8,  7,  9, 10, 12, 11,  6,  0],
        [13, 16, 17, 15, 14, 19, 20,  0,  0],
        [18, 14, 15, 16, 17, 13, 19,  0,  0]])
-----------------------------------------------------------------------------------------
| end of epoch   4 | time: 169.60s | valid acc 46.047%| Best Model from Epoch 1 with 48.831%
-----------------------------------------------------------------------------------------
| epoch   5 |    24/  287 batches | lr_step  1465 | lr  0.000260 |acc  15.008%| ms/batch 578.93 | loss 0.3932820 
| epoch   5 |    49/  287 batches | lr_step  1490 | lr  0.000264 |acc  15.547%| ms/batch 578.95 | loss 0.3868539 
| epoch   5 |    74/  287 batches | lr_step  1515 | lr  0.000269 |acc  15.328%| ms/batch 592.29 | loss 0.3868619 
| epoch   5 |    99/  287 batches | lr_step  1540 | lr  0.000273 |acc  15.805%| ms/batch 584.31 | loss 0.3821008 
| epoch   5 |   124/  287 batches | lr_step  1565 | lr  0.000278 |acc  16.250%| ms/batch 588.95 | loss 0.3770933 
| epoch   5 |   149/  287 batches | lr_step  1590 | lr  0.000282 |acc  17.289%| ms/batch 582.68 | loss 0.3693148 
| epoch   5 |   174/  287 batches | lr_step  1615 | lr  0.000287 |acc  17.000%| ms/batch 575.52 | loss 0.3695906 
| epoch   5 |   199/  287 batches | lr_step  1640 | lr  0.000291 |acc  17.297%| ms/batch 566.01 | loss 0.3668971 
| epoch   5 |   224/  287 batches | lr_step  1665 | lr  0.000295 |acc  17.250%| ms/batch 572.08 | loss 0.3616102 
| epoch   5 |   249/  287 batches | lr_step  1690 | lr  0.000300 |acc  17.734%| ms/batch 565.86 | loss 0.3599743 
| epoch   5 |   274/  287 batches | lr_step  1715 | lr  0.000304 |acc  17.438%| ms/batch 562.78 | loss 0.3587767 
Pred: tensor([13, 16, 15, 17, 14, 19,  0,  0,  0,  0]) and tensor([13, 16, 15, 17, 19, 18,  0,  0,  0,  0]), tensor([ 6, 11,  7,  8,  9, 12, 10,  0,  0,  0])
Tar: tensor([[13, 16, 15, 17, 14, 19,  0,  0,  0,  0],
        [13, 15, 16, 17, 18, 19,  0,  0,  0,  0],
        [ 6, 11,  7,  8,  9, 10, 12,  0,  0,  0]])
-----------------------------------------------------------------------------------------
| end of epoch   5 | time: 170.48s | valid acc 46.494%| Best Model from Epoch 1 with 48.831%
-----------------------------------------------------------------------------------------
| epoch   6 |    24/  287 batches | lr_step  1753 | lr  0.000311 |acc  17.797%| ms/batch 653.17 | loss 0.3542669 
| epoch   6 |    49/  287 batches | lr_step  1778 | lr  0.000316 |acc  18.000%| ms/batch 652.74 | loss 0.3520517 
| epoch   6 |    74/  287 batches | lr_step  1803 | lr  0.000320 |acc  17.867%| ms/batch 563.57 | loss 0.3537978 
| epoch   6 |    99/  287 batches | lr_step  1828 | lr  0.000324 |acc  18.539%| ms/batch 548.65 | loss 0.3482433 
| epoch   6 |   124/  287 batches | lr_step  1853 | lr  0.000329 |acc  17.867%| ms/batch 552.08 | loss 0.3486617 
| epoch   6 |   149/  287 batches | lr_step  1878 | lr  0.000333 |acc  18.367%| ms/batch 545.46 | loss 0.3438636 
| epoch   6 |   174/  287 batches | lr_step  1903 | lr  0.000338 |acc  19.000%| ms/batch 547.14 | loss 0.3404965 
| epoch   6 |   199/  287 batches | lr_step  1928 | lr  0.000342 |acc  19.438%| ms/batch 553.44 | loss 0.3368491 
| epoch   6 |   224/  287 batches | lr_step  1953 | lr  0.000347 |acc  19.680%| ms/batch 552.68 | loss 0.3334221 
| epoch   6 |   249/  287 batches | lr_step  1978 | lr  0.000351 |acc  18.797%| ms/batch 557.83 | loss 0.3361725 
| epoch   6 |   274/  287 batches | lr_step  2003 | lr  0.000355 |acc  19.062%| ms/batch 545.32 | loss 0.3396170 
Pred: tensor([13, 16, 17, 15, 18, 14, 19,  0,  0]) and tensor([13, 16, 17, 15, 19, 20, 13,  0,  0]), tensor([13, 17, 14, 15, 18, 19,  0,  0,  0])
Tar: tensor([[13, 16, 17, 15, 14, 18, 19,  0,  0],
        [13, 16, 15, 17, 19, 20, 13,  0,  0],
        [13, 17, 14, 15, 18, 19,  0,  0,  0]])
-----------------------------------------------------------------------------------------
| end of epoch   6 | time: 168.65s | valid acc 50.174%| Best Model from Epoch 1 with 48.831%
-----------------------------------------------------------------------------------------
-----------------------------------------------------------------------------------------
-----------------------------------------------------------------------------------------
| end of epoch   6 | time: 168.65s | valid acc 50.174%| 
-----------------------------------------------------------------------------------------
-----------------------------------------------------------------------------------------
| epoch   7 |    24/  287 batches | lr_step  2041 | lr  0.000362 |acc  19.781%| ms/batch 557.20 | loss 0.3316826 
| epoch   7 |    49/  287 batches | lr_step  2066 | lr  0.000367 |acc  19.398%| ms/batch 559.40 | loss 0.3354805 
| epoch   7 |    74/  287 batches | lr_step  2091 | lr  0.000371 |acc  19.836%| ms/batch 545.31 | loss 0.3260071 
| epoch   7 |    99/  287 batches | lr_step  2116 | lr  0.000376 |acc  18.656%| ms/batch 544.55 | loss 0.3352380 
| epoch   7 |   124/  287 batches | lr_step  2141 | lr  0.000380 |acc  20.336%| ms/batch 544.98 | loss 0.3262921 
| epoch   7 |   149/  287 batches | lr_step  2166 | lr  0.000384 |acc  19.727%| ms/batch 553.06 | loss 0.3268813 
| epoch   7 |   174/  287 batches | lr_step  2191 | lr  0.000389 |acc  19.758%| ms/batch 550.01 | loss 0.3239410 
| epoch   7 |   199/  287 batches | lr_step  2216 | lr  0.000393 |acc  20.000%| ms/batch 552.30 | loss 0.3243795 
| epoch   7 |   224/  287 batches | lr_step  2241 | lr  0.000398 |acc  19.484%| ms/batch 549.88 | loss 0.3266481 
| epoch   7 |   249/  287 batches | lr_step  2266 | lr  0.000402 |acc  20.156%| ms/batch 551.01 | loss 0.3187183 
| epoch   7 |   274/  287 batches | lr_step  2291 | lr  0.000407 |acc  19.727%| ms/batch 555.75 | loss 0.3252376 
Pred: tensor([13, 16, 14, 15, 17, 14, 19, 18,  0,  0]) and tensor([ 6,  8, 10,  7,  9, 12, 21,  6,  0,  0]), tensor([ 6,  7, 10,  9, 12, 21,  0,  0,  0,  0])
Tar: tensor([[13, 16, 14, 15, 17, 14, 19, 18,  0,  0],
        [ 6,  8, 10,  7,  9, 12, 21,  6,  0,  0],
        [ 6,  7, 10,  9, 12, 21,  0,  0,  0,  0]])
-----------------------------------------------------------------------------------------
| end of epoch   7 | time: 163.45s | valid acc 48.782%| Best Model from Epoch 6 with 50.174%
-----------------------------------------------------------------------------------------
| epoch   8 |    24/  287 batches | lr_step  2329 | lr  0.000413 |acc  20.680%| ms/batch 549.63 | loss 0.3151574 
| epoch   8 |    49/  287 batches | lr_step  2354 | lr  0.000418 |acc  20.266%| ms/batch 548.24 | loss 0.3181707 
| epoch   8 |    74/  287 batches | lr_step  2379 | lr  0.000422 |acc  20.133%| ms/batch 552.74 | loss 0.3200778 
| epoch   8 |    99/  287 batches | lr_step  2404 | lr  0.000427 |acc  20.500%| ms/batch 546.18 | loss 0.3196007 
| epoch   8 |   124/  287 batches | lr_step  2429 | lr  0.000431 |acc  20.352%| ms/batch 544.47 | loss 0.3181507 
| epoch   8 |   149/  287 batches | lr_step  2454 | lr  0.000435 |acc  21.141%| ms/batch 554.47 | loss 0.3099525 
| epoch   8 |   174/  287 batches | lr_step  2479 | lr  0.000440 |acc  20.969%| ms/batch 546.38 | loss 0.3128041 
| epoch   8 |   199/  287 batches | lr_step  2504 | lr  0.000444 |acc  20.688%| ms/batch 554.97 | loss 0.3169849 
| epoch   8 |   224/  287 batches | lr_step  2529 | lr  0.000449 |acc  20.336%| ms/batch 547.26 | loss 0.3147264 
| epoch   8 |   249/  287 batches | lr_step  2554 | lr  0.000453 |acc  20.562%| ms/batch 545.70 | loss 0.3154354 
| epoch   8 |   274/  287 batches | lr_step  2579 | lr  0.000458 |acc  20.742%| ms/batch 549.05 | loss 0.3152520 
Pred: tensor([ 6,  8, 10,  9, 12, 11,  0,  0,  0,  0]) and tensor([13, 16, 17, 15, 14, 18, 19, 13,  0,  0]), tensor([13, 14, 14, 16, 15, 17, 18, 19, 17, 16])
Tar: tensor([[ 6,  8, 10,  9, 11, 12,  0,  0,  0,  0],
        [13, 16, 17, 14, 15, 18, 19, 13,  0,  0],
        [13, 14, 14, 16, 15, 17, 19, 18, 17, 16]])
-----------------------------------------------------------------------------------------
| end of epoch   8 | time: 162.97s | valid acc 52.810%| Best Model from Epoch 6 with 50.174%
-----------------------------------------------------------------------------------------
-----------------------------------------------------------------------------------------
-----------------------------------------------------------------------------------------
| end of epoch   8 | time: 162.97s | valid acc 52.810%| 
-----------------------------------------------------------------------------------------
-----------------------------------------------------------------------------------------
| epoch   9 |    24/  287 batches | lr_step  2617 | lr  0.000464 |acc  20.750%| ms/batch 547.14 | loss 0.3125090 
| epoch   9 |    49/  287 batches | lr_step  2642 | lr  0.000469 |acc  20.734%| ms/batch 547.31 | loss 0.3118934 
| epoch   9 |    74/  287 batches | lr_step  2667 | lr  0.000473 |acc  21.055%| ms/batch 544.47 | loss 0.3120918 
| epoch   9 |    99/  287 batches | lr_step  2692 | lr  0.000478 |acc  20.875%| ms/batch 576.33 | loss 0.3107169 
| epoch   9 |   124/  287 batches | lr_step  2717 | lr  0.000482 |acc  21.734%| ms/batch 637.47 | loss 0.3067752 
| epoch   9 |   149/  287 batches | lr_step  2742 | lr  0.000487 |acc  21.641%| ms/batch 635.50 | loss 0.3099356 
| epoch   9 |   174/  287 batches | lr_step  2767 | lr  0.000491 |acc  21.953%| ms/batch 559.78 | loss 0.3060586 
| epoch   9 |   199/  287 batches | lr_step  2792 | lr  0.000495 |acc  21.828%| ms/batch 635.34 | loss 0.3087411 
| epoch   9 |   224/  287 batches | lr_step  2817 | lr  0.000500 |acc  21.359%| ms/batch 588.19 | loss 0.3063739 
| epoch   9 |   249/  287 batches | lr_step  2842 | lr  0.000504 |acc  20.742%| ms/batch 632.43 | loss 0.3070896 
| epoch   9 |   274/  287 batches | lr_step  2867 | lr  0.000509 |acc  21.734%| ms/batch 557.23 | loss 0.3055125 
Pred: tensor([ 8,  7,  9, 10,  6, 12, 21,  0,  0]) and tensor([13, 16, 14, 17, 19, 18,  0,  0,  0]), tensor([14, 16, 17, 15, 13, 19, 18,  0,  0])
Tar: tensor([[ 8,  7, 10,  9,  6, 12, 21,  0,  0],
        [13, 16, 17, 14, 19, 18,  0,  0,  0],
        [14, 16, 17, 15, 13, 19, 18,  0,  0]])
-----------------------------------------------------------------------------------------
| end of epoch   9 | time: 173.96s | valid acc 52.263%| Best Model from Epoch 8 with 52.810%
-----------------------------------------------------------------------------------------
| epoch  10 |    24/  287 batches | lr_step  2905 | lr  0.000516 |acc  21.406%| ms/batch 555.08 | loss 0.3042837 
| epoch  10 |    49/  287 batches | lr_step  2930 | lr  0.000520 |acc  22.070%| ms/batch 555.40 | loss 0.3034678 
| epoch  10 |    74/  287 batches | lr_step  2955 | lr  0.000524 |acc  21.781%| ms/batch 550.29 | loss 0.3026265 
| epoch  10 |    99/  287 batches | lr_step  2980 | lr  0.000529 |acc  22.156%| ms/batch 555.16 | loss 0.3028655 
| epoch  10 |   124/  287 batches | lr_step  3005 | lr  0.000533 |acc  21.633%| ms/batch 555.64 | loss 0.3028169 
| epoch  10 |   149/  287 batches | lr_step  3030 | lr  0.000538 |acc  21.125%| ms/batch 547.90 | loss 0.3076519 
| epoch  10 |   174/  287 batches | lr_step  3055 | lr  0.000542 |acc  21.844%| ms/batch 548.42 | loss 0.3050180 
| epoch  10 |   199/  287 batches | lr_step  3080 | lr  0.000547 |acc  22.367%| ms/batch 555.15 | loss 0.3004975 
| epoch  10 |   224/  287 batches | lr_step  3105 | lr  0.000551 |acc  22.102%| ms/batch 554.81 | loss 0.3032631 
| epoch  10 |   249/  287 batches | lr_step  3130 | lr  0.000555 |acc  21.273%| ms/batch 551.01 | loss 0.3022129 
| epoch  10 |   274/  287 batches | lr_step  3155 | lr  0.000560 |acc  21.539%| ms/batch 557.59 | loss 0.3043229 
Pred: tensor([ 6,  8, 10,  7, 11, 12,  0,  0,  0,  0,  0]) and tensor([13, 14, 17, 15, 16, 19, 20,  0,  0,  0,  0]), tensor([ 6,  8, 10,  9, 11, 12,  8,  6,  0,  0,  0])
Tar: tensor([[ 6,  8, 10,  7, 11, 12,  0,  0,  0,  0,  0],
        [13, 17, 14, 15, 16, 19, 20,  0,  0,  0,  0],
        [ 6,  8, 10,  9, 11, 12,  8,  6,  0,  0,  0]])
-----------------------------------------------------------------------------------------
| end of epoch  10 | time: 164.18s | valid acc 50.572%| Best Model from Epoch 8 with 52.810%
-----------------------------------------------------------------------------------------
| epoch  11 |    24/  287 batches | lr_step  3193 | lr  0.000567 |acc  21.914%| ms/batch 552.05 | loss 0.3012021 
| epoch  11 |    49/  287 batches | lr_step  3218 | lr  0.000571 |acc  22.047%| ms/batch 554.96 | loss 0.3002424 
| epoch  11 |    74/  287 batches | lr_step  3243 | lr  0.000575 |acc  22.305%| ms/batch 561.41 | loss 0.3004942 
| epoch  11 |    99/  287 batches | lr_step  3268 | lr  0.000580 |acc  22.156%| ms/batch 556.60 | loss 0.2979226 
| epoch  11 |   124/  287 batches | lr_step  3293 | lr  0.000584 |acc  21.422%| ms/batch 552.84 | loss 0.3023022 
| epoch  11 |   149/  287 batches | lr_step  3318 | lr  0.000589 |acc  22.250%| ms/batch 550.63 | loss 0.2995814 
| epoch  11 |   174/  287 batches | lr_step  3343 | lr  0.000593 |acc  21.508%| ms/batch 550.62 | loss 0.3017927 
| epoch  11 |   199/  287 batches | lr_step  3368 | lr  0.000598 |acc  22.141%| ms/batch 545.56 | loss 0.2976411 
| epoch  11 |   224/  287 batches | lr_step  3393 | lr  0.000602 |acc  22.547%| ms/batch 550.18 | loss 0.2955460 
| epoch  11 |   249/  287 batches | lr_step  3418 | lr  0.000607 |acc  22.633%| ms/batch 553.83 | loss 0.2958482 
| epoch  11 |   274/  287 batches | lr_step  3443 | lr  0.000611 |acc  22.680%| ms/batch 547.56 | loss 0.3031291 
Pred: tensor([ 6,  8,  7, 10, 12, 11,  0,  0,  0]) and tensor([14, 17, 15, 13,  0,  0,  0,  0,  0]), tensor([13, 16, 14, 15, 17, 19, 20, 14,  0])
Tar: tensor([[ 6,  8,  7, 10, 11, 12,  0,  0,  0],
        [14, 17, 13, 15,  0,  0,  0,  0,  0],
        [13, 16, 14, 15, 17, 19, 20, 14,  0]])
-----------------------------------------------------------------------------------------
| end of epoch  11 | time: 163.81s | valid acc 52.163%| Best Model from Epoch 8 with 52.810%
-----------------------------------------------------------------------------------------
| epoch  12 |    24/  287 batches | lr_step  3481 | lr  0.000618 |acc  22.719%| ms/batch 550.83 | loss 0.2966070 
| epoch  12 |    49/  287 batches | lr_step  3506 | lr  0.000622 |acc  22.430%| ms/batch 546.62 | loss 0.2977853 
| epoch  12 |    74/  287 batches | lr_step  3531 | lr  0.000627 |acc  22.359%| ms/batch 550.79 | loss 0.2937246 
| epoch  12 |    99/  287 batches | lr_step  3556 | lr  0.000631 |acc  23.305%| ms/batch 546.74 | loss 0.2919557 
| epoch  12 |   124/  287 batches | lr_step  3581 | lr  0.000635 |acc  21.672%| ms/batch 549.89 | loss 0.2991966 
| epoch  12 |   149/  287 batches | lr_step  3606 | lr  0.000640 |acc  22.508%| ms/batch 549.85 | loss 0.2938485 
| epoch  12 |   174/  287 batches | lr_step  3631 | lr  0.000644 |acc  22.328%| ms/batch 548.61 | loss 0.2959145 
| epoch  12 |   199/  287 batches | lr_step  3656 | lr  0.000649 |acc  22.828%| ms/batch 544.08 | loss 0.2960879 
| epoch  12 |   224/  287 batches | lr_step  3681 | lr  0.000653 |acc  23.125%| ms/batch 552.33 | loss 0.2968804 
| epoch  12 |   249/  287 batches | lr_step  3706 | lr  0.000658 |acc  22.758%| ms/batch 547.65 | loss 0.2974708 
| epoch  12 |   274/  287 batches | lr_step  3731 | lr  0.000662 |acc  22.148%| ms/batch 548.14 | loss 0.2982323 
Pred: tensor([13, 14, 17, 15, 16, 19, 20,  0,  0,  0]) and tensor([ 6,  7, 12,  9,  8, 11,  0,  0,  0,  0]), tensor([ 6, 12, 10,  7,  9,  8, 11,  0,  0,  0])
Tar: tensor([[13, 14, 17, 15, 16, 19, 20,  0,  0,  0],
        [ 6, 12,  7,  9,  8, 11,  0,  0,  0,  0],
        [ 6, 12, 10,  7,  9,  8, 11,  0,  0,  0]])
-----------------------------------------------------------------------------------------
| end of epoch  12 | time: 162.76s | valid acc 52.959%| Best Model from Epoch 8 with 52.810%
-----------------------------------------------------------------------------------------
-----------------------------------------------------------------------------------------
-----------------------------------------------------------------------------------------
| end of epoch  12 | time: 162.76s | valid acc 52.959%| 
-----------------------------------------------------------------------------------------
-----------------------------------------------------------------------------------------
| epoch  13 |    24/  287 batches | lr_step  3769 | lr  0.000669 |acc  23.398%| ms/batch 554.12 | loss 0.2910592 
| epoch  13 |    49/  287 batches | lr_step  3794 | lr  0.000673 |acc  22.984%| ms/batch 550.77 | loss 0.2927692 
| epoch  13 |    74/  287 batches | lr_step  3819 | lr  0.000678 |acc  22.836%| ms/batch 571.00 | loss 0.2937424 
| epoch  13 |    99/  287 batches | lr_step  3844 | lr  0.000682 |acc  22.039%| ms/batch 550.54 | loss 0.2953891 
| epoch  13 |   124/  287 batches | lr_step  3869 | lr  0.000687 |acc  22.578%| ms/batch 547.22 | loss 0.2945011 
| epoch  13 |   149/  287 batches | lr_step  3894 | lr  0.000691 |acc  22.633%| ms/batch 548.18 | loss 0.2961161 
| epoch  13 |   174/  287 batches | lr_step  3919 | lr  0.000695 |acc  22.312%| ms/batch 549.19 | loss 0.2943777 
| epoch  13 |   199/  287 batches | lr_step  3944 | lr  0.000700 |acc  22.430%| ms/batch 554.16 | loss 0.2940270 
| epoch  13 |   224/  287 batches | lr_step  3969 | lr  0.000704 |acc  23.719%| ms/batch 549.29 | loss 0.2877704 
| epoch  13 |   249/  287 batches | lr_step  3994 | lr  0.000709 |acc  23.320%| ms/batch 546.22 | loss 0.2907760 
| epoch  13 |   274/  287 batches | lr_step  4019 | lr  0.000713 |acc  23.070%| ms/batch 547.78 | loss 0.2909461 
Pred: tensor([ 6, 12,  9,  8, 10, 21,  0,  0,  0,  0]) and tensor([ 6, 10, 11,  9, 10,  8, 12,  7,  0,  0]), tensor([ 8,  7, 10,  9,  6, 12, 11, 10, 10,  0])
Tar: tensor([[ 6, 12,  9,  8, 10, 21,  0,  0,  0,  0],
        [ 6, 10, 11,  9, 10,  8, 12,  7,  0,  0],
        [ 8,  7, 10,  9,  6, 11, 10, 12, 10,  0]])
-----------------------------------------------------------------------------------------
| end of epoch  13 | time: 163.53s | valid acc 52.561%| Best Model from Epoch 12 with 52.959%
-----------------------------------------------------------------------------------------
| epoch  14 |    24/  287 batches | lr_step  4057 | lr  0.000720 |acc  23.078%| ms/batch 552.76 | loss 0.2928543 
| epoch  14 |    49/  287 batches | lr_step  4082 | lr  0.000724 |acc  23.914%| ms/batch 554.96 | loss 0.2884009 
| epoch  14 |    74/  287 batches | lr_step  4107 | lr  0.000729 |acc  23.633%| ms/batch 548.37 | loss 0.2898450 
| epoch  14 |    99/  287 batches | lr_step  4132 | lr  0.000733 |acc  22.938%| ms/batch 544.68 | loss 0.2924770 
| epoch  14 |   124/  287 batches | lr_step  4157 | lr  0.000738 |acc  22.484%| ms/batch 545.27 | loss 0.2918457 
| epoch  14 |   149/  287 batches | lr_step  4182 | lr  0.000742 |acc  23.422%| ms/batch 545.90 | loss 0.2908193 
| epoch  14 |   174/  287 batches | lr_step  4207 | lr  0.000747 |acc  23.547%| ms/batch 551.46 | loss 0.2875387 
| epoch  14 |   199/  287 batches | lr_step  4232 | lr  0.000751 |acc  22.445%| ms/batch 550.48 | loss 0.2924091 
| epoch  14 |   224/  287 batches | lr_step  4257 | lr  0.000755 |acc  23.234%| ms/batch 544.10 | loss 0.2875864 
| epoch  14 |   249/  287 batches | lr_step  4282 | lr  0.000760 |acc  22.789%| ms/batch 548.95 | loss 0.2923365 
| epoch  14 |   274/  287 batches | lr_step  4307 | lr  0.000761 |acc  22.938%| ms/batch 548.67 | loss 0.2902058 
Pred: tensor([ 6,  7,  9, 10, 11, 12,  0,  0,  0,  0]) and tensor([13, 14, 15, 17, 18, 19,  0,  0,  0,  0]), tensor([13, 17, 15, 19, 18,  0,  0,  0,  0,  0])
Tar: tensor([[ 6,  7, 10,  9, 11, 12,  0,  0,  0,  0],
        [13, 14, 17, 15, 18, 19,  0,  0,  0,  0],
        [13, 17, 15, 19, 18,  0,  0,  0,  0,  0]])
-----------------------------------------------------------------------------------------
| end of epoch  14 | time: 162.94s | valid acc 52.511%| Best Model from Epoch 12 with 52.959%
-----------------------------------------------------------------------------------------
| epoch  15 |    24/  287 batches | lr_step  4345 | lr  0.000757 |acc  22.969%| ms/batch 546.43 | loss 0.2913370 
| epoch  15 |    49/  287 batches | lr_step  4370 | lr  0.000755 |acc  23.367%| ms/batch 551.37 | loss 0.2901714 
| epoch  15 |    74/  287 batches | lr_step  4395 | lr  0.000753 |acc  22.906%| ms/batch 544.30 | loss 0.2894310 
| epoch  15 |    99/  287 batches | lr_step  4420 | lr  0.000751 |acc  23.055%| ms/batch 547.99 | loss 0.2887118 
| epoch  15 |   124/  287 batches | lr_step  4445 | lr  0.000749 |acc  23.758%| ms/batch 549.59 | loss 0.2860040 
| epoch  15 |   149/  287 batches | lr_step  4470 | lr  0.000747 |acc  23.672%| ms/batch 544.95 | loss 0.2861004 
| epoch  15 |   174/  287 batches | lr_step  4495 | lr  0.000745 |acc  23.312%| ms/batch 546.10 | loss 0.2902470 
| epoch  15 |   199/  287 batches | lr_step  4520 | lr  0.000743 |acc  23.477%| ms/batch 546.79 | loss 0.2864371 
| epoch  15 |   224/  287 batches | lr_step  4545 | lr  0.000741 |acc  24.094%| ms/batch 545.86 | loss 0.2877956 
| epoch  15 |   249/  287 batches | lr_step  4570 | lr  0.000739 |acc  22.594%| ms/batch 548.10 | loss 0.2916666 
| epoch  15 |   274/  287 batches | lr_step  4595 | lr  0.000737 |acc  23.398%| ms/batch 552.67 | loss 0.2864984 
Pred: tensor([ 6,  7,  8, 10, 12, 11,  7,  0,  0,  0]) and tensor([13, 14, 17, 15, 18, 19, 16, 13,  0,  0]), tensor([ 6,  7,  8, 10,  9, 12, 11,  0,  0,  0])
Tar: tensor([[ 6,  7,  8, 10, 12, 11,  7,  0,  0,  0],
        [13, 14, 15, 16, 17, 18, 19, 13,  0,  0],
        [ 6,  7,  8,  9, 10, 12, 11,  0,  0,  0]])
-----------------------------------------------------------------------------------------
| end of epoch  15 | time: 162.29s | valid acc 51.666%| Best Model from Epoch 12 with 52.959%
-----------------------------------------------------------------------------------------
| epoch  16 |    24/  287 batches | lr_step  4633 | lr  0.000733 |acc  23.820%| ms/batch 544.47 | loss 0.2852844 
| epoch  16 |    49/  287 batches | lr_step  4658 | lr  0.000732 |acc  24.031%| ms/batch 548.38 | loss 0.2844734 
| epoch  16 |    74/  287 batches | lr_step  4683 | lr  0.000730 |acc  23.930%| ms/batch 548.21 | loss 0.2836311 
| epoch  16 |    99/  287 batches | lr_step  4708 | lr  0.000728 |acc  23.141%| ms/batch 548.61 | loss 0.2851018 
| epoch  16 |   124/  287 batches | lr_step  4733 | lr  0.000726 |acc  23.695%| ms/batch 549.82 | loss 0.2888396 
| epoch  16 |   149/  287 batches | lr_step  4758 | lr  0.000724 |acc  23.797%| ms/batch 545.53 | loss 0.2848011 
| epoch  16 |   174/  287 batches | lr_step  4783 | lr  0.000722 |acc  23.414%| ms/batch 549.62 | loss 0.2865140 
| epoch  16 |   199/  287 batches | lr_step  4808 | lr  0.000720 |acc  24.094%| ms/batch 547.00 | loss 0.2863139 
| epoch  16 |   224/  287 batches | lr_step  4833 | lr  0.000718 |acc  23.438%| ms/batch 548.71 | loss 0.2865368 
| epoch  16 |   249/  287 batches | lr_step  4858 | lr  0.000716 |acc  23.508%| ms/batch 547.44 | loss 0.2841279 
| epoch  16 |   274/  287 batches | lr_step  4883 | lr  0.000714 |acc  23.859%| ms/batch 546.03 | loss 0.2828298 
Pred: tensor([ 9,  8, 10,  7,  6, 11, 12,  0,  0]) and tensor([ 6,  7,  8, 10, 11, 12,  0,  0,  0]), tensor([ 6,  7,  8, 10,  9, 12,  8, 11,  0])
Tar: tensor([[ 9,  8, 10,  7,  6, 11, 12,  0,  0],
        [ 6,  7,  8, 10, 11, 12,  0,  0,  0],
        [ 6,  8,  7, 10,  9,  8, 12, 11,  0]])
-----------------------------------------------------------------------------------------
| end of epoch  16 | time: 162.74s | valid acc 53.108%| Best Model from Epoch 12 with 52.959%
-----------------------------------------------------------------------------------------
-----------------------------------------------------------------------------------------
-----------------------------------------------------------------------------------------
| end of epoch  16 | time: 162.74s | valid acc 53.108%| 
-----------------------------------------------------------------------------------------
-----------------------------------------------------------------------------------------
| epoch  17 |    24/  287 batches | lr_step  4921 | lr  0.000712 |acc  23.891%| ms/batch 546.86 | loss 0.2863981 
| epoch  17 |    49/  287 batches | lr_step  4946 | lr  0.000710 |acc  23.938%| ms/batch 550.65 | loss 0.2845498 
| epoch  17 |    74/  287 batches | lr_step  4971 | lr  0.000708 |acc  24.219%| ms/batch 547.74 | loss 0.2817497 
| epoch  17 |    99/  287 batches | lr_step  4996 | lr  0.000706 |acc  24.102%| ms/batch 551.51 | loss 0.2807904 
| epoch  17 |   124/  287 batches | lr_step  5021 | lr  0.000705 |acc  23.828%| ms/batch 556.07 | loss 0.2827544 
| epoch  17 |   149/  287 batches | lr_step  5046 | lr  0.000703 |acc  24.109%| ms/batch 548.90 | loss 0.2816608 
| epoch  17 |   174/  287 batches | lr_step  5071 | lr  0.000701 |acc  23.414%| ms/batch 544.48 | loss 0.2837094 
| epoch  17 |   199/  287 batches | lr_step  5096 | lr  0.000699 |acc  24.211%| ms/batch 548.35 | loss 0.2805273 
| epoch  17 |   224/  287 batches | lr_step  5121 | lr  0.000698 |acc  23.477%| ms/batch 546.93 | loss 0.2854754 
| epoch  17 |   249/  287 batches | lr_step  5146 | lr  0.000696 |acc  23.820%| ms/batch 551.41 | loss 0.2832846 
| epoch  17 |   274/  287 batches | lr_step  5171 | lr  0.000694 |acc  24.102%| ms/batch 547.62 | loss 0.2816398 
Pred: tensor([ 6,  7, 11,  9, 10,  8, 12,  0,  0]) and tensor([ 6,  7,  8, 10,  9, 12, 11,  6,  0]), tensor([13, 14, 16, 17, 15, 19, 18,  0,  0])
Tar: tensor([[ 6, 11,  7,  9, 10,  8, 12,  0,  0],
        [ 6,  7,  8, 10,  9, 12, 11,  6,  0],
        [13, 14, 16, 17, 15, 19, 18,  0,  0]])
-----------------------------------------------------------------------------------------
| end of epoch  17 | time: 162.81s | valid acc 53.158%| Best Model from Epoch 16 with 53.108%
-----------------------------------------------------------------------------------------
-----------------------------------------------------------------------------------------
-----------------------------------------------------------------------------------------
| end of epoch  17 | time: 162.81s | valid acc 53.158%| 
-----------------------------------------------------------------------------------------
-----------------------------------------------------------------------------------------
| epoch  18 |    24/  287 batches | lr_step  5209 | lr  0.000692 |acc  23.898%| ms/batch 548.80 | loss 0.2813883 
| epoch  18 |    49/  287 batches | lr_step  5234 | lr  0.000690 |acc  24.719%| ms/batch 551.96 | loss 0.2773713 
| epoch  18 |    74/  287 batches | lr_step  5259 | lr  0.000688 |acc  23.961%| ms/batch 549.73 | loss 0.2820103 
| epoch  18 |    99/  287 batches | lr_step  5284 | lr  0.000687 |acc  23.438%| ms/batch 546.51 | loss 0.2813676 
| epoch  18 |   124/  287 batches | lr_step  5309 | lr  0.000685 |acc  24.711%| ms/batch 545.03 | loss 0.2748967 
| epoch  18 |   149/  287 batches | lr_step  5334 | lr  0.000684 |acc  23.773%| ms/batch 550.57 | loss 0.2814523 
| epoch  18 |   174/  287 batches | lr_step  5359 | lr  0.000682 |acc  24.539%| ms/batch 549.44 | loss 0.2826558 
| epoch  18 |   199/  287 batches | lr_step  5384 | lr  0.000680 |acc  24.008%| ms/batch 547.74 | loss 0.2812834 
| epoch  18 |   224/  287 batches | lr_step  5409 | lr  0.000679 |acc  24.047%| ms/batch 550.41 | loss 0.2804602 
| epoch  18 |   249/  287 batches | lr_step  5434 | lr  0.000677 |acc  24.859%| ms/batch 550.85 | loss 0.2777114 
| epoch  18 |   274/  287 batches | lr_step  5459 | lr  0.000676 |acc  24.406%| ms/batch 548.57 | loss 0.2808145 
Pred: tensor([ 8,  7,  9, 10, 11, 12,  6,  0,  0]) and tensor([ 6,  8,  7, 11, 12,  9,  0,  0,  0]), tensor([13, 14, 19, 17, 16, 18, 16, 15, 13])
Tar: tensor([[ 7,  9, 10,  8,  6, 11, 12,  0,  0],
        [ 6,  8,  7, 11, 12,  9,  0,  0,  0],
        [13, 14, 19, 16, 17, 15, 18, 16, 13]])
-----------------------------------------------------------------------------------------
| end of epoch  18 | time: 162.96s | valid acc 54.351%| Best Model from Epoch 17 with 53.158%
-----------------------------------------------------------------------------------------
-----------------------------------------------------------------------------------------
-----------------------------------------------------------------------------------------
| end of epoch  18 | time: 162.96s | valid acc 54.351%| 
-----------------------------------------------------------------------------------------
-----------------------------------------------------------------------------------------
| epoch  19 |    24/  287 batches | lr_step  5497 | lr  0.000673 |acc  23.766%| ms/batch 550.07 | loss 0.2802822 
| epoch  19 |    49/  287 batches | lr_step  5522 | lr  0.000672 |acc  23.688%| ms/batch 544.03 | loss 0.2790129 
| epoch  19 |    74/  287 batches | lr_step  5547 | lr  0.000670 |acc  24.430%| ms/batch 550.97 | loss 0.2804582 
| epoch  19 |    99/  287 batches | lr_step  5572 | lr  0.000669 |acc  24.625%| ms/batch 553.76 | loss 0.2786434 
| epoch  19 |   124/  287 batches | lr_step  5597 | lr  0.000667 |acc  24.914%| ms/batch 548.69 | loss 0.2775011 
| epoch  19 |   149/  287 batches | lr_step  5622 | lr  0.000666 |acc  24.352%| ms/batch 549.01 | loss 0.2777662 
| epoch  19 |   174/  287 batches | lr_step  5647 | lr  0.000664 |acc  23.992%| ms/batch 551.49 | loss 0.2792065 
| epoch  19 |   199/  287 batches | lr_step  5672 | lr  0.000663 |acc  25.164%| ms/batch 552.38 | loss 0.2763181 
| epoch  19 |   224/  287 batches | lr_step  5697 | lr  0.000661 |acc  24.797%| ms/batch 547.84 | loss 0.2769611 
| epoch  19 |   249/  287 batches | lr_step  5722 | lr  0.000660 |acc  24.805%| ms/batch 549.10 | loss 0.2770779 
| epoch  19 |   274/  287 batches | lr_step  5747 | lr  0.000659 |acc  24.484%| ms/batch 548.35 | loss 0.2790527 
Pred: tensor([ 6,  8,  7, 10,  9, 12, 11,  6,  0,  0]) and tensor([ 6, 12,  9,  8, 10,  7, 21,  0,  0,  0]), tensor([13, 14, 17, 15, 16, 19, 20,  0,  0,  0])
Tar: tensor([[ 6,  8, 10,  7,  9, 12, 11,  6,  0,  0],
        [ 6, 12,  9,  8,  7, 10, 21,  0,  0,  0],
        [13, 17, 14, 15, 16, 19, 20,  0,  0,  0]])
-----------------------------------------------------------------------------------------
| end of epoch  19 | time: 163.25s | valid acc 51.666%| Best Model from Epoch 18 with 54.351%
-----------------------------------------------------------------------------------------
| epoch  20 |    24/  287 batches | lr_step  5785 | lr  0.000656 |acc  24.586%| ms/batch 549.74 | loss 0.2773952 
| epoch  20 |    49/  287 batches | lr_step  5810 | lr  0.000655 |acc  24.992%| ms/batch 545.50 | loss 0.2759368 
| epoch  20 |    74/  287 batches | lr_step  5835 | lr  0.000654 |acc  24.727%| ms/batch 544.63 | loss 0.2758434 
| epoch  20 |    99/  287 batches | lr_step  5860 | lr  0.000652 |acc  24.461%| ms/batch 550.73 | loss 0.2777433 
| epoch  20 |   124/  287 batches | lr_step  5885 | lr  0.000651 |acc  24.586%| ms/batch 551.37 | loss 0.2752890 
| epoch  20 |   149/  287 batches | lr_step  5910 | lr  0.000649 |acc  23.828%| ms/batch 548.41 | loss 0.2784562 
| epoch  20 |   174/  287 batches | lr_step  5935 | lr  0.000648 |acc  24.672%| ms/batch 549.37 | loss 0.2767369 
| epoch  20 |   199/  287 batches | lr_step  5960 | lr  0.000647 |acc  24.820%| ms/batch 549.65 | loss 0.2745142 
| epoch  20 |   224/  287 batches | lr_step  5985 | lr  0.000645 |acc  24.242%| ms/batch 544.86 | loss 0.2757408 
| epoch  20 |   249/  287 batches | lr_step  6010 | lr  0.000644 |acc  25.281%| ms/batch 547.38 | loss 0.2745314 
| epoch  20 |   274/  287 batches | lr_step  6035 | lr  0.000643 |acc  25.148%| ms/batch 545.56 | loss 0.2752238 
Pred: tensor([13, 14, 16, 17, 15, 19, 18,  0,  0,  0]) and tensor([ 6,  8, 10,  7,  9, 11, 12,  0,  0,  0]), tensor([ 6, 12,  9,  8, 10, 21,  0,  0,  0,  0])
Tar: tensor([[13, 14, 16, 17, 15, 18, 19,  0,  0,  0],
        [ 6,  7,  8, 10,  9, 11, 12,  0,  0,  0],
        [ 6, 12,  9,  8, 10, 21,  0,  0,  0,  0]])
-----------------------------------------------------------------------------------------
| end of epoch  20 | time: 162.64s | valid acc 52.909%| Best Model from Epoch 18 with 54.351%
-----------------------------------------------------------------------------------------
| epoch  21 |    24/  287 batches | lr_step  6073 | lr  0.000641 |acc  25.313%| ms/batch 546.30 | loss 0.2730995 
| epoch  21 |    49/  287 batches | lr_step  6098 | lr  0.000639 |acc  25.344%| ms/batch 551.37 | loss 0.2717076 
| epoch  21 |    74/  287 batches | lr_step  6123 | lr  0.000638 |acc  24.727%| ms/batch 550.25 | loss 0.2759515 
| epoch  21 |    99/  287 batches | lr_step  6148 | lr  0.000637 |acc  25.539%| ms/batch 548.38 | loss 0.2720431 
| epoch  21 |   124/  287 batches | lr_step  6173 | lr  0.000635 |acc  24.227%| ms/batch 550.62 | loss 0.2743947 
| epoch  21 |   149/  287 batches | lr_step  6198 | lr  0.000634 |acc  24.391%| ms/batch 548.24 | loss 0.2744055 
| epoch  21 |   174/  287 batches | lr_step  6223 | lr  0.000633 |acc  24.477%| ms/batch 543.01 | loss 0.2776645 
| epoch  21 |   199/  287 batches | lr_step  6248 | lr  0.000632 |acc  25.133%| ms/batch 547.42 | loss 0.2714422 
| epoch  21 |   224/  287 batches | lr_step  6273 | lr  0.000630 |acc  23.969%| ms/batch 548.41 | loss 0.2785565 
| epoch  21 |   249/  287 batches | lr_step  6298 | lr  0.000629 |acc  24.805%| ms/batch 546.74 | loss 0.2747042 
| epoch  21 |   274/  287 batches | lr_step  6323 | lr  0.000628 |acc  24.703%| ms/batch 547.78 | loss 0.2731032 
Pred: tensor([16, 14, 17, 13, 18, 19,  0,  0,  0,  0]) and tensor([13, 16, 14, 14, 17, 15, 18, 19, 16, 17]), tensor([13, 14, 15, 16, 17, 18, 14, 19,  0,  0])
Tar: tensor([[14, 16, 17, 13, 18, 19,  0,  0,  0,  0],
        [13, 16, 14, 14, 17, 15, 18, 19, 16, 17],
        [13, 14, 15, 16, 17, 18, 14, 19,  0,  0]])
-----------------------------------------------------------------------------------------
| end of epoch  21 | time: 162.82s | valid acc 50.920%| Best Model from Epoch 18 with 54.351%
-----------------------------------------------------------------------------------------
| epoch  22 |    24/  287 batches | lr_step  6361 | lr  0.000626 |acc  24.844%| ms/batch 554.40 | loss 0.2726849 
| epoch  22 |    49/  287 batches | lr_step  6386 | lr  0.000625 |acc  25.016%| ms/batch 553.65 | loss 0.2731773 
| epoch  22 |    74/  287 batches | lr_step  6411 | lr  0.000624 |acc  24.883%| ms/batch 547.02 | loss 0.2726336 
| epoch  22 |    99/  287 batches | lr_step  6436 | lr  0.000622 |acc  24.594%| ms/batch 541.79 | loss 0.2754914 
| epoch  22 |   124/  287 batches | lr_step  6461 | lr  0.000621 |acc  24.727%| ms/batch 546.92 | loss 0.2770567 
| epoch  22 |   149/  287 batches | lr_step  6486 | lr  0.000620 |acc  25.922%| ms/batch 547.15 | loss 0.2695843 
| epoch  22 |   174/  287 batches | lr_step  6511 | lr  0.000619 |acc  25.336%| ms/batch 550.85 | loss 0.2721871 
| epoch  22 |   199/  287 batches | lr_step  6536 | lr  0.000618 |acc  25.203%| ms/batch 548.33 | loss 0.2738557 
| epoch  22 |   224/  287 batches | lr_step  6561 | lr  0.000616 |acc  24.828%| ms/batch 553.36 | loss 0.2722205 
| epoch  22 |   249/  287 batches | lr_step  6586 | lr  0.000615 |acc  24.797%| ms/batch 545.16 | loss 0.2730332 
| epoch  22 |   274/  287 batches | lr_step  6611 | lr  0.000614 |acc  25.719%| ms/batch 553.96 | loss 0.2697297 
Pred: tensor([ 6, 11,  7,  8, 10,  9, 12,  0,  0]) and tensor([13, 16, 17, 14, 15, 16, 19, 20,  0]), tensor([15, 17, 14, 13, 18, 19,  0,  0,  0])
Tar: tensor([[ 6, 11,  7,  8, 10,  9, 12,  0,  0],
        [13, 16, 17, 14, 15, 16, 19, 20,  0],
        [15, 17, 14, 13, 18, 19,  0,  0,  0]])
-----------------------------------------------------------------------------------------
| end of epoch  22 | time: 162.72s | valid acc 53.008%| Best Model from Epoch 18 with 54.351%
-----------------------------------------------------------------------------------------
| epoch  23 |    24/  287 batches | lr_step  6649 | lr  0.000612 |acc  25.438%| ms/batch 546.43 | loss 0.2700673 
| epoch  23 |    49/  287 batches | lr_step  6674 | lr  0.000611 |acc  25.070%| ms/batch 547.67 | loss 0.2702357 
| epoch  23 |    74/  287 batches | lr_step  6699 | lr  0.000610 |acc  25.117%| ms/batch 547.22 | loss 0.2731786 
| epoch  23 |    99/  287 batches | lr_step  6724 | lr  0.000609 |acc  25.328%| ms/batch 549.31 | loss 0.2700520 
| epoch  23 |   124/  287 batches | lr_step  6749 | lr  0.000608 |acc  24.633%| ms/batch 545.17 | loss 0.2709767 
| epoch  23 |   149/  287 batches | lr_step  6774 | lr  0.000607 |acc  25.578%| ms/batch 543.56 | loss 0.2700213 
| epoch  23 |   174/  287 batches | lr_step  6799 | lr  0.000605 |acc  25.438%| ms/batch 547.02 | loss 0.2710999 
| epoch  23 |   199/  287 batches | lr_step  6824 | lr  0.000604 |acc  24.648%| ms/batch 547.43 | loss 0.2739501 
| epoch  23 |   224/  287 batches | lr_step  6849 | lr  0.000603 |acc  24.977%| ms/batch 551.66 | loss 0.2731417 
| epoch  23 |   249/  287 batches | lr_step  6874 | lr  0.000602 |acc  25.469%| ms/batch 550.85 | loss 0.2701636 
| epoch  23 |   274/  287 batches | lr_step  6899 | lr  0.000601 |acc  24.906%| ms/batch 545.88 | loss 0.2718971 
Pred: tensor([13, 14, 16, 17, 15, 18, 19,  0,  0,  0]) and tensor([13, 16, 14, 15, 16, 19, 20,  0,  0,  0]), tensor([ 6,  7,  9,  8, 12, 21,  0,  0,  0,  0])
Tar: tensor([[13, 14, 16, 17, 15, 18, 19,  0,  0,  0],
        [13, 16, 14, 15, 19, 16, 20,  0,  0,  0],
        [ 6,  7,  9,  8, 12, 21,  0,  0,  0,  0]])
-----------------------------------------------------------------------------------------
| end of epoch  23 | time: 162.41s | valid acc 52.362%| Best Model from Epoch 18 with 54.351%
-----------------------------------------------------------------------------------------
| epoch  24 |    24/  287 batches | lr_step  6937 | lr  0.000599 |acc  25.070%| ms/batch 547.72 | loss 0.2725392 
| epoch  24 |    49/  287 batches | lr_step  6962 | lr  0.000598 |acc  24.570%| ms/batch 548.04 | loss 0.2731784 
| epoch  24 |    74/  287 batches | lr_step  6987 | lr  0.000597 |acc  25.648%| ms/batch 545.96 | loss 0.2696541 
| epoch  24 |    99/  287 batches | lr_step  7012 | lr  0.000596 |acc  25.531%| ms/batch 546.27 | loss 0.2679186 
| epoch  24 |   124/  287 batches | lr_step  7037 | lr  0.000595 |acc  25.539%| ms/batch 545.47 | loss 0.2671282 
| epoch  24 |   149/  287 batches | lr_step  7062 | lr  0.000594 |acc  24.953%| ms/batch 548.78 | loss 0.2713270 
| epoch  24 |   174/  287 batches | lr_step  7087 | lr  0.000593 |acc  25.273%| ms/batch 546.91 | loss 0.2717845 
| epoch  24 |   199/  287 batches | lr_step  7112 | lr  0.000592 |acc  25.664%| ms/batch 550.22 | loss 0.2669323 
| epoch  24 |   224/  287 batches | lr_step  7137 | lr  0.000591 |acc  25.453%| ms/batch 549.09 | loss 0.2705454 
| epoch  24 |   249/  287 batches | lr_step  7162 | lr  0.000590 |acc  25.617%| ms/batch 548.45 | loss 0.2681770 
| epoch  24 |   274/  287 batches | lr_step  7187 | lr  0.000589 |acc  25.430%| ms/batch 552.60 | loss 0.2689054 
Pred: tensor([13, 14, 15, 17, 19, 18,  0,  0,  0,  0]) and tensor([13, 17, 14, 15, 18, 19,  0,  0,  0,  0]), tensor([ 6,  7,  8,  9, 10, 12,  6,  0,  0,  0])
Tar: tensor([[13, 14, 15, 17, 19, 18,  0,  0,  0,  0],
        [13, 17, 14, 15, 18, 19,  0,  0,  0,  0],
        [ 6,  7,  8,  9, 10, 12,  6,  0,  0,  0]])
-----------------------------------------------------------------------------------------
| end of epoch  24 | time: 162.71s | valid acc 53.456%| Best Model from Epoch 18 with 54.351%
-----------------------------------------------------------------------------------------
| epoch  25 |    24/  287 batches | lr_step  7225 | lr  0.000587 |acc  25.562%| ms/batch 547.62 | loss 0.2674642 
| epoch  25 |    49/  287 batches | lr_step  7250 | lr  0.000586 |acc  26.250%| ms/batch 545.78 | loss 0.2681310 
| epoch  25 |    74/  287 batches | lr_step  7275 | lr  0.000585 |acc  25.578%| ms/batch 544.36 | loss 0.2651606 
| epoch  25 |    99/  287 batches | lr_step  7300 | lr  0.000584 |acc  25.414%| ms/batch 548.04 | loss 0.2675711 
| epoch  25 |   124/  287 batches | lr_step  7325 | lr  0.000583 |acc  25.625%| ms/batch 546.35 | loss 0.2665214 
| epoch  25 |   149/  287 batches | lr_step  7350 | lr  0.000582 |acc  24.828%| ms/batch 549.94 | loss 0.2707264 
| epoch  25 |   174/  287 batches | lr_step  7375 | lr  0.000581 |acc  25.289%| ms/batch 546.74 | loss 0.2710282 
| epoch  25 |   199/  287 batches | lr_step  7400 | lr  0.000580 |acc  24.961%| ms/batch 551.49 | loss 0.2706629 
| epoch  25 |   224/  287 batches | lr_step  7425 | lr  0.000579 |acc  25.109%| ms/batch 548.35 | loss 0.2693385 
| epoch  25 |   249/  287 batches | lr_step  7450 | lr  0.000578 |acc  24.828%| ms/batch 556.70 | loss 0.2717324 
| epoch  25 |   274/  287 batches | lr_step  7475 | lr  0.000577 |acc  26.125%| ms/batch 551.97 | loss 0.2671542 
Pred: tensor([ 6,  7,  9,  8, 10, 12, 11,  0,  0]) and tensor([ 6,  8,  9, 10,  7, 11, 12,  0,  0]), tensor([ 6,  7, 10, 12,  9,  8, 21,  0,  0])
Tar: tensor([[ 6,  7,  9, 10,  8, 12, 11,  0,  0],
        [ 6,  9,  8, 10,  7, 11, 12,  0,  0],
        [ 6,  7, 12, 10,  9,  8, 21,  0,  0]])
-----------------------------------------------------------------------------------------
| end of epoch  25 | time: 162.93s | valid acc 51.865%| Best Model from Epoch 18 with 54.351%
-----------------------------------------------------------------------------------------
| epoch  26 |    24/  287 batches | lr_step  7513 | lr  0.000576 |acc  24.766%| ms/batch 546.52 | loss 0.2719299 
| epoch  26 |    49/  287 batches | lr_step  7538 | lr  0.000575 |acc  25.922%| ms/batch 550.52 | loss 0.2646024 
| epoch  26 |    74/  287 batches | lr_step  7563 | lr  0.000574 |acc  24.969%| ms/batch 545.42 | loss 0.2698683 
| epoch  26 |    99/  287 batches | lr_step  7588 | lr  0.000573 |acc  26.500%| ms/batch 546.46 | loss 0.2641824 
| epoch  26 |   124/  287 batches | lr_step  7613 | lr  0.000572 |acc  25.570%| ms/batch 545.94 | loss 0.2670801 
| epoch  26 |   149/  287 batches | lr_step  7638 | lr  0.000571 |acc  25.625%| ms/batch 552.92 | loss 0.2660690 
| epoch  26 |   174/  287 batches | lr_step  7663 | lr  0.000570 |acc  25.414%| ms/batch 560.14 | loss 0.2693926 
| epoch  26 |   199/  287 batches | lr_step  7688 | lr  0.000569 |acc  25.562%| ms/batch 551.77 | loss 0.2674981 
| epoch  26 |   224/  287 batches | lr_step  7713 | lr  0.000568 |acc  25.898%| ms/batch 547.86 | loss 0.2652754 
| epoch  26 |   249/  287 batches | lr_step  7738 | lr  0.000568 |acc  25.578%| ms/batch 550.02 | loss 0.2681536 
| epoch  26 |   274/  287 batches | lr_step  7763 | lr  0.000567 |acc  25.031%| ms/batch 544.95 | loss 0.2691433 
Pred: tensor([13, 14, 15, 16, 17, 18, 19,  0,  0,  0]) and tensor([ 6,  8,  7,  9, 10, 11, 12,  0,  0,  0]), tensor([ 6,  7,  8,  9, 10, 12, 11,  6,  0,  0])
Tar: tensor([[13, 14, 15, 16, 17, 18, 19,  0,  0,  0],
        [ 6,  8,  7, 11, 10,  9, 12,  0,  0,  0],
        [ 6,  7,  8, 10,  9, 12, 11,  6,  0,  0]])
-----------------------------------------------------------------------------------------
| end of epoch  26 | time: 163.03s | valid acc 53.953%| Best Model from Epoch 18 with 54.351%
-----------------------------------------------------------------------------------------
| epoch  27 |    24/  287 batches | lr_step  7801 | lr  0.000565 |acc  25.938%| ms/batch 546.27 | loss 0.2672237 
| epoch  27 |    49/  287 batches | lr_step  7826 | lr  0.000564 |acc  25.656%| ms/batch 541.91 | loss 0.2687672 
| epoch  27 |    74/  287 batches | lr_step  7851 | lr  0.000563 |acc  25.234%| ms/batch 547.27 | loss 0.2698446 
| epoch  27 |    99/  287 batches | lr_step  7876 | lr  0.000563 |acc  25.664%| ms/batch 554.16 | loss 0.2681340 
| epoch  27 |   124/  287 batches | lr_step  7901 | lr  0.000562 |acc  26.242%| ms/batch 549.77 | loss 0.2644082 
| epoch  27 |   149/  287 batches | lr_step  7926 | lr  0.000561 |acc  25.867%| ms/batch 547.17 | loss 0.2645617 
| epoch  27 |   174/  287 batches | lr_step  7951 | lr  0.000560 |acc  26.148%| ms/batch 548.99 | loss 0.2639516 
| epoch  27 |   199/  287 batches | lr_step  7976 | lr  0.000559 |acc  25.633%| ms/batch 544.63 | loss 0.2675809 
| epoch  27 |   224/  287 batches | lr_step  8001 | lr  0.000558 |acc  25.953%| ms/batch 541.91 | loss 0.2633136 
| epoch  27 |   249/  287 batches | lr_step  8026 | lr  0.000557 |acc  25.828%| ms/batch 546.74 | loss 0.2671981 
| epoch  27 |   274/  287 batches | lr_step  8051 | lr  0.000556 |acc  25.156%| ms/batch 556.69 | loss 0.2670255 
Pred: tensor([ 6,  7,  8,  9, 10, 11, 12,  0,  0,  0]) and tensor([ 6,  7,  9,  8, 10, 12,  0,  0,  0,  0]), tensor([13, 16, 17, 15, 14, 19, 20,  0,  0,  0])
Tar: tensor([[ 6,  8,  7,  9, 10, 11, 12,  0,  0,  0],
        [ 6,  7,  9,  8, 10, 12,  0,  0,  0,  0],
        [13, 16, 15, 17, 14, 19, 20,  0,  0,  0]])
-----------------------------------------------------------------------------------------
| end of epoch  27 | time: 162.53s | valid acc 53.108%| Best Model from Epoch 18 with 54.351%
-----------------------------------------------------------------------------------------
| epoch  28 |    24/  287 batches | lr_step  8089 | lr  0.000555 |acc  25.828%| ms/batch 546.76 | loss 0.2649528 
| epoch  28 |    49/  287 batches | lr_step  8114 | lr  0.000554 |acc  25.617%| ms/batch 546.82 | loss 0.2653792 
| epoch  28 |    74/  287 batches | lr_step  8139 | lr  0.000553 |acc  25.883%| ms/batch 545.78 | loss 0.2665135 
| epoch  28 |    99/  287 batches | lr_step  8164 | lr  0.000553 |acc  26.562%| ms/batch 544.78 | loss 0.2620970 
| epoch  28 |   124/  287 batches | lr_step  8189 | lr  0.000552 |acc  26.227%| ms/batch 554.48 | loss 0.2640137 
| epoch  28 |   149/  287 batches | lr_step  8214 | lr  0.000551 |acc  25.766%| ms/batch 559.19 | loss 0.2653895 
| epoch  28 |   174/  287 batches | lr_step  8239 | lr  0.000550 |acc  26.266%| ms/batch 551.66 | loss 0.2663239 
| epoch  28 |   199/  287 batches | lr_step  8264 | lr  0.000549 |acc  25.359%| ms/batch 552.01 | loss 0.2663334 
| epoch  28 |   224/  287 batches | lr_step  8289 | lr  0.000548 |acc  25.812%| ms/batch 548.61 | loss 0.2664404 
| epoch  28 |   249/  287 batches | lr_step  8314 | lr  0.000548 |acc  26.281%| ms/batch 547.13 | loss 0.2634818 
| epoch  28 |   274/  287 batches | lr_step  8339 | lr  0.000547 |acc  25.406%| ms/batch 546.24 | loss 0.2663116 
Pred: tensor([ 6,  7, 10,  9, 12, 11,  0,  0,  0,  0]) and tensor([ 6,  7,  8,  9, 10, 11, 12,  0,  0,  0]), tensor([ 6,  7,  9, 12, 10, 11,  8,  0,  0,  0])
Tar: tensor([[ 6,  7, 10,  9, 12, 11,  0,  0,  0,  0],
        [ 6,  8,  7,  9, 10, 11, 12,  0,  0,  0],
        [ 6,  7,  9, 12, 10, 11,  8,  0,  0,  0]])
-----------------------------------------------------------------------------------------
| end of epoch  28 | time: 162.98s | valid acc 54.252%| Best Model from Epoch 18 with 54.351%
-----------------------------------------------------------------------------------------
| epoch  29 |    24/  287 batches | lr_step  8377 | lr  0.000545 |acc  25.828%| ms/batch 549.87 | loss 0.2648003 
| epoch  29 |    49/  287 batches | lr_step  8402 | lr  0.000545 |acc  25.695%| ms/batch 549.22 | loss 0.2662874 
| epoch  29 |    74/  287 batches | lr_step  8427 | lr  0.000544 |acc  26.680%| ms/batch 549.69 | loss 0.2616728 
| epoch  29 |    99/  287 batches | lr_step  8452 | lr  0.000543 |acc  25.938%| ms/batch 550.61 | loss 0.2646457 
| epoch  29 |   124/  287 batches | lr_step  8477 | lr  0.000542 |acc  26.195%| ms/batch 559.58 | loss 0.2630261 
| epoch  29 |   149/  287 batches | lr_step  8502 | lr  0.000541 |acc  26.594%| ms/batch 557.71 | loss 0.2652383 
| epoch  29 |   174/  287 batches | lr_step  8527 | lr  0.000541 |acc  25.805%| ms/batch 555.36 | loss 0.2655659 
| epoch  29 |   199/  287 batches | lr_step  8552 | lr  0.000540 |acc  26.531%| ms/batch 552.90 | loss 0.2629946 
| epoch  29 |   224/  287 batches | lr_step  8577 | lr  0.000539 |acc  25.672%| ms/batch 551.43 | loss 0.2650478 
| epoch  29 |   249/  287 batches | lr_step  8602 | lr  0.000538 |acc  26.000%| ms/batch 544.28 | loss 0.2628439 
| epoch  29 |   274/  287 batches | lr_step  8627 | lr  0.000538 |acc  25.898%| ms/batch 545.05 | loss 0.2621274 
Pred: tensor([13, 16, 14, 15, 17, 14, 19, 18,  0,  0]) and tensor([ 7,  8,  9, 10, 12, 21,  0,  0,  0,  0]), tensor([ 6,  8, 10,  7,  9, 11,  0,  0,  0,  0])
Tar: tensor([[13, 16, 14, 15, 17, 14, 18, 19,  0,  0],
        [ 7,  8,  9, 10, 12, 21,  0,  0,  0,  0],
        [ 6,  8, 10,  7,  9, 11,  0,  0,  0,  0]])
-----------------------------------------------------------------------------------------
| end of epoch  29 | time: 163.54s | valid acc 53.605%| Best Model from Epoch 18 with 54.351%
-----------------------------------------------------------------------------------------
| epoch  30 |    24/  287 batches | lr_step  8665 | lr  0.000536 |acc  26.867%| ms/batch 546.18 | loss 0.2621763 
| epoch  30 |    49/  287 batches | lr_step  8690 | lr  0.000536 |acc  26.133%| ms/batch 549.03 | loss 0.2630845 
| epoch  30 |    74/  287 batches | lr_step  8715 | lr  0.000535 |acc  26.242%| ms/batch 559.04 | loss 0.2628573 
| epoch  30 |    99/  287 batches | lr_step  8740 | lr  0.000534 |acc  26.891%| ms/batch 555.88 | loss 0.2588420 
| epoch  30 |   124/  287 batches | lr_step  8765 | lr  0.000533 |acc  26.797%| ms/batch 550.26 | loss 0.2622905 
| epoch  30 |   149/  287 batches | lr_step  8790 | lr  0.000533 |acc  26.164%| ms/batch 554.06 | loss 0.2625461 
| epoch  30 |   174/  287 batches | lr_step  8815 | lr  0.000532 |acc  26.078%| ms/batch 544.90 | loss 0.2666192 
| epoch  30 |   199/  287 batches | lr_step  8840 | lr  0.000531 |acc  26.414%| ms/batch 544.48 | loss 0.2612489 
| epoch  30 |   224/  287 batches | lr_step  8865 | lr  0.000530 |acc  25.805%| ms/batch 551.13 | loss 0.2647606 
| epoch  30 |   249/  287 batches | lr_step  8890 | lr  0.000530 |acc  26.352%| ms/batch 553.06 | loss 0.2639294 
| epoch  30 |   274/  287 batches | lr_step  8915 | lr  0.000529 |acc  26.922%| ms/batch 549.65 | loss 0.2636016 
Pred: tensor([13, 13, 14, 17, 15, 19, 20, 16, 17]) and tensor([15, 14, 14, 17, 18, 15,  0,  0,  0]), tensor([19, 14, 15, 16, 17, 18, 16, 13,  0])
Tar: tensor([[13, 13, 17, 14, 15, 16, 19, 20, 17],
        [15, 14, 14, 17, 18, 15,  0,  0,  0],
        [19, 14, 16, 17, 15, 18, 16, 13,  0]])
-----------------------------------------------------------------------------------------
| end of epoch  30 | time: 163.34s | valid acc 54.699%| Best Model from Epoch 18 with 54.351%
-----------------------------------------------------------------------------------------
-----------------------------------------------------------------------------------------
-----------------------------------------------------------------------------------------
| end of epoch  30 | time: 163.34s | valid acc 54.699%| 
-----------------------------------------------------------------------------------------
-----------------------------------------------------------------------------------------
| epoch  31 |    24/  287 batches | lr_step  8953 | lr  0.000528 |acc  25.953%| ms/batch 554.24 | loss 0.2613840 
| epoch  31 |    49/  287 batches | lr_step  8978 | lr  0.000527 |acc  26.391%| ms/batch 548.37 | loss 0.2606889 
| epoch  31 |    74/  287 batches | lr_step  9003 | lr  0.000526 |acc  27.000%| ms/batch 545.90 | loss 0.2605269 
| epoch  31 |    99/  287 batches | lr_step  9028 | lr  0.000525 |acc  26.305%| ms/batch 546.96 | loss 0.2642909 
| epoch  31 |   124/  287 batches | lr_step  9053 | lr  0.000525 |acc  26.344%| ms/batch 554.20 | loss 0.2626519 
| epoch  31 |   149/  287 batches | lr_step  9078 | lr  0.000524 |acc  26.453%| ms/batch 552.72 | loss 0.2614532 
| epoch  31 |   174/  287 batches | lr_step  9103 | lr  0.000523 |acc  26.555%| ms/batch 550.43 | loss 0.2626178 
| epoch  31 |   199/  287 batches | lr_step  9128 | lr  0.000523 |acc  26.430%| ms/batch 547.63 | loss 0.2620073 
| epoch  31 |   224/  287 batches | lr_step  9153 | lr  0.000522 |acc  25.930%| ms/batch 546.32 | loss 0.2644719 
| epoch  31 |   249/  287 batches | lr_step  9178 | lr  0.000521 |acc  25.891%| ms/batch 549.67 | loss 0.2644784 
| epoch  31 |   274/  287 batches | lr_step  9203 | lr  0.000520 |acc  25.992%| ms/batch 555.24 | loss 0.2637881 
Pred: tensor([13, 16, 17, 14, 15, 20, 19,  0,  0,  0]) and tensor([13, 18, 14, 15, 17, 16, 19, 15,  0,  0]), tensor([13, 14, 15, 16, 17, 19, 18, 14, 16,  0])
Tar: tensor([[13, 20, 14, 15, 16, 17, 19,  0,  0,  0],
        [13, 18, 14, 15, 17, 16, 19, 15,  0,  0],
        [13, 14, 15, 16, 17, 19, 18, 14, 16,  0]])
-----------------------------------------------------------------------------------------
| end of epoch  31 | time: 163.37s | valid acc 52.859%| Best Model from Epoch 30 with 54.699%
-----------------------------------------------------------------------------------------
| epoch  32 |    24/  287 batches | lr_step  9241 | lr  0.000519 |acc  26.359%| ms/batch 550.01 | loss 0.2615494 
| epoch  32 |    49/  287 batches | lr_step  9266 | lr  0.000519 |acc  26.758%| ms/batch 548.16 | loss 0.2572700 
| epoch  32 |    74/  287 batches | lr_step  9291 | lr  0.000518 |acc  27.227%| ms/batch 543.30 | loss 0.2586252 
| epoch  32 |    99/  287 batches | lr_step  9316 | lr  0.000517 |acc  26.664%| ms/batch 543.56 | loss 0.2602630 
| epoch  32 |   124/  287 batches | lr_step  9341 | lr  0.000517 |acc  26.297%| ms/batch 547.14 | loss 0.2643300 
| epoch  32 |   149/  287 batches | lr_step  9366 | lr  0.000516 |acc  27.180%| ms/batch 549.69 | loss 0.2609056 
| epoch  32 |   174/  287 batches | lr_step  9391 | lr  0.000515 |acc  25.930%| ms/batch 550.21 | loss 0.2631760 
| epoch  32 |   199/  287 batches | lr_step  9416 | lr  0.000515 |acc  26.477%| ms/batch 553.56 | loss 0.2613498 
| epoch  32 |   224/  287 batches | lr_step  9441 | lr  0.000514 |acc  26.312%| ms/batch 554.68 | loss 0.2617829 
| epoch  32 |   249/  287 batches | lr_step  9466 | lr  0.000513 |acc  26.367%| ms/batch 550.02 | loss 0.2595189 
| epoch  32 |   274/  287 batches | lr_step  9491 | lr  0.000512 |acc  25.758%| ms/batch 548.82 | loss 0.2631328 
Pred: tensor([ 6,  7,  9,  8, 10, 11, 12,  0,  0,  0,  0,  0]) and tensor([ 6,  8,  7,  9, 10, 12, 11,  0,  0,  0,  0,  0]), tensor([ 6,  7,  8,  9, 10, 12, 11,  6,  0,  0,  0,  0])
Tar: tensor([[ 6,  8,  7,  9, 10, 11, 12,  0,  0,  0,  0,  0],
        [ 6,  8,  7,  9, 10, 12, 11,  0,  0,  0,  0,  0],
        [ 6,  8,  7,  9, 10, 12, 11,  6,  0,  0,  0,  0]])
-----------------------------------------------------------------------------------------
| end of epoch  32 | time: 162.80s | valid acc 52.263%| Best Model from Epoch 30 with 54.699%
-----------------------------------------------------------------------------------------
| epoch  33 |    24/  287 batches | lr_step  9529 | lr  0.000511 |acc  26.828%| ms/batch 547.16 | loss 0.2586203 
| epoch  33 |    49/  287 batches | lr_step  9554 | lr  0.000511 |acc  26.688%| ms/batch 547.22 | loss 0.2565550 
| epoch  33 |    74/  287 batches | lr_step  9579 | lr  0.000510 |acc  26.500%| ms/batch 546.74 | loss 0.2619265 
| epoch  33 |    99/  287 batches | lr_step  9604 | lr  0.000509 |acc  26.875%| ms/batch 547.50 | loss 0.2597288 
| epoch  33 |   124/  287 batches | lr_step  9629 | lr  0.000509 |acc  26.938%| ms/batch 548.06 | loss 0.2585745 
| epoch  33 |   149/  287 batches | lr_step  9654 | lr  0.000508 |acc  26.555%| ms/batch 548.55 | loss 0.2636254 
| epoch  33 |   174/  287 batches | lr_step  9679 | lr  0.000507 |acc  26.188%| ms/batch 549.13 | loss 0.2600544 
| epoch  33 |   199/  287 batches | lr_step  9704 | lr  0.000507 |acc  26.727%| ms/batch 544.88 | loss 0.2623531 
| epoch  33 |   224/  287 batches | lr_step  9729 | lr  0.000506 |acc  26.539%| ms/batch 545.27 | loss 0.2609657 
| epoch  33 |   249/  287 batches | lr_step  9754 | lr  0.000506 |acc  26.258%| ms/batch 551.48 | loss 0.2616459 
| epoch  33 |   274/  287 batches | lr_step  9779 | lr  0.000505 |acc  26.242%| ms/batch 558.51 | loss 0.2615506 
Pred: tensor([12,  8,  7, 10,  9, 11,  6,  0,  0,  0,  0,  0]) and tensor([11,  8,  9,  6, 12,  0,  0,  0,  0,  0,  0,  0]), tensor([ 6,  8, 10,  7,  9, 11,  8,  0,  0,  0,  0,  0])
Tar: tensor([[12,  7,  8, 10,  9, 11,  6,  0,  0,  0,  0,  0],
        [11,  9,  8,  6, 12,  0,  0,  0,  0,  0,  0,  0],
        [ 6,  8,  7, 10,  9, 11,  8,  0,  0,  0,  0,  0]])
-----------------------------------------------------------------------------------------
| end of epoch  33 | time: 163.08s | valid acc 53.357%| Best Model from Epoch 30 with 54.699%
-----------------------------------------------------------------------------------------
| epoch  34 |    24/  287 batches | lr_step  9817 | lr  0.000504 |acc  26.391%| ms/batch 550.10 | loss 0.2594801 
| epoch  34 |    49/  287 batches | lr_step  9842 | lr  0.000503 |acc  27.125%| ms/batch 550.72 | loss 0.2574307 
| epoch  34 |    74/  287 batches | lr_step  9867 | lr  0.000503 |acc  26.477%| ms/batch 547.82 | loss 0.2605187 
| epoch  34 |    99/  287 batches | lr_step  9892 | lr  0.000502 |acc  26.078%| ms/batch 546.34 | loss 0.2609047 
| epoch  34 |   124/  287 batches | lr_step  9917 | lr  0.000501 |acc  26.500%| ms/batch 548.41 | loss 0.2610559 
| epoch  34 |   149/  287 batches | lr_step  9942 | lr  0.000501 |acc  26.969%| ms/batch 545.86 | loss 0.2578032 
| epoch  34 |   174/  287 batches | lr_step  9967 | lr  0.000500 |acc  26.508%| ms/batch 546.28 | loss 0.2610014 
| epoch  34 |   199/  287 batches | lr_step  9992 | lr  0.000499 |acc  26.586%| ms/batch 547.25 | loss 0.2580209 
| epoch  34 |   224/  287 batches | lr_step  10017 | lr  0.000499 |acc  26.469%| ms/batch 548.86 | loss 0.2596068 
| epoch  34 |   249/  287 batches | lr_step  10042 | lr  0.000498 |acc  27.094%| ms/batch 547.90 | loss 0.2597662 
| epoch  34 |   274/  287 batches | lr_step  10067 | lr  0.000498 |acc  27.141%| ms/batch 546.48 | loss 0.2587748 
Pred: tensor([13, 16, 14, 15, 17, 18, 14, 19,  0,  0]) and tensor([13, 14, 16, 15, 17, 19, 20,  0,  0,  0]), tensor([13, 16, 14, 17, 18, 19,  0,  0,  0,  0])
Tar: tensor([[13, 16, 14, 15, 17, 18, 14, 19,  0,  0],
        [13, 14, 16, 15, 17, 19, 20,  0,  0,  0],
        [13, 16, 14, 17, 18, 19,  0,  0,  0,  0]])
-----------------------------------------------------------------------------------------
| end of epoch  34 | time: 162.49s | valid acc 53.655%| Best Model from Epoch 30 with 54.699%
-----------------------------------------------------------------------------------------
| epoch  35 |    24/  287 batches | lr_step  10105 | lr  0.000497 |acc  26.844%| ms/batch 547.26 | loss 0.2593508 
| epoch  35 |    49/  287 batches | lr_step  10130 | lr  0.000496 |acc  26.625%| ms/batch 546.91 | loss 0.2576852 
| epoch  35 |    74/  287 batches | lr_step  10155 | lr  0.000495 |acc  26.141%| ms/batch 550.06 | loss 0.2604076 
| epoch  35 |    99/  287 batches | lr_step  10180 | lr  0.000495 |acc  26.539%| ms/batch 548.38 | loss 0.2596200 
| epoch  35 |   124/  287 batches | lr_step  10205 | lr  0.000494 |acc  26.648%| ms/batch 545.58 | loss 0.2594134 
| epoch  35 |   149/  287 batches | lr_step  10230 | lr  0.000494 |acc  26.578%| ms/batch 544.70 | loss 0.2586917 
| epoch  35 |   174/  287 batches | lr_step  10255 | lr  0.000493 |acc  27.484%| ms/batch 542.40 | loss 0.2580328 
| epoch  35 |   199/  287 batches | lr_step  10280 | lr  0.000492 |acc  26.234%| ms/batch 544.13 | loss 0.2612012 
| epoch  35 |   224/  287 batches | lr_step  10305 | lr  0.000492 |acc  27.008%| ms/batch 544.28 | loss 0.2568436 
| epoch  35 |   249/  287 batches | lr_step  10330 | lr  0.000491 |acc  27.188%| ms/batch 547.42 | loss 0.2588248 
| epoch  35 |   274/  287 batches | lr_step  10355 | lr  0.000491 |acc  27.289%| ms/batch 544.06 | loss 0.2579747 
Pred: tensor([13, 14, 15, 16, 17, 19, 18,  0,  0,  0]) and tensor([19, 18, 16, 15, 14, 14, 13,  0,  0,  0]), tensor([14, 15, 16, 17, 18, 13, 13, 19, 15,  0])
Tar: tensor([[13, 14, 16, 15, 17, 19, 18,  0,  0,  0],
        [18, 19, 16, 15, 14, 14, 13,  0,  0,  0],
        [16, 17, 14, 15, 18, 13, 13, 15, 19,  0]])
-----------------------------------------------------------------------------------------
| end of epoch  35 | time: 162.04s | valid acc 52.909%| Best Model from Epoch 30 with 54.699%
-----------------------------------------------------------------------------------------
| epoch  36 |    24/  287 batches | lr_step  10393 | lr  0.000490 |acc  26.961%| ms/batch 578.07 | loss 0.2613484 
| epoch  36 |    49/  287 batches | lr_step  10418 | lr  0.000489 |acc  27.039%| ms/batch 546.78 | loss 0.2612710 
| epoch  36 |    74/  287 batches | lr_step  10443 | lr  0.000489 |acc  27.055%| ms/batch 547.50 | loss 0.2573275 
| epoch  36 |    99/  287 batches | lr_step  10468 | lr  0.000488 |acc  26.922%| ms/batch 547.94 | loss 0.2588376 
| epoch  36 |   124/  287 batches | lr_step  10493 | lr  0.000487 |acc  26.461%| ms/batch 544.79 | loss 0.2597252 
| epoch  36 |   149/  287 batches | lr_step  10518 | lr  0.000487 |acc  27.328%| ms/batch 548.25 | loss 0.2564916 
| epoch  36 |   174/  287 batches | lr_step  10543 | lr  0.000486 |acc  26.859%| ms/batch 546.16 | loss 0.2571381 
| epoch  36 |   199/  287 batches | lr_step  10568 | lr  0.000486 |acc  26.719%| ms/batch 542.87 | loss 0.2573175 
| epoch  36 |   224/  287 batches | lr_step  10593 | lr  0.000485 |acc  27.242%| ms/batch 543.81 | loss 0.2549274 
| epoch  36 |   249/  287 batches | lr_step  10618 | lr  0.000485 |acc  26.516%| ms/batch 545.22 | loss 0.2579940 
| epoch  36 |   274/  287 batches | lr_step  10643 | lr  0.000484 |acc  27.094%| ms/batch 543.80 | loss 0.2573183 
Pred: tensor([ 6,  7,  8,  9, 11, 12,  6,  0,  0,  0]) and tensor([ 6,  7,  9,  8, 10,  8, 11, 12,  0,  0]), tensor([ 6,  8, 10,  9,  7, 11, 12,  6,  0,  0])
Tar: tensor([[ 6,  7,  8,  9, 11, 12,  6,  0,  0,  0],
        [ 6,  7,  9,  8, 10,  8, 12, 11,  0,  0],
        [ 6,  8, 10,  9,  7, 11, 12,  6,  0,  0]])
-----------------------------------------------------------------------------------------
| end of epoch  36 | time: 162.73s | valid acc 52.810%| Best Model from Epoch 30 with 54.699%
-----------------------------------------------------------------------------------------
| epoch  37 |    24/  287 batches | lr_step  10681 | lr  0.000483 |acc  27.383%| ms/batch 550.06 | loss 0.2576244 
| epoch  37 |    49/  287 batches | lr_step  10706 | lr  0.000483 |acc  27.367%| ms/batch 542.75 | loss 0.2559726 
| epoch  37 |    74/  287 batches | lr_step  10731 | lr  0.000482 |acc  26.883%| ms/batch 545.51 | loss 0.2562439 
| epoch  37 |    99/  287 batches | lr_step  10756 | lr  0.000481 |acc  26.875%| ms/batch 548.78 | loss 0.2593113 
| epoch  37 |   124/  287 batches | lr_step  10781 | lr  0.000481 |acc  27.414%| ms/batch 557.43 | loss 0.2549919 
| epoch  37 |   149/  287 batches | lr_step  10806 | lr  0.000480 |acc  27.086%| ms/batch 572.83 | loss 0.2572821 
| epoch  37 |   174/  287 batches | lr_step  10831 | lr  0.000480 |acc  27.000%| ms/batch 574.92 | loss 0.2580347 
| epoch  37 |   199/  287 batches | lr_step  10856 | lr  0.000479 |acc  26.602%| ms/batch 666.98 | loss 0.2563742 
| epoch  37 |   224/  287 batches | lr_step  10881 | lr  0.000479 |acc  27.008%| ms/batch 658.23 | loss 0.2579845 
| epoch  37 |   249/  287 batches | lr_step  10906 | lr  0.000478 |acc  26.992%| ms/batch 573.42 | loss 0.2580835 
| epoch  37 |   274/  287 batches | lr_step  10931 | lr  0.000478 |acc  27.320%| ms/batch 570.16 | loss 0.2573216 
Pred: tensor([ 6, 11,  7,  8, 10,  9, 12,  0,  0]) and tensor([ 6, 10,  7,  9,  8, 11, 12,  0,  0]), tensor([13, 14, 18, 17, 17, 17, 19, 16, 15])
Tar: tensor([[ 6, 11,  7,  8, 10,  9, 12,  0,  0],
        [ 6, 10,  7,  9,  8, 11, 12,  0,  0],
        [13, 14, 18, 17, 17, 17, 16, 19, 15]])
-----------------------------------------------------------------------------------------
| end of epoch  37 | time: 171.34s | valid acc 52.810%| Best Model from Epoch 30 with 54.699%
-----------------------------------------------------------------------------------------
| epoch  38 |    24/  287 batches | lr_step  10969 | lr  0.000477 |acc  27.188%| ms/batch 569.10 | loss 0.2530333 
| epoch  38 |    49/  287 batches | lr_step  10994 | lr  0.000476 |acc  26.906%| ms/batch 567.74 | loss 0.2566228 
| epoch  38 |    74/  287 batches | lr_step  11019 | lr  0.000476 |acc  27.773%| ms/batch 567.32 | loss 0.2572058 
| epoch  38 |    99/  287 batches | lr_step  11044 | lr  0.000475 |acc  27.516%| ms/batch 620.31 | loss 0.2576253 
| epoch  38 |   124/  287 batches | lr_step  11069 | lr  0.000475 |acc  26.695%| ms/batch 736.53 | loss 0.2573970 
| epoch  38 |   149/  287 batches | lr_step  11094 | lr  0.000474 |acc  26.242%| ms/batch 584.55 | loss 0.2584324 
| epoch  38 |   174/  287 batches | lr_step  11119 | lr  0.000473 |acc  27.344%| ms/batch 592.62 | loss 0.2552655 
| epoch  38 |   199/  287 batches | lr_step  11144 | lr  0.000473 |acc  27.773%| ms/batch 613.87 | loss 0.2553268 
| epoch  38 |   224/  287 batches | lr_step  11169 | lr  0.000472 |acc  27.773%| ms/batch 672.01 | loss 0.2526053 
| epoch  38 |   249/  287 batches | lr_step  11194 | lr  0.000472 |acc  26.742%| ms/batch 631.54 | loss 0.2615814 
| epoch  38 |   274/  287 batches | lr_step  11219 | lr  0.000471 |acc  27.391%| ms/batch 681.08 | loss 0.2555255 
Pred: tensor([13, 16, 17, 14, 15, 17, 19, 18,  0,  0]) and tensor([ 6,  7,  8,  9, 10, 12, 11,  0,  0,  0]), tensor([16, 17, 15, 19, 20, 13, 13, 14, 17, 17])
Tar: tensor([[13, 16, 17, 14, 15, 17, 19, 18,  0,  0],
        [ 6,  8,  7,  9, 10, 11, 12,  0,  0,  0],
        [16, 17, 15, 19, 20, 13, 13, 14, 17, 17]])
-----------------------------------------------------------------------------------------
| end of epoch  38 | time: 184.84s | valid acc 53.655%| Best Model from Epoch 30 with 54.699%
-----------------------------------------------------------------------------------------
| epoch  39 |    24/  287 batches | lr_step  11257 | lr  0.000471 |acc  27.156%| ms/batch 628.84 | loss 0.2559957 
| epoch  39 |    49/  287 batches | lr_step  11282 | lr  0.000470 |acc  27.594%| ms/batch 719.80 | loss 0.2540868 
| epoch  39 |    74/  287 batches | lr_step  11307 | lr  0.000470 |acc  26.766%| ms/batch 622.14 | loss 0.2559681 
| epoch  39 |    99/  287 batches | lr_step  11332 | lr  0.000469 |acc  27.352%| ms/batch 546.54 | loss 0.2570034 
| epoch  39 |   124/  287 batches | lr_step  11357 | lr  0.000468 |acc  27.742%| ms/batch 555.64 | loss 0.2557997 
| epoch  39 |   149/  287 batches | lr_step  11382 | lr  0.000468 |acc  27.438%| ms/batch 577.38 | loss 0.2543833 
| epoch  39 |   174/  287 batches | lr_step  11407 | lr  0.000467 |acc  26.953%| ms/batch 569.02 | loss 0.2573304 
| epoch  39 |   199/  287 batches | lr_step  11432 | lr  0.000467 |acc  27.687%| ms/batch 566.37 | loss 0.2540470 
| epoch  39 |   224/  287 batches | lr_step  11457 | lr  0.000466 |acc  27.219%| ms/batch 560.18 | loss 0.2548009 
| epoch  39 |   249/  287 batches | lr_step  11482 | lr  0.000466 |acc  27.125%| ms/batch 557.15 | loss 0.2578702 
| epoch  39 |   274/  287 batches | lr_step  11507 | lr  0.000465 |acc  27.578%| ms/batch 551.65 | loss 0.2535411 
Pred: tensor([13, 16, 15, 14, 19, 18,  0,  0,  0]) and tensor([13, 16, 17, 14, 18,  0,  0,  0,  0]), tensor([ 8, 10,  7,  9,  6, 11, 12,  0,  0])
Tar: tensor([[13, 15, 16, 14, 19, 18,  0,  0,  0],
        [13, 16, 17, 14, 18,  0,  0,  0,  0],
        [ 8, 10,  7,  9,  6, 11, 12,  0,  0]])
-----------------------------------------------------------------------------------------
| end of epoch  39 | time: 173.15s | valid acc 54.351%| Best Model from Epoch 30 with 54.699%
-----------------------------------------------------------------------------------------
| epoch  40 |    24/  287 batches | lr_step  11545 | lr  0.000465 |acc  26.844%| ms/batch 552.52 | loss 0.2563383 
| epoch  40 |    49/  287 batches | lr_step  11570 | lr  0.000464 |acc  27.344%| ms/batch 551.41 | loss 0.2550437 
| epoch  40 |    74/  287 batches | lr_step  11595 | lr  0.000464 |acc  27.375%| ms/batch 576.42 | loss 0.2553810 
| epoch  40 |    99/  287 batches | lr_step  11620 | lr  0.000463 |acc  26.781%| ms/batch 562.10 | loss 0.2556568 
| epoch  40 |   124/  287 batches | lr_step  11645 | lr  0.000463 |acc  27.312%| ms/batch 565.73 | loss 0.2541646 
| epoch  40 |   149/  287 batches | lr_step  11670 | lr  0.000462 |acc  27.414%| ms/batch 560.58 | loss 0.2560195 
| epoch  40 |   174/  287 batches | lr_step  11695 | lr  0.000462 |acc  27.367%| ms/batch 554.12 | loss 0.2554640 
| epoch  40 |   199/  287 batches | lr_step  11720 | lr  0.000461 |acc  27.680%| ms/batch 561.86 | loss 0.2531859 
| epoch  40 |   224/  287 batches | lr_step  11745 | lr  0.000461 |acc  28.008%| ms/batch 570.32 | loss 0.2557677 
| epoch  40 |   249/  287 batches | lr_step  11770 | lr  0.000460 |acc  26.555%| ms/batch 566.09 | loss 0.2572345 
| epoch  40 |   274/  287 batches | lr_step  11795 | lr  0.000460 |acc  27.977%| ms/batch 560.46 | loss 0.2548749 
Pred: tensor([11,  8, 10,  7,  9,  6, 12,  8,  0]) and tensor([ 6,  8,  9,  7, 10, 12, 11,  0,  0]), tensor([13, 14, 16, 17, 15, 19, 20, 13,  0])
Tar: tensor([[11,  8, 10,  7,  9,  6, 12,  8,  0],
        [ 6,  8,  9,  7, 10, 12, 11,  0,  0],
        [13, 14, 16, 17, 15, 19, 20, 13,  0]])
-----------------------------------------------------------------------------------------
| end of epoch  40 | time: 166.61s | valid acc 53.207%| Best Model from Epoch 30 with 54.699%
-----------------------------------------------------------------------------------------
| epoch  41 |    24/  287 batches | lr_step  11833 | lr  0.000459 |acc  27.352%| ms/batch 558.39 | loss 0.2551654 
| epoch  41 |    49/  287 batches | lr_step  11858 | lr  0.000458 |acc  27.422%| ms/batch 575.06 | loss 0.2557362 
| epoch  41 |    74/  287 batches | lr_step  11883 | lr  0.000458 |acc  27.367%| ms/batch 596.01 | loss 0.2536245 
| epoch  41 |    99/  287 batches | lr_step  11908 | lr  0.000458 |acc  27.414%| ms/batch 593.21 | loss 0.2556495 
| epoch  41 |   124/  287 batches | lr_step  11933 | lr  0.000457 |acc  27.172%| ms/batch 614.35 | loss 0.2562094 
| epoch  41 |   149/  287 batches | lr_step  11958 | lr  0.000457 |acc  26.523%| ms/batch 550.89 | loss 0.2568356 
| epoch  41 |   174/  287 batches | lr_step  11983 | lr  0.000456 |acc  28.070%| ms/batch 545.62 | loss 0.2555798 
| epoch  41 |   199/  287 batches | lr_step  12008 | lr  0.000456 |acc  27.484%| ms/batch 645.16 | loss 0.2542275 
| epoch  41 |   224/  287 batches | lr_step  12033 | lr  0.000455 |acc  27.367%| ms/batch 585.28 | loss 0.2548129 
| epoch  41 |   249/  287 batches | lr_step  12058 | lr  0.000455 |acc  27.445%| ms/batch 539.60 | loss 0.2538828 
| epoch  41 |   274/  287 batches | lr_step  12083 | lr  0.000454 |acc  27.445%| ms/batch 542.03 | loss 0.2541261 
Pred: tensor([ 6,  8, 10,  9, 12, 11, 10, 10,  0,  0]) and tensor([13, 16, 15, 17, 19, 18,  0,  0,  0,  0]), tensor([ 6, 10,  9, 12, 21,  0,  0,  0,  0,  0])
Tar: tensor([[ 6,  8, 10,  9, 12, 11, 10, 10,  0,  0],
        [13, 16, 17, 15, 19, 18,  0,  0,  0,  0],
        [ 6, 10,  9, 12, 21,  0,  0,  0,  0,  0]])
-----------------------------------------------------------------------------------------
| end of epoch  41 | time: 170.42s | valid acc 53.953%| Best Model from Epoch 30 with 54.699%
-----------------------------------------------------------------------------------------
| epoch  42 |    24/  287 batches | lr_step  12121 | lr  0.000453 |acc  27.789%| ms/batch 551.45 | loss 0.2556351 
| epoch  42 |    49/  287 batches | lr_step  12146 | lr  0.000453 |acc  27.188%| ms/batch 553.00 | loss 0.2531015 
| epoch  42 |    74/  287 batches | lr_step  12171 | lr  0.000453 |acc  27.484%| ms/batch 558.35 | loss 0.2545836 
| epoch  42 |    99/  287 batches | lr_step  12196 | lr  0.000452 |acc  27.641%| ms/batch 543.63 | loss 0.2537792 
| epoch  42 |   124/  287 batches | lr_step  12221 | lr  0.000452 |acc  27.844%| ms/batch 540.87 | loss 0.2530846 
| epoch  42 |   149/  287 batches | lr_step  12246 | lr  0.000451 |acc  27.617%| ms/batch 565.85 | loss 0.2581091 
| epoch  42 |   174/  287 batches | lr_step  12271 | lr  0.000451 |acc  27.352%| ms/batch 535.77 | loss 0.2544876 
| epoch  42 |   199/  287 batches | lr_step  12296 | lr  0.000450 |acc  27.359%| ms/batch 527.87 | loss 0.2534969 
| epoch  42 |   224/  287 batches | lr_step  12321 | lr  0.000450 |acc  27.758%| ms/batch 532.26 | loss 0.2509231 
| epoch  42 |   249/  287 batches | lr_step  12346 | lr  0.000449 |acc  27.297%| ms/batch 534.81 | loss 0.2560246 
| epoch  42 |   274/  287 batches | lr_step  12371 | lr  0.000449 |acc  27.023%| ms/batch 550.97 | loss 0.2545507 
Pred: tensor([13, 14, 15, 16, 17, 18, 19, 15,  0,  0]) and tensor([13, 16, 17, 14, 15, 18, 19,  0,  0,  0]), tensor([ 6,  7, 10,  9, 12, 21,  0,  0,  0,  0])
Tar: tensor([[13, 14, 15, 16, 17, 18, 19, 15,  0,  0],
        [13, 16, 17, 14, 15, 18, 19,  0,  0,  0],
        [ 6, 10,  7,  9, 12, 21,  0,  0,  0,  0]])
-----------------------------------------------------------------------------------------
| end of epoch  42 | time: 161.76s | valid acc 52.810%| Best Model from Epoch 30 with 54.699%
-----------------------------------------------------------------------------------------
| epoch  43 |    24/  287 batches | lr_step  12409 | lr  0.000448 |acc  28.016%| ms/batch 540.79 | loss 0.2528569 
| epoch  43 |    49/  287 batches | lr_step  12434 | lr  0.000448 |acc  27.844%| ms/batch 556.67 | loss 0.2505257 
| epoch  43 |    74/  287 batches | lr_step  12459 | lr  0.000447 |acc  27.547%| ms/batch 539.90 | loss 0.2546085 
| epoch  43 |    99/  287 batches | lr_step  12484 | lr  0.000447 |acc  26.812%| ms/batch 543.31 | loss 0.2527858 
| epoch  43 |   124/  287 batches | lr_step  12509 | lr  0.000446 |acc  27.984%| ms/batch 537.12 | loss 0.2531772 
| epoch  43 |   149/  287 batches | lr_step  12534 | lr  0.000446 |acc  27.984%| ms/batch 534.45 | loss 0.2523903 
| epoch  43 |   174/  287 batches | lr_step  12559 | lr  0.000446 |acc  27.766%| ms/batch 548.22 | loss 0.2536609 
| epoch  43 |   199/  287 batches | lr_step  12584 | lr  0.000445 |acc  27.336%| ms/batch 539.36 | loss 0.2538734 
| epoch  43 |   224/  287 batches | lr_step  12609 | lr  0.000445 |acc  27.500%| ms/batch 537.08 | loss 0.2528150 
| epoch  43 |   249/  287 batches | lr_step  12634 | lr  0.000444 |acc  26.539%| ms/batch 543.87 | loss 0.2557506 
| epoch  43 |   274/  287 batches | lr_step  12659 | lr  0.000444 |acc  26.891%| ms/batch 531.02 | loss 0.2551386 
Pred: tensor([13, 16, 14, 17, 18, 19, 15,  0,  0,  0]) and tensor([13, 17, 15, 16, 19,  0,  0,  0,  0,  0]), tensor([13, 16, 14, 15, 19, 18,  0,  0,  0,  0])
Tar: tensor([[13, 16, 14, 19, 17, 18, 15,  0,  0,  0],
        [13, 17, 15, 16, 19,  0,  0,  0,  0,  0],
        [13, 14, 16, 15, 19, 18,  0,  0,  0,  0]])
-----------------------------------------------------------------------------------------
| end of epoch  43 | time: 160.71s | valid acc 53.705%| Best Model from Epoch 30 with 54.699%
-----------------------------------------------------------------------------------------
| epoch  44 |    24/  287 batches | lr_step  12697 | lr  0.000443 |acc  27.562%| ms/batch 531.02 | loss 0.2532846 
| epoch  44 |    49/  287 batches | lr_step  12722 | lr  0.000443 |acc  27.891%| ms/batch 540.58 | loss 0.2516782 
| epoch  44 |    74/  287 batches | lr_step  12747 | lr  0.000442 |acc  27.547%| ms/batch 539.40 | loss 0.2532161 
| epoch  44 |    99/  287 batches | lr_step  12772 | lr  0.000442 |acc  27.812%| ms/batch 549.13 | loss 0.2536263 
| epoch  44 |   124/  287 batches | lr_step  12797 | lr  0.000441 |acc  26.859%| ms/batch 544.16 | loss 0.2537212 
| epoch  44 |   149/  287 batches | lr_step  12822 | lr  0.000441 |acc  27.414%| ms/batch 535.55 | loss 0.2523683 
| epoch  44 |   174/  287 batches | lr_step  12847 | lr  0.000440 |acc  28.180%| ms/batch 534.17 | loss 0.2511673 
| epoch  44 |   199/  287 batches | lr_step  12872 | lr  0.000440 |acc  27.383%| ms/batch 538.77 | loss 0.2550775 
| epoch  44 |   224/  287 batches | lr_step  12897 | lr  0.000440 |acc  27.648%| ms/batch 536.93 | loss 0.2526876 
| epoch  44 |   249/  287 batches | lr_step  12922 | lr  0.000439 |acc  28.266%| ms/batch 535.23 | loss 0.2512822 
| epoch  44 |   274/  287 batches | lr_step  12947 | lr  0.000439 |acc  27.547%| ms/batch 534.93 | loss 0.2509746 
Pred: tensor([16, 14, 15, 17, 18, 19,  0,  0,  0,  0,  0,  0]) and tensor([ 6,  9,  8, 10, 12, 21,  0,  0,  0,  0,  0,  0]), tensor([ 6,  8, 10,  7,  9, 12, 11,  6,  0,  0,  0,  0])
Tar: tensor([[16, 14, 15, 17, 18, 19,  0,  0,  0,  0,  0,  0],
        [ 6,  9,  8, 10, 12, 21,  0,  0,  0,  0,  0,  0],
        [ 6,  8,  7, 10,  9, 12, 11,  6,  0,  0,  0,  0]])
-----------------------------------------------------------------------------------------
| end of epoch  44 | time: 159.55s | valid acc 53.207%| Best Model from Epoch 30 with 54.699%
-----------------------------------------------------------------------------------------
| epoch  45 |    24/  287 batches | lr_step  12985 | lr  0.000438 |acc  28.070%| ms/batch 533.82 | loss 0.2518207 
| epoch  45 |    49/  287 batches | lr_step  13010 | lr  0.000438 |acc  28.023%| ms/batch 544.98 | loss 0.2506165 
| epoch  45 |    74/  287 batches | lr_step  13035 | lr  0.000437 |acc  27.344%| ms/batch 559.31 | loss 0.2525705 
| epoch  45 |    99/  287 batches | lr_step  13060 | lr  0.000437 |acc  27.992%| ms/batch 566.69 | loss 0.2499899 
| epoch  45 |   124/  287 batches | lr_step  13085 | lr  0.000436 |acc  27.562%| ms/batch 557.79 | loss 0.2514376 
| epoch  45 |   149/  287 batches | lr_step  13110 | lr  0.000436 |acc  27.820%| ms/batch 558.71 | loss 0.2514432 
| epoch  45 |   174/  287 batches | lr_step  13135 | lr  0.000436 |acc  27.852%| ms/batch 558.91 | loss 0.2509045 
| epoch  45 |   199/  287 batches | lr_step  13160 | lr  0.000435 |acc  27.945%| ms/batch 566.01 | loss 0.2532525 
| epoch  45 |   224/  287 batches | lr_step  13185 | lr  0.000435 |acc  27.070%| ms/batch 538.20 | loss 0.2546358 
| epoch  45 |   249/  287 batches | lr_step  13210 | lr  0.000434 |acc  28.297%| ms/batch 542.88 | loss 0.2520524 
| epoch  45 |   274/  287 batches | lr_step  13235 | lr  0.000434 |acc  27.484%| ms/batch 651.75 | loss 0.2530531 
Pred: tensor([ 6,  7,  9,  8, 10, 12, 21,  7,  0,  0]) and tensor([ 6,  8,  7,  9, 12, 21,  0,  0,  0,  0]), tensor([ 6,  7,  9,  8, 10, 11, 12,  8,  0,  0])
Tar: tensor([[ 6,  7,  9,  8, 10, 12, 21,  7,  0,  0],
        [ 6,  8,  7,  9, 12, 21,  0,  0,  0,  0],
        [ 6,  7,  9,  8, 10, 12, 11,  8,  0,  0]])
-----------------------------------------------------------------------------------------
| end of epoch  45 | time: 167.26s | valid acc 54.252%| Best Model from Epoch 30 with 54.699%
-----------------------------------------------------------------------------------------
Pred: tensor([13, 16, 17, 14, 15, 18,  0,  0,  0,  0,  0]) and tensor([ 6,  7,  9, 10, 11, 12,  0,  0,  0,  0,  0]), tensor([ 6,  8, 10,  9, 11, 12,  6,  0,  0,  0,  0])
Tar: tensor([[13, 16, 17, 14, 15, 18,  0,  0,  0,  0,  0],
        [ 6,  7,  9, 10, 11, 12,  0,  0,  0,  0,  0],
        [ 6,  8, 10,  9, 11, 12,  6,  0,  0,  0,  0]])
=========================================================================================
| End of training | test loss 69.00 | test acc 54.08% | Best Model from Epoch 30
=========================================================================================
