-----------------------------------------------------------------------------------------
Parameter Settings:
EIUES:                            0
Ratio uncertain traces:           0

Type:                             encoder_GREEDY
No. warmup steps:                 7997.0513115910135
LR factor                         0.40784703879817846 
Embedding dimension:              128
Dimension of feedforward network: 1024
Number of transformer layers:     1
Number of attentions heads:       16
Dropout:                          0.10309067579812248
Total number of epochs:           180
-----------------------------------------------------------------------------------------
| epoch   0 |    49/  369 batches | lr_step  50 | lr  0.000003 |acc  0.000%| ms/batch 338.43 | loss 0.9289578 
| epoch   0 |    99/  369 batches | lr_step  100 | lr  0.000005 |acc  0.000%| ms/batch 359.58 | loss 0.8494285 
| epoch   0 |   149/  369 batches | lr_step  150 | lr  0.000008 |acc  0.008%| ms/batch 396.90 | loss 0.7128160 
| epoch   0 |   199/  369 batches | lr_step  200 | lr  0.000010 |acc  0.062%| ms/batch 777.14 | loss 0.5997000 
| epoch   0 |   249/  369 batches | lr_step  250 | lr  0.000013 |acc  0.250%| ms/batch 293.53 | loss 0.5291027 
| epoch   0 |   299/  369 batches | lr_step  300 | lr  0.000015 |acc  0.367%| ms/batch 325.76 | loss 0.4700808 
| epoch   0 |   349/  369 batches | lr_step  350 | lr  0.000018 |acc  0.609%| ms/batch 361.11 | loss 0.4358183 
Pred: tensor([ 6, 12, 14,  7,  8, 11,  7, 11,  7, 11, 11, 11,  7, 14,  9,  0,  0,  0,
         0,  0,  0,  0,  0,  0]) and tensor([ 6,  7,  8, 11,  7,  8, 14, 11,  8,  9, 10,  0,  0,  0,  0,  0,  0,  0,
         0,  0,  0,  0,  0,  0]), tensor([ 6,  7,  9, 10,  0,  0,  0,  0,  0,  0,  0,  0,  0,  0,  0,  0,  0,  0,
         0,  0,  0,  0,  0,  0])
Tar: tensor([[ 6, 14, 12,  7,  8,  7, 11,  7, 11, 11, 11,  7, 14, 11,  9,  0,  0,  0,
          0,  0,  0,  0,  0,  0],
        [ 6,  8,  7, 11,  8,  7, 14, 11,  8, 10,  9,  0,  0,  0,  0,  0,  0,  0,
          0,  0,  0,  0,  0,  0],
        [ 6,  7,  9, 10,  0,  0,  0,  0,  0,  0,  0,  0,  0,  0,  0,  0,  0,  0,
          0,  0,  0,  0,  0,  0]])
-----------------------------------------------------------------------------------------
| end of epoch   0 | time: 169.80s | valid acc 29.763%| Best Model from Epoch 0 with  -inf%
-----------------------------------------------------------------------------------------
-----------------------------------------------------------------------------------------
-----------------------------------------------------------------------------------------
| end of epoch   0 | time: 169.80s | valid loss 69.0000000 | valid acc 29.763%| 
-----------------------------------------------------------------------------------------
-----------------------------------------------------------------------------------------
| epoch   1 |    49/  369 batches | lr_step  420 | lr  0.000021 |acc  1.391%| ms/batch 333.89 | loss 0.4051215 
| epoch   1 |    99/  369 batches | lr_step  470 | lr  0.000024 |acc  2.586%| ms/batch 345.77 | loss 0.3865379 
| epoch   1 |   149/  369 batches | lr_step  520 | lr  0.000026 |acc  3.859%| ms/batch 338.60 | loss 0.3733418 
| epoch   1 |   199/  369 batches | lr_step  570 | lr  0.000029 |acc  5.414%| ms/batch 365.52 | loss 0.3557425 
| epoch   1 |   249/  369 batches | lr_step  620 | lr  0.000031 |acc  6.430%| ms/batch 370.46 | loss 0.3515150 
| epoch   1 |   299/  369 batches | lr_step  670 | lr  0.000034 |acc  7.773%| ms/batch 305.37 | loss 0.3411045 
| epoch   1 |   349/  369 batches | lr_step  720 | lr  0.000036 |acc  8.555%| ms/batch 346.18 | loss 0.3331106 
Pred: tensor([ 6,  7, 14,  7, 14, 12,  7, 11,  7,  7, 14, 12, 14,  7, 11, 11,  9,  0,
         0,  0,  0,  0,  0,  0,  0]) and tensor([ 6,  7,  8, 11, 11,  7,  8, 14,  7, 11,  8,  9,  0,  0,  0,  0,  0,  0,
         0,  0,  0,  0,  0,  0,  0]), tensor([ 6,  7,  8, 11,  7, 14, 12,  7, 12,  8,  9,  0,  0,  0,  0,  0,  0,  0,
         0,  0,  0,  0,  0,  0,  0])
Tar: tensor([[ 6,  7, 14,  7, 14,  7, 12,  7, 11, 14,  7, 12,  7, 11, 14, 11,  9,  0,
          0,  0,  0,  0,  0,  0,  0],
        [ 6,  7,  8, 11,  7, 14, 11,  8,  7,  8, 11,  9,  0,  0,  0,  0,  0,  0,
          0,  0,  0,  0,  0,  0,  0],
        [ 6,  8,  7, 11,  7, 14, 12,  7,  8, 12,  9,  0,  0,  0,  0,  0,  0,  0,
          0,  0,  0,  0,  0,  0,  0]])
-----------------------------------------------------------------------------------------
| end of epoch   1 | time: 151.46s | valid acc 30.233%| Best Model from Epoch 0 with 29.763%
-----------------------------------------------------------------------------------------
-----------------------------------------------------------------------------------------
-----------------------------------------------------------------------------------------
| end of epoch   1 | time: 151.46s | valid loss 69.0000000 | valid acc 30.233%| 
-----------------------------------------------------------------------------------------
-----------------------------------------------------------------------------------------
| epoch   2 |    49/  369 batches | lr_step  790 | lr  0.000040 |acc  10.070%| ms/batch 324.05 | loss 0.3168113 
| epoch   2 |    99/  369 batches | lr_step  840 | lr  0.000042 |acc  10.320%| ms/batch 337.19 | loss 0.3172407 
| epoch   2 |   149/  369 batches | lr_step  890 | lr  0.000045 |acc  11.344%| ms/batch 398.45 | loss 0.3059383 
| epoch   2 |   199/  369 batches | lr_step  940 | lr  0.000047 |acc  11.352%| ms/batch 327.20 | loss 0.3066629 
| epoch   2 |   249/  369 batches | lr_step  990 | lr  0.000050 |acc  12.773%| ms/batch 303.52 | loss 0.2952144 
| epoch   2 |   299/  369 batches | lr_step  1040 | lr  0.000052 |acc  12.664%| ms/batch 331.63 | loss 0.2930323 
| epoch   2 |   349/  369 batches | lr_step  1090 | lr  0.000055 |acc  14.172%| ms/batch 319.97 | loss 0.2878256 
Pred: tensor([ 6,  7,  8,  7, 14,  8, 11,  8, 14,  7, 11,  7, 14,  7,  9, 10,  0,  0,
         0,  0,  0,  0,  0,  0,  0]) and tensor([ 6,  7,  8,  9, 10,  0,  0,  0,  0,  0,  0,  0,  0,  0,  0,  0,  0,  0,
         0,  0,  0,  0,  0,  0,  0]), tensor([ 6,  7,  8, 11,  7, 14,  8, 11,  9,  0,  0,  0,  0,  0,  0,  0,  0,  0,
         0,  0,  0,  0,  0,  0,  0])
Tar: tensor([[ 6,  7,  8, 14,  7,  8, 11,  8, 14,  7, 11, 14,  7,  7,  9, 10,  0,  0,
          0,  0,  0,  0,  0,  0,  0],
        [ 6,  8,  7,  9, 10,  0,  0,  0,  0,  0,  0,  0,  0,  0,  0,  0,  0,  0,
          0,  0,  0,  0,  0,  0,  0],
        [ 6,  7,  8,  7, 14, 11,  8, 11,  9,  0,  0,  0,  0,  0,  0,  0,  0,  0,
          0,  0,  0,  0,  0,  0,  0]])
-----------------------------------------------------------------------------------------
| end of epoch   2 | time: 149.03s | valid acc 30.325%| Best Model from Epoch 1 with 30.233%
-----------------------------------------------------------------------------------------
-----------------------------------------------------------------------------------------
-----------------------------------------------------------------------------------------
| end of epoch   2 | time: 149.03s | valid loss 69.0000000 | valid acc 30.325%| 
-----------------------------------------------------------------------------------------
-----------------------------------------------------------------------------------------
| epoch   3 |    49/  369 batches | lr_step  1160 | lr  0.000058 |acc  14.414%| ms/batch 322.81 | loss 0.2822855 
| epoch   3 |    99/  369 batches | lr_step  1210 | lr  0.000061 |acc  15.094%| ms/batch 365.15 | loss 0.2739423 
| epoch   3 |   149/  369 batches | lr_step  1260 | lr  0.000064 |acc  15.422%| ms/batch 335.46 | loss 0.2759313 
| epoch   3 |   199/  369 batches | lr_step  1310 | lr  0.000066 |acc  15.680%| ms/batch 321.59 | loss 0.2701238 
| epoch   3 |   249/  369 batches | lr_step  1360 | lr  0.000069 |acc  17.203%| ms/batch 321.83 | loss 0.2623306 
| epoch   3 |   299/  369 batches | lr_step  1410 | lr  0.000071 |acc  17.242%| ms/batch 323.01 | loss 0.2649644 
| epoch   3 |   349/  369 batches | lr_step  1460 | lr  0.000074 |acc  17.734%| ms/batch 309.79 | loss 0.2563807 
Pred: tensor([ 6,  7,  8,  9, 10,  0,  0,  0,  0,  0,  0,  0,  0,  0,  0,  0,  0,  0,
         0,  0,  0,  0,  0,  0]) and tensor([6, 7, 8, 9, 0, 0, 0, 0, 0, 0, 0, 0, 0, 0, 0, 0, 0, 0, 0, 0, 0, 0, 0, 0]), tensor([ 6,  7,  8,  7, 11, 14, 12,  7,  7, 11, 14, 12, 14,  7,  9, 10,  0,  0,
         0,  0,  0,  0,  0,  0])
Tar: tensor([[ 6,  7,  8,  9, 10,  0,  0,  0,  0,  0,  0,  0,  0,  0,  0,  0,  0,  0,
          0,  0,  0,  0,  0,  0],
        [ 6,  7,  8,  9,  0,  0,  0,  0,  0,  0,  0,  0,  0,  0,  0,  0,  0,  0,
          0,  0,  0,  0,  0,  0],
        [ 6,  7,  8,  7, 11, 14, 12,  7,  7, 11, 14, 12, 14,  7, 10,  9,  0,  0,
          0,  0,  0,  0,  0,  0]])
-----------------------------------------------------------------------------------------
| end of epoch   3 | time: 145.31s | valid acc 30.509%| Best Model from Epoch 2 with 30.325%
-----------------------------------------------------------------------------------------
-----------------------------------------------------------------------------------------
-----------------------------------------------------------------------------------------
| end of epoch   3 | time: 145.31s | valid loss 69.0000000 | valid acc 30.509%| 
-----------------------------------------------------------------------------------------
-----------------------------------------------------------------------------------------
| epoch   4 |    49/  369 batches | lr_step  1530 | lr  0.000077 |acc  17.484%| ms/batch 365.25 | loss 0.2517367 
| epoch   4 |    99/  369 batches | lr_step  1580 | lr  0.000080 |acc  18.234%| ms/batch 301.34 | loss 0.2571215 
| epoch   4 |   149/  369 batches | lr_step  1630 | lr  0.000082 |acc  20.414%| ms/batch 333.91 | loss 0.2443540 
| epoch   4 |   199/  369 batches | lr_step  1680 | lr  0.000085 |acc  19.047%| ms/batch 307.26 | loss 0.2493972 
| epoch   4 |   249/  369 batches | lr_step  1730 | lr  0.000087 |acc  19.859%| ms/batch 323.89 | loss 0.2431979 
| epoch   4 |   299/  369 batches | lr_step  1780 | lr  0.000090 |acc  20.180%| ms/batch 342.83 | loss 0.2398740 
| epoch   4 |   349/  369 batches | lr_step  1830 | lr  0.000092 |acc  20.961%| ms/batch 316.76 | loss 0.2369740 
Pred: tensor([ 6,  7, 11,  8, 11,  8,  9, 10,  0,  0,  0,  0,  0,  0,  0,  0,  0,  0,
         0,  0,  0,  0,  0]) and tensor([6, 7, 8, 9, 0, 0, 0, 0, 0, 0, 0, 0, 0, 0, 0, 0, 0, 0, 0, 0, 0, 0, 0]), tensor([ 6,  7,  8,  7, 14, 11, 11, 14, 11,  7,  8, 12,  7, 12,  7, 11,  7,  8,
        14, 11,  7,  9,  0])
Tar: tensor([[ 6, 11,  8,  7,  8, 11,  9, 10,  0,  0,  0,  0,  0,  0,  0,  0,  0,  0,
          0,  0,  0,  0,  0],
        [ 6,  8,  7,  9,  0,  0,  0,  0,  0,  0,  0,  0,  0,  0,  0,  0,  0,  0,
          0,  0,  0,  0,  0],
        [ 6,  7,  8, 14,  7, 11, 11, 14, 11,  7, 12,  8,  7, 12,  7, 11, 14,  7,
          8, 11,  7,  9,  0]])
-----------------------------------------------------------------------------------------
| end of epoch   4 | time: 145.62s | valid acc 30.368%| Best Model from Epoch 3 with 30.509%
-----------------------------------------------------------------------------------------
| epoch   5 |    49/  369 batches | lr_step  1900 | lr  0.000096 |acc  21.562%| ms/batch 343.63 | loss 0.2371315 
| epoch   5 |    99/  369 batches | lr_step  1950 | lr  0.000098 |acc  21.539%| ms/batch 316.30 | loss 0.2288884 
| epoch   5 |   149/  369 batches | lr_step  2000 | lr  0.000101 |acc  21.734%| ms/batch 309.75 | loss 0.2298788 
| epoch   5 |   199/  369 batches | lr_step  2050 | lr  0.000103 |acc  22.312%| ms/batch 543.32 | loss 0.2279328 
| epoch   5 |   249/  369 batches | lr_step  2100 | lr  0.000106 |acc  22.492%| ms/batch 1019.01 | loss 0.2251954 
| epoch   5 |   299/  369 batches | lr_step  2150 | lr  0.000108 |acc  22.531%| ms/batch 367.37 | loss 0.2214047 
| epoch   5 |   349/  369 batches | lr_step  2200 | lr  0.000111 |acc  23.219%| ms/batch 304.03 | loss 0.2190583 
Pred: tensor([ 6, 14,  7,  8,  9, 10,  0,  0,  0,  0,  0,  0,  0,  0,  0,  0,  0,  0,
         0]) and tensor([ 6, 14, 12,  7, 14, 11, 11,  9,  0,  0,  0,  0,  0,  0,  0,  0,  0,  0,
         0]), tensor([ 6,  7,  8,  9, 10,  0,  0,  0,  0,  0,  0,  0,  0,  0,  0,  0,  0,  0,
         0])
Tar: tensor([[ 6, 14,  7,  8,  9, 10,  0,  0,  0,  0,  0,  0,  0,  0,  0,  0,  0,  0,
          0],
        [ 6, 14, 12, 14,  7, 11, 11,  9,  0,  0,  0,  0,  0,  0,  0,  0,  0,  0,
          0],
        [ 6,  8,  7, 10,  9,  0,  0,  0,  0,  0,  0,  0,  0,  0,  0,  0,  0,  0,
          0]])
-----------------------------------------------------------------------------------------
| end of epoch   5 | time: 191.65s | valid acc 30.687%| Best Model from Epoch 3 with 30.509%
-----------------------------------------------------------------------------------------
-----------------------------------------------------------------------------------------
-----------------------------------------------------------------------------------------
| end of epoch   5 | time: 191.65s | valid loss 69.0000000 | valid acc 30.687%| 
-----------------------------------------------------------------------------------------
-----------------------------------------------------------------------------------------
| epoch   6 |    49/  369 batches | lr_step  2270 | lr  0.000114 |acc  23.727%| ms/batch 329.00 | loss 0.2152143 
| epoch   6 |    99/  369 batches | lr_step  2320 | lr  0.000117 |acc  24.016%| ms/batch 321.57 | loss 0.2165736 
| epoch   6 |   149/  369 batches | lr_step  2370 | lr  0.000119 |acc  24.508%| ms/batch 338.37 | loss 0.2084939 
| epoch   6 |   199/  369 batches | lr_step  2420 | lr  0.000122 |acc  24.953%| ms/batch 307.48 | loss 0.2118152 
| epoch   6 |   249/  369 batches | lr_step  2470 | lr  0.000125 |acc  25.195%| ms/batch 316.00 | loss 0.2054365 
| epoch   6 |   299/  369 batches | lr_step  2520 | lr  0.000127 |acc  25.547%| ms/batch 283.28 | loss 0.2011797 
| epoch   6 |   349/  369 batches | lr_step  2570 | lr  0.000130 |acc  26.727%| ms/batch 327.21 | loss 0.2009653 
Pred: tensor([ 6, 11, 14, 11,  9, 10,  0,  0,  0,  0,  0,  0,  0,  0,  0,  0,  0,  0,
         0,  0,  0,  0]) and tensor([ 6,  7,  8,  9, 10,  0,  0,  0,  0,  0,  0,  0,  0,  0,  0,  0,  0,  0,
         0,  0,  0,  0]), tensor([ 6,  7,  8, 11,  8,  9,  0,  0,  0,  0,  0,  0,  0,  0,  0,  0,  0,  0,
         0,  0,  0,  0])
Tar: tensor([[ 6, 11, 14, 11,  9, 10,  0,  0,  0,  0,  0,  0,  0,  0,  0,  0,  0,  0,
          0,  0,  0,  0],
        [ 6,  8,  7,  9, 10,  0,  0,  0,  0,  0,  0,  0,  0,  0,  0,  0,  0,  0,
          0,  0,  0,  0],
        [ 6,  7,  8, 11,  8,  9,  0,  0,  0,  0,  0,  0,  0,  0,  0,  0,  0,  0,
          0,  0,  0,  0]])
-----------------------------------------------------------------------------------------
| end of epoch   6 | time: 140.51s | valid acc 30.698%| Best Model from Epoch 5 with 30.687%
-----------------------------------------------------------------------------------------
-----------------------------------------------------------------------------------------
-----------------------------------------------------------------------------------------
| end of epoch   6 | time: 140.51s | valid loss 69.0000000 | valid acc 30.698%| 
-----------------------------------------------------------------------------------------
-----------------------------------------------------------------------------------------
| epoch   7 |    49/  369 batches | lr_step  2640 | lr  0.000133 |acc  27.141%| ms/batch 292.13 | loss 0.2008767 
| epoch   7 |    99/  369 batches | lr_step  2690 | lr  0.000136 |acc  27.094%| ms/batch 366.65 | loss 0.1954128 
| epoch   7 |   149/  369 batches | lr_step  2740 | lr  0.000138 |acc  26.672%| ms/batch 343.79 | loss 0.1975493 
| epoch   7 |   199/  369 batches | lr_step  2790 | lr  0.000141 |acc  27.516%| ms/batch 364.08 | loss 0.1924484 
| epoch   7 |   249/  369 batches | lr_step  2840 | lr  0.000143 |acc  28.898%| ms/batch 341.77 | loss 0.1874912 
| epoch   7 |   299/  369 batches | lr_step  2890 | lr  0.000146 |acc  29.734%| ms/batch 363.00 | loss 0.1833561 
| epoch   7 |   349/  369 batches | lr_step  2940 | lr  0.000148 |acc  30.039%| ms/batch 312.38 | loss 0.1860912 
Pred: tensor([ 6, 11,  7, 12,  8, 12, 12,  9,  0,  0,  0,  0,  0,  0,  0,  0,  0,  0,
         0,  0,  0,  0,  0,  0]) and tensor([ 6,  7, 11,  9, 10,  0,  0,  0,  0,  0,  0,  0,  0,  0,  0,  0,  0,  0,
         0,  0,  0,  0,  0,  0]), tensor([ 6,  7,  8,  9, 10,  0,  0,  0,  0,  0,  0,  0,  0,  0,  0,  0,  0,  0,
         0,  0,  0,  0,  0,  0])
Tar: tensor([[ 6, 11,  7, 12,  8, 12, 12,  9,  0,  0,  0,  0,  0,  0,  0,  0,  0,  0,
          0,  0,  0,  0,  0,  0],
        [ 6, 11,  7,  9, 10,  0,  0,  0,  0,  0,  0,  0,  0,  0,  0,  0,  0,  0,
          0,  0,  0,  0,  0,  0],
        [ 6,  7,  8, 10,  9,  0,  0,  0,  0,  0,  0,  0,  0,  0,  0,  0,  0,  0,
          0,  0,  0,  0,  0,  0]])
-----------------------------------------------------------------------------------------
| end of epoch   7 | time: 147.47s | valid acc 30.730%| Best Model from Epoch 6 with 30.698%
-----------------------------------------------------------------------------------------
-----------------------------------------------------------------------------------------
-----------------------------------------------------------------------------------------
| end of epoch   7 | time: 147.47s | valid loss 69.0000000 | valid acc 30.730%| 
-----------------------------------------------------------------------------------------
-----------------------------------------------------------------------------------------
| epoch   8 |    49/  369 batches | lr_step  3010 | lr  0.000152 |acc  30.469%| ms/batch 332.25 | loss 0.1801783 
| epoch   8 |    99/  369 batches | lr_step  3060 | lr  0.000154 |acc  30.531%| ms/batch 340.18 | loss 0.1815941 
| epoch   8 |   149/  369 batches | lr_step  3110 | lr  0.000157 |acc  32.047%| ms/batch 345.50 | loss 0.1753460 
| epoch   8 |   199/  369 batches | lr_step  3160 | lr  0.000159 |acc  32.320%| ms/batch 296.15 | loss 0.1724625 
| epoch   8 |   249/  369 batches | lr_step  3210 | lr  0.000162 |acc  32.031%| ms/batch 337.68 | loss 0.1743985 
| epoch   8 |   299/  369 batches | lr_step  3260 | lr  0.000164 |acc  33.156%| ms/batch 318.82 | loss 0.1754941 
| epoch   8 |   349/  369 batches | lr_step  3310 | lr  0.000167 |acc  33.281%| ms/batch 311.73 | loss 0.1697155 
Pred: tensor([ 6, 12, 14,  7,  8, 12,  8,  7, 14,  7,  9, 10,  0,  0,  0,  0,  0,  0,
         0,  0,  0,  0,  0,  0,  0]) and tensor([ 6,  7, 11,  8, 11, 11,  8,  9,  0,  0,  0,  0,  0,  0,  0,  0,  0,  0,
         0,  0,  0,  0,  0,  0,  0]), tensor([ 6,  7,  8, 10, 13,  0,  0,  0,  0,  0,  0,  0,  0,  0,  0,  0,  0,  0,
         0,  0,  0,  0,  0,  0,  0])
Tar: tensor([[ 6, 12, 14,  7,  8,  7,  8, 14, 12,  7,  9, 10,  0,  0,  0,  0,  0,  0,
          0,  0,  0,  0,  0,  0,  0],
        [ 6,  7, 11,  8, 11,  8, 11,  9,  0,  0,  0,  0,  0,  0,  0,  0,  0,  0,
          0,  0,  0,  0,  0,  0,  0],
        [ 6,  8,  7, 10, 13,  0,  0,  0,  0,  0,  0,  0,  0,  0,  0,  0,  0,  0,
          0,  0,  0,  0,  0,  0,  0]])
-----------------------------------------------------------------------------------------
| end of epoch   8 | time: 142.69s | valid acc 30.217%| Best Model from Epoch 7 with 30.730%
-----------------------------------------------------------------------------------------
| epoch   9 |    49/  369 batches | lr_step  3380 | lr  0.000170 |acc  34.602%| ms/batch 362.04 | loss 0.1676726 
| epoch   9 |    99/  369 batches | lr_step  3430 | lr  0.000173 |acc  34.688%| ms/batch 388.66 | loss 0.1654598 
| epoch   9 |   149/  369 batches | lr_step  3480 | lr  0.000175 |acc  35.812%| ms/batch 360.30 | loss 0.1629579 
| epoch   9 |   199/  369 batches | lr_step  3530 | lr  0.000178 |acc  35.070%| ms/batch 393.71 | loss 0.1633758 
| epoch   9 |   249/  369 batches | lr_step  3580 | lr  0.000180 |acc  35.508%| ms/batch 296.03 | loss 0.1623892 
| epoch   9 |   299/  369 batches | lr_step  3630 | lr  0.000183 |acc  36.172%| ms/batch 274.36 | loss 0.1604541 
| epoch   9 |   349/  369 batches | lr_step  3680 | lr  0.000186 |acc  37.531%| ms/batch 352.61 | loss 0.1585287 
Pred: tensor([ 6, 11,  8,  7,  7, 14, 11, 11, 11,  7, 14, 11,  7, 12, 14, 10,  9,  0,
         0,  0,  0,  0,  0,  0]) and tensor([ 6,  7,  8, 11,  9,  0,  0,  0,  0,  0,  0,  0,  0,  0,  0,  0,  0,  0,
         0,  0,  0,  0,  0,  0]), tensor([ 6,  7,  8,  9, 10,  0,  0,  0,  0,  0,  0,  0,  0,  0,  0,  0,  0,  0,
         0,  0,  0,  0,  0,  0])
Tar: tensor([[ 6,  8, 11,  7, 14,  7, 11, 11, 11,  7, 14, 11, 14,  7, 12,  9, 10,  0,
          0,  0,  0,  0,  0,  0],
        [ 6,  8,  7, 11,  9,  0,  0,  0,  0,  0,  0,  0,  0,  0,  0,  0,  0,  0,
          0,  0,  0,  0,  0,  0],
        [ 6,  7,  8,  9, 10,  0,  0,  0,  0,  0,  0,  0,  0,  0,  0,  0,  0,  0,
          0,  0,  0,  0,  0,  0]])
-----------------------------------------------------------------------------------------
| end of epoch   9 | time: 148.80s | valid acc 30.563%| Best Model from Epoch 7 with 30.730%
-----------------------------------------------------------------------------------------
| epoch  10 |    49/  369 batches | lr_step  3750 | lr  0.000189 |acc  37.789%| ms/batch 359.63 | loss 0.1558961 
| epoch  10 |    99/  369 batches | lr_step  3800 | lr  0.000192 |acc  37.688%| ms/batch 349.29 | loss 0.1578244 
| epoch  10 |   149/  369 batches | lr_step  3850 | lr  0.000194 |acc  38.336%| ms/batch 356.93 | loss 0.1521526 
| epoch  10 |   199/  369 batches | lr_step  3900 | lr  0.000197 |acc  38.242%| ms/batch 463.01 | loss 0.1529597 
| epoch  10 |   249/  369 batches | lr_step  3950 | lr  0.000199 |acc  38.781%| ms/batch 874.23 | loss 0.1507974 
| epoch  10 |   299/  369 batches | lr_step  4000 | lr  0.000202 |acc  39.961%| ms/batch 340.33 | loss 0.1479621 
| epoch  10 |   349/  369 batches | lr_step  4050 | lr  0.000204 |acc  39.602%| ms/batch 257.62 | loss 0.1502064 
Pred: tensor([ 6, 14,  7,  8, 11,  7,  9,  0,  0,  0,  0,  0,  0,  0,  0,  0,  0,  0,
         0,  0,  0,  0,  0,  0]) and tensor([ 6, 11, 14,  7,  8, 11,  8,  7, 14,  7, 11,  7, 11, 14,  7,  8, 12, 12,
         8, 10,  9,  0,  0,  0]), tensor([6, 7, 8, 9, 0, 0, 0, 0, 0, 0, 0, 0, 0, 0, 0, 0, 0, 0, 0, 0, 0, 0, 0, 0])
Tar: tensor([[ 6, 14,  7,  8, 11,  7,  9,  0,  0,  0,  0,  0,  0,  0,  0,  0,  0,  0,
          0,  0,  0,  0,  0,  0],
        [ 6, 11, 14,  7,  8, 11,  8,  7, 14,  7, 11, 14,  7, 11,  7, 12,  8, 12,
          8,  9, 10,  0,  0,  0],
        [ 6,  7,  8,  9,  0,  0,  0,  0,  0,  0,  0,  0,  0,  0,  0,  0,  0,  0,
          0,  0,  0,  0,  0,  0]])
-----------------------------------------------------------------------------------------
| end of epoch  10 | time: 179.74s | valid acc 29.914%| Best Model from Epoch 7 with 30.730%
-----------------------------------------------------------------------------------------
| epoch  11 |    49/  369 batches | lr_step  4120 | lr  0.000208 |acc  39.656%| ms/batch 358.30 | loss 0.1482533 
| epoch  11 |    99/  369 batches | lr_step  4170 | lr  0.000210 |acc  40.852%| ms/batch 300.60 | loss 0.1444984 
| epoch  11 |   149/  369 batches | lr_step  4220 | lr  0.000213 |acc  41.242%| ms/batch 397.44 | loss 0.1436859 
| epoch  11 |   199/  369 batches | lr_step  4270 | lr  0.000215 |acc  42.031%| ms/batch 290.81 | loss 0.1413520 
| epoch  11 |   249/  369 batches | lr_step  4320 | lr  0.000218 |acc  40.422%| ms/batch 329.23 | loss 0.1434114 
| epoch  11 |   299/  369 batches | lr_step  4370 | lr  0.000220 |acc  42.570%| ms/batch 297.43 | loss 0.1417849 
| epoch  11 |   349/  369 batches | lr_step  4420 | lr  0.000223 |acc  42.945%| ms/batch 292.71 | loss 0.1384992 
Pred: tensor([ 6,  7,  7, 12, 11,  7,  7,  7,  9, 10,  0,  0,  0,  0,  0,  0,  0,  0,
         0,  0,  0,  0,  0,  0,  0]) and tensor([ 6, 11, 14, 11,  8,  7, 11, 14,  9,  0,  0,  0,  0,  0,  0,  0,  0,  0,
         0,  0,  0,  0,  0,  0,  0]), tensor([ 6,  7,  8, 12, 14,  7, 12,  7,  7, 11, 14, 12, 14,  7,  7, 11, 14,  7,
        12,  9,  0,  0,  0,  0,  0])
Tar: tensor([[ 6,  7, 12,  7, 11,  7,  7,  7,  9, 10,  0,  0,  0,  0,  0,  0,  0,  0,
          0,  0,  0,  0,  0,  0,  0],
        [ 6, 14, 11, 11,  7,  8, 14, 11,  9,  0,  0,  0,  0,  0,  0,  0,  0,  0,
          0,  0,  0,  0,  0,  0,  0],
        [ 6,  7,  8, 12, 12,  7, 14,  7, 14,  7, 11, 14, 12,  7, 11,  7, 14,  7,
         12,  9,  0,  0,  0,  0,  0]])
-----------------------------------------------------------------------------------------
| end of epoch  11 | time: 141.39s | valid acc 30.195%| Best Model from Epoch 7 with 30.730%
-----------------------------------------------------------------------------------------
| epoch  12 |    49/  369 batches | lr_step  4490 | lr  0.000226 |acc  43.000%| ms/batch 314.25 | loss 0.1396996 
| epoch  12 |    99/  369 batches | lr_step  4540 | lr  0.000229 |acc  41.938%| ms/batch 317.50 | loss 0.1399980 
| epoch  12 |   149/  369 batches | lr_step  4590 | lr  0.000231 |acc  42.875%| ms/batch 328.97 | loss 0.1366810 
| epoch  12 |   199/  369 batches | lr_step  4640 | lr  0.000234 |acc  44.070%| ms/batch 341.62 | loss 0.1323747 
| epoch  12 |   249/  369 batches | lr_step  4690 | lr  0.000236 |acc  43.664%| ms/batch 324.73 | loss 0.1355084 
| epoch  12 |   299/  369 batches | lr_step  4740 | lr  0.000239 |acc  44.211%| ms/batch 322.89 | loss 0.1353217 
| epoch  12 |   349/  369 batches | lr_step  4790 | lr  0.000241 |acc  43.641%| ms/batch 322.39 | loss 0.1367249 
Pred: tensor([ 6, 11, 14, 11,  7, 14,  7,  7, 11,  8, 11,  9,  0,  0,  0,  0,  0,  0,
         0,  0,  0,  0,  0,  0,  0]) and tensor([ 6,  7,  8,  9, 10,  0,  0,  0,  0,  0,  0,  0,  0,  0,  0,  0,  0,  0,
         0,  0,  0,  0,  0,  0,  0]), tensor([ 6,  7,  8,  9, 10,  0,  0,  0,  0,  0,  0,  0,  0,  0,  0,  0,  0,  0,
         0,  0,  0,  0,  0,  0,  0])
Tar: tensor([[ 6, 14, 11, 11,  7, 14,  7,  7, 11,  8, 11,  9,  0,  0,  0,  0,  0,  0,
          0,  0,  0,  0,  0,  0,  0],
        [ 6,  7,  8, 10,  9,  0,  0,  0,  0,  0,  0,  0,  0,  0,  0,  0,  0,  0,
          0,  0,  0,  0,  0,  0,  0],
        [ 6,  7,  8,  9, 10,  0,  0,  0,  0,  0,  0,  0,  0,  0,  0,  0,  0,  0,
          0,  0,  0,  0,  0,  0,  0]])
-----------------------------------------------------------------------------------------
| end of epoch  12 | time: 145.68s | valid acc 30.260%| Best Model from Epoch 7 with 30.730%
-----------------------------------------------------------------------------------------
| epoch  13 |    49/  369 batches | lr_step  4860 | lr  0.000245 |acc  44.469%| ms/batch 360.01 | loss 0.1326740 
| epoch  13 |    99/  369 batches | lr_step  4910 | lr  0.000248 |acc  45.500%| ms/batch 308.45 | loss 0.1303679 
| epoch  13 |   149/  369 batches | lr_step  4960 | lr  0.000250 |acc  44.672%| ms/batch 394.18 | loss 0.1303036 
| epoch  13 |   199/  369 batches | lr_step  5010 | lr  0.000253 |acc  44.742%| ms/batch 311.83 | loss 0.1322633 
| epoch  13 |   249/  369 batches | lr_step  5060 | lr  0.000255 |acc  45.453%| ms/batch 412.28 | loss 0.1289049 
| epoch  13 |   299/  369 batches | lr_step  5110 | lr  0.000258 |acc  46.289%| ms/batch 348.75 | loss 0.1310085 
| epoch  13 |   349/  369 batches | lr_step  5160 | lr  0.000260 |acc  45.062%| ms/batch 337.63 | loss 0.1309423 
Pred: tensor([ 6,  7,  8,  9, 10,  0,  0,  0,  0,  0,  0,  0,  0,  0,  0,  0,  0,  0,
         0,  0,  0,  0,  0,  0,  0]) and tensor([ 6, 12, 14,  7, 14,  7, 11, 14, 12, 12, 14,  7, 12, 14,  7,  8, 11,  9,
         0,  0,  0,  0,  0,  0,  0]), tensor([ 6,  7,  9, 10,  0,  0,  0,  0,  0,  0,  0,  0,  0,  0,  0,  0,  0,  0,
         0,  0,  0,  0,  0,  0,  0])
Tar: tensor([[ 6,  8,  7,  9, 10,  0,  0,  0,  0,  0,  0,  0,  0,  0,  0,  0,  0,  0,
          0,  0,  0,  0,  0,  0,  0],
        [ 6, 12, 14,  7, 11, 14,  7, 14, 12, 12, 14,  7, 12, 14,  7, 11,  8,  9,
          0,  0,  0,  0,  0,  0,  0],
        [ 6,  7,  9, 10,  0,  0,  0,  0,  0,  0,  0,  0,  0,  0,  0,  0,  0,  0,
          0,  0,  0,  0,  0,  0,  0]])
-----------------------------------------------------------------------------------------
| end of epoch  13 | time: 153.64s | valid acc 30.168%| Best Model from Epoch 7 with 30.730%
-----------------------------------------------------------------------------------------
| epoch  14 |    49/  369 batches | lr_step  5230 | lr  0.000264 |acc  46.359%| ms/batch 348.46 | loss 0.1285308 
| epoch  14 |    99/  369 batches | lr_step  5280 | lr  0.000266 |acc  46.867%| ms/batch 339.82 | loss 0.1239583 
| epoch  14 |   149/  369 batches | lr_step  5330 | lr  0.000269 |acc  45.547%| ms/batch 324.74 | loss 0.1294438 
| epoch  14 |   199/  369 batches | lr_step  5380 | lr  0.000271 |acc  45.805%| ms/batch 358.41 | loss 0.1265534 
| epoch  14 |   249/  369 batches | lr_step  5430 | lr  0.000274 |acc  46.484%| ms/batch 350.54 | loss 0.1263263 
| epoch  14 |   299/  369 batches | lr_step  5480 | lr  0.000276 |acc  47.352%| ms/batch 325.67 | loss 0.1252056 
| epoch  14 |   349/  369 batches | lr_step  5530 | lr  0.000279 |acc  46.750%| ms/batch 311.43 | loss 0.1240295 
Pred: tensor([ 6,  7,  9, 10,  0,  0,  0,  0,  0,  0,  0,  0,  0,  0,  0,  0,  0,  0,
         0,  0,  0,  0,  0,  0,  0]) and tensor([ 6,  7,  9, 10,  0,  0,  0,  0,  0,  0,  0,  0,  0,  0,  0,  0,  0,  0,
         0,  0,  0,  0,  0,  0,  0]), tensor([ 6,  7,  8, 11,  8,  7, 14,  7,  9,  0,  0,  0,  0,  0,  0,  0,  0,  0,
         0,  0,  0,  0,  0,  0,  0])
Tar: tensor([[ 6,  7, 10,  9,  0,  0,  0,  0,  0,  0,  0,  0,  0,  0,  0,  0,  0,  0,
          0,  0,  0,  0,  0,  0,  0],
        [ 6,  7, 10,  9,  0,  0,  0,  0,  0,  0,  0,  0,  0,  0,  0,  0,  0,  0,
          0,  0,  0,  0,  0,  0,  0],
        [ 6,  8,  7, 14,  7,  8, 11,  7,  9,  0,  0,  0,  0,  0,  0,  0,  0,  0,
          0,  0,  0,  0,  0,  0,  0]])
-----------------------------------------------------------------------------------------
| end of epoch  14 | time: 156.66s | valid acc 30.217%| Best Model from Epoch 7 with 30.730%
-----------------------------------------------------------------------------------------
| epoch  15 |    49/  369 batches | lr_step  5600 | lr  0.000282 |acc  47.133%| ms/batch 792.04 | loss 0.1273130 
| epoch  15 |    99/  369 batches | lr_step  5650 | lr  0.000285 |acc  46.992%| ms/batch 373.54 | loss 0.1232151 
| epoch  15 |   149/  369 batches | lr_step  5700 | lr  0.000287 |acc  47.656%| ms/batch 340.94 | loss 0.1224021 
| epoch  15 |   199/  369 batches | lr_step  5750 | lr  0.000290 |acc  47.422%| ms/batch 318.72 | loss 0.1246485 
| epoch  15 |   249/  369 batches | lr_step  5800 | lr  0.000292 |acc  47.375%| ms/batch 317.40 | loss 0.1234811 
| epoch  15 |   299/  369 batches | lr_step  5850 | lr  0.000295 |acc  48.148%| ms/batch 338.75 | loss 0.1198592 
| epoch  15 |   349/  369 batches | lr_step  5900 | lr  0.000297 |acc  47.258%| ms/batch 344.06 | loss 0.1253861 
Pred: tensor([ 6,  7,  8, 11,  9,  0,  0,  0,  0,  0,  0,  0,  0,  0,  0,  0]) and tensor([ 6,  7,  9, 10,  0,  0,  0,  0,  0,  0,  0,  0,  0,  0,  0,  0]), tensor([ 6, 11,  7, 10, 13,  0,  0,  0,  0,  0,  0,  0,  0,  0,  0,  0])
Tar: tensor([[ 6,  7,  8, 11,  9,  0,  0,  0,  0,  0,  0,  0,  0,  0,  0,  0],
        [ 6,  7, 10,  9,  0,  0,  0,  0,  0,  0,  0,  0,  0,  0,  0,  0],
        [ 6, 11,  7, 10, 13,  0,  0,  0,  0,  0,  0,  0,  0,  0,  0,  0]])
-----------------------------------------------------------------------------------------
| end of epoch  15 | time: 170.29s | valid acc 30.184%| Best Model from Epoch 7 with 30.730%
-----------------------------------------------------------------------------------------
| epoch  16 |    49/  369 batches | lr_step  5970 | lr  0.000301 |acc  48.234%| ms/batch 343.06 | loss 0.1221791 
| epoch  16 |    99/  369 batches | lr_step  6020 | lr  0.000303 |acc  47.852%| ms/batch 372.37 | loss 0.1211802 
| epoch  16 |   149/  369 batches | lr_step  6070 | lr  0.000306 |acc  47.641%| ms/batch 334.43 | loss 0.1240844 
| epoch  16 |   199/  369 batches | lr_step  6120 | lr  0.000308 |acc  48.688%| ms/batch 358.89 | loss 0.1199721 
| epoch  16 |   249/  369 batches | lr_step  6170 | lr  0.000311 |acc  48.891%| ms/batch 317.97 | loss 0.1177073 
| epoch  16 |   299/  369 batches | lr_step  6220 | lr  0.000314 |acc  47.492%| ms/batch 352.84 | loss 0.1212548 
| epoch  16 |   349/  369 batches | lr_step  6270 | lr  0.000316 |acc  48.727%| ms/batch 323.87 | loss 0.1218819 
Pred: tensor([ 6,  7,  8,  9, 10,  0,  0,  0,  0,  0,  0,  0,  0,  0,  0,  0,  0,  0,
         0,  0,  0,  0,  0,  0,  0]) and tensor([ 6, 11, 11,  7,  8, 14, 11,  8, 14,  7,  7, 11,  7, 11, 14, 11,  8,  9,
        10,  0,  0,  0,  0,  0,  0]), tensor([ 6,  7,  8, 11,  7, 14,  7,  7, 14, 12,  9, 10,  0,  0,  0,  0,  0,  0,
         0,  0,  0,  0,  0,  0,  0])
Tar: tensor([[ 6,  8,  7, 10,  9,  0,  0,  0,  0,  0,  0,  0,  0,  0,  0,  0,  0,  0,
          0,  0,  0,  0,  0,  0,  0],
        [ 6, 11, 11,  8,  7,  8, 11, 14,  7, 14,  7, 11,  7, 11, 14, 11,  8,  9,
         10,  0,  0,  0,  0,  0,  0],
        [ 6,  7,  8,  7, 14, 11,  7, 12, 14,  7,  9, 10,  0,  0,  0,  0,  0,  0,
          0,  0,  0,  0,  0,  0,  0]])
-----------------------------------------------------------------------------------------
| end of epoch  16 | time: 148.02s | valid acc 30.319%| Best Model from Epoch 7 with 30.730%
-----------------------------------------------------------------------------------------
| epoch  17 |    49/  369 batches | lr_step  6340 | lr  0.000320 |acc  48.492%| ms/batch 342.45 | loss 0.1210699 
| epoch  17 |    99/  369 batches | lr_step  6390 | lr  0.000322 |acc  48.406%| ms/batch 389.02 | loss 0.1187750 
| epoch  17 |   149/  369 batches | lr_step  6440 | lr  0.000325 |acc  49.180%| ms/batch 315.27 | loss 0.1176862 
| epoch  17 |   199/  369 batches | lr_step  6490 | lr  0.000327 |acc  49.266%| ms/batch 331.09 | loss 0.1175726 
| epoch  17 |   249/  369 batches | lr_step  6540 | lr  0.000330 |acc  50.305%| ms/batch 302.50 | loss 0.1158761 
| epoch  17 |   299/  369 batches | lr_step  6590 | lr  0.000332 |acc  48.742%| ms/batch 318.81 | loss 0.1205117 
| epoch  17 |   349/  369 batches | lr_step  6640 | lr  0.000335 |acc  48.766%| ms/batch 323.01 | loss 0.1203629 
Pred: tensor([ 6,  7,  8, 12,  9, 10,  0,  0,  0,  0,  0,  0,  0,  0,  0,  0,  0,  0,
         0,  0,  0,  0,  0,  0,  0]) and tensor([ 6,  7,  8, 11,  8,  7, 14,  7,  9, 10,  0,  0,  0,  0,  0,  0,  0,  0,
         0,  0,  0,  0,  0,  0,  0]), tensor([ 6,  8,  9, 10,  0,  0,  0,  0,  0,  0,  0,  0,  0,  0,  0,  0,  0,  0,
         0,  0,  0,  0,  0,  0,  0])
Tar: tensor([[ 6,  7,  8, 12,  9, 10,  0,  0,  0,  0,  0,  0,  0,  0,  0,  0,  0,  0,
          0,  0,  0,  0,  0,  0,  0],
        [ 6,  7,  8, 14,  7, 11,  8,  7, 10,  9,  0,  0,  0,  0,  0,  0,  0,  0,
          0,  0,  0,  0,  0,  0,  0],
        [ 6,  8, 10,  9,  0,  0,  0,  0,  0,  0,  0,  0,  0,  0,  0,  0,  0,  0,
          0,  0,  0,  0,  0,  0,  0]])
-----------------------------------------------------------------------------------------
| end of epoch  17 | time: 144.42s | valid acc 30.222%| Best Model from Epoch 7 with 30.730%
-----------------------------------------------------------------------------------------
| epoch  18 |    49/  369 batches | lr_step  6710 | lr  0.000338 |acc  49.805%| ms/batch 364.44 | loss 0.1175105 
| epoch  18 |    99/  369 batches | lr_step  6760 | lr  0.000341 |acc  49.227%| ms/batch 321.24 | loss 0.1186200 
| epoch  18 |   149/  369 batches | lr_step  6810 | lr  0.000343 |acc  49.289%| ms/batch 296.14 | loss 0.1183172 
| epoch  18 |   199/  369 batches | lr_step  6860 | lr  0.000346 |acc  49.625%| ms/batch 276.20 | loss 0.1165677 
| epoch  18 |   249/  369 batches | lr_step  6910 | lr  0.000348 |acc  49.062%| ms/batch 342.35 | loss 0.1176158 
| epoch  18 |   299/  369 batches | lr_step  6960 | lr  0.000351 |acc  50.125%| ms/batch 333.15 | loss 0.1142160 
| epoch  18 |   349/  369 batches | lr_step  7010 | lr  0.000353 |acc  50.016%| ms/batch 304.43 | loss 0.1159351 
Pred: tensor([ 6,  7,  9, 10,  0,  0,  0,  0,  0,  0,  0,  0,  0,  0,  0,  0,  0,  0,
         0,  0,  0]) and tensor([ 6,  7,  8,  9, 10,  0,  0,  0,  0,  0,  0,  0,  0,  0,  0,  0,  0,  0,
         0,  0,  0]), tensor([ 6,  7,  8, 12, 12, 12,  9,  0,  0,  0,  0,  0,  0,  0,  0,  0,  0,  0,
         0,  0,  0])
Tar: tensor([[ 6,  7, 10,  9,  0,  0,  0,  0,  0,  0,  0,  0,  0,  0,  0,  0,  0,  0,
          0,  0,  0],
        [ 6,  7,  8, 10,  9,  0,  0,  0,  0,  0,  0,  0,  0,  0,  0,  0,  0,  0,
          0,  0,  0],
        [ 6,  7,  8, 12, 12, 12,  9,  0,  0,  0,  0,  0,  0,  0,  0,  0,  0,  0,
          0,  0,  0]])
-----------------------------------------------------------------------------------------
| end of epoch  18 | time: 142.42s | valid acc 30.028%| Best Model from Epoch 7 with 30.730%
-----------------------------------------------------------------------------------------
| epoch  19 |    49/  369 batches | lr_step  7080 | lr  0.000357 |acc  49.367%| ms/batch 350.73 | loss 0.1160373 
| epoch  19 |    99/  369 batches | lr_step  7130 | lr  0.000359 |acc  50.195%| ms/batch 302.78 | loss 0.1142353 
| epoch  19 |   149/  369 batches | lr_step  7180 | lr  0.000362 |acc  51.094%| ms/batch 300.10 | loss 0.1153093 
| epoch  19 |   199/  369 batches | lr_step  7230 | lr  0.000364 |acc  50.203%| ms/batch 328.27 | loss 0.1139010 
| epoch  19 |   249/  369 batches | lr_step  7280 | lr  0.000367 |acc  49.688%| ms/batch 327.78 | loss 0.1161253 
| epoch  19 |   299/  369 batches | lr_step  7330 | lr  0.000369 |acc  51.055%| ms/batch 286.24 | loss 0.1186250 
| epoch  19 |   349/  369 batches | lr_step  7380 | lr  0.000372 |acc  50.883%| ms/batch 490.72 | loss 0.1136972 
Pred: tensor([ 6,  7, 11,  8, 11, 11, 11,  8, 11, 11, 11,  8,  9,  0,  0,  0,  0,  0,
         0,  0,  0]) and tensor([ 6,  7,  8, 14,  7, 12,  7,  7, 14, 12,  7, 14,  7, 10, 13,  9,  0,  0,
         0,  0,  0]), tensor([ 6, 11, 14,  7, 11,  9, 10,  0,  0,  0,  0,  0,  0,  0,  0,  0,  0,  0,
         0,  0,  0])
Tar: tensor([[ 6, 11,  7,  8, 11, 11, 11,  8, 11, 11, 11,  8,  9,  0,  0,  0,  0,  0,
          0,  0,  0],
        [ 6,  7,  8, 14,  7, 12,  7, 12, 14,  7,  7, 14,  7,  9, 10, 13,  0,  0,
          0,  0,  0],
        [ 6, 14, 11,  7, 11,  9, 10,  0,  0,  0,  0,  0,  0,  0,  0,  0,  0,  0,
          0,  0,  0]])
-----------------------------------------------------------------------------------------
| end of epoch  19 | time: 174.92s | valid acc 30.011%| Best Model from Epoch 7 with 30.730%
-----------------------------------------------------------------------------------------
| epoch  20 |    49/  369 batches | lr_step  7450 | lr  0.000376 |acc  49.570%| ms/batch 333.31 | loss 0.1160852 
| epoch  20 |    99/  369 batches | lr_step  7500 | lr  0.000378 |acc  51.180%| ms/batch 374.75 | loss 0.1107919 
| epoch  20 |   149/  369 batches | lr_step  7550 | lr  0.000381 |acc  50.648%| ms/batch 364.77 | loss 0.1144787 
| epoch  20 |   199/  369 batches | lr_step  7600 | lr  0.000383 |acc  50.508%| ms/batch 367.81 | loss 0.1114189 
| epoch  20 |   249/  369 batches | lr_step  7650 | lr  0.000386 |acc  50.664%| ms/batch 359.38 | loss 0.1126008 
| epoch  20 |   299/  369 batches | lr_step  7700 | lr  0.000388 |acc  50.969%| ms/batch 324.87 | loss 0.1131779 
| epoch  20 |   349/  369 batches | lr_step  7750 | lr  0.000391 |acc  51.117%| ms/batch 320.28 | loss 0.1137507 
Pred: tensor([ 6,  7,  8, 11, 11, 11,  9,  0,  0,  0,  0,  0,  0,  0,  0,  0,  0,  0,
         0,  0,  0,  0]) and tensor([ 6, 14, 11, 11,  8,  7,  7, 14, 11, 14, 11,  7, 11,  9, 10,  0,  0,  0,
         0,  0,  0,  0]), tensor([ 6, 12,  8,  9, 10,  0,  0,  0,  0,  0,  0,  0,  0,  0,  0,  0,  0,  0,
         0,  0,  0,  0])
Tar: tensor([[ 6,  8,  7, 11, 11, 11,  9,  0,  0,  0,  0,  0,  0,  0,  0,  0,  0,  0,
          0,  0,  0,  0],
        [ 6, 14, 11,  8, 11,  7,  7, 14, 11, 14, 11,  7, 11,  9, 10,  0,  0,  0,
          0,  0,  0,  0],
        [ 6, 12,  8, 10,  9,  0,  0,  0,  0,  0,  0,  0,  0,  0,  0,  0,  0,  0,
          0,  0,  0,  0]])
-----------------------------------------------------------------------------------------
| end of epoch  20 | time: 149.79s | valid acc 30.049%| Best Model from Epoch 7 with 30.730%
-----------------------------------------------------------------------------------------
| epoch  21 |    49/  369 batches | lr_step  7820 | lr  0.000394 |acc  51.242%| ms/batch 419.27 | loss 0.1145327 
| epoch  21 |    99/  369 batches | lr_step  7870 | lr  0.000397 |acc  50.203%| ms/batch 332.51 | loss 0.1134222 
| epoch  21 |   149/  369 batches | lr_step  7920 | lr  0.000399 |acc  51.312%| ms/batch 313.16 | loss 0.1096378 
| epoch  21 |   199/  369 batches | lr_step  7970 | lr  0.000402 |acc  50.867%| ms/batch 293.68 | loss 0.1119074 
| epoch  21 |   249/  369 batches | lr_step  8020 | lr  0.000403 |acc  51.711%| ms/batch 298.51 | loss 0.1131329 
| epoch  21 |   299/  369 batches | lr_step  8070 | lr  0.000401 |acc  51.539%| ms/batch 296.91 | loss 0.1108155 
| epoch  21 |   349/  369 batches | lr_step  8120 | lr  0.000400 |acc  50.633%| ms/batch 309.18 | loss 0.1144278 
Pred: tensor([ 6,  7,  8,  9, 10,  0,  0,  0,  0,  0,  0,  0,  0,  0,  0,  0,  0,  0,
         0,  0,  0]) and tensor([ 6,  7,  8,  9, 10,  0,  0,  0,  0,  0,  0,  0,  0,  0,  0,  0,  0,  0,
         0,  0,  0]), tensor([6, 7, 8, 9, 0, 0, 0, 0, 0, 0, 0, 0, 0, 0, 0, 0, 0, 0, 0, 0, 0])
Tar: tensor([[ 6,  8,  7, 10,  9,  0,  0,  0,  0,  0,  0,  0,  0,  0,  0,  0,  0,  0,
          0,  0,  0],
        [ 6,  7,  8, 10,  9,  0,  0,  0,  0,  0,  0,  0,  0,  0,  0,  0,  0,  0,
          0,  0,  0],
        [ 6,  8,  7,  9,  0,  0,  0,  0,  0,  0,  0,  0,  0,  0,  0,  0,  0,  0,
          0,  0,  0]])
-----------------------------------------------------------------------------------------
| end of epoch  21 | time: 141.35s | valid acc 29.941%| Best Model from Epoch 7 with 30.730%
-----------------------------------------------------------------------------------------
| epoch  22 |    49/  369 batches | lr_step  8190 | lr  0.000398 |acc  52.000%| ms/batch 311.09 | loss 0.1113876 
| epoch  22 |    99/  369 batches | lr_step  8240 | lr  0.000397 |acc  51.602%| ms/batch 281.39 | loss 0.1100485 
| epoch  22 |   149/  369 batches | lr_step  8290 | lr  0.000396 |acc  51.125%| ms/batch 309.64 | loss 0.1122401 
| epoch  22 |   199/  369 batches | lr_step  8340 | lr  0.000395 |acc  51.398%| ms/batch 349.27 | loss 0.1101372 
| epoch  22 |   249/  369 batches | lr_step  8390 | lr  0.000394 |acc  51.047%| ms/batch 285.36 | loss 0.1115387 
| epoch  22 |   299/  369 batches | lr_step  8440 | lr  0.000392 |acc  51.242%| ms/batch 293.92 | loss 0.1135848 
| epoch  22 |   349/  369 batches | lr_step  8490 | lr  0.000391 |acc  52.367%| ms/batch 363.81 | loss 0.1086614 
Pred: tensor([ 6, 11,  8,  9, 10,  0,  0,  0,  0,  0,  0,  0,  0,  0,  0,  0,  0,  0,
         0,  0,  0,  0,  0,  0,  0]) and tensor([ 6,  7,  8,  9, 10,  0,  0,  0,  0,  0,  0,  0,  0,  0,  0,  0,  0,  0,
         0,  0,  0,  0,  0,  0,  0]), tensor([ 6, 12,  8,  9,  0,  0,  0,  0,  0,  0,  0,  0,  0,  0,  0,  0,  0,  0,
         0,  0,  0,  0,  0,  0,  0])
Tar: tensor([[ 6, 11,  8, 10,  9,  0,  0,  0,  0,  0,  0,  0,  0,  0,  0,  0,  0,  0,
          0,  0,  0,  0,  0,  0,  0],
        [ 6,  8,  7,  9, 10,  0,  0,  0,  0,  0,  0,  0,  0,  0,  0,  0,  0,  0,
          0,  0,  0,  0,  0,  0,  0],
        [ 6,  8, 12,  9,  0,  0,  0,  0,  0,  0,  0,  0,  0,  0,  0,  0,  0,  0,
          0,  0,  0,  0,  0,  0,  0]])
-----------------------------------------------------------------------------------------
| end of epoch  22 | time: 141.50s | valid acc 30.055%| Best Model from Epoch 7 with 30.730%
-----------------------------------------------------------------------------------------
Pred: tensor([ 6, 11, 14,  7,  8,  9, 10,  0,  0,  0,  0,  0,  0,  0,  0,  0,  0,  0,
         0,  0,  0,  0,  0,  0]) and tensor([ 6,  7,  8,  9, 10,  0,  0,  0,  0,  0,  0,  0,  0,  0,  0,  0,  0,  0,
         0,  0,  0,  0,  0,  0]), tensor([ 6,  7,  9, 10,  0,  0,  0,  0,  0,  0,  0,  0,  0,  0,  0,  0,  0,  0,
         0,  0,  0,  0,  0,  0])
Tar: tensor([[ 6, 14, 11,  7,  8,  9, 10,  0,  0,  0,  0,  0,  0,  0,  0,  0,  0,  0,
          0,  0,  0,  0,  0,  0],
        [ 6,  7,  8, 10,  9,  0,  0,  0,  0,  0,  0,  0,  0,  0,  0,  0,  0,  0,
          0,  0,  0,  0,  0,  0],
        [ 6,  7,  9, 10,  0,  0,  0,  0,  0,  0,  0,  0,  0,  0,  0,  0,  0,  0,
          0,  0,  0,  0,  0,  0]])
=========================================================================================
| End of training | test loss 69.00 | test acc 30.94% | Best Model from Epoch 7
=========================================================================================
