
86
19914
19914
0 ['a12', 'b15', 'f17', 'i16', 'g18', 'd23', 'h21'] (['a12', 'b15', 'f17', 'i16', 'g18', 'd23', 'h21'], 0) ['a12', 'b15', 'f17', 'i16', 'g18', 'd23', 'h21']
1000 ['a0', 'b3', 'i4', 'f5', 'c9', 'e10'] (['a0', 'b3', 'e10', 'f5', 'c9', 'i4'], 0) ['a0', 'b3', 'i4', 'f5', 'c9', 'e10']
2000 ['b15', 'f17', 'i16', 'g18', 'b15', 'h21', 'd23'] (['i16', 'f17', 'b15', 'g18', 'b15', 'd23', 'h21'], 0) ['b15', 'f17', 'i16', 'g18', 'b15', 'h21', 'd23']
3000 ['a12', 'f17', 'i16', 'g18', 'b15', 'b15', 'd23', 'h21'] (['a12', 'f17', 'i16', 'g18', 'b15', 'b15', 'd23', 'h21'], 0) ['a12', 'f17', 'i16', 'g18', 'b15', 'b15', 'd23', 'h21']
4000 ['a0', 'b3', 'i4', 'f5', 'g6', 'c9', 'd11', 'i4', 'i4', 'a0'] (['a0', 'b3', 'i4', 'g6', 'f5', 'd11', 'c9', 'i4', 'i4', 'a0'], 0) ['a0', 'b3', 'i4', 'f5', 'g6', 'c9', 'd11', 'i4', 'i4', 'a0']
5000 ['a12', 'h21', 'i16', 'f17', 'g18', 'e22'] (['a12', 'f17', 'g18', 'i16', 'h21', 'e22'], 0.011627906976744186) ['a12', 'h21', 'i16', 'f17', 'g18', 'e22']
6000 ['a0', 'f5', 'g6', 'i4', 'b3', 'c9', 'd11'] (['a0', 'f5', 'g6', 'i4', 'b3', 'd11', 'c9'], 0.011627906976744186) ['a0', 'f5', 'g6', 'i4', 'b3', 'c9', 'd11']
7000 ['a12', 'b15', 'i16', 'f17', 'g18', 'd23'] (['b15', 'f17', 'i16', 'a12', 'g18', 'd23'], 0) ['a12', 'b15', 'i16', 'f17', 'g18', 'd23']
8000 ['a12', 'b15', 'g18', 'i16', 'b15', 'f17', 'h21', 'd23'] (['b15', 'a12', 'g18', 'b15', 'i16', 'f17', 'h21', 'd23'], 0) ['a12', 'b15', 'g18', 'i16', 'b15', 'f17', 'h21', 'd23']
9000 ['a0', 'b3', 'f5', 'd11', 'i4', 'g6', 'c9'] (['a0', 'b3', 'f5', 'i4', 'd11', 'g6', 'c9'], 0) ['a0', 'b3', 'f5', 'd11', 'i4', 'g6', 'c9']
10000 ['a12', 'i16', 'f17', 'b15', 'g18', 'd23', 'h21'] (['a12', 'i16', 'f17', 'g18', 'b15', 'd23', 'h21'], 0.011627906976744186) ['a12', 'i16', 'f17', 'b15', 'g18', 'd23', 'h21']
11000 ['b3', 'i4', 'f5', 'g6', 'a0', 'c9', 'b3'] (['b3', 'g6', 'f5', 'i4', 'a0', 'c9', 'b3'], 0) ['b3', 'i4', 'f5', 'g6', 'a0', 'c9', 'b3']
12000 ['a12', 'b15', 'i16', 'f17', 'g18', 'd23', 'i16', 'h21', 'a12', 'a12', 'a12'] (['a12', 'i16', 'h21', 'd23', 'b15', 'g18', 'i16', 'f17', 'a12', 'a12', 'a12'], 0) ['a12', 'b15', 'i16', 'f17', 'g18', 'd23', 'i16', 'h21', 'a12', 'a12', 'a12']
13000 ['b15', 'g18', 'f17', 'd23', 'h21'] (['b15', 'g18', 'f17', 'd23', 'h21'], 0) ['b15', 'g18', 'f17', 'd23', 'h21']
14000 ['a0', 'b3', 'i4', 'g6', 'f5', 'c9', 'e10'] (['a0', 'b3', 'i4', 'g6', 'f5', 'c9', 'e10'], 0.011627906976744186) ['a0', 'b3', 'i4', 'g6', 'f5', 'c9', 'e10']
15000 ['a0', 'b3', 'g6', 'i4', 'f5', 'c9', 'e10'] (['b3', 'g6', 'a0', 'e10', 'f5', 'i4', 'c9'], 0) ['a0', 'b3', 'g6', 'i4', 'f5', 'c9', 'e10']
16000 ['a0', 'f5', 'g6', 'b3', 'i4', 'c9', 'a0'] (['a0', 'f5', 'g6', 'b3', 'i4', 'c9', 'a0'], 0) ['a0', 'f5', 'g6', 'b3', 'i4', 'c9', 'a0']
17000 ['a0', 'b3', 'i4', 'f5', 'g6', 'c9', 'e10'] (['a0', 'b3', 'f5', 'i4', 'c9', 'g6', 'e10'], 0) ['a0', 'b3', 'i4', 'f5', 'g6', 'c9', 'e10']
18000 ['a12', 'f17', 'b15', 'i16', 'g18', 'h21', 'e22'] (['a12', 'b15', 'f17', 'i16', 'g18', 'h21', 'e22'], 0.011627906976744186) ['a12', 'f17', 'b15', 'i16', 'g18', 'h21', 'e22']
19000 ['a0', 'f5', 'g6', 'b3', 'i4', 'f5', 'c9', 'i4', 'd11', 'b3'] (['g6', 'b3', 'a0', 'f5', 'i4', 'f5', 'c9', 'd11', 'b3', 'i4'], 0) ['a0', 'f5', 'g6', 'b3', 'i4', 'f5', 'c9', 'i4', 'd11', 'b3']

Accuracy: 0.1255900371597871
Running experiment on N = 2

Accuracy: 0.28628100833584413



0
1000
2000
3000
4000
5000
6000
7000
8000
9000
10000
11000
12000
13000
14000
15000
16000
17000
18000
19000

Accuracy: 0.2208496535100934
