-----------------------------------------------------------------------------------------
Parameter Settings:
EIUES:                            0.25
Ratio uncertain traces:           0.2

Type:                             encoder_GREEDY
No. warmup steps:                 7199
LR factor                         0.39858 
Embedding dimension:              64
Dimension of feedforward network: 1024
Number of transformer layers:     1
Number of attentions heads:       8
Dropout:                          0.39858
Total number of epochs:           180
-----------------------------------------------------------------------------------------
| epoch  40 |    49/   65 batches | lr_step  50 | lr  0.000004 |acc  30.875%| ms/batch 13.61 | loss 0.3637101 
Pred: tensor([ 6,  7,  8,  9, 10,  0,  0]) and tensor([ 8,  6,  7,  9, 10,  0,  0]), tensor([11, 12, 13, 14, 15, 16, 17])
Tar: tensor([[ 6,  7,  8,  9, 10,  0,  0],
        [ 8,  6,  7,  9, 10,  0,  0],
        [11, 12, 13, 14, 15, 16, 17]])
-----------------------------------------------------------------------------------------
| end of epoch  40 | time:  2.03s | valid acc 78.023%| Best Model from Epoch 0 with  -inf%
-----------------------------------------------------------------------------------------
-----------------------------------------------------------------------------------------
-----------------------------------------------------------------------------------------
| end of epoch  40 | time:  2.03s | valid loss 69.0000000 | valid acc 78.023%| 
-----------------------------------------------------------------------------------------
-----------------------------------------------------------------------------------------
| epoch  41 |    49/   65 batches | lr_step  116 | lr  0.000009 |acc  29.406%| ms/batch 14.61 | loss 0.3699960 
Pred: tensor([ 8,  6,  7,  9, 10,  0,  0]) and tensor([ 6,  8,  7,  9, 10,  0,  0]), tensor([ 6,  8,  7,  9, 10,  0,  0])
Tar: tensor([[ 8,  6,  7,  9, 10,  0,  0],
        [ 6,  8,  7,  9, 10,  0,  0],
        [ 6,  8,  7,  9, 10,  0,  0]])
-----------------------------------------------------------------------------------------
| end of epoch  41 | time:  2.11s | valid acc 77.141%| Best Model from Epoch 40 with 78.023%
-----------------------------------------------------------------------------------------
| epoch  42 |    49/   65 batches | lr_step  182 | lr  0.000015 |acc  29.125%| ms/batch 14.26 | loss 0.3633519 
Pred: tensor([ 8,  6,  7,  9, 10,  0,  0]) and tensor([11, 12, 13, 14, 15, 16, 17]), tensor([11, 12, 13, 14, 15, 16, 17])
Tar: tensor([[ 8,  6,  7,  9, 10,  0,  0],
        [11, 12, 13, 14, 15, 16, 17],
        [11, 12, 13, 14, 15, 16, 17]])
-----------------------------------------------------------------------------------------
| end of epoch  42 | time:  2.12s | valid acc 77.239%| Best Model from Epoch 40 with 78.023%
-----------------------------------------------------------------------------------------
| epoch  43 |    49/   65 batches | lr_step  248 | lr  0.000020 |acc  30.469%| ms/batch 14.14 | loss 0.3648977 
Pred: tensor([ 8,  6,  7,  9, 10,  0,  0]) and tensor([11, 12, 13, 14, 15, 16, 17]), tensor([ 6,  8,  7,  9, 10,  0,  0])
Tar: tensor([[ 8,  6,  7,  9, 10,  0,  0],
        [12, 11, 13, 14, 15, 16, 17],
        [ 6,  8,  7,  9, 10,  0,  0]])
-----------------------------------------------------------------------------------------
| end of epoch  43 | time:  1.97s | valid acc 77.141%| Best Model from Epoch 40 with 78.023%
-----------------------------------------------------------------------------------------
| epoch  44 |    49/   65 batches | lr_step  314 | lr  0.000026 |acc  30.625%| ms/batch 15.08 | loss 0.3636190 
Pred: tensor([ 6,  7,  8,  9, 10,  0,  0]) and tensor([12, 11, 13, 14, 15, 16, 17]), tensor([12, 13, 11, 14, 15, 16, 17])
Tar: tensor([[ 6,  7,  8,  9, 10,  0,  0],
        [12, 11, 13, 14, 15, 16, 17],
        [12, 13, 11, 14, 15, 16, 17]])
-----------------------------------------------------------------------------------------
| end of epoch  44 | time:  2.16s | valid acc 77.141%| Best Model from Epoch 40 with 78.023%
-----------------------------------------------------------------------------------------
| epoch  45 |    49/   65 batches | lr_step  380 | lr  0.000031 |acc  30.344%| ms/batch 14.46 | loss 0.3659220 
Pred: tensor([ 8,  6,  7,  9, 10,  0,  0]) and tensor([12, 13, 11, 14, 15, 16, 17]), tensor([ 8,  6,  7,  9, 10,  0,  0])
Tar: tensor([[ 6,  7,  8,  9, 10,  0,  0],
        [12, 13, 11, 14, 15, 16, 17],
        [ 6,  8,  7,  9, 10,  0,  0]])
-----------------------------------------------------------------------------------------
| end of epoch  45 | time:  2.15s | valid acc 77.239%| Best Model from Epoch 40 with 78.023%
-----------------------------------------------------------------------------------------
| epoch  46 |    49/   65 batches | lr_step  446 | lr  0.000036 |acc  31.563%| ms/batch 14.86 | loss 0.3570015 
Pred: tensor([11, 12, 13, 14, 15, 16, 17]) and tensor([ 8,  6,  7,  9, 10,  0,  0]), tensor([ 8,  6,  7,  9, 10,  0,  0])
Tar: tensor([[11, 12, 13, 14, 15, 16, 17],
        [ 6,  8,  7,  9, 10,  0,  0],
        [ 8,  6,  7,  9, 10,  0,  0]])
-----------------------------------------------------------------------------------------
| end of epoch  46 | time:  2.18s | valid acc 77.239%| Best Model from Epoch 40 with 78.023%
-----------------------------------------------------------------------------------------
| epoch  47 |    49/   65 batches | lr_step  512 | lr  0.000042 |acc  32.000%| ms/batch 14.56 | loss 0.3590615 
Pred: tensor([11, 12, 13, 14, 15, 16, 17]) and tensor([11, 12, 13, 14, 15, 16, 17]), tensor([12, 11, 13, 14, 15, 17, 16])
Tar: tensor([[11, 12, 13, 14, 15, 16, 17],
        [12, 11, 13, 14, 15, 16, 17],
        [12, 11, 13, 14, 15, 16, 17]])
-----------------------------------------------------------------------------------------
| end of epoch  47 | time:  2.08s | valid acc 77.239%| Best Model from Epoch 40 with 78.023%
-----------------------------------------------------------------------------------------
| epoch  48 |    49/   65 batches | lr_step  578 | lr  0.000047 |acc  30.531%| ms/batch 14.73 | loss 0.3561838 
Pred: tensor([ 8,  6,  7,  9, 10,  0,  0]) and tensor([ 8,  6,  7,  9, 10,  0,  0]), tensor([11, 12, 13, 14, 15, 16, 17])
Tar: tensor([[ 8,  6,  7,  9, 10,  0,  0],
        [ 8,  6,  7,  9, 10,  0,  0],
        [11, 12, 13, 14, 15, 16, 17]])
-----------------------------------------------------------------------------------------
| end of epoch  48 | time:  2.11s | valid acc 77.239%| Best Model from Epoch 40 with 78.023%
-----------------------------------------------------------------------------------------
| epoch  49 |    49/   65 batches | lr_step  644 | lr  0.000053 |acc  30.344%| ms/batch 13.86 | loss 0.3556387 
Pred: tensor([ 8,  6,  7,  9, 10,  0,  0]) and tensor([12, 11, 13, 14, 15, 16, 17]), tensor([ 8,  6,  7,  9, 10,  0,  0])
Tar: tensor([[ 6,  8,  7,  9, 10,  0,  0],
        [12, 11, 13, 14, 15, 16, 17],
        [ 8,  6,  7,  9, 10,  0,  0]])
-----------------------------------------------------------------------------------------
| end of epoch  49 | time:  1.97s | valid acc 77.239%| Best Model from Epoch 40 with 78.023%
-----------------------------------------------------------------------------------------
| epoch  50 |    49/   65 batches | lr_step  710 | lr  0.000058 |acc  32.156%| ms/batch 14.22 | loss 0.3566583 
Pred: tensor([ 6,  8,  7, 10,  9,  0,  0]) and tensor([ 6,  8,  7,  9, 10,  0,  0]), tensor([ 6,  8,  7,  9, 10,  0,  0])
Tar: tensor([[ 6,  8,  7,  9, 10,  0,  0],
        [ 6,  7,  8,  9, 10,  0,  0],
        [ 6,  8,  7,  9, 10,  0,  0]])
-----------------------------------------------------------------------------------------
| end of epoch  50 | time:  1.99s | valid acc 77.239%| Best Model from Epoch 40 with 78.023%
-----------------------------------------------------------------------------------------
| epoch  51 |    49/   65 batches | lr_step  776 | lr  0.000063 |acc  33.469%| ms/batch 13.47 | loss 0.3473772 
Pred: tensor([11, 12, 13, 14, 15, 17, 16]) and tensor([ 8,  6,  7, 10,  9,  0,  0]), tensor([ 8,  6,  7,  9, 10,  0,  0])
Tar: tensor([[12, 13, 11, 14, 15, 16, 17],
        [ 8,  6,  7,  9, 10,  0,  0],
        [ 8,  6,  7,  9, 10,  0,  0]])
-----------------------------------------------------------------------------------------
| end of epoch  51 | time:  1.96s | valid acc 76.603%| Best Model from Epoch 40 with 78.023%
-----------------------------------------------------------------------------------------
| epoch  52 |    49/   65 batches | lr_step  842 | lr  0.000069 |acc  33.531%| ms/batch 13.35 | loss 0.3439693 
Pred: tensor([12, 11, 13, 14, 15, 16, 17]) and tensor([ 8,  6,  7,  9, 10,  0,  0]), tensor([11, 12, 13, 14, 15, 16, 17])
Tar: tensor([[12, 11, 13, 14, 15, 16, 17],
        [ 8,  6,  7,  9, 10,  0,  0],
        [11, 12, 13, 14, 15, 16, 17]])
-----------------------------------------------------------------------------------------
| end of epoch  52 | time:  2.01s | valid acc 77.239%| Best Model from Epoch 40 with 78.023%
-----------------------------------------------------------------------------------------
| epoch  53 |    49/   65 batches | lr_step  908 | lr  0.000074 |acc  32.938%| ms/batch 14.47 | loss 0.3421542 
Pred: tensor([11, 12, 13, 14, 15, 16, 17]) and tensor([ 8,  6,  7,  9, 10,  0,  0]), tensor([ 8,  6,  7,  9, 10,  0,  0])
Tar: tensor([[11, 12, 13, 14, 15, 16, 17],
        [ 8,  6,  7,  9, 10,  0,  0],
        [ 8,  6,  7,  9, 10,  0,  0]])
-----------------------------------------------------------------------------------------
| end of epoch  53 | time:  2.03s | valid acc 77.239%| Best Model from Epoch 40 with 78.023%
-----------------------------------------------------------------------------------------
| epoch  54 |    49/   65 batches | lr_step  974 | lr  0.000079 |acc  33.656%| ms/batch 14.39 | loss 0.3359800 
Pred: tensor([ 6,  8,  7,  9, 10,  0,  0]) and tensor([ 6,  7,  8, 10,  9,  0,  0]), tensor([ 8,  6,  7,  9, 10,  0,  0])
Tar: tensor([[ 6,  8,  7,  9, 10,  0,  0],
        [ 6,  8,  7,  9, 10,  0,  0],
        [ 6,  8,  7,  9, 10,  0,  0]])
-----------------------------------------------------------------------------------------
| end of epoch  54 | time:  2.05s | valid acc 76.456%| Best Model from Epoch 40 with 78.023%
-----------------------------------------------------------------------------------------
| epoch  55 |    49/   65 batches | lr_step  1040 | lr  0.000085 |acc  35.281%| ms/batch 13.98 | loss 0.3358966 
Pred: tensor([12, 13, 11, 14, 15, 16, 17]) and tensor([11, 12, 13, 14, 15, 16, 17]), tensor([11, 12, 13, 14, 15, 16, 17])
Tar: tensor([[12, 13, 11, 14, 15, 16, 17],
        [11, 12, 13, 14, 15, 16, 17],
        [11, 12, 13, 14, 15, 16, 17]])
-----------------------------------------------------------------------------------------
| end of epoch  55 | time:  1.95s | valid acc 77.631%| Best Model from Epoch 40 with 78.023%
-----------------------------------------------------------------------------------------
| epoch  56 |    49/   65 batches | lr_step  1106 | lr  0.000090 |acc  36.719%| ms/batch 13.79 | loss 0.3309150 
Pred: tensor([11, 12, 13, 14, 15, 17, 16]) and tensor([ 6,  8,  7,  9, 10,  0,  0]), tensor([11, 12, 13, 14, 15, 16, 17])
Tar: tensor([[11, 12, 13, 14, 15, 16, 17],
        [ 6,  7,  8,  9, 10,  0,  0],
        [12, 11, 13, 14, 15, 16, 17]])
-----------------------------------------------------------------------------------------
| end of epoch  56 | time:  2.02s | valid acc 77.484%| Best Model from Epoch 40 with 78.023%
-----------------------------------------------------------------------------------------
| epoch  57 |    49/   65 batches | lr_step  1172 | lr  0.000096 |acc  35.188%| ms/batch 13.93 | loss 0.3302643 
Pred: tensor([ 6,  7,  8,  9, 10,  0,  0]) and tensor([11, 12, 13, 14, 15, 16, 17]), tensor([ 8,  6,  7,  9, 10,  0,  0])
Tar: tensor([[ 6,  7,  8,  9, 10,  0,  0],
        [11, 12, 13, 14, 15, 16, 17],
        [ 8,  6,  7,  9, 10,  0,  0]])
-----------------------------------------------------------------------------------------
| end of epoch  57 | time:  1.99s | valid acc 78.023%| Best Model from Epoch 40 with 78.023%
-----------------------------------------------------------------------------------------
| epoch  58 |    49/   65 batches | lr_step  1238 | lr  0.000101 |acc  37.656%| ms/batch 14.83 | loss 0.3184475 
Pred: tensor([12, 13, 11, 14, 15, 16, 17]) and tensor([ 8,  6,  7,  9, 10,  0,  0]), tensor([11, 12, 13, 14, 15, 16, 17])
Tar: tensor([[12, 13, 11, 14, 15, 16, 17],
        [ 8,  6,  7,  9, 10,  0,  0],
        [11, 12, 13, 14, 15, 16, 17]])
-----------------------------------------------------------------------------------------
| end of epoch  58 | time:  2.12s | valid acc 77.484%| Best Model from Epoch 40 with 78.023%
-----------------------------------------------------------------------------------------
| epoch  59 |    49/   65 batches | lr_step  1304 | lr  0.000106 |acc  36.406%| ms/batch 14.81 | loss 0.3206373 
Pred: tensor([11, 12, 13, 14, 15, 16, 17]) and tensor([11, 12, 13, 14, 15, 16, 17]), tensor([11, 12, 13, 14, 15, 16, 17])
Tar: tensor([[11, 12, 13, 14, 15, 16, 17],
        [12, 11, 13, 14, 15, 16, 17],
        [11, 12, 13, 14, 15, 16, 17]])
-----------------------------------------------------------------------------------------
| end of epoch  59 | time:  2.07s | valid acc 72.589%| Best Model from Epoch 40 with 78.023%
-----------------------------------------------------------------------------------------
| epoch  60 |    49/   65 batches | lr_step  1370 | lr  0.000112 |acc  40.031%| ms/batch 14.03 | loss 0.3109311 
Pred: tensor([11, 12, 13, 14, 15, 16, 17]) and tensor([12, 11, 13, 14, 15, 16, 17]), tensor([11, 12, 13, 14, 15, 16, 17])
Tar: tensor([[11, 12, 13, 14, 15, 16, 17],
        [12, 11, 13, 14, 15, 16, 17],
        [12, 11, 13, 14, 15, 16, 17]])
-----------------------------------------------------------------------------------------
| end of epoch  60 | time:  2.05s | valid acc 74.254%| Best Model from Epoch 40 with 78.023%
-----------------------------------------------------------------------------------------
| epoch  61 |    49/   65 batches | lr_step  1436 | lr  0.000117 |acc  39.188%| ms/batch 14.28 | loss 0.3037609 
Pred: tensor([12, 11, 13, 14, 15, 16, 17]) and tensor([ 8,  6,  7,  9, 10,  0,  0]), tensor([ 6,  7,  8,  9, 10,  0,  0])
Tar: tensor([[12, 11, 13, 14, 15, 16, 17],
        [ 8,  6,  7,  9, 10,  0,  0],
        [ 6,  7,  8,  9, 10,  0,  0]])
-----------------------------------------------------------------------------------------
| end of epoch  61 | time:  2.07s | valid acc 76.848%| Best Model from Epoch 40 with 78.023%
-----------------------------------------------------------------------------------------
| epoch  62 |    49/   65 batches | lr_step  1502 | lr  0.000123 |acc  40.062%| ms/batch 14.78 | loss 0.3034461 
Pred: tensor([ 8,  6,  7,  9, 10,  0,  0]) and tensor([12, 11, 13, 14, 15, 16, 17]), tensor([11, 12, 13, 14, 15, 16, 17])
Tar: tensor([[ 8,  6,  7,  9, 10,  0,  0],
        [12, 11, 13, 14, 15, 16, 17],
        [11, 12, 13, 14, 15, 16, 17]])
-----------------------------------------------------------------------------------------
| end of epoch  62 | time:  2.04s | valid acc 77.044%| Best Model from Epoch 40 with 78.023%
-----------------------------------------------------------------------------------------
| epoch  63 |    49/   65 batches | lr_step  1568 | lr  0.000128 |acc  41.156%| ms/batch 13.94 | loss 0.2963465 
Pred: tensor([ 8,  6,  7,  9, 10,  0,  0]) and tensor([12, 13, 11, 14, 15, 16, 17]), tensor([11, 12, 13, 14, 15, 16, 17])
Tar: tensor([[ 8,  6,  7,  9, 10,  0,  0],
        [12, 13, 11, 14, 15, 16, 17],
        [11, 12, 13, 14, 15, 16, 17]])
-----------------------------------------------------------------------------------------
| end of epoch  63 | time:  2.02s | valid acc 76.750%| Best Model from Epoch 40 with 78.023%
-----------------------------------------------------------------------------------------
| epoch  64 |    49/   65 batches | lr_step  1634 | lr  0.000133 |acc  41.938%| ms/batch 13.88 | loss 0.2939376 
Pred: tensor([12, 13, 11, 14, 15, 16, 17]) and tensor([11, 12, 13, 14, 15, 16, 17]), tensor([ 8,  6,  7,  9, 10,  0,  0])
Tar: tensor([[12, 13, 11, 14, 15, 16, 17],
        [11, 12, 13, 14, 15, 16, 17],
        [ 8,  6,  7,  9, 10,  0,  0]])
-----------------------------------------------------------------------------------------
| end of epoch  64 | time:  2.13s | valid acc 74.254%| Best Model from Epoch 40 with 78.023%
-----------------------------------------------------------------------------------------
| epoch  65 |    49/   65 batches | lr_step  1700 | lr  0.000139 |acc  42.625%| ms/batch 13.79 | loss 0.2892864 
Pred: tensor([ 6,  8,  7,  9, 10,  0,  0]) and tensor([ 6,  7,  8,  9, 10,  0,  0]), tensor([ 8,  6,  7,  9, 10,  0,  0])
Tar: tensor([[ 6,  8,  7,  9, 10,  0,  0],
        [ 6,  7,  8,  9, 10,  0,  0],
        [ 8,  6,  7,  9, 10,  0,  0]])
-----------------------------------------------------------------------------------------
| end of epoch  65 | time:  2.07s | valid acc 78.023%| Best Model from Epoch 40 with 78.023%
-----------------------------------------------------------------------------------------
| epoch  66 |    49/   65 batches | lr_step  1766 | lr  0.000144 |acc  43.438%| ms/batch 14.17 | loss 0.2861941 
Pred: tensor([12, 13, 11, 14, 15, 16, 17]) and tensor([11, 12, 13, 14, 15, 16, 17]), tensor([ 8,  6,  7,  9, 10,  0,  0])
Tar: tensor([[12, 13, 11, 14, 15, 16, 17],
        [12, 11, 13, 14, 15, 16, 17],
        [ 8,  6,  7,  9, 10,  0,  0]])
-----------------------------------------------------------------------------------------
| end of epoch  66 | time:  2.08s | valid acc 76.554%| Best Model from Epoch 40 with 78.023%
-----------------------------------------------------------------------------------------
| epoch  67 |    49/   65 batches | lr_step  1832 | lr  0.000149 |acc  43.938%| ms/batch 13.66 | loss 0.2761581 
Pred: tensor([12, 11, 13, 14, 15, 16, 17]) and tensor([ 8,  6,  7,  9, 10,  0,  0]), tensor([12, 13, 11, 14, 15, 16, 17])
Tar: tensor([[12, 11, 13, 14, 15, 16, 17],
        [ 8,  6,  7,  9, 10,  0,  0],
        [12, 13, 11, 14, 15, 16, 17]])
-----------------------------------------------------------------------------------------
| end of epoch  67 | time:  2.02s | valid acc 77.729%| Best Model from Epoch 40 with 78.023%
-----------------------------------------------------------------------------------------
| epoch  68 |    49/   65 batches | lr_step  1898 | lr  0.000155 |acc  46.688%| ms/batch 13.81 | loss 0.2685405 
Pred: tensor([ 8,  6,  7,  9, 10,  0,  0]) and tensor([ 8,  6,  7,  9, 10,  0,  0]), tensor([12, 11, 13, 14, 15, 16, 17])
Tar: tensor([[ 6,  8,  7,  9, 10,  0,  0],
        [ 6,  8,  7,  9, 10,  0,  0],
        [12, 11, 13, 14, 15, 16, 17]])
-----------------------------------------------------------------------------------------
| end of epoch  68 | time:  2.04s | valid acc 78.023%| Best Model from Epoch 40 with 78.023%
-----------------------------------------------------------------------------------------
| epoch  69 |    49/   65 batches | lr_step  1964 | lr  0.000160 |acc  47.625%| ms/batch 14.03 | loss 0.2620583 
Pred: tensor([12, 11, 13, 14, 15, 16, 17]) and tensor([ 6,  7,  8,  9, 10,  0,  0]), tensor([11, 12, 13, 14, 15, 16, 17])
Tar: tensor([[12, 11, 13, 14, 15, 16, 17],
        [ 6,  7,  8,  9, 10,  0,  0],
        [11, 12, 13, 14, 15, 16, 17]])
-----------------------------------------------------------------------------------------
| end of epoch  69 | time:  2.17s | valid acc 72.540%| Best Model from Epoch 40 with 78.023%
-----------------------------------------------------------------------------------------
| epoch  70 |    49/   65 batches | lr_step  2030 | lr  0.000166 |acc  47.031%| ms/batch 14.23 | loss 0.2603686 
Pred: tensor([ 6,  7,  8,  9, 10,  0,  0]) and tensor([11, 12, 13, 14, 15, 16, 17]), tensor([ 6,  8,  7,  9, 10,  0,  0])
Tar: tensor([[ 6,  7,  8,  9, 10,  0,  0],
        [12, 13, 11, 14, 15, 16, 17],
        [ 8,  6,  7,  9, 10,  0,  0]])
-----------------------------------------------------------------------------------------
| end of epoch  70 | time:  2.03s | valid acc 72.540%| Best Model from Epoch 40 with 78.023%
-----------------------------------------------------------------------------------------
| epoch  71 |    49/   65 batches | lr_step  2096 | lr  0.000171 |acc  50.250%| ms/batch 14.47 | loss 0.2488791 
Pred: tensor([ 8,  6,  7,  9, 10,  0,  0]) and tensor([ 6,  8,  7,  9, 10,  0,  0]), tensor([11, 12, 13, 14, 15, 16, 17])
Tar: tensor([[ 8,  6,  7,  9, 10,  0,  0],
        [ 6,  7,  8,  9, 10,  0,  0],
        [11, 12, 13, 14, 15, 16, 17]])
-----------------------------------------------------------------------------------------
| end of epoch  71 | time:  2.06s | valid acc 72.540%| Best Model from Epoch 40 with 78.023%
-----------------------------------------------------------------------------------------
| epoch  72 |    49/   65 batches | lr_step  2162 | lr  0.000176 |acc  48.688%| ms/batch 13.97 | loss 0.2526135 
Pred: tensor([ 6,  7,  8,  9, 10,  0,  0]) and tensor([12, 13, 11, 14, 15, 16, 17]), tensor([12, 13, 11, 14, 15, 16, 17])
Tar: tensor([[ 6,  7,  8,  9, 10,  0,  0],
        [12, 13, 11, 14, 15, 16, 17],
        [12, 13, 11, 14, 15, 16, 17]])
-----------------------------------------------------------------------------------------
| end of epoch  72 | time:  2.03s | valid acc 72.100%| Best Model from Epoch 40 with 78.023%
-----------------------------------------------------------------------------------------
| epoch  73 |    49/   65 batches | lr_step  2228 | lr  0.000182 |acc  50.469%| ms/batch 13.75 | loss 0.2395163 
Pred: tensor([ 6,  8,  7,  9, 10,  0,  0]) and tensor([11, 12, 13, 14, 15, 16, 17]), tensor([11, 12, 13, 14, 15, 17, 16])
Tar: tensor([[ 8,  6,  7,  9, 10,  0,  0],
        [11, 12, 13, 14, 15, 16, 17],
        [11, 12, 13, 14, 15, 16, 17]])
-----------------------------------------------------------------------------------------
| end of epoch  73 | time:  2.04s | valid acc 72.100%| Best Model from Epoch 40 with 78.023%
-----------------------------------------------------------------------------------------
| epoch  74 |    49/   65 batches | lr_step  2294 | lr  0.000187 |acc  50.844%| ms/batch 13.81 | loss 0.2439880 
Pred: tensor([12, 13, 11, 14, 15, 16, 17]) and tensor([ 6,  8,  7,  9, 10,  0,  0]), tensor([ 6,  8,  7,  9, 10,  0,  0])
Tar: tensor([[12, 13, 11, 14, 15, 16, 17],
        [ 6,  7,  8,  9, 10,  0,  0],
        [ 8,  6,  7,  9, 10,  0,  0]])
-----------------------------------------------------------------------------------------
| end of epoch  74 | time:  1.99s | valid acc 72.442%| Best Model from Epoch 40 with 78.023%
-----------------------------------------------------------------------------------------
| epoch  75 |    49/   65 batches | lr_step  2360 | lr  0.000192 |acc  52.031%| ms/batch 14.45 | loss 0.2341930 
Pred: tensor([ 8,  6,  7,  9, 10,  0,  0]) and tensor([ 8,  6,  7,  9, 10,  0,  0]), tensor([ 8,  6,  7,  9, 10,  0,  0])
Tar: tensor([[ 8,  6,  7,  9, 10,  0,  0],
        [ 8,  6,  7,  9, 10,  0,  0],
        [ 8,  6,  7,  9, 10,  0,  0]])
-----------------------------------------------------------------------------------------
| end of epoch  75 | time:  2.08s | valid acc 73.177%| Best Model from Epoch 40 with 78.023%
-----------------------------------------------------------------------------------------
| epoch  76 |    49/   65 batches | lr_step  2426 | lr  0.000198 |acc  53.812%| ms/batch 13.51 | loss 0.2273464 
Pred: tensor([11, 12, 13, 14, 15, 16, 17]) and tensor([11, 12, 13, 14, 15, 16, 17]), tensor([12, 13, 11, 14, 15, 16, 17])
Tar: tensor([[11, 12, 13, 14, 15, 16, 17],
        [11, 12, 13, 14, 15, 16, 17],
        [12, 13, 11, 14, 15, 16, 17]])
-----------------------------------------------------------------------------------------
| end of epoch  76 | time:  2.04s | valid acc 71.023%| Best Model from Epoch 40 with 78.023%
-----------------------------------------------------------------------------------------
| epoch  77 |    49/   65 batches | lr_step  2492 | lr  0.000203 |acc  55.188%| ms/batch 13.79 | loss 0.2254445 
Pred: tensor([ 6,  8,  7,  9, 10,  0,  0]) and tensor([12, 13, 11, 14, 15, 16, 17]), tensor([ 6,  8,  7,  9, 10,  0,  0])
Tar: tensor([[ 8,  6,  7,  9, 10,  0,  0],
        [12, 13, 11, 14, 15, 16, 17],
        [ 6,  8,  7,  9, 10,  0,  0]])
-----------------------------------------------------------------------------------------
| end of epoch  77 | time:  2.03s | valid acc 72.296%| Best Model from Epoch 40 with 78.023%
-----------------------------------------------------------------------------------------
| epoch  78 |    49/   65 batches | lr_step  2558 | lr  0.000209 |acc  56.469%| ms/batch 14.09 | loss 0.2195963 
Pred: tensor([ 6,  8,  7,  9, 10,  0,  0]) and tensor([12, 11, 13, 14, 15, 16, 17]), tensor([ 6,  8,  7,  9, 10,  0,  0])
Tar: tensor([[ 6,  8,  7,  9, 10,  0,  0],
        [12, 11, 13, 14, 15, 16, 17],
        [ 8,  6,  7,  9, 10,  0,  0]])
-----------------------------------------------------------------------------------------
| end of epoch  78 | time:  2.03s | valid acc 68.086%| Best Model from Epoch 40 with 78.023%
-----------------------------------------------------------------------------------------
| epoch  79 |    49/   65 batches | lr_step  2624 | lr  0.000214 |acc  56.531%| ms/batch 13.88 | loss 0.2128934 
Pred: tensor([11, 12, 13, 14, 15, 16, 17]) and tensor([ 6,  7,  8,  9, 10,  0,  0]), tensor([ 8,  6,  7,  9, 10,  0,  0])
Tar: tensor([[11, 12, 13, 14, 15, 16, 17],
        [ 6,  7,  8,  9, 10,  0,  0],
        [ 8,  6,  7,  9, 10,  0,  0]])
-----------------------------------------------------------------------------------------
| end of epoch  79 | time:  2.01s | valid acc 72.442%| Best Model from Epoch 40 with 78.023%
-----------------------------------------------------------------------------------------
| epoch  80 |    49/   65 batches | lr_step  2690 | lr  0.000219 |acc  58.406%| ms/batch 13.64 | loss 0.2076447 
Pred: tensor([ 8,  6,  7,  9, 10,  0,  0]) and tensor([ 6,  7,  8, 10,  9,  0,  0]), tensor([12, 11, 13, 14, 15, 16, 17])
Tar: tensor([[ 8,  6,  7,  9, 10,  0,  0],
        [ 6,  8,  7,  9, 10,  0,  0],
        [12, 11, 13, 14, 15, 16, 17]])
-----------------------------------------------------------------------------------------
| end of epoch  80 | time:  2.02s | valid acc 72.100%| Best Model from Epoch 40 with 78.023%
-----------------------------------------------------------------------------------------
| epoch  81 |    49/   65 batches | lr_step  2756 | lr  0.000225 |acc  58.438%| ms/batch 14.03 | loss 0.2044107 
Pred: tensor([12, 13, 11, 14, 15, 17, 16]) and tensor([11, 12, 13, 14, 15, 16, 17]), tensor([12, 11, 13, 14, 15, 16, 17])
Tar: tensor([[12, 13, 11, 14, 15, 16, 17],
        [12, 11, 13, 14, 15, 16, 17],
        [12, 11, 13, 14, 15, 16, 17]])
-----------------------------------------------------------------------------------------
| end of epoch  81 | time:  2.01s | valid acc 72.100%| Best Model from Epoch 40 with 78.023%
-----------------------------------------------------------------------------------------
| epoch  82 |    49/   65 batches | lr_step  2822 | lr  0.000230 |acc  58.656%| ms/batch 14.29 | loss 0.2042817 
Pred: tensor([11, 12, 13, 14, 15, 16, 17]) and tensor([11, 12, 13, 14, 15, 16, 17]), tensor([12, 11, 13, 14, 15, 16, 17])
Tar: tensor([[11, 12, 13, 14, 15, 16, 17],
        [11, 12, 13, 14, 15, 16, 17],
        [11, 12, 13, 14, 15, 16, 17]])
-----------------------------------------------------------------------------------------
| end of epoch  82 | time:  2.02s | valid acc 68.037%| Best Model from Epoch 40 with 78.023%
-----------------------------------------------------------------------------------------
| epoch  83 |    49/   65 batches | lr_step  2888 | lr  0.000236 |acc  59.875%| ms/batch 13.80 | loss 0.1918411 
Pred: tensor([12, 11, 13, 14, 15, 16, 17]) and tensor([11, 12, 13, 14, 15, 16, 17]), tensor([11, 12, 13, 14, 15, 17, 16])
Tar: tensor([[12, 11, 13, 14, 15, 16, 17],
        [11, 12, 13, 14, 15, 16, 17],
        [11, 12, 13, 14, 15, 16, 17]])
-----------------------------------------------------------------------------------------
| end of epoch  83 | time:  1.97s | valid acc 73.177%| Best Model from Epoch 40 with 78.023%
-----------------------------------------------------------------------------------------
| epoch  84 |    49/   65 batches | lr_step  2954 | lr  0.000241 |acc  60.781%| ms/batch 13.39 | loss 0.1939193 
Pred: tensor([12, 13, 11, 14, 15, 16, 17]) and tensor([ 6,  7,  8,  9, 10,  0,  0]), tensor([ 8,  6,  7,  9, 10,  0,  0])
Tar: tensor([[12, 13, 11, 14, 15, 16, 17],
        [ 6,  7,  8,  9, 10,  0,  0],
        [ 8,  6,  7,  9, 10,  0,  0]])
-----------------------------------------------------------------------------------------
| end of epoch  84 | time:  2.00s | valid acc 72.883%| Best Model from Epoch 40 with 78.023%
-----------------------------------------------------------------------------------------
| epoch  85 |    49/   65 batches | lr_step  3020 | lr  0.000246 |acc  61.625%| ms/batch 13.64 | loss 0.1891265 
Pred: tensor([11, 12, 13, 14, 15, 16, 17]) and tensor([12, 11, 13, 14, 15, 17, 16]), tensor([ 6,  8,  7,  9, 10,  0,  0])
Tar: tensor([[11, 12, 13, 14, 15, 16, 17],
        [12, 11, 13, 14, 15, 16, 17],
        [ 6,  7,  8,  9, 10,  0,  0]])
-----------------------------------------------------------------------------------------
| end of epoch  85 | time:  2.04s | valid acc 72.002%| Best Model from Epoch 40 with 78.023%
-----------------------------------------------------------------------------------------
| epoch  86 |    49/   65 batches | lr_step  3086 | lr  0.000252 |acc  61.406%| ms/batch 13.36 | loss 0.1831383 
Pred: tensor([12, 11, 13, 14, 15, 16, 17]) and tensor([12, 11, 13, 14, 15, 16, 17]), tensor([ 6,  8,  7,  9, 10,  0,  0])
Tar: tensor([[12, 11, 13, 14, 15, 16, 17],
        [12, 11, 13, 14, 15, 16, 17],
        [ 6,  7,  8,  9, 10,  0,  0]])
-----------------------------------------------------------------------------------------
| end of epoch  86 | time:  2.09s | valid acc 68.184%| Best Model from Epoch 40 with 78.023%
-----------------------------------------------------------------------------------------
| epoch  87 |    49/   65 batches | lr_step  3152 | lr  0.000257 |acc  64.719%| ms/batch 14.15 | loss 0.1811650 
Pred: tensor([11, 12, 13, 14, 15, 16, 17]) and tensor([ 6,  8,  7,  9, 10,  0,  0]), tensor([ 8,  6,  7,  9, 10,  0,  0])
Tar: tensor([[12, 11, 13, 14, 15, 16, 17],
        [ 8,  6,  7,  9, 10,  0,  0],
        [ 8,  6,  7,  9, 10,  0,  0]])
-----------------------------------------------------------------------------------------
| end of epoch  87 | time:  1.97s | valid acc 73.177%| Best Model from Epoch 40 with 78.023%
-----------------------------------------------------------------------------------------
| epoch  88 |    49/   65 batches | lr_step  3218 | lr  0.000262 |acc  62.938%| ms/batch 14.77 | loss 0.1828052 
Pred: tensor([ 6,  7,  8,  9, 10,  0,  0]) and tensor([ 6,  7,  8, 10,  9,  0,  0]), tensor([12, 13, 11, 14, 15, 16, 17])
Tar: tensor([[ 6,  7,  8,  9, 10,  0,  0],
        [ 6,  8,  7,  9, 10,  0,  0],
        [12, 13, 11, 14, 15, 16, 17]])
-----------------------------------------------------------------------------------------
| end of epoch  88 | time:  2.07s | valid acc 67.450%| Best Model from Epoch 40 with 78.023%
-----------------------------------------------------------------------------------------
| epoch  89 |    49/   65 batches | lr_step  3284 | lr  0.000268 |acc  65.094%| ms/batch 13.75 | loss 0.1754435 
Pred: tensor([ 6,  8,  7,  9, 10,  0,  0]) and tensor([12, 13, 11, 14, 15, 16, 17]), tensor([ 8,  6,  7,  9, 10,  0,  0])
Tar: tensor([[ 6,  7,  8,  9, 10,  0,  0],
        [12, 13, 11, 14, 15, 16, 17],
        [ 8,  6,  7,  9, 10,  0,  0]])
-----------------------------------------------------------------------------------------
| end of epoch  89 | time:  2.02s | valid acc 73.177%| Best Model from Epoch 40 with 78.023%
-----------------------------------------------------------------------------------------
| epoch  90 |    49/   65 batches | lr_step  3350 | lr  0.000273 |acc  65.969%| ms/batch 13.36 | loss 0.1694723 
Pred: tensor([11, 12, 13, 14, 15, 16, 17]) and tensor([ 6,  8,  7,  9, 10,  0,  0]), tensor([11, 12, 13, 14, 15, 16, 17])
Tar: tensor([[12, 11, 13, 14, 15, 16, 17],
        [ 8,  6,  7,  9, 10,  0,  0],
        [11, 12, 13, 14, 15, 16, 17]])
-----------------------------------------------------------------------------------------
| end of epoch  90 | time:  1.95s | valid acc 71.708%| Best Model from Epoch 40 with 78.023%
-----------------------------------------------------------------------------------------
| epoch  91 |    49/   65 batches | lr_step  3416 | lr  0.000279 |acc  65.625%| ms/batch 13.82 | loss 0.1653660 
Pred: tensor([12, 13, 11, 14, 15, 16, 17]) and tensor([12, 11, 13, 14, 15, 16, 17]), tensor([12, 13, 11, 14, 15, 16, 17])
Tar: tensor([[12, 13, 11, 14, 15, 16, 17],
        [11, 12, 13, 14, 15, 16, 17],
        [12, 13, 11, 14, 15, 16, 17]])
-----------------------------------------------------------------------------------------
| end of epoch  91 | time:  2.02s | valid acc 68.869%| Best Model from Epoch 40 with 78.023%
-----------------------------------------------------------------------------------------
| epoch  92 |    49/   65 batches | lr_step  3482 | lr  0.000284 |acc  67.031%| ms/batch 14.69 | loss 0.1622942 
Pred: tensor([12, 11, 13, 14, 15, 16, 17]) and tensor([ 6,  8,  7,  9, 10,  0,  0]), tensor([ 8,  6,  7,  9, 10,  0,  0])
Tar: tensor([[12, 11, 13, 14, 15, 16, 17],
        [ 8,  6,  7,  9, 10,  0,  0],
        [ 8,  6,  7,  9, 10,  0,  0]])
-----------------------------------------------------------------------------------------
| end of epoch  92 | time:  2.03s | valid acc 73.177%| Best Model from Epoch 40 with 78.023%
-----------------------------------------------------------------------------------------
| epoch  93 |    49/   65 batches | lr_step  3548 | lr  0.000289 |acc  67.688%| ms/batch 13.47 | loss 0.1624963 
Pred: tensor([ 6,  8,  7,  9, 10,  0,  0]) and tensor([ 8,  6,  7,  9, 10,  0,  0]), tensor([12, 11, 13, 14, 15, 16, 17])
Tar: tensor([[ 6,  8,  7,  9, 10,  0,  0],
        [ 8,  6,  7,  9, 10,  0,  0],
        [12, 13, 11, 14, 15, 16, 17]])
-----------------------------------------------------------------------------------------
| end of epoch  93 | time:  2.01s | valid acc 68.918%| Best Model from Epoch 40 with 78.023%
-----------------------------------------------------------------------------------------
| epoch  94 |    49/   65 batches | lr_step  3614 | lr  0.000295 |acc  68.656%| ms/batch 13.41 | loss 0.1586592 
Pred: tensor([ 6,  7,  8, 10,  9,  0,  0]) and tensor([ 8,  6,  7,  9, 10,  0,  0]), tensor([11, 12, 13, 14, 15, 16, 17])
Tar: tensor([[ 6,  8,  7,  9, 10,  0,  0],
        [ 8,  6,  7,  9, 10,  0,  0],
        [11, 12, 13, 14, 15, 16, 17]])
-----------------------------------------------------------------------------------------
| end of epoch  94 | time:  1.98s | valid acc 71.512%| Best Model from Epoch 40 with 78.023%
-----------------------------------------------------------------------------------------
| epoch  95 |    49/   65 batches | lr_step  3680 | lr  0.000300 |acc  70.219%| ms/batch 13.62 | loss 0.1543799 
Pred: tensor([ 6,  8,  7,  9, 10,  0,  0]) and tensor([ 8,  6,  7,  9, 10,  0,  0]), tensor([12, 11, 13, 14, 15, 16, 17])
Tar: tensor([[ 6,  7,  8,  9, 10,  0,  0],
        [ 8,  6,  7,  9, 10,  0,  0],
        [12, 11, 13, 14, 15, 16, 17]])
-----------------------------------------------------------------------------------------
| end of epoch  95 | time:  2.00s | valid acc 68.918%| Best Model from Epoch 40 with 78.023%
-----------------------------------------------------------------------------------------
| epoch  96 |    49/   65 batches | lr_step  3746 | lr  0.000306 |acc  69.781%| ms/batch 13.30 | loss 0.1555929 
Pred: tensor([ 8,  6,  7,  9, 10,  0,  0]) and tensor([ 6,  8,  7,  9, 10,  0,  0]), tensor([ 6,  8,  7,  9, 10,  0,  0])
Tar: tensor([[ 8,  6,  7,  9, 10,  0,  0],
        [ 6,  8,  7,  9, 10,  0,  0],
        [ 6,  8,  7,  9, 10,  0,  0]])
-----------------------------------------------------------------------------------------
| end of epoch  96 | time:  1.97s | valid acc 68.869%| Best Model from Epoch 40 with 78.023%
-----------------------------------------------------------------------------------------
| epoch  97 |    49/   65 batches | lr_step  3812 | lr  0.000311 |acc  70.750%| ms/batch 14.33 | loss 0.1509953 
Pred: tensor([ 8,  6,  7,  9, 10,  0,  0]) and tensor([11, 12, 13, 14, 15, 16, 17]), tensor([12, 11, 13, 14, 15, 16, 17])
Tar: tensor([[ 8,  6,  7,  9, 10,  0,  0],
        [11, 12, 13, 14, 15, 16, 17],
        [12, 11, 13, 14, 15, 16, 17]])
-----------------------------------------------------------------------------------------
| end of epoch  97 | time:  2.05s | valid acc 72.736%| Best Model from Epoch 40 with 78.023%
-----------------------------------------------------------------------------------------
| epoch  98 |    49/   65 batches | lr_step  3878 | lr  0.000316 |acc  71.750%| ms/batch 13.58 | loss 0.1475848 
Pred: tensor([ 6,  8,  7,  9, 10,  0,  0]) and tensor([ 6,  8,  7,  9, 10,  0,  0]), tensor([11, 12, 13, 14, 15, 16, 17])
Tar: tensor([[ 6,  8,  7,  9, 10,  0,  0],
        [ 6,  7,  8,  9, 10,  0,  0],
        [11, 12, 13, 14, 15, 16, 17]])
-----------------------------------------------------------------------------------------
| end of epoch  98 | time:  1.92s | valid acc 76.065%| Best Model from Epoch 40 with 78.023%
-----------------------------------------------------------------------------------------
| epoch  99 |    49/   65 batches | lr_step  3944 | lr  0.000322 |acc  72.219%| ms/batch 13.57 | loss 0.1468290 
Pred: tensor([11, 12, 13, 14, 15, 16, 17]) and tensor([ 6,  7,  8,  9, 10,  0,  0]), tensor([ 8,  6,  7,  9, 10,  0,  0])
Tar: tensor([[11, 12, 13, 14, 15, 16, 17],
        [ 6,  8,  7,  9, 10,  0,  0],
        [ 8,  6,  7,  9, 10,  0,  0]])
-----------------------------------------------------------------------------------------
| end of epoch  99 | time:  2.00s | valid acc 75.869%| Best Model from Epoch 40 with 78.023%
-----------------------------------------------------------------------------------------
| epoch 100 |    49/   65 batches | lr_step  4010 | lr  0.000327 |acc  72.656%| ms/batch 13.29 | loss 0.1381394 
Pred: tensor([11, 12, 13, 14, 15, 16, 17]) and tensor([12, 11, 13, 14, 15, 16, 17]), tensor([ 8,  6,  7,  9, 10,  0,  0])
Tar: tensor([[11, 12, 13, 14, 15, 16, 17],
        [12, 11, 13, 14, 15, 16, 17],
        [ 8,  6,  7,  9, 10,  0,  0]])
-----------------------------------------------------------------------------------------
| end of epoch 100 | time:  1.96s | valid acc 73.813%| Best Model from Epoch 40 with 78.023%
-----------------------------------------------------------------------------------------
| epoch 101 |    49/   65 batches | lr_step  4076 | lr  0.000332 |acc  74.062%| ms/batch 14.50 | loss 0.1369764 
Pred: tensor([ 6,  7,  8,  9, 10,  0,  0]) and tensor([ 8,  6,  7,  9, 10,  0,  0]), tensor([12, 13, 11, 14, 15, 16, 17])
Tar: tensor([[ 6,  7,  8,  9, 10,  0,  0],
        [ 8,  6,  7,  9, 10,  0,  0],
        [12, 13, 11, 14, 15, 16, 17]])
-----------------------------------------------------------------------------------------
| end of epoch 101 | time:  2.05s | valid acc 75.869%| Best Model from Epoch 40 with 78.023%
-----------------------------------------------------------------------------------------
| epoch 102 |    49/   65 batches | lr_step  4142 | lr  0.000338 |acc  73.844%| ms/batch 13.72 | loss 0.1378387 
Pred: tensor([ 8,  6,  7,  9, 10,  0,  0]) and tensor([ 6,  8,  7,  9, 10,  0,  0]), tensor([ 8,  6,  7,  9, 10,  0,  0])
Tar: tensor([[ 8,  6,  7,  9, 10,  0,  0],
        [ 6,  8,  7,  9, 10,  0,  0],
        [ 8,  6,  7,  9, 10,  0,  0]])
-----------------------------------------------------------------------------------------
| end of epoch 102 | time:  1.96s | valid acc 72.834%| Best Model from Epoch 40 with 78.023%
-----------------------------------------------------------------------------------------
| epoch 103 |    49/   65 batches | lr_step  4208 | lr  0.000343 |acc  73.781%| ms/batch 13.44 | loss 0.1352245 
Pred: tensor([ 8,  6,  7,  9, 10,  0,  0]) and tensor([11, 12, 13, 14, 15, 16, 17]), tensor([12, 13, 11, 14, 15, 16, 17])
Tar: tensor([[ 8,  6,  7,  9, 10,  0,  0],
        [11, 12, 13, 14, 15, 16, 17],
        [12, 13, 11, 14, 15, 16, 17]])
-----------------------------------------------------------------------------------------
| end of epoch 103 | time:  1.96s | valid acc 72.736%| Best Model from Epoch 40 with 78.023%
-----------------------------------------------------------------------------------------
| epoch 104 |    49/   65 batches | lr_step  4274 | lr  0.000349 |acc  74.531%| ms/batch 13.81 | loss 0.1372577 
Pred: tensor([12, 13, 11, 14, 15, 16, 17]) and tensor([ 8,  6,  7,  9, 10,  0,  0]), tensor([12, 11, 13, 14, 15, 16, 17])
Tar: tensor([[12, 13, 11, 14, 15, 16, 17],
        [ 8,  6,  7,  9, 10,  0,  0],
        [12, 11, 13, 14, 15, 16, 17]])
-----------------------------------------------------------------------------------------
| end of epoch 104 | time:  1.98s | valid acc 75.869%| Best Model from Epoch 40 with 78.023%
-----------------------------------------------------------------------------------------
| epoch 105 |    49/   65 batches | lr_step  4340 | lr  0.000354 |acc  75.906%| ms/batch 13.61 | loss 0.1298364 
Pred: tensor([12, 11, 13, 14, 15, 16, 17]) and tensor([ 6,  7,  8,  9, 10,  0,  0]), tensor([12, 11, 13, 14, 15, 16, 17])
Tar: tensor([[12, 11, 13, 14, 15, 16, 17],
        [ 6,  7,  8,  9, 10,  0,  0],
        [12, 11, 13, 14, 15, 16, 17]])
-----------------------------------------------------------------------------------------
| end of epoch 105 | time:  2.08s | valid acc 75.869%| Best Model from Epoch 40 with 78.023%
-----------------------------------------------------------------------------------------
| epoch 106 |    49/   65 batches | lr_step  4406 | lr  0.000359 |acc  75.906%| ms/batch 13.72 | loss 0.1296577 
Pred: tensor([ 6,  8,  7,  9, 10,  0,  0]) and tensor([ 6,  8,  7,  9, 10,  0,  0]), tensor([ 6,  8,  7,  9, 10,  0,  0])
Tar: tensor([[ 8,  6,  7,  9, 10,  0,  0],
        [ 8,  6,  7,  9, 10,  0,  0],
        [ 6,  8,  7,  9, 10,  0,  0]])
-----------------------------------------------------------------------------------------
| end of epoch 106 | time:  1.95s | valid acc 76.456%| Best Model from Epoch 40 with 78.023%
-----------------------------------------------------------------------------------------
| epoch 107 |    49/   65 batches | lr_step  4472 | lr  0.000365 |acc  77.250%| ms/batch 13.57 | loss 0.1246672 
Pred: tensor([11, 12, 13, 14, 15, 16, 17]) and tensor([12, 11, 13, 14, 15, 16, 17]), tensor([ 8,  6,  7,  9, 10,  0,  0])
Tar: tensor([[11, 12, 13, 14, 15, 16, 17],
        [12, 11, 13, 14, 15, 16, 17],
        [ 8,  6,  7,  9, 10,  0,  0]])
-----------------------------------------------------------------------------------------
| end of epoch 107 | time:  1.95s | valid acc 75.869%| Best Model from Epoch 40 with 78.023%
-----------------------------------------------------------------------------------------
| epoch 108 |    49/   65 batches | lr_step  4538 | lr  0.000370 |acc  77.344%| ms/batch 13.66 | loss 0.1223834 
Pred: tensor([ 8,  6,  7,  9, 10,  0,  0]) and tensor([ 8,  6,  7,  9, 10,  0,  0]), tensor([12, 11, 13, 14, 15, 16, 17])
Tar: tensor([[ 8,  6,  7,  9, 10,  0,  0],
        [ 8,  6,  7,  9, 10,  0,  0],
        [12, 13, 11, 14, 15, 16, 17]])
-----------------------------------------------------------------------------------------
| end of epoch 108 | time:  1.91s | valid acc 75.869%| Best Model from Epoch 40 with 78.023%
-----------------------------------------------------------------------------------------
| epoch 109 |    49/   65 batches | lr_step  4604 | lr  0.000376 |acc  78.594%| ms/batch 13.33 | loss 0.1185951 
Pred: tensor([11, 12, 13, 14, 15, 16, 17]) and tensor([ 6,  7,  8,  9, 10,  0,  0]), tensor([11, 12, 13, 14, 15, 16, 17])
Tar: tensor([[11, 12, 13, 14, 15, 16, 17],
        [ 6,  7,  8,  9, 10,  0,  0],
        [12, 13, 11, 14, 15, 16, 17]])
-----------------------------------------------------------------------------------------
| end of epoch 109 | time:  1.93s | valid acc 76.456%| Best Model from Epoch 40 with 78.023%
-----------------------------------------------------------------------------------------
| epoch 110 |    49/   65 batches | lr_step  4670 | lr  0.000381 |acc  78.719%| ms/batch 14.16 | loss 0.1205225 
Pred: tensor([12, 13, 11, 14, 15, 16, 17]) and tensor([12, 11, 13, 14, 15, 16, 17]), tensor([11, 12, 13, 14, 15, 16, 17])
Tar: tensor([[12, 13, 11, 14, 15, 16, 17],
        [12, 13, 11, 14, 15, 16, 17],
        [11, 12, 13, 14, 15, 16, 17]])
-----------------------------------------------------------------------------------------
| end of epoch 110 | time:  2.00s | valid acc 76.456%| Best Model from Epoch 40 with 78.023%
-----------------------------------------------------------------------------------------
| epoch 111 |    49/   65 batches | lr_step  4736 | lr  0.000386 |acc  79.094%| ms/batch 13.67 | loss 0.1145436 
Pred: tensor([12, 13, 11, 14, 15, 16, 17]) and tensor([ 6,  7,  8,  9, 10,  0,  0]), tensor([12, 11, 13, 14, 15, 16, 17])
Tar: tensor([[12, 13, 11, 14, 15, 16, 17],
        [ 8,  6,  7,  9, 10,  0,  0],
        [12, 11, 13, 14, 15, 16, 17]])
-----------------------------------------------------------------------------------------
| end of epoch 111 | time:  2.03s | valid acc 74.596%| Best Model from Epoch 40 with 78.023%
-----------------------------------------------------------------------------------------
| epoch 112 |    49/   65 batches | lr_step  4802 | lr  0.000392 |acc  80.031%| ms/batch 13.57 | loss 0.1133328 
Pred: tensor([12, 13, 11, 14, 15, 16, 17]) and tensor([ 6,  7,  8,  9, 10,  0,  0]), tensor([12, 11, 13, 14, 15, 16, 17])
Tar: tensor([[12, 13, 11, 14, 15, 16, 17],
        [ 6,  8,  7,  9, 10,  0,  0],
        [12, 11, 13, 14, 15, 16, 17]])
-----------------------------------------------------------------------------------------
| end of epoch 112 | time:  2.00s | valid acc 75.869%| Best Model from Epoch 40 with 78.023%
-----------------------------------------------------------------------------------------
| epoch 113 |    49/   65 batches | lr_step  4868 | lr  0.000397 |acc  79.625%| ms/batch 13.38 | loss 0.1132409 
Pred: tensor([12, 11, 13, 14, 15, 16, 17]) and tensor([12, 11, 13, 14, 15, 16, 17]), tensor([11, 12, 13, 14, 15, 16, 17])
Tar: tensor([[12, 13, 11, 14, 15, 16, 17],
        [12, 11, 13, 14, 15, 16, 17],
        [11, 12, 13, 14, 15, 16, 17]])
-----------------------------------------------------------------------------------------
| end of epoch 113 | time:  1.97s | valid acc 76.456%| Best Model from Epoch 40 with 78.023%
-----------------------------------------------------------------------------------------
| epoch 114 |    49/   65 batches | lr_step  4934 | lr  0.000402 |acc  80.500%| ms/batch 14.35 | loss 0.1108829 
Pred: tensor([12, 11, 13, 14, 15, 16, 17]) and tensor([ 8,  6,  7,  9, 10,  0,  0]), tensor([ 8,  6,  7,  9, 10,  0,  0])
Tar: tensor([[12, 11, 13, 14, 15, 16, 17],
        [ 8,  6,  7,  9, 10,  0,  0],
        [ 8,  6,  7,  9, 10,  0,  0]])
-----------------------------------------------------------------------------------------
| end of epoch 114 | time:  1.97s | valid acc 76.456%| Best Model from Epoch 40 with 78.023%
-----------------------------------------------------------------------------------------
| epoch 115 |    49/   65 batches | lr_step  5000 | lr  0.000408 |acc  80.688%| ms/batch 13.23 | loss 0.1115081 
Pred: tensor([11, 12, 13, 14, 15, 16, 17]) and tensor([11, 12, 13, 14, 15, 16, 17]), tensor([ 6,  8,  7,  9, 10,  0,  0])
Tar: tensor([[11, 12, 13, 14, 15, 16, 17],
        [11, 12, 13, 14, 15, 16, 17],
        [ 6,  8,  7,  9, 10,  0,  0]])
-----------------------------------------------------------------------------------------
| end of epoch 115 | time:  1.92s | valid acc 76.456%| Best Model from Epoch 40 with 78.023%
-----------------------------------------------------------------------------------------
| epoch 116 |    49/   65 batches | lr_step  5066 | lr  0.000413 |acc  80.406%| ms/batch 13.92 | loss 0.1108454 
Pred: tensor([11, 12, 13, 14, 15, 16, 17]) and tensor([ 6,  8,  7,  9, 10,  0,  0]), tensor([ 6,  8,  7,  9, 10,  0,  0])
Tar: tensor([[11, 12, 13, 14, 15, 16, 17],
        [ 8,  6,  7,  9, 10,  0,  0],
        [ 6,  8,  7,  9, 10,  0,  0]])
-----------------------------------------------------------------------------------------
| end of epoch 116 | time:  2.10s | valid acc 75.869%| Best Model from Epoch 40 with 78.023%
-----------------------------------------------------------------------------------------
| epoch 117 |    49/   65 batches | lr_step  5132 | lr  0.000419 |acc  81.094%| ms/batch 13.45 | loss 0.1073840 
Pred: tensor([11, 12, 13, 14, 15, 16, 17]) and tensor([ 6,  7,  8,  9, 10,  0,  0]), tensor([11, 12, 13, 14, 15, 16, 17])
Tar: tensor([[11, 12, 13, 14, 15, 16, 17],
        [ 6,  7,  8,  9, 10,  0,  0],
        [11, 12, 13, 14, 15, 16, 17]])
-----------------------------------------------------------------------------------------
| end of epoch 117 | time:  1.97s | valid acc 75.869%| Best Model from Epoch 40 with 78.023%
-----------------------------------------------------------------------------------------
| epoch 118 |    49/   65 batches | lr_step  5198 | lr  0.000424 |acc  82.438%| ms/batch 15.20 | loss 0.1034181 
Pred: tensor([ 6,  7,  8,  9, 10,  0,  0]) and tensor([ 6,  7,  8,  9, 10,  0,  0]), tensor([11, 12, 13, 14, 15, 16, 17])
Tar: tensor([[ 6,  7,  8,  9, 10,  0,  0],
        [ 6,  7,  8,  9, 10,  0,  0],
        [11, 12, 13, 14, 15, 16, 17]])
-----------------------------------------------------------------------------------------
| end of epoch 118 | time:  2.05s | valid acc 75.771%| Best Model from Epoch 40 with 78.023%
-----------------------------------------------------------------------------------------
| epoch 119 |    49/   65 batches | lr_step  5264 | lr  0.000429 |acc  81.688%| ms/batch 13.65 | loss 0.1093473 
Pred: tensor([11, 12, 13, 14, 15, 16, 17]) and tensor([12, 13, 11, 14, 15, 16, 17]), tensor([ 6,  8,  7,  9, 10,  0,  0])
Tar: tensor([[11, 12, 13, 14, 15, 16, 17],
        [12, 13, 11, 14, 15, 16, 17],
        [ 6,  8,  7,  9, 10,  0,  0]])
-----------------------------------------------------------------------------------------
| end of epoch 119 | time:  1.98s | valid acc 75.869%| Best Model from Epoch 40 with 78.023%
-----------------------------------------------------------------------------------------
| epoch 120 |    49/   65 batches | lr_step  5330 | lr  0.000435 |acc  81.250%| ms/batch 13.38 | loss 0.1070507 
Pred: tensor([12, 13, 11, 14, 15, 16, 17]) and tensor([11, 12, 13, 14, 15, 16, 17]), tensor([12, 13, 11, 14, 15, 16, 17])
Tar: tensor([[12, 13, 11, 14, 15, 16, 17],
        [11, 12, 13, 14, 15, 16, 17],
        [12, 13, 11, 14, 15, 16, 17]])
-----------------------------------------------------------------------------------------
| end of epoch 120 | time:  1.91s | valid acc 75.869%| Best Model from Epoch 40 with 78.023%
-----------------------------------------------------------------------------------------
| epoch 121 |    49/   65 batches | lr_step  5396 | lr  0.000440 |acc  82.906%| ms/batch 13.11 | loss 0.1033849 
Pred: tensor([12, 11, 13, 14, 15, 16, 17]) and tensor([ 6,  8,  7,  9, 10,  0,  0]), tensor([ 8,  6,  7,  9, 10,  0,  0])
Tar: tensor([[12, 11, 13, 14, 15, 16, 17],
        [ 6,  8,  7,  9, 10,  0,  0],
        [ 8,  6,  7,  9, 10,  0,  0]])
-----------------------------------------------------------------------------------------
| end of epoch 121 | time:  1.94s | valid acc 75.771%| Best Model from Epoch 40 with 78.023%
-----------------------------------------------------------------------------------------
| epoch 122 |    49/   65 batches | lr_step  5462 | lr  0.000446 |acc  82.906%| ms/batch 14.08 | loss 0.1037552 
Pred: tensor([11, 12, 13, 14, 15, 16, 17]) and tensor([11, 12, 13, 14, 15, 16, 17]), tensor([11, 12, 13, 14, 15, 16, 17])
Tar: tensor([[11, 12, 13, 14, 15, 16, 17],
        [12, 11, 13, 14, 15, 16, 17],
        [11, 12, 13, 14, 15, 16, 17]])
-----------------------------------------------------------------------------------------
| end of epoch 122 | time:  2.08s | valid acc 76.456%| Best Model from Epoch 40 with 78.023%
-----------------------------------------------------------------------------------------
| epoch 123 |    49/   65 batches | lr_step  5528 | lr  0.000451 |acc  82.781%| ms/batch 13.49 | loss 0.1054712 
Pred: tensor([ 6,  8,  7,  9, 10,  0,  0]) and tensor([ 8,  6,  7,  9, 10,  0,  0]), tensor([12, 11, 13, 14, 15, 16, 17])
Tar: tensor([[ 6,  8,  7,  9, 10,  0,  0],
        [ 8,  6,  7,  9, 10,  0,  0],
        [12, 11, 13, 14, 15, 16, 17]])
-----------------------------------------------------------------------------------------
| end of epoch 123 | time:  1.95s | valid acc 76.456%| Best Model from Epoch 40 with 78.023%
-----------------------------------------------------------------------------------------
| epoch 124 |    49/   65 batches | lr_step  5594 | lr  0.000456 |acc  84.156%| ms/batch 13.39 | loss 0.1001868 
Pred: tensor([12, 11, 13, 14, 15, 16, 17]) and tensor([12, 11, 13, 14, 15, 16, 17]), tensor([ 6,  8,  7,  9, 10,  0,  0])
Tar: tensor([[12, 11, 13, 14, 15, 16, 17],
        [12, 11, 13, 14, 15, 16, 17],
        [ 8,  6,  7,  9, 10,  0,  0]])
-----------------------------------------------------------------------------------------
| end of epoch 124 | time:  1.96s | valid acc 75.869%| Best Model from Epoch 40 with 78.023%
-----------------------------------------------------------------------------------------
| epoch 125 |    49/   65 batches | lr_step  5660 | lr  0.000462 |acc  83.625%| ms/batch 13.39 | loss 0.1009437 
Pred: tensor([ 6,  8,  7,  9, 10,  0,  0]) and tensor([ 6,  7,  8,  9, 10,  0,  0]), tensor([ 6,  7,  8,  9, 10,  0,  0])
Tar: tensor([[ 6,  8,  7,  9, 10,  0,  0],
        [ 6,  7,  8,  9, 10,  0,  0],
        [ 6,  7,  8,  9, 10,  0,  0]])
-----------------------------------------------------------------------------------------
| end of epoch 125 | time:  1.99s | valid acc 76.456%| Best Model from Epoch 40 with 78.023%
-----------------------------------------------------------------------------------------
| epoch 126 |    49/   65 batches | lr_step  5726 | lr  0.000467 |acc  84.938%| ms/batch 13.45 | loss 0.0972290 
Pred: tensor([ 6,  7,  8,  9, 10,  0,  0]) and tensor([12, 13, 11, 14, 15, 16, 17]), tensor([11, 12, 13, 14, 15, 16, 17])
Tar: tensor([[ 6,  7,  8,  9, 10,  0,  0],
        [12, 13, 11, 14, 15, 16, 17],
        [11, 12, 13, 14, 15, 16, 17]])
-----------------------------------------------------------------------------------------
| end of epoch 126 | time:  1.98s | valid acc 74.939%| Best Model from Epoch 40 with 78.023%
-----------------------------------------------------------------------------------------
| epoch 127 |    49/   65 batches | lr_step  5792 | lr  0.000472 |acc  85.000%| ms/batch 13.78 | loss 0.0915568 
Pred: tensor([ 6,  7,  8,  9, 10,  0,  0]) and tensor([12, 11, 13, 14, 15, 16, 17]), tensor([11, 12, 13, 14, 15, 16, 17])
Tar: tensor([[ 6,  7,  8,  9, 10,  0,  0],
        [12, 11, 13, 14, 15, 16, 17],
        [11, 12, 13, 14, 15, 16, 17]])
-----------------------------------------------------------------------------------------
| end of epoch 127 | time:  2.01s | valid acc 75.869%| Best Model from Epoch 40 with 78.023%
-----------------------------------------------------------------------------------------
| epoch 128 |    49/   65 batches | lr_step  5858 | lr  0.000478 |acc  84.750%| ms/batch 14.74 | loss 0.0963385 
Pred: tensor([11, 12, 13, 14, 15, 16, 17]) and tensor([ 8,  6,  7,  9, 10,  0,  0]), tensor([ 6,  8,  7,  9, 10,  0,  0])
Tar: tensor([[11, 12, 13, 14, 15, 16, 17],
        [ 8,  6,  7,  9, 10,  0,  0],
        [ 6,  8,  7,  9, 10,  0,  0]])
-----------------------------------------------------------------------------------------
| end of epoch 128 | time:  2.08s | valid acc 75.869%| Best Model from Epoch 40 with 78.023%
-----------------------------------------------------------------------------------------
| epoch 129 |    49/   65 batches | lr_step  5924 | lr  0.000483 |acc  85.125%| ms/batch 13.54 | loss 0.0957670 
Pred: tensor([ 8,  6,  7,  9, 10,  0,  0]) and tensor([ 6,  8,  7,  9, 10,  0,  0]), tensor([11, 12, 13, 14, 15, 16, 17])
Tar: tensor([[ 8,  6,  7,  9, 10,  0,  0],
        [ 6,  8,  7,  9, 10,  0,  0],
        [11, 12, 13, 14, 15, 16, 17]])
-----------------------------------------------------------------------------------------
| end of epoch 129 | time:  1.98s | valid acc 75.869%| Best Model from Epoch 40 with 78.023%
-----------------------------------------------------------------------------------------
| epoch 130 |    49/   65 batches | lr_step  5990 | lr  0.000489 |acc  85.938%| ms/batch 14.42 | loss 0.0901145 
Pred: tensor([11, 12, 13, 14, 15, 16, 17]) and tensor([11, 12, 13, 14, 15, 16, 17]), tensor([11, 12, 13, 14, 15, 16, 17])
Tar: tensor([[11, 12, 13, 14, 15, 16, 17],
        [11, 12, 13, 14, 15, 16, 17],
        [11, 12, 13, 14, 15, 16, 17]])
-----------------------------------------------------------------------------------------
| end of epoch 130 | time:  2.03s | valid acc 75.869%| Best Model from Epoch 40 with 78.023%
-----------------------------------------------------------------------------------------
| epoch 131 |    49/   65 batches | lr_step  6056 | lr  0.000494 |acc  85.062%| ms/batch 13.87 | loss 0.0937726 
Pred: tensor([11, 12, 13, 14, 15, 16, 17]) and tensor([ 6,  7,  8,  9, 10,  0,  0]), tensor([12, 11, 13, 14, 15, 16, 17])
Tar: tensor([[11, 12, 13, 14, 15, 16, 17],
        [ 6,  7,  8,  9, 10,  0,  0],
        [12, 11, 13, 14, 15, 16, 17]])
-----------------------------------------------------------------------------------------
| end of epoch 131 | time:  2.02s | valid acc 74.890%| Best Model from Epoch 40 with 78.023%
-----------------------------------------------------------------------------------------
| epoch 132 |    49/   65 batches | lr_step  6122 | lr  0.000499 |acc  85.312%| ms/batch 13.55 | loss 0.0918705 
Pred: tensor([ 8,  6,  7,  9, 10,  0,  0]) and tensor([12, 11, 13, 14, 15, 16, 17]), tensor([ 8,  6,  7,  9, 10,  0,  0])
Tar: tensor([[ 8,  6,  7,  9, 10,  0,  0],
        [12, 13, 11, 14, 15, 16, 17],
        [ 8,  6,  7,  9, 10,  0,  0]])
-----------------------------------------------------------------------------------------
| end of epoch 132 | time:  1.96s | valid acc 76.456%| Best Model from Epoch 40 with 78.023%
-----------------------------------------------------------------------------------------
| epoch 133 |    49/   65 batches | lr_step  6188 | lr  0.000505 |acc  85.781%| ms/batch 13.42 | loss 0.0926131 
Pred: tensor([ 6,  7,  8,  9, 10,  0,  0]) and tensor([11, 12, 13, 14, 15, 16, 17]), tensor([11, 12, 13, 14, 15, 16, 17])
Tar: tensor([[ 6,  7,  8,  9, 10,  0,  0],
        [12, 11, 13, 14, 15, 16, 17],
        [11, 12, 13, 14, 15, 16, 17]])
-----------------------------------------------------------------------------------------
| end of epoch 133 | time:  1.99s | valid acc 74.890%| Best Model from Epoch 40 with 78.023%
-----------------------------------------------------------------------------------------
| epoch 134 |    49/   65 batches | lr_step  6254 | lr  0.000510 |acc  86.438%| ms/batch 15.27 | loss 0.0876384 
Pred: tensor([ 8,  6,  7,  9, 10,  0,  0]) and tensor([11, 12, 13, 14, 15, 16, 17]), tensor([ 8,  6,  7,  9, 10,  0,  0])
Tar: tensor([[ 8,  6,  7,  9, 10,  0,  0],
        [11, 12, 13, 14, 15, 16, 17],
        [ 8,  6,  7,  9, 10,  0,  0]])
-----------------------------------------------------------------------------------------
| end of epoch 134 | time:  2.06s | valid acc 76.456%| Best Model from Epoch 40 with 78.023%
-----------------------------------------------------------------------------------------
| epoch 135 |    49/   65 batches | lr_step  6320 | lr  0.000516 |acc  85.969%| ms/batch 14.13 | loss 0.0889867 
Pred: tensor([12, 11, 13, 14, 15, 16, 17]) and tensor([ 6,  8,  7,  9, 10,  0,  0]), tensor([11, 12, 13, 14, 15, 16, 17])
Tar: tensor([[12, 11, 13, 14, 15, 16, 17],
        [ 8,  6,  7,  9, 10,  0,  0],
        [11, 12, 13, 14, 15, 16, 17]])
-----------------------------------------------------------------------------------------
| end of epoch 135 | time:  2.02s | valid acc 75.869%| Best Model from Epoch 40 with 78.023%
-----------------------------------------------------------------------------------------
| epoch 136 |    49/   65 batches | lr_step  6386 | lr  0.000521 |acc  86.938%| ms/batch 13.36 | loss 0.0857428 
Pred: tensor([ 6,  8,  7,  9, 10,  0,  0]) and tensor([12, 11, 13, 14, 15, 16, 17]), tensor([ 6,  8,  7,  9, 10,  0,  0])
Tar: tensor([[ 6,  8,  7,  9, 10,  0,  0],
        [12, 11, 13, 14, 15, 16, 17],
        [ 6,  8,  7,  9, 10,  0,  0]])
-----------------------------------------------------------------------------------------
| end of epoch 136 | time:  1.96s | valid acc 75.869%| Best Model from Epoch 40 with 78.023%
-----------------------------------------------------------------------------------------
| epoch 137 |    49/   65 batches | lr_step  6452 | lr  0.000526 |acc  87.156%| ms/batch 13.52 | loss 0.0865477 
Pred: tensor([11, 12, 13, 14, 15, 16, 17]) and tensor([12, 11, 13, 14, 15, 16, 17]), tensor([11, 12, 13, 14, 15, 16, 17])
Tar: tensor([[11, 12, 13, 14, 15, 16, 17],
        [12, 11, 13, 14, 15, 16, 17],
        [11, 12, 13, 14, 15, 16, 17]])
-----------------------------------------------------------------------------------------
| end of epoch 137 | time:  2.03s | valid acc 75.869%| Best Model from Epoch 40 with 78.023%
-----------------------------------------------------------------------------------------
| epoch 138 |    49/   65 batches | lr_step  6518 | lr  0.000532 |acc  87.594%| ms/batch 13.31 | loss 0.0841433 
Pred: tensor([11, 12, 13, 14, 15, 16, 17]) and tensor([ 6,  7,  8,  9, 10,  0,  0]), tensor([11, 12, 13, 14, 15, 16, 17])
Tar: tensor([[11, 12, 13, 14, 15, 16, 17],
        [ 6,  7,  8,  9, 10,  0,  0],
        [11, 12, 13, 14, 15, 16, 17]])
-----------------------------------------------------------------------------------------
| end of epoch 138 | time:  1.98s | valid acc 75.869%| Best Model from Epoch 40 with 78.023%
-----------------------------------------------------------------------------------------
| epoch 139 |    49/   65 batches | lr_step  6584 | lr  0.000537 |acc  86.562%| ms/batch 13.32 | loss 0.0890491 
Pred: tensor([12, 13, 11, 14, 15, 16, 17]) and tensor([11, 12, 13, 14, 15, 16, 17]), tensor([12, 11, 13, 14, 15, 16, 17])
Tar: tensor([[12, 13, 11, 14, 15, 16, 17],
        [11, 12, 13, 14, 15, 16, 17],
        [12, 11, 13, 14, 15, 16, 17]])
-----------------------------------------------------------------------------------------
| end of epoch 139 | time:  2.06s | valid acc 75.869%| Best Model from Epoch 40 with 78.023%
-----------------------------------------------------------------------------------------
| epoch 140 |    49/   65 batches | lr_step  6650 | lr  0.000542 |acc  86.406%| ms/batch 13.67 | loss 0.0831652 
Pred: tensor([12, 11, 13, 14, 15, 16, 17]) and tensor([ 6,  7,  8,  9, 10,  0,  0]), tensor([ 6,  8,  7,  9, 10,  0,  0])
Tar: tensor([[12, 11, 13, 14, 15, 16, 17],
        [ 8,  6,  7,  9, 10,  0,  0],
        [ 8,  6,  7,  9, 10,  0,  0]])
-----------------------------------------------------------------------------------------
| end of epoch 140 | time:  1.95s | valid acc 75.869%| Best Model from Epoch 40 with 78.023%
-----------------------------------------------------------------------------------------
| epoch 141 |    49/   65 batches | lr_step  6716 | lr  0.000548 |acc  86.562%| ms/batch 13.34 | loss 0.0887971 
Pred: tensor([11, 12, 13, 14, 15, 16, 17]) and tensor([ 6,  7,  8,  9, 10,  0,  0]), tensor([11, 12, 13, 14, 15, 16, 17])
Tar: tensor([[11, 12, 13, 14, 15, 16, 17],
        [ 8,  6,  7,  9, 10,  0,  0],
        [11, 12, 13, 14, 15, 16, 17]])
-----------------------------------------------------------------------------------------
| end of epoch 141 | time:  1.96s | valid acc 75.869%| Best Model from Epoch 40 with 78.023%
-----------------------------------------------------------------------------------------
| epoch 142 |    49/   65 batches | lr_step  6782 | lr  0.000553 |acc  88.250%| ms/batch 13.43 | loss 0.0813587 
Pred: tensor([11, 12, 13, 14, 15, 16, 17]) and tensor([11, 12, 13, 14, 15, 16, 17]), tensor([ 6,  7,  8,  9, 10,  0,  0])
Tar: tensor([[11, 12, 13, 14, 15, 16, 17],
        [12, 11, 13, 14, 15, 16, 17],
        [ 8,  6,  7,  9, 10,  0,  0]])
-----------------------------------------------------------------------------------------
| end of epoch 142 | time:  2.01s | valid acc 75.869%| Best Model from Epoch 40 with 78.023%
-----------------------------------------------------------------------------------------
| epoch 143 |    49/   65 batches | lr_step  6848 | lr  0.000559 |acc  87.594%| ms/batch 13.44 | loss 0.0827631 
Pred: tensor([ 6,  7,  8,  9, 10,  0,  0]) and tensor([11, 12, 13, 14, 15, 16, 17]), tensor([11, 12, 13, 14, 15, 16, 17])
Tar: tensor([[ 6,  8,  7,  9, 10,  0,  0],
        [12, 13, 11, 14, 15, 16, 17],
        [11, 12, 13, 14, 15, 16, 17]])
-----------------------------------------------------------------------------------------
| end of epoch 143 | time:  1.98s | valid acc 74.890%| Best Model from Epoch 40 with 78.023%
-----------------------------------------------------------------------------------------
| epoch 144 |    49/   65 batches | lr_step  6914 | lr  0.000564 |acc  86.938%| ms/batch 13.40 | loss 0.0871583 
Pred: tensor([12, 13, 11, 14, 15, 16, 17]) and tensor([ 8,  6,  7,  9, 10,  0,  0]), tensor([ 6,  8,  7,  9, 10,  0,  0])
Tar: tensor([[12, 13, 11, 14, 15, 16, 17],
        [ 8,  6,  7,  9, 10,  0,  0],
        [ 6,  8,  7,  9, 10,  0,  0]])
-----------------------------------------------------------------------------------------
| end of epoch 144 | time:  1.95s | valid acc 75.869%| Best Model from Epoch 40 with 78.023%
-----------------------------------------------------------------------------------------
| epoch 145 |    49/   65 batches | lr_step  6980 | lr  0.000569 |acc  88.250%| ms/batch 14.53 | loss 0.0839533 
Pred: tensor([ 6,  7,  8,  9, 10,  0,  0]) and tensor([ 8,  6,  7,  9, 10,  0,  0]), tensor([ 6,  7,  8,  9, 10,  0,  0])
Tar: tensor([[ 6,  7,  8,  9, 10,  0,  0],
        [ 8,  6,  7,  9, 10,  0,  0],
        [ 8,  6,  7,  9, 10,  0,  0]])
-----------------------------------------------------------------------------------------
| end of epoch 145 | time:  2.03s | valid acc 75.869%| Best Model from Epoch 40 with 78.023%
-----------------------------------------------------------------------------------------
| epoch 146 |    49/   65 batches | lr_step  7046 | lr  0.000575 |acc  87.812%| ms/batch 13.74 | loss 0.0810825 
Pred: tensor([12, 13, 11, 14, 15, 16, 17]) and tensor([ 6,  8,  7,  9, 10,  0,  0]), tensor([11, 12, 13, 14, 15, 16, 17])
Tar: tensor([[12, 13, 11, 14, 15, 16, 17],
        [ 8,  6,  7,  9, 10,  0,  0],
        [11, 12, 13, 14, 15, 16, 17]])
-----------------------------------------------------------------------------------------
| end of epoch 146 | time:  1.99s | valid acc 75.869%| Best Model from Epoch 40 with 78.023%
-----------------------------------------------------------------------------------------
| epoch 147 |    49/   65 batches | lr_step  7112 | lr  0.000580 |acc  88.656%| ms/batch 13.18 | loss 0.0820491 
Pred: tensor([11, 12, 13, 14, 15, 16, 17]) and tensor([11, 12, 13, 14, 15, 16, 17]), tensor([11, 12, 13, 14, 15, 16, 17])
Tar: tensor([[11, 12, 13, 14, 15, 16, 17],
        [11, 12, 13, 14, 15, 16, 17],
        [11, 12, 13, 14, 15, 16, 17]])
-----------------------------------------------------------------------------------------
| end of epoch 147 | time:  1.94s | valid acc 75.869%| Best Model from Epoch 40 with 78.023%
-----------------------------------------------------------------------------------------
| epoch 148 |    49/   65 batches | lr_step  7178 | lr  0.000585 |acc  87.438%| ms/batch 14.09 | loss 0.0835876 
Pred: tensor([ 6,  7,  8,  9, 10,  0,  0]) and tensor([ 6,  8,  7,  9, 10,  0,  0]), tensor([ 8,  6,  7,  9, 10,  0,  0])
Tar: tensor([[ 8,  6,  7,  9, 10,  0,  0],
        [ 6,  8,  7,  9, 10,  0,  0],
        [ 8,  6,  7,  9, 10,  0,  0]])
-----------------------------------------------------------------------------------------
| end of epoch 148 | time:  2.02s | valid acc 75.869%| Best Model from Epoch 40 with 78.023%
-----------------------------------------------------------------------------------------
| epoch 149 |    49/   65 batches | lr_step  7244 | lr  0.000585 |acc  88.375%| ms/batch 13.20 | loss 0.0824542 
Pred: tensor([11, 12, 13, 14, 15, 16, 17]) and tensor([12, 13, 14, 15, 16, 17, 11]), tensor([ 6,  7,  8,  9, 10,  0,  0])
Tar: tensor([[11, 12, 13, 14, 15, 16, 17],
        [12, 13, 11, 14, 15, 16, 17],
        [ 8,  6,  7,  9, 10,  0,  0]])
-----------------------------------------------------------------------------------------
| end of epoch 149 | time:  1.93s | valid acc 74.890%| Best Model from Epoch 40 with 78.023%
-----------------------------------------------------------------------------------------
| epoch 150 |    49/   65 batches | lr_step  7310 | lr  0.000583 |acc  88.750%| ms/batch 13.09 | loss 0.0755821 
Pred: tensor([ 8,  6,  7,  9, 10,  0,  0]) and tensor([11, 12, 13, 14, 15, 16, 17]), tensor([12, 13, 11, 14, 15, 16, 17])
Tar: tensor([[ 8,  6,  7,  9, 10,  0,  0],
        [12, 11, 13, 14, 15, 16, 17],
        [12, 13, 11, 14, 15, 16, 17]])
-----------------------------------------------------------------------------------------
| end of epoch 150 | time:  2.07s | valid acc 75.869%| Best Model from Epoch 40 with 78.023%
-----------------------------------------------------------------------------------------
| epoch 151 |    49/   65 batches | lr_step  7376 | lr  0.000580 |acc  88.500%| ms/batch 13.92 | loss 0.0799958 
Pred: tensor([ 6,  7,  8,  9, 10,  0,  0]) and tensor([ 6,  8,  7,  9, 10,  0,  0]), tensor([11, 12, 13, 14, 15, 16, 17])
Tar: tensor([[ 6,  7,  8,  9, 10,  0,  0],
        [ 8,  6,  7,  9, 10,  0,  0],
        [11, 12, 13, 14, 15, 16, 17]])
-----------------------------------------------------------------------------------------
| end of epoch 151 | time:  1.99s | valid acc 75.869%| Best Model from Epoch 40 with 78.023%
-----------------------------------------------------------------------------------------
| epoch 152 |    49/   65 batches | lr_step  7442 | lr  0.000578 |acc  88.719%| ms/batch 13.20 | loss 0.0773693 
Pred: tensor([ 6,  7,  8,  9, 10,  0,  0]) and tensor([12, 11, 13, 14, 15, 16, 17]), tensor([12, 13, 11, 14, 15, 16, 17])
Tar: tensor([[ 6,  7,  8,  9, 10,  0,  0],
        [12, 11, 13, 14, 15, 16, 17],
        [12, 13, 11, 14, 15, 16, 17]])
-----------------------------------------------------------------------------------------
| end of epoch 152 | time:  1.93s | valid acc 75.869%| Best Model from Epoch 40 with 78.023%
-----------------------------------------------------------------------------------------
| epoch 153 |    49/   65 batches | lr_step  7508 | lr  0.000575 |acc  87.438%| ms/batch 13.08 | loss 0.0842807 
Pred: tensor([ 6,  8,  7,  9, 10,  0,  0]) and tensor([12, 11, 13, 14, 15, 16, 17]), tensor([ 6,  7,  8,  9, 10,  0,  0])
Tar: tensor([[ 8,  6,  7,  9, 10,  0,  0],
        [12, 13, 11, 14, 15, 16, 17],
        [ 6,  7,  8,  9, 10,  0,  0]])
-----------------------------------------------------------------------------------------
| end of epoch 153 | time:  1.92s | valid acc 75.869%| Best Model from Epoch 40 with 78.023%
-----------------------------------------------------------------------------------------
| epoch 154 |    49/   65 batches | lr_step  7574 | lr  0.000572 |acc  89.406%| ms/batch 12.83 | loss 0.0755197 
Pred: tensor([ 6,  7,  8,  9, 10,  0,  0]) and tensor([11, 12, 13, 14, 15, 16, 17]), tensor([12, 13, 11, 14, 15, 16, 17])
Tar: tensor([[ 6,  7,  8,  9, 10,  0,  0],
        [11, 12, 13, 14, 15, 16, 17],
        [12, 13, 11, 14, 15, 16, 17]])
-----------------------------------------------------------------------------------------
| end of epoch 154 | time:  1.97s | valid acc 75.869%| Best Model from Epoch 40 with 78.023%
-----------------------------------------------------------------------------------------
| epoch 155 |    49/   65 batches | lr_step  7640 | lr  0.000570 |acc  88.250%| ms/batch 12.90 | loss 0.0761368 
Pred: tensor([12, 13, 11, 14, 15, 16, 17]) and tensor([ 6,  7,  8,  9, 10,  0,  0]), tensor([ 8,  6,  7,  9, 10,  0,  0])
Tar: tensor([[12, 13, 11, 14, 15, 16, 17],
        [ 6,  7,  8,  9, 10,  0,  0],
        [ 8,  6,  7,  9, 10,  0,  0]])
-----------------------------------------------------------------------------------------
| end of epoch 155 | time:  1.94s | valid acc 75.869%| Best Model from Epoch 40 with 78.023%
-----------------------------------------------------------------------------------------
| epoch 156 |    49/   65 batches | lr_step  7706 | lr  0.000568 |acc  89.844%| ms/batch 12.84 | loss 0.0757222 
Pred: tensor([11, 12, 13, 14, 15, 16, 17]) and tensor([11, 12, 13, 14, 15, 16, 17]), tensor([12, 13, 11, 14, 15, 16, 17])
Tar: tensor([[11, 12, 13, 14, 15, 16, 17],
        [11, 12, 13, 14, 15, 16, 17],
        [12, 13, 11, 14, 15, 16, 17]])
-----------------------------------------------------------------------------------------
| end of epoch 156 | time:  1.97s | valid acc 75.869%| Best Model from Epoch 40 with 78.023%
-----------------------------------------------------------------------------------------
| epoch 157 |    49/   65 batches | lr_step  7772 | lr  0.000565 |acc  89.594%| ms/batch 13.63 | loss 0.0780059 
Pred: tensor([11, 12, 13, 14, 15, 16, 17]) and tensor([ 8,  6,  7,  9, 10,  0,  0]), tensor([11, 12, 13, 14, 15, 16, 17])
Tar: tensor([[11, 12, 13, 14, 15, 16, 17],
        [ 8,  6,  7,  9, 10,  0,  0],
        [12, 11, 13, 14, 15, 16, 17]])
-----------------------------------------------------------------------------------------
| end of epoch 157 | time:  1.95s | valid acc 75.869%| Best Model from Epoch 40 with 78.023%
-----------------------------------------------------------------------------------------
| epoch 158 |    49/   65 batches | lr_step  7838 | lr  0.000563 |acc  89.094%| ms/batch 13.50 | loss 0.0812273 
Pred: tensor([ 6,  7,  8,  9, 10,  0,  0]) and tensor([11, 12, 13, 14, 15, 16, 17]), tensor([12, 11, 13, 14, 15, 16, 17])
Tar: tensor([[ 6,  8,  7,  9, 10,  0,  0],
        [11, 12, 13, 14, 15, 16, 17],
        [12, 11, 13, 14, 15, 16, 17]])
-----------------------------------------------------------------------------------------
| end of epoch 158 | time:  2.07s | valid acc 75.869%| Best Model from Epoch 40 with 78.023%
-----------------------------------------------------------------------------------------
| epoch 159 |    49/   65 batches | lr_step  7904 | lr  0.000560 |acc  88.875%| ms/batch 13.09 | loss 0.0793097 
Pred: tensor([ 8,  6,  7,  9, 10,  0,  0]) and tensor([ 6,  7,  8,  9, 10,  0,  0]), tensor([ 8,  6,  7,  9, 10,  0,  0])
Tar: tensor([[ 8,  6,  7,  9, 10,  0,  0],
        [ 6,  8,  7,  9, 10,  0,  0],
        [ 8,  6,  7,  9, 10,  0,  0]])
-----------------------------------------------------------------------------------------
| end of epoch 159 | time:  1.95s | valid acc 75.869%| Best Model from Epoch 40 with 78.023%
-----------------------------------------------------------------------------------------
| epoch 160 |    49/   65 batches | lr_step  7970 | lr  0.000558 |acc  90.250%| ms/batch 13.02 | loss 0.0770251 
Pred: tensor([12, 11, 13, 14, 15, 16, 17]) and tensor([11, 12, 13, 14, 15, 16, 17]), tensor([ 6,  8,  7,  9, 10,  0,  0])
Tar: tensor([[12, 11, 13, 14, 15, 16, 17],
        [11, 12, 13, 14, 15, 16, 17],
        [ 8,  6,  7,  9, 10,  0,  0]])
-----------------------------------------------------------------------------------------
| end of epoch 160 | time:  1.90s | valid acc 75.869%| Best Model from Epoch 40 with 78.023%
-----------------------------------------------------------------------------------------
| epoch 161 |    49/   65 batches | lr_step  8036 | lr  0.000556 |acc  89.656%| ms/batch 13.44 | loss 0.0758359 
Pred: tensor([11, 12, 13, 14, 15, 16, 17]) and tensor([ 8,  6,  7,  9, 10,  0,  0]), tensor([ 8,  6,  7,  9, 10,  0,  0])
Tar: tensor([[12, 11, 13, 14, 15, 16, 17],
        [ 8,  6,  7,  9, 10,  0,  0],
        [ 8,  6,  7,  9, 10,  0,  0]])
-----------------------------------------------------------------------------------------
| end of epoch 161 | time:  2.00s | valid acc 75.869%| Best Model from Epoch 40 with 78.023%
-----------------------------------------------------------------------------------------
| epoch 162 |    49/   65 batches | lr_step  8102 | lr  0.000554 |acc  89.938%| ms/batch 14.08 | loss 0.0742590 
Pred: tensor([12, 11, 13, 14, 15, 16, 17]) and tensor([12, 13, 11, 14, 15, 16, 17]), tensor([ 6,  7,  8,  9, 10,  0,  0])
Tar: tensor([[12, 11, 13, 14, 15, 16, 17],
        [12, 13, 11, 14, 15, 16, 17],
        [ 6,  7,  8,  9, 10,  0,  0]])
-----------------------------------------------------------------------------------------
| end of epoch 162 | time:  2.12s | valid acc 75.869%| Best Model from Epoch 40 with 78.023%
-----------------------------------------------------------------------------------------
| epoch 163 |    49/   65 batches | lr_step  8168 | lr  0.000551 |acc  89.531%| ms/batch 15.01 | loss 0.0785251 
Pred: tensor([12, 11, 13, 14, 15, 16, 17]) and tensor([ 6,  8,  7,  9, 10,  0,  0]), tensor([ 6,  8,  7,  9, 10,  0,  0])
Tar: tensor([[12, 13, 11, 14, 15, 16, 17],
        [ 6,  8,  7,  9, 10,  0,  0],
        [ 8,  6,  7,  9, 10,  0,  0]])
-----------------------------------------------------------------------------------------
| end of epoch 163 | time:  2.05s | valid acc 75.869%| Best Model from Epoch 40 with 78.023%
-----------------------------------------------------------------------------------------
| epoch 164 |    49/   65 batches | lr_step  8234 | lr  0.000549 |acc  89.406%| ms/batch 12.88 | loss 0.0755302 
Pred: tensor([11, 12, 13, 14, 15, 16, 17]) and tensor([11, 12, 13, 14, 15, 16, 17]), tensor([ 8,  6,  7,  9, 10,  0,  0])
Tar: tensor([[12, 11, 13, 14, 15, 16, 17],
        [11, 12, 13, 14, 15, 16, 17],
        [ 8,  6,  7,  9, 10,  0,  0]])
-----------------------------------------------------------------------------------------
| end of epoch 164 | time:  1.91s | valid acc 75.869%| Best Model from Epoch 40 with 78.023%
-----------------------------------------------------------------------------------------
| epoch 165 |    49/   65 batches | lr_step  8300 | lr  0.000547 |acc  89.219%| ms/batch 12.84 | loss 0.0762543 
Pred: tensor([11, 12, 13, 14, 15, 16, 17]) and tensor([12, 13, 11, 14, 15, 16, 17]), tensor([11, 12, 13, 14, 15, 16, 17])
Tar: tensor([[11, 12, 13, 14, 15, 16, 17],
        [12, 13, 11, 14, 15, 16, 17],
        [11, 12, 13, 14, 15, 16, 17]])
-----------------------------------------------------------------------------------------
| end of epoch 165 | time:  1.91s | valid acc 75.869%| Best Model from Epoch 40 with 78.023%
-----------------------------------------------------------------------------------------
| epoch 166 |    49/   65 batches | lr_step  8366 | lr  0.000545 |acc  89.750%| ms/batch 13.64 | loss 0.0734858 
Pred: tensor([11, 12, 13, 14, 15, 16, 17]) and tensor([12, 13, 11, 14, 15, 16, 17]), tensor([11, 12, 13, 14, 15, 16, 17])
Tar: tensor([[11, 12, 13, 14, 15, 16, 17],
        [12, 13, 11, 14, 15, 16, 17],
        [11, 12, 13, 14, 15, 16, 17]])
-----------------------------------------------------------------------------------------
| end of epoch 166 | time:  2.04s | valid acc 75.869%| Best Model from Epoch 40 with 78.023%
-----------------------------------------------------------------------------------------
| epoch 167 |    49/   65 batches | lr_step  8432 | lr  0.000543 |acc  89.906%| ms/batch 13.62 | loss 0.0719539 
Pred: tensor([ 6,  7,  8,  9, 10,  0,  0]) and tensor([12, 13, 11, 14, 15, 16, 17]), tensor([ 8,  6,  7,  9, 10,  0,  0])
Tar: tensor([[ 6,  7,  8,  9, 10,  0,  0],
        [12, 13, 11, 14, 15, 16, 17],
        [ 8,  6,  7,  9, 10,  0,  0]])
-----------------------------------------------------------------------------------------
| end of epoch 167 | time:  2.11s | valid acc 75.869%| Best Model from Epoch 40 with 78.023%
-----------------------------------------------------------------------------------------
| epoch 168 |    49/   65 batches | lr_step  8498 | lr  0.000540 |acc  90.250%| ms/batch 13.41 | loss 0.0749707 
Pred: tensor([ 8,  6,  7,  9, 10,  0,  0]) and tensor([ 6,  7,  8,  9, 10,  0,  0]), tensor([ 6,  7,  8,  9, 10,  0,  0])
Tar: tensor([[ 8,  6,  7,  9, 10,  0,  0],
        [ 6,  7,  8,  9, 10,  0,  0],
        [ 6,  7,  8,  9, 10,  0,  0]])
-----------------------------------------------------------------------------------------
| end of epoch 168 | time:  1.94s | valid acc 75.869%| Best Model from Epoch 40 with 78.023%
-----------------------------------------------------------------------------------------
| epoch 169 |    49/   65 batches | lr_step  8564 | lr  0.000538 |acc  89.625%| ms/batch 13.23 | loss 0.0732513 
Pred: tensor([11, 12, 13, 14, 15, 16, 17]) and tensor([12, 11, 13, 14, 15, 16, 17]), tensor([12, 13, 11, 14, 15, 16, 17])
Tar: tensor([[12, 11, 13, 14, 15, 16, 17],
        [12, 11, 13, 14, 15, 16, 17],
        [12, 13, 11, 14, 15, 16, 17]])
-----------------------------------------------------------------------------------------
| end of epoch 169 | time:  1.98s | valid acc 75.869%| Best Model from Epoch 40 with 78.023%
-----------------------------------------------------------------------------------------
| epoch 170 |    49/   65 batches | lr_step  8630 | lr  0.000536 |acc  89.656%| ms/batch 13.13 | loss 0.0773400 
Pred: tensor([11, 12, 13, 14, 15, 16, 17]) and tensor([11, 12, 13, 14, 15, 16, 17]), tensor([11, 12, 13, 14, 15, 16, 17])
Tar: tensor([[11, 12, 13, 14, 15, 16, 17],
        [11, 12, 13, 14, 15, 16, 17],
        [11, 12, 13, 14, 15, 16, 17]])
-----------------------------------------------------------------------------------------
| end of epoch 170 | time:  2.04s | valid acc 75.869%| Best Model from Epoch 40 with 78.023%
-----------------------------------------------------------------------------------------
| epoch 171 |    49/   65 batches | lr_step  8696 | lr  0.000534 |acc  90.438%| ms/batch 13.50 | loss 0.0722779 
Pred: tensor([12, 13, 11, 14, 15, 16, 17]) and tensor([11, 12, 13, 14, 15, 16, 17]), tensor([11, 12, 13, 14, 15, 16, 17])
Tar: tensor([[12, 13, 11, 14, 15, 16, 17],
        [11, 12, 13, 14, 15, 16, 17],
        [11, 12, 13, 14, 15, 16, 17]])
-----------------------------------------------------------------------------------------
| end of epoch 171 | time:  1.98s | valid acc 75.869%| Best Model from Epoch 40 with 78.023%
-----------------------------------------------------------------------------------------
| epoch 172 |    49/   65 batches | lr_step  8762 | lr  0.000532 |acc  90.094%| ms/batch 14.20 | loss 0.0786055 
Pred: tensor([ 6,  7,  8,  9, 10,  0,  0]) and tensor([ 6,  7,  8,  9, 10,  0,  0]), tensor([ 6,  8,  7,  9, 10,  0,  0])
Tar: tensor([[ 6,  7,  8,  9, 10,  0,  0],
        [ 6,  7,  8,  9, 10,  0,  0],
        [ 6,  8,  7,  9, 10,  0,  0]])
-----------------------------------------------------------------------------------------
| end of epoch 172 | time:  2.04s | valid acc 75.869%| Best Model from Epoch 40 with 78.023%
-----------------------------------------------------------------------------------------
| epoch 173 |    49/   65 batches | lr_step  8828 | lr  0.000530 |acc  90.625%| ms/batch 15.12 | loss 0.0686228 
Pred: tensor([ 6,  7,  8,  9, 10,  0,  0]) and tensor([11, 12, 13, 14, 15, 16, 17]), tensor([ 6,  8,  7,  9, 10,  0,  0])
Tar: tensor([[ 6,  7,  8,  9, 10,  0,  0],
        [11, 12, 13, 14, 15, 16, 17],
        [ 8,  6,  7,  9, 10,  0,  0]])
-----------------------------------------------------------------------------------------
| end of epoch 173 | time:  2.11s | valid acc 75.869%| Best Model from Epoch 40 with 78.023%
-----------------------------------------------------------------------------------------
| epoch 174 |    49/   65 batches | lr_step  8894 | lr  0.000528 |acc  90.250%| ms/batch 13.70 | loss 0.0694960 
Pred: tensor([ 6,  8,  7,  9, 10,  0,  0]) and tensor([12, 13, 11, 14, 15, 16, 17]), tensor([12, 11, 13, 14, 15, 16, 17])
Tar: tensor([[ 8,  6,  7,  9, 10,  0,  0],
        [12, 13, 11, 14, 15, 16, 17],
        [12, 13, 11, 14, 15, 16, 17]])
-----------------------------------------------------------------------------------------
| end of epoch 174 | time:  2.01s | valid acc 75.869%| Best Model from Epoch 40 with 78.023%
-----------------------------------------------------------------------------------------
| epoch 175 |    49/   65 batches | lr_step  8960 | lr  0.000526 |acc  90.031%| ms/batch 13.58 | loss 0.0713473 
Pred: tensor([ 8,  6,  7,  9, 10,  0,  0]) and tensor([11, 12, 13, 14, 15, 16, 17]), tensor([ 6,  8,  7,  9, 10,  0,  0])
Tar: tensor([[ 8,  6,  7,  9, 10,  0,  0],
        [11, 12, 13, 14, 15, 16, 17],
        [ 8,  6,  7,  9, 10,  0,  0]])
-----------------------------------------------------------------------------------------
| end of epoch 175 | time:  1.99s | valid acc 75.869%| Best Model from Epoch 40 with 78.023%
-----------------------------------------------------------------------------------------
| epoch 176 |    49/   65 batches | lr_step  9026 | lr  0.000524 |acc  90.688%| ms/batch 13.83 | loss 0.0722397 
Pred: tensor([11, 12, 13, 14, 15, 16, 17]) and tensor([11, 12, 13, 14, 15, 16, 17]), tensor([11, 12, 13, 14, 15, 16, 17])
Tar: tensor([[11, 12, 13, 14, 15, 16, 17],
        [12, 11, 13, 14, 15, 16, 17],
        [12, 11, 13, 14, 15, 16, 17]])
-----------------------------------------------------------------------------------------
| end of epoch 176 | time:  2.10s | valid acc 75.869%| Best Model from Epoch 40 with 78.023%
-----------------------------------------------------------------------------------------
| epoch 177 |    49/   65 batches | lr_step  9092 | lr  0.000523 |acc  91.094%| ms/batch 13.56 | loss 0.0716619 
Pred: tensor([ 8,  6,  7,  9, 10,  0,  0]) and tensor([ 8,  6,  7,  9, 10,  0,  0]), tensor([ 8,  6,  7,  9, 10,  0,  0])
Tar: tensor([[ 8,  6,  7,  9, 10,  0,  0],
        [ 8,  6,  7,  9, 10,  0,  0],
        [ 8,  6,  7,  9, 10,  0,  0]])
-----------------------------------------------------------------------------------------
| end of epoch 177 | time:  1.99s | valid acc 75.869%| Best Model from Epoch 40 with 78.023%
-----------------------------------------------------------------------------------------
| epoch 178 |    49/   65 batches | lr_step  9158 | lr  0.000521 |acc  90.000%| ms/batch 13.40 | loss 0.0726070 
Pred: tensor([11, 12, 13, 14, 15, 16, 17]) and tensor([ 6,  7,  8,  9, 10,  0,  0]), tensor([ 6,  7,  8,  9, 10,  0,  0])
Tar: tensor([[12, 11, 13, 14, 15, 16, 17],
        [ 6,  8,  7,  9, 10,  0,  0],
        [ 8,  6,  7,  9, 10,  0,  0]])
-----------------------------------------------------------------------------------------
| end of epoch 178 | time:  2.11s | valid acc 75.869%| Best Model from Epoch 40 with 78.023%
-----------------------------------------------------------------------------------------
| epoch 179 |    49/   65 batches | lr_step  9224 | lr  0.000519 |acc  91.719%| ms/batch 13.23 | loss 0.0710404 
Pred: tensor([12, 11, 13, 14, 15, 16, 17]) and tensor([ 6,  7,  8,  9, 10,  0,  0]), tensor([ 6,  7,  8,  9, 10,  0,  0])
Tar: tensor([[12, 11, 13, 14, 15, 16, 17],
        [ 6,  7,  8,  9, 10,  0,  0],
        [ 6,  8,  7,  9, 10,  0,  0]])
-----------------------------------------------------------------------------------------
| end of epoch 179 | time:  1.96s | valid acc 74.890%| Best Model from Epoch 40 with 78.023%
-----------------------------------------------------------------------------------------
| epoch 180 |    49/   65 batches | lr_step  9290 | lr  0.000517 |acc  90.531%| ms/batch 13.49 | loss 0.0725826 
Pred: tensor([11, 12, 13, 14, 15, 16, 17]) and tensor([ 6,  8,  7,  9, 10,  0,  0]), tensor([11, 12, 13, 14, 15, 16, 17])
Tar: tensor([[11, 12, 13, 14, 15, 16, 17],
        [ 8,  6,  7,  9, 10,  0,  0],
        [12, 13, 11, 14, 15, 16, 17]])
-----------------------------------------------------------------------------------------
| end of epoch 180 | time:  1.97s | valid acc 75.869%| Best Model from Epoch 40 with 78.023%
-----------------------------------------------------------------------------------------
Pred: tensor([ 6,  8,  7,  9, 10,  0,  0]) and tensor([11, 12, 13, 14, 15, 16, 17]), tensor([ 6,  7,  8,  9, 10,  0,  0])
Tar: tensor([[ 6,  8,  7,  9, 10,  0,  0],
        [11, 12, 13, 14, 15, 16, 17],
        [ 6,  7,  8,  9, 10,  0,  0]])
=========================================================================================
| End of training | test loss 69.00 | test acc 79.25% | Best Model from Epoch 40
=========================================================================================
