
15975
4025
4025
0 ['a0', 'f5', 'g6', 'e10', 'i4', 'c9', 'b3', 'f5'] (['a0', 'f5', 'g6', 'e10', 'i4', 'c9', 'b3', 'f5'], 0) ['a0', 'f5', 'g6', 'e10', 'i4', 'c9', 'b3', 'f5']
250 ['a12', 'f17', 'b15', 'i16', 'g18', 'h21', 'e22', 'b15'] (['a12', 'f17', 'b15', 'i16', 'g18', 'h21', 'e22', 'b15'], 0.00031298904538341156) ['a12', 'f17', 'b15', 'i16', 'g18', 'h21', 'e22', 'b15']
500 ['a12', 'b15', 'd23', 'g18', 'b15', 'f17', 'i16', 'h21', 'b15'] (['a12', 'b15', 'd23', 'g18', 'i16', 'b15', 'f17', 'h21', 'b15'], 0) ['a12', 'b15', 'd23', 'g18', 'b15', 'f17', 'i16', 'h21', 'b15']
750 ['a12', 'f17', 'g18', 'i16', 'b15', 'd23', 'h21'] (['a12', 'f17', 'g18', 'i16', 'b15', 'd23', 'h21'], 0.002378716744913928) ['a12', 'f17', 'g18', 'i16', 'b15', 'd23', 'h21']
1000 ['a0', 'f5', 'b3', 'i4', 'i4', 'c9', 'd11', 'f5'] (['f5', 'a0', 'b3', 'i4', 'i4', 'c9', 'd11', 'f5'], 0) ['a0', 'f5', 'b3', 'i4', 'i4', 'c9', 'd11', 'f5']
1250 ['a0', 'b3', 'i4', 'f5', 'g6', 'c9', 'f5', 'e10'] (['a0', 'b3', 'i4', 'f5', 'g6', 'c9', 'f5', 'e10'], 0.00025039123630672927) ['a0', 'b3', 'i4', 'f5', 'g6', 'c9', 'f5', 'e10']
1500 ['a0', 'b3', 'f5', 'g6', 'i4', 'g6', 'c9'] (['a0', 'b3', 'f5', 'g6', 'i4', 'g6', 'c9'], 0) ['a0', 'b3', 'f5', 'g6', 'i4', 'g6', 'c9']
1750 ['a0', 'g6', 'b3', 'i4', 'f5', 'd11', 'c9', 'b3'] (['a0', 'g6', 'b3', 'i4', 'f5', 'd11', 'c9', 'b3'], 6.259780907668232e-05) ['a0', 'g6', 'b3', 'i4', 'f5', 'd11', 'c9', 'b3']
2000 ['a0', 'i4', 'c9', 'f5', 'f5'] (['a0', 'i4', 'f5', 'f5', 'c9'], 0) ['a0', 'i4', 'c9', 'f5', 'f5']
2250 ['a0', 'b3', 'f5', 'g6', 'i4', 'd11'] (['a0', 'b3', 'f5', 'g6', 'i4', 'd11'], 0.0013145539906103286) ['a0', 'b3', 'f5', 'g6', 'i4', 'd11']
2500 ['f5', 'b3', 'g6', 'i4', 'a0'] (['g6', 'b3', 'f5', 'i4', 'a0'], 0) ['f5', 'b3', 'g6', 'i4', 'a0']
2750 ['e10', 'f5', 'i4', 'g6', 'b3', 'c9', 'a0'] (['e10', 'f5', 'i4', 'g6', 'b3', 'c9', 'a0'], 0) ['e10', 'f5', 'i4', 'g6', 'b3', 'c9', 'a0']
3000 ['f5', 'g6', 'i4', 'c9', 'e10', 'a0', 'a0', 'b3', 'g6', 'g6'] (['f5', 'g6', 'i4', 'c9', 'e10', 'a0', 'a0', 'b3', 'g6', 'g6'], 0) ['f5', 'g6', 'i4', 'c9', 'e10', 'a0', 'a0', 'b3', 'g6', 'g6']
3250 ['b3', 'i4', 'f5', 'g6', 'd11', 'c9'] (['b3', 'i4', 'f5', 'g6', 'd11', 'c9'], 0.001377151799687011) ['b3', 'i4', 'f5', 'g6', 'd11', 'c9']
3500 ['a12', 'b15', 'f17', 'i16', 'g18', 'd23', 'h21', 'a12'] (['a12', 'f17', 'b15', 'i16', 'g18', 'd23', 'h21', 'a12'], 0.0016275430359937403) ['a12', 'b15', 'f17', 'i16', 'g18', 'd23', 'h21', 'a12']
3750 ['a12', 'i16', 'b15', 'g18', 'h21', 'd23'] (['a12', 'i16', 'b15', 'g18', 'h21', 'd23'], 0) ['a12', 'i16', 'b15', 'g18', 'h21', 'd23']
4000 ['a0', 'f5', 'g6', 'b3', 'i4', 'c9', 'e10'] (['a0', 'f5', 'g6', 'b3', 'i4', 'c9', 'e10'], 0.0033176838810641627) ['a0', 'f5', 'g6', 'b3', 'i4', 'c9', 'e10']

Accuracy: 0.5672049689440993
Running experiment on N = 2

Accuracy: 0.555527950310559



0
1000
2000
3000
4000

Accuracy: 0.4822360248447205
