-----------------------------------------------------------------------------------------
Parameter Settings:
EIUES:                            0.2
Ratio uncertain traces:           0.25

Type:                             encoder_GREEDY
No. warmup steps:                 8368
LR factor                         0.04024 
Embedding dimension:              32
Dimension of feedforward network: 1024
Number of transformer layers:     5
Number of attentions heads:       8
Dropout:                          0.15436618573372504
Total number of epochs:           60
-----------------------------------------------------------------------------------------
| epoch   1 |    99/  469 batches | lr_step  100 | lr  0.000001 |acc  0.000%| ms/batch 67.14 | loss 2.2052364 
| epoch   1 |   199/  469 batches | lr_step  200 | lr  0.000002 |acc  0.000%| ms/batch 68.24 | loss 2.1351658 
| epoch   1 |   299/  469 batches | lr_step  300 | lr  0.000003 |acc  0.000%| ms/batch 70.61 | loss 1.9990372 
| epoch   1 |   399/  469 batches | lr_step  400 | lr  0.000004 |acc  0.000%| ms/batch 71.08 | loss 1.8473127 
Pred: tensor([14, 13, 16, 12, 17,  0,  0]) and tensor([10,  7,  8,  9,  6,  0,  0]), tensor([14, 12, 13, 16,  0,  0,  0])
Tar: tensor([[14, 13, 16, 12, 17,  0,  0],
        [10,  7,  8,  9,  6,  0,  0],
        [14, 12, 13, 16,  0,  0,  0]])
-----------------------------------------------------------------------------------------
| end of epoch   1 | time: 37.10s | valid loss 69.0000000 | valid acc 50.924%| Best Model from Epoch 0 with  -inf%
-----------------------------------------------------------------------------------------
-----------------------------------------------------------------------------------------
-----------------------------------------------------------------------------------------
| end of epoch   1 | time: 37.10s | valid loss 69.0000000 | valid acc 50.924%| 
-----------------------------------------------------------------------------------------
-----------------------------------------------------------------------------------------
| epoch   2 |    99/  469 batches | lr_step  570 | lr  0.000005 |acc  0.000%| ms/batch 68.66 | loss 1.6448814 
| epoch   2 |   199/  469 batches | lr_step  670 | lr  0.000006 |acc  0.000%| ms/batch 70.25 | loss 1.5692632 
| epoch   2 |   299/  469 batches | lr_step  770 | lr  0.000007 |acc  0.000%| ms/batch 73.03 | loss 1.5048908 
| epoch   2 |   399/  469 batches | lr_step  870 | lr  0.000008 |acc  0.000%| ms/batch 78.75 | loss 1.4422995 
Pred: tensor([14, 12, 13, 16, 17, 15,  0]) and tensor([10,  7,  8,  9,  6, 11,  0]), tensor([ 7,  8,  9, 10,  6,  8, 11])
Tar: tensor([[14, 12, 13, 16, 17, 15,  0],
        [10,  7,  8,  9, 11,  6,  0],
        [ 7,  8,  9, 10,  6,  8, 11]])
-----------------------------------------------------------------------------------------
| end of epoch   2 | time: 40.37s | valid loss 69.0000000 | valid acc 55.109%| Best Model from Epoch 1 with 50.924%
-----------------------------------------------------------------------------------------
-----------------------------------------------------------------------------------------
-----------------------------------------------------------------------------------------
| end of epoch   2 | time: 40.37s | valid loss 69.0000000 | valid acc 55.109%| 
-----------------------------------------------------------------------------------------
-----------------------------------------------------------------------------------------
| epoch   3 |    99/  469 batches | lr_step  1040 | lr  0.000010 |acc  0.000%| ms/batch 80.13 | loss 1.3288971 
| epoch   3 |   199/  469 batches | lr_step  1140 | lr  0.000011 |acc  0.031%| ms/batch 100.53 | loss 1.2673958 
| epoch   3 |   299/  469 batches | lr_step  1240 | lr  0.000012 |acc  0.000%| ms/batch 93.78 | loss 1.2336556 
| epoch   3 |   399/  469 batches | lr_step  1340 | lr  0.000012 |acc  0.031%| ms/batch 93.24 | loss 1.1992797 
Pred: tensor([10,  7,  8,  9, 11,  6]) and tensor([12, 14, 13, 16, 15,  0]), tensor([14, 12, 13, 16, 15, 17])
Tar: tensor([[10,  7,  8,  9, 11,  6],
        [12, 14, 13, 16, 15,  0],
        [14, 12, 13, 16, 15, 17]])
-----------------------------------------------------------------------------------------
| end of epoch   3 | time: 46.14s | valid loss 69.0000000 | valid acc 58.125%| Best Model from Epoch 2 with 55.109%
-----------------------------------------------------------------------------------------
-----------------------------------------------------------------------------------------
-----------------------------------------------------------------------------------------
| end of epoch   3 | time: 46.14s | valid loss 69.0000000 | valid acc 58.125%| 
-----------------------------------------------------------------------------------------
-----------------------------------------------------------------------------------------
| epoch   4 |    99/  469 batches | lr_step  1510 | lr  0.000014 |acc  0.078%| ms/batch 68.42 | loss 1.1620256 
| epoch   4 |   199/  469 batches | lr_step  1610 | lr  0.000015 |acc  0.031%| ms/batch 71.07 | loss 1.1477830 
| epoch   4 |   299/  469 batches | lr_step  1710 | lr  0.000016 |acc  0.062%| ms/batch 67.41 | loss 1.1375390 
| epoch   4 |   399/  469 batches | lr_step  1810 | lr  0.000017 |acc  0.109%| ms/batch 67.28 | loss 1.1152052 
Pred: tensor([ 7,  8,  9, 11, 10,  6, 10]) and tensor([12, 13, 14, 16, 15, 17, 14]), tensor([10,  7,  8,  9,  6, 11,  0])
Tar: tensor([[ 7,  8,  9, 11,  6, 10, 10],
        [12, 13, 14, 16, 15, 17, 14],
        [10,  7,  8,  9,  6, 11,  0]])
-----------------------------------------------------------------------------------------
| end of epoch   4 | time: 36.02s | valid loss 69.0000000 | valid acc 59.455%| Best Model from Epoch 3 with 58.125%
-----------------------------------------------------------------------------------------
-----------------------------------------------------------------------------------------
-----------------------------------------------------------------------------------------
| end of epoch   4 | time: 36.02s | valid loss 69.0000000 | valid acc 59.455%| 
-----------------------------------------------------------------------------------------
-----------------------------------------------------------------------------------------
| epoch   5 |    99/  469 batches | lr_step  1980 | lr  0.000018 |acc  0.125%| ms/batch 69.85 | loss 1.0888272 
| epoch   5 |   199/  469 batches | lr_step  2080 | lr  0.000019 |acc  0.125%| ms/batch 77.97 | loss 1.0767239 
| epoch   5 |   299/  469 batches | lr_step  2180 | lr  0.000020 |acc  0.109%| ms/batch 67.69 | loss 1.0717378 
| epoch   5 |   399/  469 batches | lr_step  2280 | lr  0.000021 |acc  0.094%| ms/batch 67.52 | loss 1.0661195 
Pred: tensor([ 7,  8, 10,  9, 11,  6]) and tensor([7, 8, 9, 6, 0, 0]), tensor([14, 16, 14, 12, 15,  0])
Tar: tensor([[ 7, 10,  8,  9, 11,  6],
        [ 7,  8,  9,  6,  0,  0],
        [14, 16, 14, 12, 15,  0]])
-----------------------------------------------------------------------------------------
| end of epoch   5 | time: 36.85s | valid loss 69.0000000 | valid acc 59.131%| Best Model from Epoch 4 with 59.455%
-----------------------------------------------------------------------------------------
| epoch   6 |    99/  469 batches | lr_step  2450 | lr  0.000023 |acc  0.219%| ms/batch 68.01 | loss 1.0454152 
| epoch   6 |   199/  469 batches | lr_step  2550 | lr  0.000024 |acc  0.281%| ms/batch 67.12 | loss 1.0330714 
| epoch   6 |   299/  469 batches | lr_step  2650 | lr  0.000025 |acc  0.281%| ms/batch 67.71 | loss 1.0267023 
| epoch   6 |   399/  469 batches | lr_step  2750 | lr  0.000026 |acc  0.297%| ms/batch 67.30 | loss 1.0142006 
Pred: tensor([12, 14, 13, 16, 15, 17,  0]) and tensor([10,  7,  8,  9,  6, 11,  0]), tensor([10,  7,  8,  9,  6, 11,  0])
Tar: tensor([[12, 14, 13, 16, 15, 17,  0],
        [10,  7,  8,  9,  6, 11,  0],
        [10,  7,  8,  9, 11,  6,  0]])
-----------------------------------------------------------------------------------------
| end of epoch   6 | time: 35.68s | valid loss 69.0000000 | valid acc 60.688%| Best Model from Epoch 4 with 59.455%
-----------------------------------------------------------------------------------------
-----------------------------------------------------------------------------------------
-----------------------------------------------------------------------------------------
| end of epoch   6 | time: 35.68s | valid loss 69.0000000 | valid acc 60.688%| 
-----------------------------------------------------------------------------------------
-----------------------------------------------------------------------------------------
| epoch   7 |    99/  469 batches | lr_step  2920 | lr  0.000027 |acc  0.266%| ms/batch 67.92 | loss 1.0059576 
| epoch   7 |   199/  469 batches | lr_step  3020 | lr  0.000028 |acc  0.391%| ms/batch 70.81 | loss 0.9967193 
| epoch   7 |   299/  469 batches | lr_step  3120 | lr  0.000029 |acc  0.328%| ms/batch 68.94 | loss 0.9908923 
| epoch   7 |   399/  469 batches | lr_step  3220 | lr  0.000030 |acc  0.406%| ms/batch 71.56 | loss 0.9879935 
Pred: tensor([12, 14, 13, 16, 17, 15]) and tensor([14, 12, 13, 16, 15, 17]), tensor([10,  7,  9, 11,  8,  0])
Tar: tensor([[12, 14, 13, 16, 17, 15],
        [14, 12, 13, 16, 15, 17],
        [ 7, 10,  8,  9, 11,  0]])
-----------------------------------------------------------------------------------------
| end of epoch   7 | time: 36.54s | valid loss 69.0000000 | valid acc 60.688%| Best Model from Epoch 6 with 60.688%
-----------------------------------------------------------------------------------------
| epoch   8 |    99/  469 batches | lr_step  3390 | lr  0.000032 |acc  0.328%| ms/batch 68.03 | loss 0.9778721 
| epoch   8 |   199/  469 batches | lr_step  3490 | lr  0.000032 |acc  0.438%| ms/batch 66.54 | loss 0.9734707 
| epoch   8 |   299/  469 batches | lr_step  3590 | lr  0.000033 |acc  0.453%| ms/batch 68.21 | loss 0.9656875 
| epoch   8 |   399/  469 batches | lr_step  3690 | lr  0.000034 |acc  0.500%| ms/batch 67.70 | loss 0.9502547 
Pred: tensor([14, 13, 17, 12,  0,  0,  0,  0]) and tensor([ 7, 10,  8,  9, 11,  0,  0,  0]), tensor([12, 13, 16, 14, 17, 15,  0,  0])
Tar: tensor([[13, 14, 17, 12,  0,  0,  0,  0],
        [ 7, 10,  8,  9, 11,  0,  0,  0],
        [12, 13, 16, 14, 17, 15,  0,  0]])
-----------------------------------------------------------------------------------------
| end of epoch   8 | time: 35.64s | valid loss 69.0000000 | valid acc 61.726%| Best Model from Epoch 6 with 60.688%
-----------------------------------------------------------------------------------------
-----------------------------------------------------------------------------------------
-----------------------------------------------------------------------------------------
| end of epoch   8 | time: 35.64s | valid loss 69.0000000 | valid acc 61.726%| 
-----------------------------------------------------------------------------------------
-----------------------------------------------------------------------------------------
| epoch   9 |    99/  469 batches | lr_step  3860 | lr  0.000036 |acc  0.469%| ms/batch 67.65 | loss 0.9477873 
| epoch   9 |   199/  469 batches | lr_step  3960 | lr  0.000037 |acc  0.625%| ms/batch 69.83 | loss 0.9486737 
| epoch   9 |   299/  469 batches | lr_step  4060 | lr  0.000038 |acc  0.594%| ms/batch 67.34 | loss 0.9350119 
| epoch   9 |   399/  469 batches | lr_step  4160 | lr  0.000039 |acc  0.609%| ms/batch 67.52 | loss 0.9408285 
Pred: tensor([12, 13, 16, 15, 17, 14,  0,  0]) and tensor([12, 13, 14, 16, 15,  0,  0,  0]), tensor([10,  7,  8,  9, 11,  0,  0,  0])
Tar: tensor([[12, 13, 16, 15, 17, 14,  0,  0],
        [14, 12, 13, 16, 15,  0,  0,  0],
        [10,  7,  8,  9, 11,  0,  0,  0]])
-----------------------------------------------------------------------------------------
| end of epoch   9 | time: 35.79s | valid loss 69.0000000 | valid acc 63.996%| Best Model from Epoch 8 with 61.726%
-----------------------------------------------------------------------------------------
-----------------------------------------------------------------------------------------
-----------------------------------------------------------------------------------------
| end of epoch   9 | time: 35.79s | valid loss 69.0000000 | valid acc 63.996%| 
-----------------------------------------------------------------------------------------
-----------------------------------------------------------------------------------------
| epoch  10 |    99/  469 batches | lr_step  4330 | lr  0.000040 |acc  0.672%| ms/batch 67.90 | loss 0.9289425 
| epoch  10 |   199/  469 batches | lr_step  4430 | lr  0.000041 |acc  0.781%| ms/batch 69.42 | loss 0.9147140 
| epoch  10 |   299/  469 batches | lr_step  4530 | lr  0.000042 |acc  1.031%| ms/batch 67.24 | loss 0.9144245 
| epoch  10 |   399/  469 batches | lr_step  4630 | lr  0.000043 |acc  0.891%| ms/batch 67.02 | loss 0.9073586 
Pred: tensor([ 6,  7,  9, 11,  8, 10,  6]) and tensor([10,  7,  8,  9,  6, 11,  0]), tensor([10,  7,  9, 10,  8,  6, 11])
Tar: tensor([[ 6,  7,  9, 11,  8, 10,  6],
        [10,  7,  8,  9,  6, 11,  0],
        [ 7, 10,  9, 10,  8,  6, 11]])
-----------------------------------------------------------------------------------------
| end of epoch  10 | time: 36.03s | valid loss 69.0000000 | valid acc 63.866%| Best Model from Epoch 9 with 63.996%
-----------------------------------------------------------------------------------------
| epoch  11 |    99/  469 batches | lr_step  4800 | lr  0.000045 |acc  0.984%| ms/batch 68.41 | loss 0.8930789 
| epoch  11 |   199/  469 batches | lr_step  4900 | lr  0.000046 |acc  1.094%| ms/batch 72.78 | loss 0.8892465 
| epoch  11 |   299/  469 batches | lr_step  5000 | lr  0.000046 |acc  0.953%| ms/batch 69.88 | loss 0.8880334 
| epoch  11 |   399/  469 batches | lr_step  5100 | lr  0.000047 |acc  1.062%| ms/batch 68.65 | loss 0.8788812 
Pred: tensor([12, 13, 14, 16, 15, 14, 17,  0]) and tensor([ 7,  8,  9,  6, 10,  0,  0,  0]), tensor([12, 14, 13, 16, 17,  0,  0,  0])
Tar: tensor([[12, 14, 13, 16, 15, 14, 17,  0],
        [ 7,  8,  9,  6, 10,  0,  0,  0],
        [12, 14, 13, 16, 17,  0,  0,  0]])
-----------------------------------------------------------------------------------------
| end of epoch  11 | time: 37.24s | valid loss 69.0000000 | valid acc 65.585%| Best Model from Epoch 9 with 63.996%
-----------------------------------------------------------------------------------------
-----------------------------------------------------------------------------------------
-----------------------------------------------------------------------------------------
| end of epoch  11 | time: 37.24s | valid loss 69.0000000 | valid acc 65.585%| 
-----------------------------------------------------------------------------------------
-----------------------------------------------------------------------------------------
| epoch  12 |    99/  469 batches | lr_step  5270 | lr  0.000049 |acc  1.062%| ms/batch 68.80 | loss 0.8722383 
| epoch  12 |   199/  469 batches | lr_step  5370 | lr  0.000050 |acc  1.578%| ms/batch 87.83 | loss 0.8642300 
| epoch  12 |   299/  469 batches | lr_step  5470 | lr  0.000051 |acc  1.641%| ms/batch 71.25 | loss 0.8508277 
| epoch  12 |   399/  469 batches | lr_step  5570 | lr  0.000052 |acc  1.828%| ms/batch 72.10 | loss 0.8468951 
Pred: tensor([14, 12, 13, 16, 17,  0,  0]) and tensor([11,  7,  8,  9, 10,  6,  0]), tensor([10,  7,  8,  9,  6,  0,  0])
Tar: tensor([[14, 12, 13, 16, 17,  0,  0],
        [11,  7,  8,  9, 10,  6,  0],
        [10,  7,  8,  9,  6,  0,  0]])
-----------------------------------------------------------------------------------------
| end of epoch  12 | time: 40.21s | valid loss 69.0000000 | valid acc 65.066%| Best Model from Epoch 11 with 65.585%
-----------------------------------------------------------------------------------------
| epoch  13 |    99/  469 batches | lr_step  5740 | lr  0.000053 |acc  1.734%| ms/batch 72.11 | loss 0.8355260 
| epoch  13 |   199/  469 batches | lr_step  5840 | lr  0.000054 |acc  2.125%| ms/batch 73.41 | loss 0.8231206 
| epoch  13 |   299/  469 batches | lr_step  5940 | lr  0.000055 |acc  2.250%| ms/batch 96.37 | loss 0.8153790 
| epoch  13 |   399/  469 batches | lr_step  6040 | lr  0.000056 |acc  2.625%| ms/batch 91.08 | loss 0.8071987 
Pred: tensor([10,  7,  8,  9, 11,  6,  0]) and tensor([ 7, 10,  9, 11,  0,  0,  0]), tensor([10,  7,  8,  9, 11,  7,  0])
Tar: tensor([[10,  7,  8,  9,  6, 11,  0],
        [ 7,  9, 10, 11,  0,  0,  0],
        [10,  7,  8,  9,  7, 11,  0]])
-----------------------------------------------------------------------------------------
| end of epoch  13 | time: 44.98s | valid loss 69.0000000 | valid acc 64.353%| Best Model from Epoch 11 with 65.585%
-----------------------------------------------------------------------------------------
| epoch  14 |    99/  469 batches | lr_step  6210 | lr  0.000058 |acc  2.812%| ms/batch 90.34 | loss 0.8024199 
| epoch  14 |   199/  469 batches | lr_step  6310 | lr  0.000059 |acc  3.359%| ms/batch 89.63 | loss 0.7907569 
| epoch  14 |   299/  469 batches | lr_step  6410 | lr  0.000060 |acc  3.625%| ms/batch 88.26 | loss 0.7781460 
| epoch  14 |   399/  469 batches | lr_step  6510 | lr  0.000060 |acc  3.625%| ms/batch 90.00 | loss 0.7654937 
Pred: tensor([12, 14, 13, 16, 17,  0,  0,  0]) and tensor([14, 12, 13, 16,  0,  0,  0,  0]), tensor([10,  7,  8,  9,  6,  8, 11,  8])
Tar: tensor([[12, 14, 13, 16, 17,  0,  0,  0],
        [14, 12, 13, 16,  0,  0,  0,  0],
        [10,  7,  8,  9,  6, 11,  8,  8]])
-----------------------------------------------------------------------------------------
| end of epoch  14 | time: 47.25s | valid loss 69.0000000 | valid acc 65.358%| Best Model from Epoch 11 with 65.585%
-----------------------------------------------------------------------------------------
| epoch  15 |    99/  469 batches | lr_step  6680 | lr  0.000062 |acc  4.094%| ms/batch 85.22 | loss 0.7564629 
| epoch  15 |   199/  469 batches | lr_step  6780 | lr  0.000063 |acc  4.422%| ms/batch 80.83 | loss 0.7411626 
| epoch  15 |   299/  469 batches | lr_step  6880 | lr  0.000064 |acc  4.750%| ms/batch 96.69 | loss 0.7331018 
| epoch  15 |   399/  469 batches | lr_step  6980 | lr  0.000065 |acc  5.125%| ms/batch 79.61 | loss 0.7235574 
Pred: tensor([10,  7,  8,  9,  6,  0,  0]) and tensor([10,  7,  8,  9,  6,  7,  0]), tensor([14, 12, 13, 16, 17, 15, 14])
Tar: tensor([[10,  7,  8,  9,  6,  0,  0],
        [10,  7,  8,  9,  6,  7,  0],
        [14, 12, 13, 16, 15, 17, 14]])
-----------------------------------------------------------------------------------------
| end of epoch  15 | time: 44.63s | valid loss 69.0000000 | valid acc 64.450%| Best Model from Epoch 11 with 65.585%
-----------------------------------------------------------------------------------------
| epoch  16 |    99/  469 batches | lr_step  7150 | lr  0.000066 |acc  5.766%| ms/batch 71.15 | loss 0.7081103 
| epoch  16 |   199/  469 batches | lr_step  7250 | lr  0.000067 |acc  6.422%| ms/batch 70.94 | loss 0.6986775 
| epoch  16 |   299/  469 batches | lr_step  7350 | lr  0.000068 |acc  7.250%| ms/batch 70.55 | loss 0.6845474 
| epoch  16 |   399/  469 batches | lr_step  7450 | lr  0.000069 |acc  7.234%| ms/batch 72.92 | loss 0.6772549 
Pred: tensor([10,  7,  8,  6,  0,  0,  0]) and tensor([ 7,  8, 10,  9, 11,  6,  0]), tensor([14, 12, 13, 16, 15,  0,  0])
Tar: tensor([[10,  7,  8,  6,  0,  0,  0],
        [ 7,  8, 10, 11,  9,  6,  0],
        [14, 12, 13, 16, 15,  0,  0]])
-----------------------------------------------------------------------------------------
| end of epoch  16 | time: 37.66s | valid loss 69.0000000 | valid acc 67.207%| Best Model from Epoch 11 with 65.585%
-----------------------------------------------------------------------------------------
-----------------------------------------------------------------------------------------
-----------------------------------------------------------------------------------------
| end of epoch  16 | time: 37.66s | valid loss 69.0000000 | valid acc 67.207%| 
-----------------------------------------------------------------------------------------
-----------------------------------------------------------------------------------------
| epoch  17 |    99/  469 batches | lr_step  7620 | lr  0.000071 |acc  8.859%| ms/batch 71.41 | loss 0.6537556 
| epoch  17 |   199/  469 batches | lr_step  7720 | lr  0.000072 |acc  8.500%| ms/batch 73.52 | loss 0.6488529 
| epoch  17 |   299/  469 batches | lr_step  7820 | lr  0.000073 |acc  9.188%| ms/batch 72.15 | loss 0.6261743 
| epoch  17 |   399/  469 batches | lr_step  7920 | lr  0.000074 |acc  9.766%| ms/batch 103.42 | loss 0.6208713 
Pred: tensor([ 7, 10,  6,  9, 11,  8,  0]) and tensor([12, 13, 14, 16, 15,  0,  0]), tensor([ 7,  8,  9, 10,  6,  0,  0])
Tar: tensor([[10,  7,  6,  9, 11,  8,  0],
        [12, 13, 14, 16, 15,  0,  0],
        [ 7,  8,  9, 10,  6,  0,  0]])
-----------------------------------------------------------------------------------------
| end of epoch  17 | time: 41.93s | valid loss 69.0000000 | valid acc 67.759%| Best Model from Epoch 16 with 67.207%
-----------------------------------------------------------------------------------------
-----------------------------------------------------------------------------------------
-----------------------------------------------------------------------------------------
| end of epoch  17 | time: 41.93s | valid loss 69.0000000 | valid acc 67.759%| 
-----------------------------------------------------------------------------------------
-----------------------------------------------------------------------------------------
| epoch  18 |    99/  469 batches | lr_step  8090 | lr  0.000075 |acc  10.828%| ms/batch 71.15 | loss 0.6052136 
| epoch  18 |   199/  469 batches | lr_step  8190 | lr  0.000076 |acc  11.969%| ms/batch 72.51 | loss 0.5910571 
| epoch  18 |   299/  469 batches | lr_step  8290 | lr  0.000077 |acc  12.250%| ms/batch 69.73 | loss 0.5743777 
| epoch  18 |   399/  469 batches | lr_step  8390 | lr  0.000078 |acc  12.703%| ms/batch 69.73 | loss 0.5723443 
Pred: tensor([10,  7,  9,  6,  0,  0]) and tensor([10,  7,  8,  9, 11,  6]), tensor([14, 12, 13, 16, 15,  0])
Tar: tensor([[10,  7,  9,  6,  0,  0],
        [10,  7,  8,  9, 11,  6],
        [14, 12, 13, 16, 15,  0]])
-----------------------------------------------------------------------------------------
| end of epoch  18 | time: 37.46s | valid loss 69.0000000 | valid acc 66.623%| Best Model from Epoch 17 with 67.759%
-----------------------------------------------------------------------------------------
| epoch  19 |    99/  469 batches | lr_step  8560 | lr  0.000077 |acc  13.844%| ms/batch 69.88 | loss 0.5447916 
| epoch  19 |   199/  469 batches | lr_step  8660 | lr  0.000076 |acc  14.141%| ms/batch 69.69 | loss 0.5446151 
| epoch  19 |   299/  469 batches | lr_step  8760 | lr  0.000076 |acc  14.281%| ms/batch 70.07 | loss 0.5467871 
| epoch  19 |   399/  469 batches | lr_step  8860 | lr  0.000076 |acc  15.266%| ms/batch 71.62 | loss 0.5353167 
Pred: tensor([ 7,  8,  9, 10,  6, 11,  0]) and tensor([10,  7,  8,  9,  6,  0,  0]), tensor([ 7,  8,  9, 11, 10,  0,  0])
Tar: tensor([[ 7,  8,  9, 10,  6, 11,  0],
        [10,  7,  8,  9,  6,  0,  0],
        [ 7,  8,  9, 11, 10,  0,  0]])
-----------------------------------------------------------------------------------------
| end of epoch  19 | time: 36.93s | valid loss 69.0000000 | valid acc 66.396%| Best Model from Epoch 17 with 67.759%
-----------------------------------------------------------------------------------------
| epoch  20 |    99/  469 batches | lr_step  9030 | lr  0.000075 |acc  16.234%| ms/batch 70.32 | loss 0.5129836 
| epoch  20 |   199/  469 batches | lr_step  9130 | lr  0.000074 |acc  15.250%| ms/batch 70.33 | loss 0.5151078 
| epoch  20 |   299/  469 batches | lr_step  9230 | lr  0.000074 |acc  16.656%| ms/batch 70.36 | loss 0.5099970 
| epoch  20 |   399/  469 batches | lr_step  9330 | lr  0.000074 |acc  17.500%| ms/batch 70.36 | loss 0.4978611 
Pred: tensor([ 7, 10,  8,  9,  6,  8, 11]) and tensor([14, 12, 13, 16, 15,  0,  0]), tensor([ 7, 10,  8,  9, 11,  8,  0])
Tar: tensor([[ 7, 10,  8,  9,  8,  6, 11],
        [14, 12, 13, 16, 15,  0,  0],
        [ 7, 10,  8,  9, 11,  8,  0]])
-----------------------------------------------------------------------------------------
| end of epoch  20 | time: 36.90s | valid loss 69.0000000 | valid acc 62.439%| Best Model from Epoch 17 with 67.759%
-----------------------------------------------------------------------------------------
| epoch  21 |    99/  469 batches | lr_step  9500 | lr  0.000073 |acc  18.234%| ms/batch 70.52 | loss 0.4839148 
| epoch  21 |   199/  469 batches | lr_step  9600 | lr  0.000073 |acc  18.531%| ms/batch 70.39 | loss 0.4829276 
| epoch  21 |   299/  469 batches | lr_step  9700 | lr  0.000072 |acc  18.750%| ms/batch 71.64 | loss 0.4741699 
| epoch  21 |   399/  469 batches | lr_step  9800 | lr  0.000072 |acc  18.656%| ms/batch 71.03 | loss 0.4752501 
Pred: tensor([14, 13, 15, 17, 16,  0]) and tensor([14, 12, 13, 16, 13,  0]), tensor([12, 14, 13, 16, 17,  0])
Tar: tensor([[14, 13, 15, 17, 16,  0],
        [12, 13, 14, 16, 13,  0],
        [14, 12, 13, 16, 17,  0]])
-----------------------------------------------------------------------------------------
| end of epoch  21 | time: 37.59s | valid loss 69.0000000 | valid acc 65.488%| Best Model from Epoch 17 with 67.759%
-----------------------------------------------------------------------------------------
| epoch  22 |    99/  469 batches | lr_step  9970 | lr  0.000071 |acc  20.578%| ms/batch 88.09 | loss 0.4632357 
| epoch  22 |   199/  469 batches | lr_step  10070 | lr  0.000071 |acc  18.953%| ms/batch 89.15 | loss 0.4631313 
| epoch  22 |   299/  469 batches | lr_step  10170 | lr  0.000071 |acc  19.875%| ms/batch 78.14 | loss 0.4558394 
| epoch  22 |   399/  469 batches | lr_step  10270 | lr  0.000070 |acc  20.156%| ms/batch 96.16 | loss 0.4552952 
Pred: tensor([13, 16, 14, 12,  0,  0,  0]) and tensor([ 7, 10,  9,  6, 11,  0,  0]), tensor([12, 14, 13, 16, 15,  0,  0])
Tar: tensor([[13, 16, 14, 12,  0,  0,  0],
        [ 7, 10,  9,  6, 11,  0,  0],
        [12, 14, 13, 16, 15,  0,  0]])
-----------------------------------------------------------------------------------------
| end of epoch  22 | time: 45.55s | valid loss 69.0000000 | valid acc 62.342%| Best Model from Epoch 17 with 67.759%
-----------------------------------------------------------------------------------------
| epoch  23 |    99/  469 batches | lr_step  10440 | lr  0.000070 |acc  21.141%| ms/batch 68.27 | loss 0.4430574 
| epoch  23 |   199/  469 batches | lr_step  10540 | lr  0.000069 |acc  20.922%| ms/batch 68.14 | loss 0.4429820 
| epoch  23 |   299/  469 batches | lr_step  10640 | lr  0.000069 |acc  21.109%| ms/batch 68.27 | loss 0.4333249 
| epoch  23 |   399/  469 batches | lr_step  10740 | lr  0.000069 |acc  21.750%| ms/batch 69.44 | loss 0.4294424 
Pred: tensor([ 7, 10,  8,  9, 11,  6]) and tensor([10,  7,  8,  9, 11,  6]), tensor([12, 13, 16, 14, 17, 12])
Tar: tensor([[ 7, 10,  8,  9, 11,  6],
        [10,  7,  8,  9,  6, 11],
        [12, 13, 14, 16, 17, 12]])
-----------------------------------------------------------------------------------------
| end of epoch  23 | time: 36.23s | valid loss 69.0000000 | valid acc 61.823%| Best Model from Epoch 17 with 67.759%
-----------------------------------------------------------------------------------------
| epoch  24 |    99/  469 batches | lr_step  10910 | lr  0.000068 |acc  21.281%| ms/batch 68.76 | loss 0.4297650 
| epoch  24 |   199/  469 batches | lr_step  11010 | lr  0.000068 |acc  23.172%| ms/batch 67.84 | loss 0.4279259 
| epoch  24 |   299/  469 batches | lr_step  11110 | lr  0.000067 |acc  22.219%| ms/batch 68.26 | loss 0.4252143 
| epoch  24 |   399/  469 batches | lr_step  11210 | lr  0.000067 |acc  23.203%| ms/batch 67.54 | loss 0.4193697 
Pred: tensor([10,  7,  8,  9,  6, 11,  7]) and tensor([14, 12, 13, 16, 15,  0,  0]), tensor([14, 12, 13, 16, 15,  0,  0])
Tar: tensor([[10,  7,  8,  9,  6, 11,  7],
        [14, 12, 13, 16, 15,  0,  0],
        [14, 12, 13, 16, 15,  0,  0]])
-----------------------------------------------------------------------------------------
| end of epoch  24 | time: 35.88s | valid loss 69.0000000 | valid acc 64.937%| Best Model from Epoch 17 with 67.759%
-----------------------------------------------------------------------------------------
| epoch  25 |    99/  469 batches | lr_step  11380 | lr  0.000067 |acc  24.266%| ms/batch 69.09 | loss 0.4081091 
| epoch  25 |   199/  469 batches | lr_step  11480 | lr  0.000066 |acc  22.641%| ms/batch 70.63 | loss 0.4141768 
| epoch  25 |   299/  469 batches | lr_step  11580 | lr  0.000066 |acc  23.703%| ms/batch 68.47 | loss 0.4125959 
| epoch  25 |   399/  469 batches | lr_step  11680 | lr  0.000066 |acc  23.469%| ms/batch 68.73 | loss 0.4092827 
Pred: tensor([ 7, 10,  8,  9,  6, 11, 10,  0]) and tensor([12, 14, 16, 12, 15, 17,  0,  0]), tensor([ 7,  8, 10,  9, 11,  6,  0,  0])
Tar: tensor([[ 7, 10,  8,  9,  6, 11, 10,  0],
        [12, 16, 14, 12, 15, 17,  0,  0],
        [ 7, 10,  8,  9, 11,  6,  0,  0]])
-----------------------------------------------------------------------------------------
| end of epoch  25 | time: 36.59s | valid loss 69.0000000 | valid acc 64.483%| Best Model from Epoch 17 with 67.759%
-----------------------------------------------------------------------------------------
| epoch  26 |    99/  469 batches | lr_step  11850 | lr  0.000065 |acc  24.000%| ms/batch 69.83 | loss 0.4047265 
| epoch  26 |   199/  469 batches | lr_step  11950 | lr  0.000065 |acc  24.453%| ms/batch 68.47 | loss 0.3983028 
| epoch  26 |   299/  469 batches | lr_step  12050 | lr  0.000065 |acc  24.594%| ms/batch 67.40 | loss 0.4013372 
| epoch  26 |   399/  469 batches | lr_step  12150 | lr  0.000065 |acc  25.234%| ms/batch 68.09 | loss 0.3936704 
Pred: tensor([12, 13, 16, 15,  0,  0,  0,  0]) and tensor([14, 13, 16, 17, 15, 12, 13,  0]), tensor([10,  7,  8,  9,  6, 11,  0,  0])
Tar: tensor([[15, 13, 16, 12,  0,  0,  0,  0],
        [14, 13, 16, 15, 17, 12, 13,  0],
        [ 7, 10,  8,  9,  6, 11,  0,  0]])
-----------------------------------------------------------------------------------------
| end of epoch  26 | time: 36.33s | valid loss 69.0000000 | valid acc 64.710%| Best Model from Epoch 17 with 67.759%
-----------------------------------------------------------------------------------------
| epoch  27 |    99/  469 batches | lr_step  12320 | lr  0.000064 |acc  24.094%| ms/batch 68.11 | loss 0.3994342 
| epoch  27 |   199/  469 batches | lr_step  12420 | lr  0.000064 |acc  24.656%| ms/batch 67.54 | loss 0.3884075 
| epoch  27 |   299/  469 batches | lr_step  12520 | lr  0.000064 |acc  26.188%| ms/batch 67.72 | loss 0.3856475 
| epoch  27 |   399/  469 batches | lr_step  12620 | lr  0.000063 |acc  25.016%| ms/batch 67.53 | loss 0.3892517 
Pred: tensor([12, 13, 16, 14, 17, 15]) and tensor([ 8,  9, 10, 11,  6,  9]), tensor([ 7,  6,  8,  9, 10, 11])
Tar: tensor([[12, 13, 16, 14, 15, 17],
        [ 8,  9, 10,  6, 11,  9],
        [ 7,  6,  8,  9, 10, 11]])
-----------------------------------------------------------------------------------------
| end of epoch  27 | time: 35.69s | valid loss 69.0000000 | valid acc 63.380%| Best Model from Epoch 17 with 67.759%
-----------------------------------------------------------------------------------------
| epoch  28 |    99/  469 batches | lr_step  12790 | lr  0.000063 |acc  26.625%| ms/batch 67.26 | loss 0.3823475 
| epoch  28 |   199/  469 batches | lr_step  12890 | lr  0.000063 |acc  25.266%| ms/batch 67.70 | loss 0.3843095 
| epoch  28 |   299/  469 batches | lr_step  12990 | lr  0.000062 |acc  26.484%| ms/batch 67.83 | loss 0.3774406 
| epoch  28 |   399/  469 batches | lr_step  13090 | lr  0.000062 |acc  25.203%| ms/batch 68.49 | loss 0.3839936 
Pred: tensor([10,  7,  9,  8,  9, 11]) and tensor([11, 10,  8,  9,  6,  7]), tensor([14, 12, 13, 16, 15, 17])
Tar: tensor([[10,  7,  9,  8,  9, 11],
        [11, 10,  8,  9,  6,  7],
        [12, 14, 13, 16, 17, 15]])
-----------------------------------------------------------------------------------------
| end of epoch  28 | time: 35.75s | valid loss 69.0000000 | valid acc 64.483%| Best Model from Epoch 17 with 67.759%
-----------------------------------------------------------------------------------------
| epoch  29 |    99/  469 batches | lr_step  13260 | lr  0.000062 |acc  27.125%| ms/batch 68.14 | loss 0.3770823 
| epoch  29 |   199/  469 batches | lr_step  13360 | lr  0.000062 |acc  26.344%| ms/batch 69.37 | loss 0.3779600 
| epoch  29 |   299/  469 batches | lr_step  13460 | lr  0.000061 |acc  26.641%| ms/batch 68.13 | loss 0.3735537 
| epoch  29 |   399/  469 batches | lr_step  13560 | lr  0.000061 |acc  26.328%| ms/batch 68.11 | loss 0.3714640 
Pred: tensor([17, 12, 13, 16, 15, 14]) and tensor([ 7,  8, 10,  9, 11,  0]), tensor([10,  7,  8,  9,  6,  0])
Tar: tensor([[17, 12, 13, 16, 15, 14],
        [10,  7,  8,  9, 11,  0],
        [10,  7,  8,  9,  6,  0]])
-----------------------------------------------------------------------------------------
| end of epoch  29 | time: 36.02s | valid loss 69.0000000 | valid acc 62.893%| Best Model from Epoch 17 with 67.759%
-----------------------------------------------------------------------------------------
| epoch  30 |    99/  469 batches | lr_step  13730 | lr  0.000061 |acc  28.484%| ms/batch 67.83 | loss 0.3620072 
| epoch  30 |   199/  469 batches | lr_step  13830 | lr  0.000060 |acc  26.656%| ms/batch 67.83 | loss 0.3698196 
| epoch  30 |   299/  469 batches | lr_step  13930 | lr  0.000060 |acc  26.781%| ms/batch 68.21 | loss 0.3706827 
| epoch  30 |   399/  469 batches | lr_step  14030 | lr  0.000060 |acc  26.438%| ms/batch 68.37 | loss 0.3708892 
Pred: tensor([12, 13, 16, 14,  0,  0,  0]) and tensor([14, 12, 13, 16, 15,  0,  0]), tensor([12, 16, 14, 13,  0,  0,  0])
Tar: tensor([[12, 13, 16, 14,  0,  0,  0],
        [14, 12, 13, 16, 15,  0,  0],
        [12, 16, 13, 14,  0,  0,  0]])
-----------------------------------------------------------------------------------------
| end of epoch  30 | time: 35.97s | valid loss 69.0000000 | valid acc 62.277%| Best Model from Epoch 17 with 67.759%
-----------------------------------------------------------------------------------------
| epoch  31 |    99/  469 batches | lr_step  14200 | lr  0.000060 |acc  26.734%| ms/batch 67.81 | loss 0.3675231 
| epoch  31 |   199/  469 batches | lr_step  14300 | lr  0.000059 |acc  28.109%| ms/batch 67.56 | loss 0.3586083 
| epoch  31 |   299/  469 batches | lr_step  14400 | lr  0.000059 |acc  26.672%| ms/batch 67.89 | loss 0.3637992 
| epoch  31 |   399/  469 batches | lr_step  14500 | lr  0.000059 |acc  27.391%| ms/batch 67.77 | loss 0.3634696 
Pred: tensor([14, 12, 13, 16, 15,  0]) and tensor([ 7,  8,  9, 10,  6,  0]), tensor([10,  7,  8,  9, 11,  0])
Tar: tensor([[12, 14, 13, 16, 15,  0],
        [ 7,  8,  9, 10,  6,  0],
        [10,  7,  8,  9, 11,  0]])
-----------------------------------------------------------------------------------------
| end of epoch  31 | time: 35.84s | valid loss 69.0000000 | valid acc 64.418%| Best Model from Epoch 17 with 67.759%
-----------------------------------------------------------------------------------------
| epoch  32 |    99/  469 batches | lr_step  14670 | lr  0.000059 |acc  28.250%| ms/batch 67.87 | loss 0.3581591 
| epoch  32 |   199/  469 batches | lr_step  14770 | lr  0.000059 |acc  28.641%| ms/batch 67.49 | loss 0.3584170 
| epoch  32 |   299/  469 batches | lr_step  14870 | lr  0.000058 |acc  27.156%| ms/batch 67.47 | loss 0.3551988 
| epoch  32 |   399/  469 batches | lr_step  14970 | lr  0.000058 |acc  27.625%| ms/batch 70.06 | loss 0.3586656 
Pred: tensor([12, 14, 13, 16, 17, 15,  0]) and tensor([12, 14, 16, 17, 13,  0,  0]), tensor([12, 14, 13, 16, 17, 15,  0])
Tar: tensor([[14, 12, 13, 16, 17, 15,  0],
        [12, 14, 13, 16, 17,  0,  0],
        [12, 14, 13, 16, 17, 15,  0]])
-----------------------------------------------------------------------------------------
| end of epoch  32 | time: 36.02s | valid loss 69.0000000 | valid acc 64.158%| Best Model from Epoch 17 with 67.759%
-----------------------------------------------------------------------------------------
| epoch  33 |    99/  469 batches | lr_step  15140 | lr  0.000058 |acc  27.937%| ms/batch 68.11 | loss 0.3580953 
| epoch  33 |   199/  469 batches | lr_step  15240 | lr  0.000058 |acc  27.734%| ms/batch 67.41 | loss 0.3566354 
| epoch  33 |   299/  469 batches | lr_step  15340 | lr  0.000057 |acc  28.484%| ms/batch 67.72 | loss 0.3487617 
| epoch  33 |   399/  469 batches | lr_step  15440 | lr  0.000057 |acc  29.125%| ms/batch 68.50 | loss 0.3476457 
Pred: tensor([10,  7,  8,  9,  6, 11]) and tensor([10,  7,  8,  9,  6,  0]), tensor([12, 13, 16, 17, 12,  0])
Tar: tensor([[10,  7,  8,  9,  6, 11],
        [10,  7,  8,  6,  9,  0],
        [12, 16, 13, 17, 12,  0]])
-----------------------------------------------------------------------------------------
| end of epoch  33 | time: 35.73s | valid loss 69.0000000 | valid acc 62.926%| Best Model from Epoch 17 with 67.759%
-----------------------------------------------------------------------------------------
| epoch  34 |    99/  469 batches | lr_step  15610 | lr  0.000057 |acc  28.547%| ms/batch 68.09 | loss 0.3518622 
| epoch  34 |   199/  469 batches | lr_step  15710 | lr  0.000057 |acc  28.078%| ms/batch 67.58 | loss 0.3518066 
| epoch  34 |   299/  469 batches | lr_step  15810 | lr  0.000057 |acc  28.094%| ms/batch 67.71 | loss 0.3466460 
| epoch  34 |   399/  469 batches | lr_step  15910 | lr  0.000056 |acc  29.453%| ms/batch 67.59 | loss 0.3490540 
Pred: tensor([ 7,  8, 10,  9,  6, 11]) and tensor([ 7,  8, 10,  9,  6,  0]), tensor([ 7,  8, 10,  9,  6, 10])
Tar: tensor([[ 7,  8, 10,  9,  6, 11],
        [ 7,  8, 10,  9,  6,  0],
        [ 7,  8, 10,  9,  6, 10]])
-----------------------------------------------------------------------------------------
| end of epoch  34 | time: 35.76s | valid loss 69.0000000 | valid acc 64.029%| Best Model from Epoch 17 with 67.759%
-----------------------------------------------------------------------------------------
| epoch  35 |    99/  469 batches | lr_step  16080 | lr  0.000056 |acc  29.156%| ms/batch 67.87 | loss 0.3487160 
| epoch  35 |   199/  469 batches | lr_step  16180 | lr  0.000056 |acc  29.344%| ms/batch 67.84 | loss 0.3437251 
| epoch  35 |   299/  469 batches | lr_step  16280 | lr  0.000056 |acc  28.984%| ms/batch 67.80 | loss 0.3502989 
| epoch  35 |   399/  469 batches | lr_step  16380 | lr  0.000056 |acc  29.625%| ms/batch 67.77 | loss 0.3439093 
Pred: tensor([ 7,  8,  9, 10,  6, 11,  0,  0]) and tensor([ 7,  8,  9, 10, 11,  6,  0,  0]), tensor([12, 14, 13, 16, 17, 15,  0,  0])
Tar: tensor([[ 7,  8,  9,  6, 10, 11,  0,  0],
        [ 7,  8,  9, 10,  6, 11,  0,  0],
        [12, 13, 14, 16, 17, 15,  0,  0]])
-----------------------------------------------------------------------------------------
| end of epoch  35 | time: 35.68s | valid loss 69.0000000 | valid acc 64.418%| Best Model from Epoch 17 with 67.759%
-----------------------------------------------------------------------------------------
| epoch  36 |    99/  469 batches | lr_step  16550 | lr  0.000055 |acc  28.625%| ms/batch 69.48 | loss 0.3498362 
| epoch  36 |   199/  469 batches | lr_step  16650 | lr  0.000055 |acc  29.797%| ms/batch 68.20 | loss 0.3421635 
| epoch  36 |   299/  469 batches | lr_step  16750 | lr  0.000055 |acc  30.094%| ms/batch 66.91 | loss 0.3384324 
| epoch  36 |   399/  469 batches | lr_step  16850 | lr  0.000055 |acc  28.234%| ms/batch 67.61 | loss 0.3452517 
Pred: tensor([14, 12, 13, 16, 15, 17, 14]) and tensor([ 7,  8,  9, 10, 11,  0,  0]), tensor([12, 13, 16, 14,  0,  0,  0])
Tar: tensor([[14, 12, 13, 16, 15, 14, 17],
        [ 7,  8, 10,  9, 11,  0,  0],
        [12, 13, 16, 14,  0,  0,  0]])
-----------------------------------------------------------------------------------------
| end of epoch  36 | time: 35.90s | valid loss 69.0000000 | valid acc 65.910%| Best Model from Epoch 17 with 67.759%
-----------------------------------------------------------------------------------------
| epoch  37 |    99/  469 batches | lr_step  17020 | lr  0.000055 |acc  29.312%| ms/batch 68.17 | loss 0.3411533 
| epoch  37 |   199/  469 batches | lr_step  17120 | lr  0.000054 |acc  29.172%| ms/batch 67.31 | loss 0.3432853 
| epoch  37 |   299/  469 batches | lr_step  17220 | lr  0.000054 |acc  29.531%| ms/batch 67.26 | loss 0.3399199 
| epoch  37 |   399/  469 batches | lr_step  17320 | lr  0.000054 |acc  30.156%| ms/batch 67.03 | loss 0.3346989 
Pred: tensor([12, 14, 13, 16, 15,  0]) and tensor([10,  7,  8,  9,  6, 11]), tensor([10,  7,  8,  9,  6, 11])
Tar: tensor([[12, 14, 13, 16, 15,  0],
        [10,  7,  8,  9,  6, 11],
        [10,  7,  8,  9,  6, 11]])
-----------------------------------------------------------------------------------------
| end of epoch  37 | time: 35.63s | valid loss 69.0000000 | valid acc 65.261%| Best Model from Epoch 17 with 67.759%
-----------------------------------------------------------------------------------------
| epoch  38 |    99/  469 batches | lr_step  17490 | lr  0.000054 |acc  30.062%| ms/batch 67.76 | loss 0.3364298 
| epoch  38 |   199/  469 batches | lr_step  17590 | lr  0.000054 |acc  30.453%| ms/batch 67.20 | loss 0.3312848 
| epoch  38 |   299/  469 batches | lr_step  17690 | lr  0.000053 |acc  29.359%| ms/batch 66.95 | loss 0.3328332 
| epoch  38 |   399/  469 batches | lr_step  17790 | lr  0.000053 |acc  28.938%| ms/batch 68.19 | loss 0.3452128 
Pred: tensor([14, 12, 13, 16, 15, 17]) and tensor([12, 14, 13, 16, 15,  0]), tensor([14, 12, 13, 16, 15, 17])
Tar: tensor([[12, 14, 13, 16, 15, 17],
        [12, 13, 16, 14, 15,  0],
        [14, 12, 13, 16, 15, 17]])
-----------------------------------------------------------------------------------------
| end of epoch  38 | time: 35.77s | valid loss 69.0000000 | valid acc 65.618%| Best Model from Epoch 17 with 67.759%
-----------------------------------------------------------------------------------------
| epoch  39 |    99/  469 batches | lr_step  17960 | lr  0.000053 |acc  29.766%| ms/batch 67.54 | loss 0.3344150 
| epoch  39 |   199/  469 batches | lr_step  18060 | lr  0.000053 |acc  29.688%| ms/batch 68.93 | loss 0.3339909 
| epoch  39 |   299/  469 batches | lr_step  18160 | lr  0.000053 |acc  30.031%| ms/batch 68.98 | loss 0.3316114 
| epoch  39 |   399/  469 batches | lr_step  18260 | lr  0.000053 |acc  31.328%| ms/batch 67.80 | loss 0.3293041 
Pred: tensor([ 7,  8,  9,  6, 10,  9]) and tensor([12, 13, 14, 16, 15,  0]), tensor([12, 13, 14, 16, 17,  0])
Tar: tensor([[ 7,  6,  9,  8, 10,  9],
        [12, 13, 14, 16, 15,  0],
        [12, 13, 14, 16, 17,  0]])
-----------------------------------------------------------------------------------------
| end of epoch  39 | time: 35.92s | valid loss 69.0000000 | valid acc 65.585%| Best Model from Epoch 17 with 67.759%
-----------------------------------------------------------------------------------------
| epoch  40 |    99/  469 batches | lr_step  18430 | lr  0.000052 |acc  31.000%| ms/batch 67.05 | loss 0.3316861 
| epoch  40 |   199/  469 batches | lr_step  18530 | lr  0.000052 |acc  30.344%| ms/batch 68.00 | loss 0.3320145 
| epoch  40 |   299/  469 batches | lr_step  18630 | lr  0.000052 |acc  30.906%| ms/batch 68.65 | loss 0.3250517 
| epoch  40 |   399/  469 batches | lr_step  18730 | lr  0.000052 |acc  30.484%| ms/batch 67.53 | loss 0.3287692 
Pred: tensor([13, 14, 12, 16, 15,  0]) and tensor([10,  7,  8,  9, 11,  6]), tensor([14, 12, 13, 16,  0,  0])
Tar: tensor([[13, 14, 16, 12, 15,  0],
        [10,  7,  8,  9,  6, 11],
        [14, 12, 13, 16,  0,  0]])
-----------------------------------------------------------------------------------------
| end of epoch  40 | time: 36.01s | valid loss 69.0000000 | valid acc 65.780%| Best Model from Epoch 17 with 67.759%
-----------------------------------------------------------------------------------------
| epoch  41 |    99/  469 batches | lr_step  18900 | lr  0.000052 |acc  30.234%| ms/batch 68.12 | loss 0.3298016 
| epoch  41 |   199/  469 batches | lr_step  19000 | lr  0.000052 |acc  31.516%| ms/batch 68.14 | loss 0.3253302 
| epoch  41 |   299/  469 batches | lr_step  19100 | lr  0.000051 |acc  30.906%| ms/batch 66.79 | loss 0.3294273 
| epoch  41 |   399/  469 batches | lr_step  19200 | lr  0.000051 |acc  30.438%| ms/batch 67.37 | loss 0.3298766 
Pred: tensor([ 7,  8,  9, 10,  6,  0]) and tensor([ 7,  8,  9, 10, 11,  0]), tensor([ 7,  8, 10,  6, 11,  9])
Tar: tensor([[ 7,  8, 10,  9,  6,  0],
        [ 7,  8, 10,  9, 11,  0],
        [ 7,  8, 10,  6, 11,  9]])
-----------------------------------------------------------------------------------------
| end of epoch  41 | time: 35.58s | valid loss 69.0000000 | valid acc 66.137%| Best Model from Epoch 17 with 67.759%
-----------------------------------------------------------------------------------------
| epoch  42 |    99/  469 batches | lr_step  19370 | lr  0.000051 |acc  30.500%| ms/batch 68.07 | loss 0.3239512 
| epoch  42 |   199/  469 batches | lr_step  19470 | lr  0.000051 |acc  30.438%| ms/batch 67.07 | loss 0.3271998 
| epoch  42 |   299/  469 batches | lr_step  19570 | lr  0.000051 |acc  30.797%| ms/batch 66.94 | loss 0.3281995 
| epoch  42 |   399/  469 batches | lr_step  19670 | lr  0.000051 |acc  31.156%| ms/batch 68.83 | loss 0.3224009 
Pred: tensor([14, 12, 13, 16, 15,  0,  0]) and tensor([10,  7,  8,  9,  6,  0,  0]), tensor([ 7,  8, 10,  9,  6,  0,  0])
Tar: tensor([[14, 12, 13, 16, 15,  0,  0],
        [10,  7,  8,  9,  6,  0,  0],
        [ 7,  8, 10,  9,  6,  0,  0]])
-----------------------------------------------------------------------------------------
| end of epoch  42 | time: 35.86s | valid loss 69.0000000 | valid acc 67.986%| Best Model from Epoch 17 with 67.759%
-----------------------------------------------------------------------------------------
-----------------------------------------------------------------------------------------
-----------------------------------------------------------------------------------------
| end of epoch  42 | time: 35.86s | valid loss 69.0000000 | valid acc 67.986%| 
-----------------------------------------------------------------------------------------
-----------------------------------------------------------------------------------------
| epoch  43 |    99/  469 batches | lr_step  19840 | lr  0.000051 |acc  31.578%| ms/batch 69.18 | loss 0.3208142 
| epoch  43 |   199/  469 batches | lr_step  19940 | lr  0.000050 |acc  30.797%| ms/batch 72.16 | loss 0.3271370 
| epoch  43 |   299/  469 batches | lr_step  20040 | lr  0.000050 |acc  31.313%| ms/batch 70.46 | loss 0.3230949 
| epoch  43 |   399/  469 batches | lr_step  20140 | lr  0.000050 |acc  31.125%| ms/batch 70.20 | loss 0.3232166 
Pred: tensor([10,  7,  8,  9, 11,  0,  0]) and tensor([12, 14, 13, 16, 15,  0,  0]), tensor([12, 14, 13, 16, 17, 15,  0])
Tar: tensor([[10,  7,  8,  9, 11,  0,  0],
        [12, 14, 13, 16, 15,  0,  0],
        [12, 14, 13, 16, 17, 15,  0]])
-----------------------------------------------------------------------------------------
| end of epoch  43 | time: 37.17s | valid loss 69.0000000 | valid acc 67.499%| Best Model from Epoch 42 with 67.986%
-----------------------------------------------------------------------------------------
| epoch  44 |    99/  469 batches | lr_step  20310 | lr  0.000050 |acc  31.125%| ms/batch 69.05 | loss 0.3253673 
| epoch  44 |   199/  469 batches | lr_step  20410 | lr  0.000050 |acc  31.109%| ms/batch 70.40 | loss 0.3213096 
| epoch  44 |   299/  469 batches | lr_step  20510 | lr  0.000050 |acc  31.938%| ms/batch 69.57 | loss 0.3200972 
| epoch  44 |   399/  469 batches | lr_step  20610 | lr  0.000050 |acc  31.000%| ms/batch 69.66 | loss 0.3171428 
Pred: tensor([12, 14, 16, 12, 15, 17]) and tensor([14, 13, 16, 15,  0,  0]), tensor([7, 9, 8, 6, 0, 0])
Tar: tensor([[12, 16, 14, 12, 15, 17],
        [14, 13, 16, 15,  0,  0],
        [ 9,  7,  8,  6,  0,  0]])
-----------------------------------------------------------------------------------------
| end of epoch  44 | time: 36.62s | valid loss 69.0000000 | valid acc 66.623%| Best Model from Epoch 42 with 67.986%
-----------------------------------------------------------------------------------------
| epoch  45 |    99/  469 batches | lr_step  20780 | lr  0.000049 |acc  31.469%| ms/batch 68.60 | loss 0.3195845 
| epoch  45 |   199/  469 batches | lr_step  20880 | lr  0.000049 |acc  31.016%| ms/batch 68.92 | loss 0.3197070 
| epoch  45 |   299/  469 batches | lr_step  20980 | lr  0.000049 |acc  32.000%| ms/batch 68.46 | loss 0.3193435 
| epoch  45 |   399/  469 batches | lr_step  21080 | lr  0.000049 |acc  31.078%| ms/batch 66.66 | loss 0.3227869 
Pred: tensor([10,  7,  8,  9, 11,  6, 10,  0]) and tensor([12, 14, 13, 16, 15, 17,  0,  0]), tensor([12, 14, 16, 13, 17,  0,  0,  0])
Tar: tensor([[ 7, 10,  8,  9, 11,  6, 10,  0],
        [12, 14, 13, 16, 15, 17,  0,  0],
        [12, 14, 16, 13, 17,  0,  0,  0]])
-----------------------------------------------------------------------------------------
| end of epoch  45 | time: 36.01s | valid loss 69.0000000 | valid acc 66.137%| Best Model from Epoch 42 with 67.986%
-----------------------------------------------------------------------------------------
| epoch  46 |    99/  469 batches | lr_step  21250 | lr  0.000049 |acc  31.000%| ms/batch 69.85 | loss 0.3239632 
| epoch  46 |   199/  469 batches | lr_step  21350 | lr  0.000049 |acc  31.812%| ms/batch 68.73 | loss 0.3181438 
| epoch  46 |   299/  469 batches | lr_step  21450 | lr  0.000049 |acc  31.734%| ms/batch 69.73 | loss 0.3146375 
| epoch  46 |   399/  469 batches | lr_step  21550 | lr  0.000048 |acc  31.203%| ms/batch 70.37 | loss 0.3172921 
Pred: tensor([14, 12, 13, 16, 17,  0,  0,  0]) and tensor([10,  7,  8,  0,  0,  0,  0,  0]), tensor([11,  7, 10,  9,  6,  9,  0,  0])
Tar: tensor([[14, 12, 13, 16, 17,  0,  0,  0],
        [ 7, 10,  8,  0,  0,  0,  0,  0],
        [11,  7, 10,  9,  6,  9,  0,  0]])
-----------------------------------------------------------------------------------------
| end of epoch  46 | time: 36.81s | valid loss 69.0000000 | valid acc 66.623%| Best Model from Epoch 42 with 67.986%
-----------------------------------------------------------------------------------------
| epoch  47 |    99/  469 batches | lr_step  21720 | lr  0.000048 |acc  32.797%| ms/batch 70.56 | loss 0.3119716 
| epoch  47 |   199/  469 batches | lr_step  21820 | lr  0.000048 |acc  31.719%| ms/batch 68.88 | loss 0.3166828 
| epoch  47 |   299/  469 batches | lr_step  21920 | lr  0.000048 |acc  31.891%| ms/batch 69.77 | loss 0.3125724 
| epoch  47 |   399/  469 batches | lr_step  22020 | lr  0.000048 |acc  32.234%| ms/batch 69.10 | loss 0.3162075 
Pred: tensor([ 7, 10,  9,  6,  0,  0]) and tensor([15, 12, 13, 16, 14,  0]), tensor([ 7, 10,  8,  9,  6, 11])
Tar: tensor([[10,  7,  9,  6,  0,  0],
        [15, 12, 13, 16, 14,  0],
        [ 7, 10,  8,  9,  6, 11]])
-----------------------------------------------------------------------------------------
| end of epoch  47 | time: 36.61s | valid loss 69.0000000 | valid acc 67.953%| Best Model from Epoch 42 with 67.986%
-----------------------------------------------------------------------------------------
| epoch  48 |    99/  469 batches | lr_step  22190 | lr  0.000048 |acc  31.516%| ms/batch 68.28 | loss 0.3130146 
| epoch  48 |   199/  469 batches | lr_step  22290 | lr  0.000048 |acc  31.750%| ms/batch 68.33 | loss 0.3161510 
| epoch  48 |   299/  469 batches | lr_step  22390 | lr  0.000048 |acc  32.641%| ms/batch 68.94 | loss 0.3108230 
| epoch  48 |   399/  469 batches | lr_step  22490 | lr  0.000047 |acc  32.328%| ms/batch 68.96 | loss 0.3125095 
Pred: tensor([14, 12, 13, 16, 17,  0,  0]) and tensor([ 7,  9, 10, 10,  6,  0,  0]), tensor([14, 12, 13, 16, 17,  0,  0])
Tar: tensor([[12, 14, 13, 17, 16,  0,  0],
        [ 7,  9, 10, 10,  6,  0,  0],
        [12, 14, 13, 16, 17,  0,  0]])
-----------------------------------------------------------------------------------------
| end of epoch  48 | time: 36.07s | valid loss 69.0000000 | valid acc 67.110%| Best Model from Epoch 42 with 67.986%
-----------------------------------------------------------------------------------------
| epoch  49 |    99/  469 batches | lr_step  22660 | lr  0.000047 |acc  32.625%| ms/batch 68.03 | loss 0.3103952 
| epoch  49 |   199/  469 batches | lr_step  22760 | lr  0.000047 |acc  31.187%| ms/batch 68.65 | loss 0.3131903 
| epoch  49 |   299/  469 batches | lr_step  22860 | lr  0.000047 |acc  32.969%| ms/batch 69.55 | loss 0.3054156 
| epoch  49 |   399/  469 batches | lr_step  22960 | lr  0.000047 |acc  32.281%| ms/batch 70.01 | loss 0.3141979 
Pred: tensor([12, 14, 13, 16, 15,  0,  0]) and tensor([10,  7,  8,  9,  0,  0,  0]), tensor([14, 12, 13, 16, 15,  0,  0])
Tar: tensor([[12, 14, 13, 16, 15,  0,  0],
        [10,  7,  8,  9,  0,  0,  0],
        [14, 12, 13, 16, 15,  0,  0]])
-----------------------------------------------------------------------------------------
| end of epoch  49 | time: 36.57s | valid loss 69.0000000 | valid acc 65.423%| Best Model from Epoch 42 with 67.986%
-----------------------------------------------------------------------------------------
| epoch  50 |    99/  469 batches | lr_step  23130 | lr  0.000047 |acc  32.328%| ms/batch 70.60 | loss 0.3070629 
| epoch  50 |   199/  469 batches | lr_step  23230 | lr  0.000047 |acc  31.734%| ms/batch 70.42 | loss 0.3145348 
| epoch  50 |   299/  469 batches | lr_step  23330 | lr  0.000047 |acc  31.469%| ms/batch 69.66 | loss 0.3160144 
| epoch  50 |   399/  469 batches | lr_step  23430 | lr  0.000046 |acc  33.109%| ms/batch 69.06 | loss 0.3077288 
Pred: tensor([13, 14, 15, 16, 13, 13]) and tensor([ 7, 10,  8,  9,  8,  0]), tensor([ 7,  8,  9, 10, 11,  6])
Tar: tensor([[13, 14, 15, 16, 13, 13],
        [ 7, 10,  8,  9,  8,  0],
        [ 7,  8,  9, 10,  6, 11]])
-----------------------------------------------------------------------------------------
| end of epoch  50 | time: 36.73s | valid loss 69.0000000 | valid acc 67.337%| Best Model from Epoch 42 with 67.986%
-----------------------------------------------------------------------------------------
| epoch  51 |    99/  469 batches | lr_step  23600 | lr  0.000046 |acc  34.234%| ms/batch 68.28 | loss 0.3029597 
| epoch  51 |   199/  469 batches | lr_step  23700 | lr  0.000046 |acc  32.219%| ms/batch 68.63 | loss 0.3118867 
| epoch  51 |   299/  469 batches | lr_step  23800 | lr  0.000046 |acc  32.016%| ms/batch 67.32 | loss 0.3099791 
| epoch  51 |   399/  469 batches | lr_step  23900 | lr  0.000046 |acc  32.750%| ms/batch 68.29 | loss 0.3098665 
Pred: tensor([ 7, 10,  8,  6, 11,  0]) and tensor([14, 12, 16, 15, 13,  0]), tensor([14, 12, 13, 16, 17, 15])
Tar: tensor([[10,  7,  8,  6, 11,  0],
        [12, 14, 13, 16, 15,  0],
        [14, 12, 13, 16, 17, 15]])
-----------------------------------------------------------------------------------------
| end of epoch  51 | time: 36.11s | valid loss 69.0000000 | valid acc 67.013%| Best Model from Epoch 42 with 67.986%
-----------------------------------------------------------------------------------------
| epoch  52 |    99/  469 batches | lr_step  24070 | lr  0.000046 |acc  33.547%| ms/batch 70.15 | loss 0.3013285 
| epoch  52 |   199/  469 batches | lr_step  24170 | lr  0.000046 |acc  32.828%| ms/batch 69.67 | loss 0.3105999 
| epoch  52 |   299/  469 batches | lr_step  24270 | lr  0.000046 |acc  32.141%| ms/batch 70.94 | loss 0.3079150 
| epoch  52 |   399/  469 batches | lr_step  24370 | lr  0.000046 |acc  31.781%| ms/batch 71.73 | loss 0.3123381 
Pred: tensor([ 7, 10,  8,  9,  6, 11,  0,  0]) and tensor([ 7,  8,  9, 10, 11,  0,  0,  0]), tensor([14, 12, 13, 16, 15, 12,  0,  0])
Tar: tensor([[10,  7,  8,  9,  6, 11,  0,  0],
        [ 7,  8,  9, 10, 11,  0,  0,  0],
        [14, 12, 13, 16, 15, 12,  0,  0]])
-----------------------------------------------------------------------------------------
| end of epoch  52 | time: 37.20s | valid loss 69.0000000 | valid acc 66.267%| Best Model from Epoch 42 with 67.986%
-----------------------------------------------------------------------------------------
| epoch  53 |    99/  469 batches | lr_step  24540 | lr  0.000045 |acc  32.781%| ms/batch 69.16 | loss 0.3089468 
| epoch  53 |   199/  469 batches | lr_step  24640 | lr  0.000045 |acc  33.562%| ms/batch 69.67 | loss 0.3037404 
| epoch  53 |   299/  469 batches | lr_step  24740 | lr  0.000045 |acc  33.297%| ms/batch 70.87 | loss 0.3053475 
| epoch  53 |   399/  469 batches | lr_step  24840 | lr  0.000045 |acc  32.328%| ms/batch 69.56 | loss 0.3144867 
Pred: tensor([ 7, 10,  9,  6,  0,  0,  0]) and tensor([14, 13, 16, 15,  0,  0,  0]), tensor([12, 14, 13, 16, 15,  0,  0])
Tar: tensor([[10,  7,  9,  6,  0,  0,  0],
        [14, 13, 16, 15,  0,  0,  0],
        [12, 14, 13, 16, 15,  0,  0]])
-----------------------------------------------------------------------------------------
| end of epoch  53 | time: 36.76s | valid loss 69.0000000 | valid acc 67.759%| Best Model from Epoch 42 with 67.986%
-----------------------------------------------------------------------------------------
| epoch  54 |    99/  469 batches | lr_step  25010 | lr  0.000045 |acc  33.609%| ms/batch 68.80 | loss 0.3013247 
| epoch  54 |   199/  469 batches | lr_step  25110 | lr  0.000045 |acc  33.578%| ms/batch 68.41 | loss 0.3016738 
| epoch  54 |   299/  469 batches | lr_step  25210 | lr  0.000045 |acc  33.125%| ms/batch 68.03 | loss 0.3069866 
| epoch  54 |   399/  469 batches | lr_step  25310 | lr  0.000045 |acc  32.406%| ms/batch 67.96 | loss 0.3104809 
Pred: tensor([12, 14, 13, 16, 17,  0,  0]) and tensor([10,  7,  9,  8,  0,  0,  0]), tensor([12, 13, 16, 12, 14,  0,  0])
Tar: tensor([[12, 14, 13, 16, 17,  0,  0],
        [10,  7,  9,  8,  0,  0,  0],
        [12, 12, 16, 13, 14,  0,  0]])
-----------------------------------------------------------------------------------------
| end of epoch  54 | time: 36.22s | valid loss 69.0000000 | valid acc 65.942%| Best Model from Epoch 42 with 67.986%
-----------------------------------------------------------------------------------------
| epoch  55 |    99/  469 batches | lr_step  25480 | lr  0.000045 |acc  33.422%| ms/batch 69.12 | loss 0.3035787 
| epoch  55 |   199/  469 batches | lr_step  25580 | lr  0.000044 |acc  33.406%| ms/batch 78.26 | loss 0.3035068 
| epoch  55 |   299/  469 batches | lr_step  25680 | lr  0.000044 |acc  33.453%| ms/batch 82.72 | loss 0.3039802 
| epoch  55 |   399/  469 batches | lr_step  25780 | lr  0.000044 |acc  31.891%| ms/batch 72.47 | loss 0.3107609 
Pred: tensor([14, 12, 13, 16, 17,  0,  0]) and tensor([ 7,  8,  9, 10, 11,  9,  6]), tensor([ 7,  8,  9, 10,  6,  0,  0])
Tar: tensor([[14, 12, 13, 16, 17,  0,  0],
        [ 7,  8,  9, 10,  9, 11,  6],
        [ 7,  8, 10,  9,  6,  0,  0]])
-----------------------------------------------------------------------------------------
| end of epoch  55 | time: 39.61s | valid loss 69.0000000 | valid acc 67.337%| Best Model from Epoch 42 with 67.986%
-----------------------------------------------------------------------------------------
| epoch  56 |    99/  469 batches | lr_step  25950 | lr  0.000044 |acc  35.062%| ms/batch 71.36 | loss 0.2982507 
| epoch  56 |   199/  469 batches | lr_step  26050 | lr  0.000044 |acc  32.469%| ms/batch 69.08 | loss 0.3058414 
| epoch  56 |   299/  469 batches | lr_step  26150 | lr  0.000044 |acc  32.953%| ms/batch 67.04 | loss 0.3019884 
| epoch  56 |   399/  469 batches | lr_step  26250 | lr  0.000044 |acc  33.188%| ms/batch 67.36 | loss 0.3060448 
Pred: tensor([10,  7,  8,  9,  6,  0,  0]) and tensor([14, 12, 13, 16, 15,  0,  0]), tensor([10,  7,  8,  9, 11,  0,  0])
Tar: tensor([[10,  7,  8,  9,  6,  0,  0],
        [14, 12, 13, 16, 15,  0,  0],
        [10,  7,  8,  9, 11,  0,  0]])
-----------------------------------------------------------------------------------------
| end of epoch  56 | time: 36.04s | valid loss 69.0000000 | valid acc 66.948%| Best Model from Epoch 42 with 67.986%
-----------------------------------------------------------------------------------------
| epoch  57 |    99/  469 batches | lr_step  26420 | lr  0.000044 |acc  34.328%| ms/batch 72.45 | loss 0.3005968 
| epoch  57 |   199/  469 batches | lr_step  26520 | lr  0.000044 |acc  32.312%| ms/batch 73.34 | loss 0.3054599 
| epoch  57 |   299/  469 batches | lr_step  26620 | lr  0.000044 |acc  33.266%| ms/batch 68.42 | loss 0.3002878 
| epoch  57 |   399/  469 batches | lr_step  26720 | lr  0.000044 |acc  33.203%| ms/batch 66.88 | loss 0.3024653 
Pred: tensor([ 7,  8, 10, 11,  6,  9,  0]) and tensor([12, 14, 13, 16,  0,  0,  0]), tensor([10,  9,  6,  8,  7,  0,  0])
Tar: tensor([[ 7,  8, 10,  6, 11,  9,  0],
        [12, 13, 14, 16,  0,  0,  0],
        [10,  6,  9,  8,  7,  0,  0]])
-----------------------------------------------------------------------------------------
| end of epoch  57 | time: 37.44s | valid loss 69.0000000 | valid acc 67.142%| Best Model from Epoch 42 with 67.986%
-----------------------------------------------------------------------------------------
| epoch  58 |    99/  469 batches | lr_step  26890 | lr  0.000043 |acc  32.875%| ms/batch 67.92 | loss 0.3037578 
| epoch  58 |   199/  469 batches | lr_step  26990 | lr  0.000043 |acc  33.297%| ms/batch 68.48 | loss 0.3005653 
| epoch  58 |   299/  469 batches | lr_step  27090 | lr  0.000043 |acc  33.797%| ms/batch 68.74 | loss 0.3004317 
| epoch  58 |   399/  469 batches | lr_step  27190 | lr  0.000043 |acc  33.688%| ms/batch 69.88 | loss 0.2992584 
Pred: tensor([ 7, 10,  9,  8,  6,  0,  0]) and tensor([14, 12, 13, 16, 17,  0,  0]), tensor([12, 13, 16, 14, 17, 15,  0])
Tar: tensor([[10,  7,  8,  9,  6,  0,  0],
        [14, 12, 13, 16, 17,  0,  0],
        [12, 13, 16, 14, 17, 15,  0]])
-----------------------------------------------------------------------------------------
| end of epoch  58 | time: 36.41s | valid loss 69.0000000 | valid acc 66.656%| Best Model from Epoch 42 with 67.986%
-----------------------------------------------------------------------------------------
| epoch  59 |    99/  469 batches | lr_step  27360 | lr  0.000043 |acc  32.797%| ms/batch 69.39 | loss 0.2976467 
| epoch  59 |   199/  469 batches | lr_step  27460 | lr  0.000043 |acc  33.891%| ms/batch 68.51 | loss 0.2980161 
| epoch  59 |   299/  469 batches | lr_step  27560 | lr  0.000043 |acc  33.078%| ms/batch 68.74 | loss 0.3032348 
| epoch  59 |   399/  469 batches | lr_step  27660 | lr  0.000043 |acc  34.062%| ms/batch 71.36 | loss 0.2976520 
Pred: tensor([14, 12, 13, 16, 15,  0]) and tensor([10,  7,  8,  9, 11,  6]), tensor([12, 13, 16, 14, 17,  0])
Tar: tensor([[12, 14, 13, 16, 15,  0],
        [10,  7,  8,  9, 11,  6],
        [12, 13, 16, 14, 17,  0]])
-----------------------------------------------------------------------------------------
| end of epoch  59 | time: 36.59s | valid loss 69.0000000 | valid acc 67.337%| Best Model from Epoch 42 with 67.986%
-----------------------------------------------------------------------------------------
| epoch  60 |    99/  469 batches | lr_step  27830 | lr  0.000043 |acc  33.344%| ms/batch 68.05 | loss 0.2977734 
| epoch  60 |   199/  469 batches | lr_step  27930 | lr  0.000043 |acc  33.438%| ms/batch 68.25 | loss 0.3042225 
| epoch  60 |   299/  469 batches | lr_step  28030 | lr  0.000042 |acc  33.344%| ms/batch 67.04 | loss 0.2954781 
| epoch  60 |   399/  469 batches | lr_step  28130 | lr  0.000042 |acc  34.156%| ms/batch 67.43 | loss 0.2972782 
Pred: tensor([ 7,  8,  9, 11, 10,  6,  0]) and tensor([12, 12, 13, 16, 17, 14, 14]), tensor([11,  7,  8, 10,  9,  6,  0])
Tar: tensor([[ 7,  8,  9, 11, 10,  6,  0],
        [12, 12, 13, 16, 17, 14, 14],
        [11,  7,  8, 10,  9,  6,  0]])
-----------------------------------------------------------------------------------------
| end of epoch  60 | time: 35.59s | valid loss 69.0000000 | valid acc 66.850%| Best Model from Epoch 42 with 67.986%
-----------------------------------------------------------------------------------------
Pred: tensor([ 7,  9,  6, 10,  8,  0]) and tensor([14, 12, 13, 16, 17, 15]), tensor([ 7, 10,  9,  8, 11,  0])
Tar: tensor([[ 7,  9,  6, 10,  8,  0],
        [14, 12, 13, 16, 17, 15],
        [10,  7,  8,  9, 11,  0]])
=========================================================================================
| End of training | test loss 69.00 | test acc 67.83% | Best Model from Epoch 42
=========================================================================================
