
10019
9981
9981
0 ['c10', 'a9', 'h11', 'b12', 'e13', 'f14', 'g15'] (['c10', 'a9', 'h11', 'b12', 'e13', 'f14', 'g15'], 0.12985327877033637) ['c10', 'a9', 'h11', 'b12', 'e13', 'f14', 'g15']
1000 ['a9', 'c10', 'h11', 'b12', 'e13', 'f14', 'g15'] (['a9', 'c10', 'h11', 'b12', 'e13', 'f14', 'g15'], 0.24872741790597863) ['a9', 'c10', 'h11', 'b12', 'e13', 'f14', 'g15']
2000 ['c3', 'h4', 'a2', 'b5', 'd6'] (['c3', 'h4', 'a2', 'b5', 'd6'], 0.1209701567022657) ['c3', 'h4', 'a2', 'b5', 'd6']
3000 ['c3', 'a2', 'h4', 'b5', 'd6'] (['c3', 'h4', 'a2', 'b5', 'd6'], 0.1209701567022657) ['c3', 'a2', 'h4', 'b5', 'd6']
4000 ['c10', 'h11', 'a9', 'b12', 'e13', 'f14', 'g15'] (['c10', 'h11', 'a9', 'b12', 'e13', 'f14', 'g15'], 0.12755764048308216) ['c10', 'h11', 'a9', 'b12', 'e13', 'f14', 'g15']
5000 ['c10', 'a9', 'h11', 'b12', 'e13', 'f14', 'g15'] (['c10', 'a9', 'h11', 'b12', 'e13', 'f14', 'g15'], 0.12985327877033637) ['c10', 'a9', 'h11', 'b12', 'e13', 'f14', 'g15']
6000 ['c10', 'h11', 'a9', 'b12', 'e13', 'f14', 'g15'] (['c10', 'h11', 'a9', 'b12', 'e13', 'f14', 'g15'], 0.12755764048308216) ['c10', 'h11', 'a9', 'b12', 'e13', 'f14', 'g15']
7000 ['c3', 'a2', 'h4', 'b5', 'd6'] (['c3', 'a2', 'h4', 'b5', 'd6'], 0.11887413913564228) ['c3', 'a2', 'h4', 'b5', 'd6']
8000 ['a2', 'c3', 'h4', 'b5', 'd6'] (['a2', 'c3', 'h4', 'b5', 'd6'], 0.2540173670026949) ['a2', 'c3', 'h4', 'b5', 'd6']
9000 ['a9', 'c10', 'h11', 'b12', 'e13', 'f14', 'g15'] (['a9', 'c10', 'h11', 'b12', 'e13', 'f14', 'g15'], 0.24872741790597863) ['a9', 'c10', 'h11', 'b12', 'e13', 'f14', 'g15']

Accuracy: 0.7250776475303076
Running experiment on N = 2

Accuracy: 0.7212723174030659



0
1000
2000
3000
4000
5000
6000
7000
8000
9000

Accuracy: 0.5818054303176035
